12:18:52.177 [main                     ] DEBUG Logger               - Configured Logger
12:18:52.212 [main                     ] DEBUG GameApplication      - Logging settings
Title: Aura
Version: 
Width: 1920
Height: 1080
Fullscreen: false
Intro: false
Profiling: false
Single step:false
App Mode: DEVELOPER
Menu Key: ESCAPE
Stage Style: DECORATED
Scene Factory: class com.almasb.fxgl.app.scene.SceneFactory

12:18:52.675 [JavaFX Application Thread] DEBUG FXGLApplication      - Initializing FXGL
12:18:52.678 [JavaFX Application Thread] INFO  Engine               - FXGL-11.17 (16.07.2021 15.46) on MAC (J:11.0.12 FX:16)
12:18:52.679 [JavaFX Application Thread] DEBUG Engine               - JRE Vendor Name: Eclipse Foundation
12:18:52.679 [JavaFX Application Thread] DEBUG Engine               - Running on OS: Mac OS X version 11.5
12:18:52.680 [JavaFX Application Thread] DEBUG Engine               - Architecture: x86_64
12:18:52.680 [JavaFX Application Thread] INFO  Engine               - Source code and latest versions at: https://github.com/AlmasB/FXGL
12:18:52.680 [JavaFX Application Thread] INFO  Engine               -              Join the FXGL chat at: https://gitter.im/AlmasB/FXGL
12:18:52.830 [JavaFX Application Thread] DEBUG PrimaryStageWindow   - Creating a JavaFX scene
12:18:52.830 [JavaFX Application Thread] DEBUG PrimaryStageWindow   - Target size > screen size
12:18:52.965 [JavaFX Application Thread] DEBUG PrimaryStageWindow   - Target settings size: 1920.0 x 1080.0
12:18:52.966 [JavaFX Application Thread] DEBUG PrimaryStageWindow   - Scaled scene size:    1415.0 x 810.0
12:18:52.966 [JavaFX Application Thread] DEBUG PrimaryStageWindow   - Scaled ratio: (0.7369791666666666, 0.75)
12:18:52.968 [JavaFX Application Thread] DEBUG PrimaryStageWindow   - Set initial scene to FXGLStartupScene
12:18:53.121 [JavaFX Application Thread] DEBUG PrimaryStageWindow   - Opening main window
12:18:53.694 [JavaFX Application Thread] DEBUG PrimaryStageWindow   - Window border size: (0.0, 28.0)
12:18:53.695 [JavaFX Application Thread] DEBUG PrimaryStageWindow   - Scaled size: 1415.0 x 810.0
12:18:53.696 [JavaFX Application Thread] DEBUG PrimaryStageWindow   - Scaled ratio: (0.7369791666666666, 0.75)
12:18:53.696 [JavaFX Application Thread] DEBUG PrimaryStageWindow   - Scene size: 1415.0 x 810.0
12:18:53.697 [JavaFX Application Thread] DEBUG PrimaryStageWindow   - Stage size: 1415.0 x 838.0
12:18:53.719 [FXGL Background Thread 1 ] DEBUG Engine               - Initializing environment variables
12:18:53.933 [FXGL Background Thread 1 ] DEBUG FXGLAssetLoaderServi - User app class for loading assets: class aura.AuraApp
12:18:53.935 [FXGL Background Thread 1 ] DEBUG GameApplicationServi - Applying CSS: fxgl_dark.css
12:18:53.940 [FXGL Background Thread 1 ] DEBUG FXGLAssetLoaderServi - Loading from file system: jar:file:/Users/gendercorn/.m2/repository/com/github/almasb/fxgl/11.17/fxgl-11.17.jar!/fxglassets/ui/css/fxgl_dark.css
12:18:54.155 [FXGL Background Thread 1 ] DEBUG GameApplicationServi - Initializing application scenes
12:18:55.122 [FXGL Background Thread 1 ] DEBUG GameWorld            - Game world initialized
12:18:55.288 [FXGL Background Thread 1 ] DEBUG PhysicsWorld         - Physics world initialized: appHeight=1080, physics.ppm=50.0
12:18:55.289 [FXGL Background Thread 1 ] DEBUG PhysicsWorld         - Using strategy: BRUTE_FORCE
12:18:55.293 [FXGL Background Thread 1 ] DEBUG GameScene            - Game scene initialized: 1920x1080
12:18:55.329 [FXGL Background Thread 1 ] DEBUG FXGL.DefaultMenu     - createMenuBodyGameMenu()
12:18:55.411 [FXGL Background Thread 1 ] DEBUG FXGL.DefaultMenu     - createOptionsMenu()
12:18:55.432 [FXGL Background Thread 1 ] DEBUG FXGLAssetLoaderServi - Loading from file system: jar:file:/Users/gendercorn/.m2/repository/com/github/almasb/fxgl/11.17/fxgl-11.17.jar!/fxglassets/textures/particles/smoke.png
12:18:55.654 [FXGL Background Thread 1 ] DEBUG FXGLAssetLoaderServi - Loading from file system: jar:file:/Users/gendercorn/.m2/repository/com/github/almasb/fxgl/11.17/fxgl-11.17.jar!/fxglassets/textures/particles/trace_horizontal.png
12:18:55.700 [FXGL Background Thread 1 ] DEBUG GameApplicationServi - Application scenes initialized
12:18:55.719 [FXGL Background Thread 1 ] DEBUG SystemBundleService  - Loading FXGL system data
12:18:55.725 [FXGL Background Thread 1 ] DEBUG FileSystemAccess     - Reading from: /Users/gendercorn/IdeaProjects/Aura/Aura/src/main/java/system/fxgl.bundle
12:18:55.737 [FXGL Background Thread 1 ] DEBUG SystemBundleService  - Bundle FXGL: {}
12:18:55.737 [FXGL Background Thread 1 ] DEBUG UpdaterService       - Checking for updates
12:18:55.744 [FXGL Background Thread 4 ] DEBUG FXGLApplication      - Loading fonts
12:18:55.745 [FXGL Background Thread 4 ] DEBUG FXGLAssetLoaderServi - Loading from file system: jar:file:/Users/gendercorn/.m2/repository/com/github/almasb/fxgl/11.17/fxgl-11.17.jar!/fxglassets/ui/fonts/VarelaRound-Regular.ttf
12:18:55.745 [FXGL Background Thread 1 ] DEBUG FXGLApplication      - Loading default localization
12:18:55.747 [FXGL Background Thread 1 ] DEBUG FXGLAssetLoaderServi - Loading from file system: jar:file:/Users/gendercorn/.m2/repository/com/github/almasb/fxgl/11.17/fxgl-11.17.jar!/fxglassets/languages/english.lang
12:18:55.774 [FXGL Background Thread 4 ] DEBUG FXGLAssetLoaderServi - Loading from file system: jar:file:/Users/gendercorn/.m2/repository/com/github/almasb/fxgl/11.17/fxgl-11.17.jar!/fxglassets/ui/fonts/Abel-Regular.ttf
12:18:55.775 [FXGL Background Thread 1 ] INFO  FXGLApplication      - FXGL initialization took: 2.055 sec
12:18:55.782 [FXGL Background Thread 4 ] DEBUG FXGLAssetLoaderServi - Loading from file system: jar:file:/Users/gendercorn/.m2/repository/com/github/almasb/fxgl/11.17/fxgl-11.17.jar!/fxglassets/ui/fonts/lucida_console.ttf
12:18:55.791 [FXGL Background Thread 4 ] DEBUG FXGLAssetLoaderServi - Loading from file system: jar:file:/Users/gendercorn/.m2/repository/com/github/almasb/fxgl/11.17/fxgl-11.17.jar!/fxglassets/ui/fonts/Courier-Prime.ttf
12:18:55.798 [JavaFX Application Thread] DEBUG Input                - Registered new binding: Forward - D
12:18:55.798 [JavaFX Application Thread] DEBUG Input                - Registered new binding: Backward - A
12:18:55.799 [JavaFX Application Thread] DEBUG FXGLAssetLoaderServi - Loading from file system: jar:file:/Users/gendercorn/.m2/repository/com/github/almasb/fxgl/11.17/fxgl-11.17.jar!/fxglassets/textures/fxgl_icon.png
12:18:55.848 [JavaFX Application Thread] DEBUG FXGLAssetLoaderServi - Loading from file system: jar:file:/Users/gendercorn/.m2/repository/com/github/almasb/fxgl/11.17/fxgl-11.17.jar!/fxglassets/textures/fxgl_default_cursor.png
12:18:55.851 [JavaFX Application Thread] DEBUG Input                - Registered new binding: Screenshot - CTRL+8
12:18:55.852 [JavaFX Application Thread] DEBUG Input                - Registered new binding: System info dump - CTRL+9
12:18:55.853 [JavaFX Application Thread] DEBUG Input                - Registered new binding: Restart - CTRL+R
12:18:55.853 [JavaFX Application Thread] DEBUG Input                - Registered new binding: Toggle Debug Camera - CTRL+C
12:18:55.856 [JavaFX Application Thread] DEBUG LoopRunner           - Starting loop
12:18:55.856 [JavaFX Application Thread] DEBUG LoopRunner           - Initializing JavaFX AnimationTimerLoop
12:18:55.858 [JavaFX Application Thread] DEBUG GameApplicationServi - Starting new game
12:18:55.859 [JavaFX Application Thread] DEBUG Input                - Clearing active input actions
12:18:55.901 [JavaFX Application Thread] DEBUG GameApplicationServi - Removing overlay from FXGLStartupScene and adding to FXGLLoadingScene
12:18:55.902 [JavaFX Application Thread] DEBUG PrimaryStageWindow   - FXGLStartupScene -> FXGLLoadingScene
12:18:55.902 [JavaFX Application Thread] DEBUG GameApplicationServi - Clearing previous game
12:18:55.902 [JavaFX Application Thread] DEBUG GameScene            - Clearing game scene
12:18:55.902 [JavaFX Application Thread] DEBUG GameWorld            - Clearing game world
12:18:55.903 [JavaFX Application Thread] DEBUG PhysicsWorld         - Clearing physics world
12:18:55.904 [FXGL Background Thread 4 ] DEBUG FXGLApplication      - Initializing game
12:18:55.906 [FXGL Background Thread 4 ] INFO  FXGLApplication      - Game initialization took: 0.002 sec
12:18:55.942 [JavaFX Application Thread] DEBUG FXGLApplication      - Registering font factories with UI factory
12:18:56.006 [JavaFX Application Thread] DEBUG Input                - Clearing active input actions
12:18:56.021 [JavaFX Application Thread] DEBUG GameApplicationServi - Removing overlay from FXGLLoadingScene and adding to GameScene
12:18:56.022 [JavaFX Application Thread] DEBUG PrimaryStageWindow   - FXGLLoadingScene -> GameScene
12:18:58.747 [FXGL Background Thread 3 ] DEBUG Engine               - Logging environment variables
12:18:58.748 [FXGL Background Thread 3 ] DEBUG Engine               - achievements: []
12:18:58.749 [FXGL Background Thread 3 ] DEBUG Engine               - actualHeight: 810.0
12:18:58.749 [FXGL Background Thread 3 ] DEBUG Engine               - actualHeightProperty: ReadOnlyDoubleProperty [value: 810.0]
12:18:58.749 [FXGL Background Thread 3 ] DEBUG Engine               - actualWidth: 1415.0
12:18:58.750 [FXGL Background Thread 3 ] DEBUG Engine               - actualWidthProperty: ReadOnlyDoubleProperty [value: 1415.0]
12:18:58.750 [FXGL Background Thread 3 ] DEBUG Engine               - appIcon: fxgl_icon.png
12:18:58.750 [FXGL Background Thread 3 ] DEBUG Engine               - applicationMode: DEVELOPER
12:18:58.750 [FXGL Background Thread 3 ] DEBUG Engine               - cSSList: [fxgl_dark.css]
12:18:58.751 [FXGL Background Thread 3 ] DEBUG Engine               - collisionDetectionStrategy: BRUTE_FORCE
12:18:58.751 [FXGL Background Thread 3 ] DEBUG Engine               - configClass: Optional.empty
12:18:58.752 [FXGL Background Thread 3 ] DEBUG Engine               - credits: []
12:18:58.753 [FXGL Background Thread 3 ] DEBUG Engine               - defaultCursor: CursorInfo(imageName=fxgl_default_cursor.png, hotspotX=7.0, hotspotY=6.0)
12:18:58.755 [FXGL Background Thread 3 ] DEBUG Engine               - devBBoxColorProperty: ObjectProperty [value: 0xff0000ff]
12:18:58.756 [FXGL Background Thread 3 ] DEBUG Engine               - devEnableDebugCameraProperty: BooleanProperty [value: false]
12:18:58.758 [FXGL Background Thread 3 ] DEBUG Engine               - devSensorColorProperty: ObjectProperty [value: 0xffff00ff]
12:18:58.758 [FXGL Background Thread 3 ] DEBUG Engine               - devShowBBoxProperty: BooleanProperty [value: false]
12:18:58.758 [FXGL Background Thread 3 ] DEBUG Engine               - devShowPositionProperty: BooleanProperty [value: false]
12:18:58.758 [FXGL Background Thread 3 ] DEBUG Engine               - enabledMenuItems: []
12:18:58.759 [FXGL Background Thread 3 ] DEBUG Engine               - engineServices: [class com.almasb.fxgl.app.services.FXGLAssetLoaderService, class com.almasb.fxgl.app.FXGLApplication$GameApplicationService, class com.almasb.fxgl.app.services.FXGLDialogService, class com.almasb.fxgl.app.services.IOTaskExecutorService, class com.almasb.fxgl.io.FileSystemService, class com.almasb.fxgl.localization.LocalizationService, class com.almasb.fxgl.app.services.SystemBundleService, class com.almasb.fxgl.profile.SaveLoadService, class com.almasb.fxgl.ui.FXGLUIFactoryServiceProvider, class com.almasb.fxgl.ui.FXGLDialogFactoryServiceProvider, class com.almasb.fxgl.audio.AudioPlayer, class com.almasb.fxgl.notification.impl.NotificationServiceProvider, class com.almasb.fxgl.achievement.AchievementService, class com.almasb.fxgl.cutscene.CutsceneService, class com.almasb.fxgl.minigames.MiniGameService, class com.almasb.fxgl.net.NetService, class com.almasb.fxgl.app.services.UpdaterService, class com.almasb.fxgl.dev.DevService]
12:18:58.759 [FXGL Background Thread 3 ] DEBUG Engine               - fontGame: Abel-Regular.ttf
12:18:58.759 [FXGL Background Thread 3 ] DEBUG Engine               - fontMono: lucida_console.ttf
12:18:58.760 [FXGL Background Thread 3 ] DEBUG Engine               - fontText: Courier-Prime.ttf
12:18:58.761 [FXGL Background Thread 3 ] DEBUG Engine               - fontUI: VarelaRound-Regular.ttf
12:18:58.765 [FXGL Background Thread 3 ] DEBUG Engine               - fullScreen: BooleanProperty [value: false]
12:18:58.766 [FXGL Background Thread 3 ] DEBUG Engine               - gameDifficulty: MEDIUM
12:18:58.767 [FXGL Background Thread 3 ] DEBUG Engine               - gameDifficultyProperty: ObjectProperty [value: MEDIUM]
12:18:58.767 [FXGL Background Thread 3 ] DEBUG Engine               - globalMusicVolume: 0.5
12:18:58.767 [FXGL Background Thread 3 ] DEBUG Engine               - globalMusicVolumeProperty: DoubleProperty [value: 0.5]
12:18:58.768 [FXGL Background Thread 3 ] DEBUG Engine               - globalSoundVolume: 0.5
12:18:58.769 [FXGL Background Thread 3 ] DEBUG Engine               - globalSoundVolumeProperty: DoubleProperty [value: 0.5]
12:18:58.770 [FXGL Background Thread 3 ] DEBUG Engine               - height: 1080
12:18:58.770 [FXGL Background Thread 3 ] DEBUG Engine               - is3D: false
12:18:58.771 [FXGL Background Thread 3 ] DEBUG Engine               - isAndroid: false
12:18:58.771 [FXGL Background Thread 3 ] DEBUG Engine               - isBrowser: false
12:18:58.771 [FXGL Background Thread 3 ] DEBUG Engine               - isClickFeedbackEnabled: false
12:18:58.771 [FXGL Background Thread 3 ] DEBUG Engine               - isCloseConfirmation: false
12:18:58.772 [FXGL Background Thread 3 ] DEBUG Engine               - isDesktop: true
12:18:58.773 [FXGL Background Thread 3 ] DEBUG Engine               - isDeveloperMenuEnabled: false
12:18:58.774 [FXGL Background Thread 3 ] DEBUG Engine               - isEntityPreloadEnabled: true
12:18:58.775 [FXGL Background Thread 3 ] DEBUG Engine               - isExperimentalTiledLargeMap: false
12:18:58.777 [FXGL Background Thread 3 ] DEBUG Engine               - isFileSystemWriteAllowed: true
12:18:58.778 [FXGL Background Thread 3 ] DEBUG Engine               - isFullScreenAllowed: false
12:18:58.782 [FXGL Background Thread 3 ] DEBUG Engine               - isFullScreenFromStart: false
12:18:58.784 [FXGL Background Thread 3 ] DEBUG Engine               - isGameMenuEnabled: true
12:18:58.785 [FXGL Background Thread 3 ] DEBUG Engine               - isIOS: false
12:18:58.785 [FXGL Background Thread 3 ] DEBUG Engine               - isIntroEnabled: false
12:18:58.785 [FXGL Background Thread 3 ] DEBUG Engine               - isLinux: false
12:18:58.786 [FXGL Background Thread 3 ] DEBUG Engine               - isMac: true
12:18:58.786 [FXGL Background Thread 3 ] DEBUG Engine               - isMainMenuEnabled: false
12:18:58.786 [FXGL Background Thread 3 ] DEBUG Engine               - isManualResizeEnabled: false
12:18:58.787 [FXGL Background Thread 3 ] DEBUG Engine               - isMobile: false
12:18:58.788 [FXGL Background Thread 3 ] DEBUG Engine               - isNative: false
12:18:58.791 [FXGL Background Thread 3 ] DEBUG Engine               - isPauseMusicWhenMinimized: true
12:18:58.792 [FXGL Background Thread 3 ] DEBUG Engine               - isPreserveResizeRatio: false
12:18:58.795 [FXGL Background Thread 3 ] DEBUG Engine               - isProfilingEnabled: false
12:18:58.797 [FXGL Background Thread 3 ] DEBUG Engine               - isScaleAffectedOnResize: true
12:18:58.799 [FXGL Background Thread 3 ] DEBUG Engine               - isSingleStep: false
12:18:58.799 [FXGL Background Thread 3 ] DEBUG Engine               - isUserProfileEnabled: false
12:18:58.799 [FXGL Background Thread 3 ] DEBUG Engine               - isWindows: false
12:18:58.800 [FXGL Background Thread 3 ] DEBUG Engine               - language: ObjectProperty [value: ENGLISH]
12:18:58.800 [FXGL Background Thread 3 ] DEBUG Engine               - menuKey: ESCAPE
12:18:58.800 [FXGL Background Thread 3 ] DEBUG Engine               - mouseSensitivity: 0.2
12:18:58.800 [FXGL Background Thread 3 ] DEBUG Engine               - notificationViewClass: class com.almasb.fxgl.notification.view.XboxNotificationView
12:18:58.800 [FXGL Background Thread 3 ] DEBUG Engine               - pixelsPerMeter: 50.0
12:18:58.801 [FXGL Background Thread 3 ] DEBUG Engine               - platform: MAC
12:18:58.801 [FXGL Background Thread 3 ] DEBUG Engine               - prefHeightProperty: ReadOnlyDoubleProperty [value: 1080.0]
12:18:58.801 [FXGL Background Thread 3 ] DEBUG Engine               - prefWidthProperty: ReadOnlyDoubleProperty [value: 1920.0]
12:18:58.801 [FXGL Background Thread 3 ] DEBUG Engine               - profileDir: profiles/
12:18:58.802 [FXGL Background Thread 3 ] DEBUG Engine               - profileName: StringProperty [value: DEFAULT]
12:18:58.802 [FXGL Background Thread 3 ] DEBUG Engine               - randomSeed: -1
12:18:58.802 [FXGL Background Thread 3 ] DEBUG Engine               - runtimeInfo: RuntimeInfo(platform=MAC, version=11.17, build=16.07.2021 15.46)
12:18:58.803 [FXGL Background Thread 3 ] DEBUG Engine               - saveFileExt: sav
12:18:58.805 [FXGL Background Thread 3 ] DEBUG Engine               - scaledHeightProp$fxgl: DoubleProperty [bound, value: 810.0]
12:18:58.806 [FXGL Background Thread 3 ] DEBUG Engine               - scaledWidthProp$fxgl: DoubleProperty [bound, value: 1415.0]
12:18:58.807 [FXGL Background Thread 3 ] DEBUG Engine               - sceneFactory: com.almasb.fxgl.app.scene.SceneFactory@610070b6
12:18:58.808 [FXGL Background Thread 3 ] DEBUG Engine               - secondsIn24h: 60
12:18:58.809 [FXGL Background Thread 3 ] DEBUG Engine               - soundMenuBack: menu/back.wav
12:18:58.809 [FXGL Background Thread 3 ] DEBUG Engine               - soundMenuPress: menu/press.wav
12:18:58.809 [FXGL Background Thread 3 ] DEBUG Engine               - soundMenuSelect: menu/select.wav
12:18:58.809 [FXGL Background Thread 3 ] DEBUG Engine               - soundNotification: core/notification.wav
12:18:58.810 [FXGL Background Thread 3 ] DEBUG Engine               - stageStyle: DECORATED
12:18:58.810 [FXGL Background Thread 3 ] DEBUG Engine               - supportedLanguages: [ENGLISH, FRENCH, GERMAN, HUNGARIAN, RUSSIAN]
12:18:58.810 [FXGL Background Thread 3 ] DEBUG Engine               - ticksPerSecond: -1
12:18:58.810 [FXGL Background Thread 3 ] DEBUG Engine               - title: Aura
12:18:58.810 [FXGL Background Thread 3 ] DEBUG Engine               - urlGithub: https://github.com/AlmasB/FXGL
12:18:58.811 [FXGL Background Thread 3 ] DEBUG Engine               - urlLeaderboard: http://fxgl-top.herokuapp.com/
12:18:58.811 [FXGL Background Thread 3 ] DEBUG Engine               - urlPOM: https://raw.githubusercontent.com/AlmasB/FXGL/release/README.md
12:18:58.811 [FXGL Background Thread 3 ] DEBUG Engine               - userAppClass: class aura.AuraApp
12:18:58.811 [FXGL Background Thread 3 ] DEBUG Engine               - version: 
12:18:58.811 [FXGL Background Thread 3 ] DEBUG Engine               - versionCheckDays: 7
12:18:58.812 [FXGL Background Thread 3 ] DEBUG Engine               - width: 1920
12:18:58.813 [FXGL Background Thread 3 ] DEBUG Engine               - Logging services
12:18:58.816 [FXGL Background Thread 3 ] DEBUG Engine               - class com.almasb.fxgl.app.services.FXGLAssetLoaderService
12:18:58.816 [FXGL Background Thread 3 ] DEBUG Engine               - class com.almasb.fxgl.app.FXGLApplication$GameApplicationService
12:18:58.816 [FXGL Background Thread 3 ] DEBUG Engine               - class com.almasb.fxgl.app.services.FXGLDialogService
12:18:58.816 [FXGL Background Thread 3 ] DEBUG Engine               - class com.almasb.fxgl.app.services.IOTaskExecutorService
12:18:58.817 [FXGL Background Thread 3 ] DEBUG Engine               - class com.almasb.fxgl.io.FileSystemService
12:18:58.835 [FXGL Background Thread 3 ] DEBUG Engine               - class com.almasb.fxgl.localization.LocalizationService
12:18:58.836 [FXGL Background Thread 3 ] DEBUG Engine               - class com.almasb.fxgl.app.services.SystemBundleService
12:18:58.837 [FXGL Background Thread 3 ] DEBUG Engine               - class com.almasb.fxgl.profile.SaveLoadService
12:18:58.838 [FXGL Background Thread 3 ] DEBUG Engine               - class com.almasb.fxgl.ui.FXGLUIFactoryServiceProvider
12:18:58.839 [FXGL Background Thread 3 ] DEBUG Engine               - class com.almasb.fxgl.ui.FXGLDialogFactoryServiceProvider
12:18:58.840 [FXGL Background Thread 3 ] DEBUG Engine               - class com.almasb.fxgl.audio.AudioPlayer
12:18:58.840 [FXGL Background Thread 3 ] DEBUG Engine               - class com.almasb.fxgl.notification.impl.NotificationServiceProvider
12:18:58.841 [FXGL Background Thread 3 ] DEBUG Engine               - class com.almasb.fxgl.achievement.AchievementService
12:18:58.842 [FXGL Background Thread 3 ] DEBUG Engine               - class com.almasb.fxgl.cutscene.CutsceneService
12:18:58.842 [FXGL Background Thread 3 ] DEBUG Engine               - class com.almasb.fxgl.minigames.MiniGameService
12:18:58.843 [FXGL Background Thread 3 ] DEBUG Engine               - class com.almasb.fxgl.net.NetService
12:18:58.843 [FXGL Background Thread 3 ] DEBUG Engine               - class com.almasb.fxgl.app.services.UpdaterService
12:18:58.843 [FXGL Background Thread 3 ] DEBUG Engine               - class com.almasb.fxgl.dev.DevService
12:19:12.579 [JavaFX Application Thread] DEBUG FXGLApplication      - Exiting FXGL
12:19:12.579 [JavaFX Application Thread] DEBUG LoopRunner           - Stopping loop
12:19:12.580 [JavaFX Application Thread] DEBUG SystemBundleService  - Saving FXGL system data
12:19:12.582 [JavaFX Application Thread] DEBUG FileSystemAccess     - Writing to: /Users/gendercorn/IdeaProjects/Aura/Aura/src/main/java/system/fxgl.bundle
12:19:12.586 [JavaFX Application Thread] DEBUG Async                - Shutting down background threads
12:19:12.587 [JavaFX Application Thread] DEBUG PrimaryStageWindow   - Closing main window
12:19:12.606 [JavaFX Application Thread] DEBUG Logger               - Closing Logger
