18:24:59.973 [main                     ] DEBUG Logger               - Configured Logger
18:24:59.994 [main                     ] DEBUG GameApplication      - Logging settings
Title: Aura
Version: 
Width: 1920
Height: 1080
Fullscreen: false
Intro: false
Profiling: false
Single step:false
App Mode: DEVELOPER
Menu Key: ESCAPE
Stage Style: DECORATED
Scene Factory: class com.almasb.fxgl.app.scene.SceneFactory

18:25:00.494 [JavaFX Application Thread] DEBUG FXGLApplication      - Initializing FXGL
18:25:00.497 [JavaFX Application Thread] INFO  Engine               - FXGL-11.17 (16.07.2021 15.46) on MAC (J:11.0.12 FX:16)
18:25:00.498 [JavaFX Application Thread] DEBUG Engine               - JRE Vendor Name: Eclipse Foundation
18:25:00.498 [JavaFX Application Thread] DEBUG Engine               - Running on OS: Mac OS X version 11.5
18:25:00.498 [JavaFX Application Thread] DEBUG Engine               - Architecture: x86_64
18:25:00.499 [JavaFX Application Thread] INFO  Engine               - Source code and latest versions at: https://github.com/AlmasB/FXGL
18:25:00.499 [JavaFX Application Thread] INFO  Engine               -              Join the FXGL chat at: https://gitter.im/AlmasB/FXGL
18:25:00.652 [JavaFX Application Thread] DEBUG PrimaryStageWindow   - Creating a JavaFX scene
18:25:00.653 [JavaFX Application Thread] DEBUG PrimaryStageWindow   - Target size > screen size
18:25:00.836 [JavaFX Application Thread] DEBUG PrimaryStageWindow   - Target settings size: 1920.0 x 1080.0
18:25:00.837 [JavaFX Application Thread] DEBUG PrimaryStageWindow   - Scaled scene size:    1415.0 x 810.0
18:25:00.837 [JavaFX Application Thread] DEBUG PrimaryStageWindow   - Scaled ratio: (0.7369791666666666, 0.75)
18:25:00.839 [JavaFX Application Thread] DEBUG PrimaryStageWindow   - Set initial scene to FXGLStartupScene
18:25:00.887 [JavaFX Application Thread] DEBUG PrimaryStageWindow   - Opening main window
18:25:01.788 [JavaFX Application Thread] DEBUG PrimaryStageWindow   - Window border size: (0.0, 28.0)
18:25:01.789 [JavaFX Application Thread] DEBUG PrimaryStageWindow   - Scaled size: 1415.0 x 810.0
18:25:01.789 [JavaFX Application Thread] DEBUG PrimaryStageWindow   - Scaled ratio: (0.7369791666666666, 0.75)
18:25:01.789 [JavaFX Application Thread] DEBUG PrimaryStageWindow   - Scene size: 1415.0 x 810.0
18:25:01.790 [JavaFX Application Thread] DEBUG PrimaryStageWindow   - Stage size: 1415.0 x 838.0
18:25:01.806 [FXGL Background Thread 1 ] DEBUG Engine               - Initializing environment variables
18:25:02.357 [FXGL Background Thread 1 ] DEBUG FXGLAssetLoaderServi - User app class for loading assets: class aura.AuraApp
18:25:02.358 [FXGL Background Thread 1 ] DEBUG GameApplicationServi - Applying CSS: fxgl_dark.css
18:25:02.361 [FXGL Background Thread 1 ] DEBUG FXGLAssetLoaderServi - Loading from file system: jar:file:/Users/gendercorn/.m2/repository/com/github/almasb/fxgl/11.17/fxgl-11.17.jar!/fxglassets/ui/css/fxgl_dark.css
18:25:02.604 [FXGL Background Thread 1 ] DEBUG GameApplicationServi - Initializing application scenes
18:25:03.336 [FXGL Background Thread 1 ] DEBUG GameWorld            - Game world initialized
18:25:03.461 [FXGL Background Thread 1 ] DEBUG PhysicsWorld         - Physics world initialized: appHeight=1080, physics.ppm=50.0
18:25:03.462 [FXGL Background Thread 1 ] DEBUG PhysicsWorld         - Using strategy: BRUTE_FORCE
18:25:03.469 [FXGL Background Thread 1 ] DEBUG GameScene            - Game scene initialized: 1920x1080
18:25:03.496 [FXGL Background Thread 1 ] DEBUG FXGL.DefaultMenu     - createMenuBodyGameMenu()
18:25:03.535 [FXGL Background Thread 1 ] DEBUG FXGL.DefaultMenu     - createOptionsMenu()
18:25:03.560 [FXGL Background Thread 1 ] DEBUG FXGLAssetLoaderServi - Loading from file system: jar:file:/Users/gendercorn/.m2/repository/com/github/almasb/fxgl/11.17/fxgl-11.17.jar!/fxglassets/textures/particles/smoke.png
18:25:03.751 [FXGL Background Thread 1 ] DEBUG FXGLAssetLoaderServi - Loading from file system: jar:file:/Users/gendercorn/.m2/repository/com/github/almasb/fxgl/11.17/fxgl-11.17.jar!/fxglassets/textures/particles/trace_horizontal.png
18:25:03.791 [FXGL Background Thread 1 ] DEBUG GameApplicationServi - Application scenes initialized
18:25:03.826 [FXGL Background Thread 1 ] DEBUG SystemBundleService  - Loading FXGL system data
18:25:03.830 [FXGL Background Thread 1 ] WARN  SystemBundleService  - Failed to load: java.io.FileNotFoundException: /Users/gendercorn/IdeaProjects/Aura/Aura/src/main/java/system/fxgl.bundle (No such file or directory)
18:25:03.831 [FXGL Background Thread 1 ] DEBUG SystemBundleService  - Loading default FXGL system data
18:25:03.832 [FXGL Background Thread 1 ] DEBUG UpdaterService       - Checking for updates
18:25:03.843 [FXGL Background Thread 1 ] DEBUG FXGLApplication      - Loading default localization
18:25:03.844 [FXGL Background Thread 1 ] DEBUG FXGLAssetLoaderServi - Loading from file system: jar:file:/Users/gendercorn/.m2/repository/com/github/almasb/fxgl/11.17/fxgl-11.17.jar!/fxglassets/languages/english.lang
18:25:03.846 [FXGL Background Thread 4 ] DEBUG FXGLApplication      - Loading fonts
18:25:03.848 [FXGL Background Thread 4 ] DEBUG FXGLAssetLoaderServi - Loading from file system: jar:file:/Users/gendercorn/.m2/repository/com/github/almasb/fxgl/11.17/fxgl-11.17.jar!/fxglassets/ui/fonts/VarelaRound-Regular.ttf
18:25:03.880 [FXGL Background Thread 1 ] INFO  FXGLApplication      - FXGL initialization took: 2.075 sec
18:25:03.887 [FXGL Background Thread 4 ] DEBUG FXGLAssetLoaderServi - Loading from file system: jar:file:/Users/gendercorn/.m2/repository/com/github/almasb/fxgl/11.17/fxgl-11.17.jar!/fxglassets/ui/fonts/Abel-Regular.ttf
18:25:03.894 [FXGL Background Thread 4 ] DEBUG FXGLAssetLoaderServi - Loading from file system: jar:file:/Users/gendercorn/.m2/repository/com/github/almasb/fxgl/11.17/fxgl-11.17.jar!/fxglassets/ui/fonts/lucida_console.ttf
18:25:03.904 [FXGL Background Thread 4 ] DEBUG FXGLAssetLoaderServi - Loading from file system: jar:file:/Users/gendercorn/.m2/repository/com/github/almasb/fxgl/11.17/fxgl-11.17.jar!/fxglassets/ui/fonts/Courier-Prime.ttf
18:25:03.913 [JavaFX Application Thread] DEBUG Input                - Registered new binding: Forward - A
18:25:03.913 [JavaFX Application Thread] DEBUG Input                - Registered new binding: Backward - D
18:25:03.915 [JavaFX Application Thread] DEBUG Input                - Registered new binding: Click - LMB
18:25:03.916 [JavaFX Application Thread] DEBUG FXGLAssetLoaderServi - Loading from file system: jar:file:/Users/gendercorn/.m2/repository/com/github/almasb/fxgl/11.17/fxgl-11.17.jar!/fxglassets/textures/fxgl_icon.png
18:25:03.964 [JavaFX Application Thread] DEBUG FXGLAssetLoaderServi - Loading from file system: jar:file:/Users/gendercorn/.m2/repository/com/github/almasb/fxgl/11.17/fxgl-11.17.jar!/fxglassets/textures/fxgl_default_cursor.png
18:25:03.969 [JavaFX Application Thread] DEBUG Input                - Registered new binding: Screenshot - CTRL+8
18:25:03.969 [JavaFX Application Thread] DEBUG Input                - Registered new binding: System info dump - CTRL+9
18:25:03.970 [JavaFX Application Thread] DEBUG Input                - Registered new binding: Restart - CTRL+R
18:25:03.971 [JavaFX Application Thread] DEBUG Input                - Registered new binding: Toggle Debug Camera - CTRL+C
18:25:03.974 [JavaFX Application Thread] DEBUG LoopRunner           - Starting loop
18:25:03.974 [JavaFX Application Thread] DEBUG LoopRunner           - Initializing JavaFX AnimationTimerLoop
18:25:03.977 [JavaFX Application Thread] DEBUG GameApplicationServi - Starting new game
18:25:03.978 [JavaFX Application Thread] DEBUG Input                - Clearing active input actions
18:25:03.998 [JavaFX Application Thread] DEBUG GameApplicationServi - Removing overlay from FXGLStartupScene and adding to FXGLLoadingScene
18:25:04.000 [JavaFX Application Thread] DEBUG PrimaryStageWindow   - FXGLStartupScene -> FXGLLoadingScene
18:25:04.000 [JavaFX Application Thread] DEBUG GameApplicationServi - Clearing previous game
18:25:04.000 [JavaFX Application Thread] DEBUG GameScene            - Clearing game scene
18:25:04.000 [JavaFX Application Thread] DEBUG GameWorld            - Clearing game world
18:25:04.000 [JavaFX Application Thread] DEBUG PhysicsWorld         - Clearing physics world
18:25:04.004 [FXGL Background Thread 4 ] DEBUG FXGLApplication      - Initializing game
18:25:04.007 [FXGL Background Thread 4 ] INFO  FXGLApplication      - Game initialization took: 0.003 sec
18:25:04.077 [JavaFX Application Thread] DEBUG FXGLApplication      - Registering font factories with UI factory
18:25:04.171 [JavaFX Application Thread] DEBUG Input                - Clearing active input actions
18:25:04.184 [JavaFX Application Thread] DEBUG GameApplicationServi - Removing overlay from FXGLLoadingScene and adding to GameScene
18:25:04.185 [JavaFX Application Thread] DEBUG PrimaryStageWindow   - FXGLLoadingScene -> GameScene
18:25:06.844 [FXGL Background Thread 3 ] DEBUG Engine               - Logging environment variables
18:25:06.848 [FXGL Background Thread 3 ] DEBUG Engine               - achievements: []
18:25:06.848 [FXGL Background Thread 3 ] DEBUG Engine               - actualHeight: 810.0
18:25:06.848 [FXGL Background Thread 3 ] DEBUG Engine               - actualHeightProperty: ReadOnlyDoubleProperty [value: 810.0]
18:25:06.849 [FXGL Background Thread 3 ] DEBUG Engine               - actualWidth: 1415.0
18:25:06.849 [FXGL Background Thread 3 ] DEBUG Engine               - actualWidthProperty: ReadOnlyDoubleProperty [value: 1415.0]
18:25:06.849 [FXGL Background Thread 3 ] DEBUG Engine               - appIcon: fxgl_icon.png
18:25:06.849 [FXGL Background Thread 3 ] DEBUG Engine               - applicationMode: DEVELOPER
18:25:06.850 [FXGL Background Thread 3 ] DEBUG Engine               - cSSList: [fxgl_dark.css]
18:25:06.850 [FXGL Background Thread 3 ] DEBUG Engine               - collisionDetectionStrategy: BRUTE_FORCE
18:25:06.850 [FXGL Background Thread 3 ] DEBUG Engine               - configClass: Optional.empty
18:25:06.850 [FXGL Background Thread 3 ] DEBUG Engine               - credits: []
18:25:06.851 [FXGL Background Thread 3 ] DEBUG Engine               - defaultCursor: CursorInfo(imageName=fxgl_default_cursor.png, hotspotX=7.0, hotspotY=6.0)
18:25:06.851 [FXGL Background Thread 3 ] DEBUG Engine               - devBBoxColorProperty: ObjectProperty [value: 0xff0000ff]
18:25:06.852 [FXGL Background Thread 3 ] DEBUG Engine               - devEnableDebugCameraProperty: BooleanProperty [value: false]
18:25:06.853 [FXGL Background Thread 3 ] DEBUG Engine               - devSensorColorProperty: ObjectProperty [value: 0xffff00ff]
18:25:06.853 [FXGL Background Thread 3 ] DEBUG Engine               - devShowBBoxProperty: BooleanProperty [value: false]
18:25:06.853 [FXGL Background Thread 3 ] DEBUG Engine               - devShowPositionProperty: BooleanProperty [value: false]
18:25:06.853 [FXGL Background Thread 3 ] DEBUG Engine               - enabledMenuItems: []
18:25:06.854 [FXGL Background Thread 3 ] DEBUG Engine               - engineServices: [class com.almasb.fxgl.app.services.FXGLAssetLoaderService, class com.almasb.fxgl.app.FXGLApplication$GameApplicationService, class com.almasb.fxgl.app.services.FXGLDialogService, class com.almasb.fxgl.app.services.IOTaskExecutorService, class com.almasb.fxgl.io.FileSystemService, class com.almasb.fxgl.localization.LocalizationService, class com.almasb.fxgl.app.services.SystemBundleService, class com.almasb.fxgl.profile.SaveLoadService, class com.almasb.fxgl.ui.FXGLUIFactoryServiceProvider, class com.almasb.fxgl.ui.FXGLDialogFactoryServiceProvider, class com.almasb.fxgl.audio.AudioPlayer, class com.almasb.fxgl.notification.impl.NotificationServiceProvider, class com.almasb.fxgl.achievement.AchievementService, class com.almasb.fxgl.cutscene.CutsceneService, class com.almasb.fxgl.minigames.MiniGameService, class com.almasb.fxgl.net.NetService, class com.almasb.fxgl.app.services.UpdaterService, class com.almasb.fxgl.dev.DevService]
18:25:06.854 [FXGL Background Thread 3 ] DEBUG Engine               - fontGame: Abel-Regular.ttf
18:25:06.854 [FXGL Background Thread 3 ] DEBUG Engine               - fontMono: lucida_console.ttf
18:25:06.854 [FXGL Background Thread 3 ] DEBUG Engine               - fontText: Courier-Prime.ttf
18:25:06.854 [FXGL Background Thread 3 ] DEBUG Engine               - fontUI: VarelaRound-Regular.ttf
18:25:06.855 [FXGL Background Thread 3 ] DEBUG Engine               - fullScreen: BooleanProperty [value: false]
18:25:06.855 [FXGL Background Thread 3 ] DEBUG Engine               - gameDifficulty: MEDIUM
18:25:06.855 [FXGL Background Thread 3 ] DEBUG Engine               - gameDifficultyProperty: ObjectProperty [value: MEDIUM]
18:25:06.855 [FXGL Background Thread 3 ] DEBUG Engine               - globalMusicVolume: 0.5
18:25:06.856 [FXGL Background Thread 3 ] DEBUG Engine               - globalMusicVolumeProperty: DoubleProperty [value: 0.5]
18:25:06.856 [FXGL Background Thread 3 ] DEBUG Engine               - globalSoundVolume: 0.5
18:25:06.856 [FXGL Background Thread 3 ] DEBUG Engine               - globalSoundVolumeProperty: DoubleProperty [value: 0.5]
18:25:06.856 [FXGL Background Thread 3 ] DEBUG Engine               - height: 1080
18:25:06.857 [FXGL Background Thread 3 ] DEBUG Engine               - is3D: false
18:25:06.857 [FXGL Background Thread 3 ] DEBUG Engine               - isAndroid: false
18:25:06.858 [FXGL Background Thread 3 ] DEBUG Engine               - isBrowser: false
18:25:06.858 [FXGL Background Thread 3 ] DEBUG Engine               - isClickFeedbackEnabled: false
18:25:06.859 [FXGL Background Thread 3 ] DEBUG Engine               - isCloseConfirmation: false
18:25:06.859 [FXGL Background Thread 3 ] DEBUG Engine               - isDesktop: true
18:25:06.859 [FXGL Background Thread 3 ] DEBUG Engine               - isDeveloperMenuEnabled: false
18:25:06.859 [FXGL Background Thread 3 ] DEBUG Engine               - isEntityPreloadEnabled: true
18:25:06.859 [FXGL Background Thread 3 ] DEBUG Engine               - isExperimentalTiledLargeMap: false
18:25:06.859 [FXGL Background Thread 3 ] DEBUG Engine               - isFileSystemWriteAllowed: true
18:25:06.860 [FXGL Background Thread 3 ] DEBUG Engine               - isFullScreenAllowed: false
18:25:06.860 [FXGL Background Thread 3 ] DEBUG Engine               - isFullScreenFromStart: false
18:25:06.861 [FXGL Background Thread 3 ] DEBUG Engine               - isGameMenuEnabled: true
18:25:06.861 [FXGL Background Thread 3 ] DEBUG Engine               - isIOS: false
18:25:06.861 [FXGL Background Thread 3 ] DEBUG Engine               - isIntroEnabled: false
18:25:06.861 [FXGL Background Thread 3 ] DEBUG Engine               - isLinux: false
18:25:06.861 [FXGL Background Thread 3 ] DEBUG Engine               - isMac: true
18:25:06.862 [FXGL Background Thread 3 ] DEBUG Engine               - isMainMenuEnabled: false
18:25:06.862 [FXGL Background Thread 3 ] DEBUG Engine               - isManualResizeEnabled: false
18:25:06.862 [FXGL Background Thread 3 ] DEBUG Engine               - isMobile: false
18:25:06.863 [FXGL Background Thread 3 ] DEBUG Engine               - isNative: false
18:25:06.864 [FXGL Background Thread 3 ] DEBUG Engine               - isPauseMusicWhenMinimized: true
18:25:06.864 [FXGL Background Thread 3 ] DEBUG Engine               - isPreserveResizeRatio: false
18:25:06.864 [FXGL Background Thread 3 ] DEBUG Engine               - isProfilingEnabled: false
18:25:06.865 [FXGL Background Thread 3 ] DEBUG Engine               - isScaleAffectedOnResize: true
18:25:06.865 [FXGL Background Thread 3 ] DEBUG Engine               - isSingleStep: false
18:25:06.866 [FXGL Background Thread 3 ] DEBUG Engine               - isUserProfileEnabled: false
18:25:06.867 [FXGL Background Thread 3 ] DEBUG Engine               - isWindows: false
18:25:06.867 [FXGL Background Thread 3 ] DEBUG Engine               - language: ObjectProperty [value: ENGLISH]
18:25:06.867 [FXGL Background Thread 3 ] DEBUG Engine               - menuKey: ESCAPE
18:25:06.867 [FXGL Background Thread 3 ] DEBUG Engine               - mouseSensitivity: 0.2
18:25:06.867 [FXGL Background Thread 3 ] DEBUG Engine               - notificationViewClass: class com.almasb.fxgl.notification.view.XboxNotificationView
18:25:06.867 [FXGL Background Thread 3 ] DEBUG Engine               - pixelsPerMeter: 50.0
18:25:06.868 [FXGL Background Thread 3 ] DEBUG Engine               - platform: MAC
18:25:06.868 [FXGL Background Thread 3 ] DEBUG Engine               - prefHeightProperty: ReadOnlyDoubleProperty [value: 1080.0]
18:25:06.868 [FXGL Background Thread 3 ] DEBUG Engine               - prefWidthProperty: ReadOnlyDoubleProperty [value: 1920.0]
18:25:06.868 [FXGL Background Thread 3 ] DEBUG Engine               - profileDir: profiles/
18:25:06.868 [FXGL Background Thread 3 ] DEBUG Engine               - profileName: StringProperty [value: DEFAULT]
18:25:06.869 [FXGL Background Thread 3 ] DEBUG Engine               - randomSeed: -1
18:25:06.869 [FXGL Background Thread 3 ] DEBUG Engine               - runtimeInfo: RuntimeInfo(platform=MAC, version=11.17, build=16.07.2021 15.46)
18:25:06.869 [FXGL Background Thread 3 ] DEBUG Engine               - saveFileExt: sav
18:25:06.869 [FXGL Background Thread 3 ] DEBUG Engine               - scaledHeightProp$fxgl: DoubleProperty [bound, value: 810.0]
18:25:06.869 [FXGL Background Thread 3 ] DEBUG Engine               - scaledWidthProp$fxgl: DoubleProperty [bound, value: 1415.0]
18:25:06.870 [FXGL Background Thread 3 ] DEBUG Engine               - sceneFactory: com.almasb.fxgl.app.scene.SceneFactory@7c2fe6ba
18:25:06.870 [FXGL Background Thread 3 ] DEBUG Engine               - secondsIn24h: 60
18:25:06.870 [FXGL Background Thread 3 ] DEBUG Engine               - soundMenuBack: menu/back.wav
18:25:06.870 [FXGL Background Thread 3 ] DEBUG Engine               - soundMenuPress: menu/press.wav
18:25:06.870 [FXGL Background Thread 3 ] DEBUG Engine               - soundMenuSelect: menu/select.wav
18:25:06.870 [FXGL Background Thread 3 ] DEBUG Engine               - soundNotification: core/notification.wav
18:25:06.870 [FXGL Background Thread 3 ] DEBUG Engine               - stageStyle: DECORATED
18:25:06.871 [FXGL Background Thread 3 ] DEBUG Engine               - supportedLanguages: [ENGLISH, FRENCH, GERMAN, HUNGARIAN, RUSSIAN]
18:25:06.871 [FXGL Background Thread 3 ] DEBUG Engine               - ticksPerSecond: -1
18:25:06.871 [FXGL Background Thread 3 ] DEBUG Engine               - title: Aura
18:25:06.871 [FXGL Background Thread 3 ] DEBUG Engine               - urlGithub: https://github.com/AlmasB/FXGL
18:25:06.871 [FXGL Background Thread 3 ] DEBUG Engine               - urlLeaderboard: http://fxgl-top.herokuapp.com/
18:25:06.871 [FXGL Background Thread 3 ] DEBUG Engine               - urlPOM: https://raw.githubusercontent.com/AlmasB/FXGL/release/README.md
18:25:06.872 [FXGL Background Thread 3 ] DEBUG Engine               - userAppClass: class aura.AuraApp
18:25:06.872 [FXGL Background Thread 3 ] DEBUG Engine               - version: 
18:25:06.872 [FXGL Background Thread 3 ] DEBUG Engine               - versionCheckDays: 7
18:25:06.872 [FXGL Background Thread 3 ] DEBUG Engine               - width: 1920
18:25:06.872 [FXGL Background Thread 3 ] DEBUG Engine               - Logging services
18:25:06.872 [FXGL Background Thread 3 ] DEBUG Engine               - class com.almasb.fxgl.app.services.FXGLAssetLoaderService
18:25:06.873 [FXGL Background Thread 3 ] DEBUG Engine               - class com.almasb.fxgl.app.FXGLApplication$GameApplicationService
18:25:06.873 [FXGL Background Thread 3 ] DEBUG Engine               - class com.almasb.fxgl.app.services.FXGLDialogService
18:25:06.873 [FXGL Background Thread 3 ] DEBUG Engine               - class com.almasb.fxgl.app.services.IOTaskExecutorService
18:25:06.873 [FXGL Background Thread 3 ] DEBUG Engine               - class com.almasb.fxgl.io.FileSystemService
18:25:06.873 [FXGL Background Thread 3 ] DEBUG Engine               - class com.almasb.fxgl.localization.LocalizationService
18:25:06.874 [FXGL Background Thread 3 ] DEBUG Engine               - class com.almasb.fxgl.app.services.SystemBundleService
18:25:06.874 [FXGL Background Thread 3 ] DEBUG Engine               - class com.almasb.fxgl.profile.SaveLoadService
18:25:06.874 [FXGL Background Thread 3 ] DEBUG Engine               - class com.almasb.fxgl.ui.FXGLUIFactoryServiceProvider
18:25:06.874 [FXGL Background Thread 3 ] DEBUG Engine               - class com.almasb.fxgl.ui.FXGLDialogFactoryServiceProvider
18:25:06.875 [FXGL Background Thread 3 ] DEBUG Engine               - class com.almasb.fxgl.audio.AudioPlayer
18:25:06.875 [FXGL Background Thread 3 ] DEBUG Engine               - class com.almasb.fxgl.notification.impl.NotificationServiceProvider
18:25:06.875 [FXGL Background Thread 3 ] DEBUG Engine               - class com.almasb.fxgl.achievement.AchievementService
18:25:06.875 [FXGL Background Thread 3 ] DEBUG Engine               - class com.almasb.fxgl.cutscene.CutsceneService
18:25:06.875 [FXGL Background Thread 3 ] DEBUG Engine               - class com.almasb.fxgl.minigames.MiniGameService
18:25:06.875 [FXGL Background Thread 3 ] DEBUG Engine               - class com.almasb.fxgl.net.NetService
18:25:06.876 [FXGL Background Thread 3 ] DEBUG Engine               - class com.almasb.fxgl.app.services.UpdaterService
18:25:06.876 [FXGL Background Thread 3 ] DEBUG Engine               - class com.almasb.fxgl.dev.DevService
19:03:26.695 [JavaFX Application Thread] DEBUG FXGLApplication      - Exiting FXGL
19:03:26.718 [JavaFX Application Thread] DEBUG LoopRunner           - Stopping loop
19:03:26.720 [JavaFX Application Thread] DEBUG SystemBundleService  - Saving FXGL system data
19:03:26.733 [JavaFX Application Thread] DEBUG FileSystemAccess     - Writing to: /Users/gendercorn/IdeaProjects/Aura/Aura/src/main/java/system/fxgl.bundle
19:03:26.754 [JavaFX Application Thread] DEBUG Async                - Shutting down background threads
19:03:26.755 [JavaFX Application Thread] DEBUG PrimaryStageWindow   - Closing main window
19:03:26.804 [JavaFX Application Thread] DEBUG Logger               - Closing Logger
