17:19:34.167 [main                     ] DEBUG Logger               - Configured Logger
17:19:34.249 [main                     ] DEBUG GameApplication      - Logging settings
Title: Aura
Version: 
Width: 1920
Height: 1080
Fullscreen: false
Intro: false
Profiling: false
Single step:false
App Mode: DEVELOPER
Menu Key: ESCAPE
Stage Style: DECORATED
Scene Factory: class com.almasb.fxgl.app.scene.SceneFactory

17:19:34.684 [JavaFX Application Thread] DEBUG FXGLApplication      - Initializing FXGL
17:19:34.688 [JavaFX Application Thread] INFO  Engine               - FXGL-11.17 (16.07.2021 15.46) on MAC (J:11.0.12 FX:16)
17:19:34.689 [JavaFX Application Thread] DEBUG Engine               - JRE Vendor Name: Eclipse Foundation
17:19:34.689 [JavaFX Application Thread] DEBUG Engine               - Running on OS: Mac OS X version 11.5
17:19:34.689 [JavaFX Application Thread] DEBUG Engine               - Architecture: x86_64
17:19:34.690 [JavaFX Application Thread] INFO  Engine               - Source code and latest versions at: https://github.com/AlmasB/FXGL
17:19:34.690 [JavaFX Application Thread] INFO  Engine               -              Join the FXGL chat at: https://gitter.im/AlmasB/FXGL
17:19:34.876 [JavaFX Application Thread] DEBUG PrimaryStageWindow   - Creating a JavaFX scene
17:19:34.876 [JavaFX Application Thread] DEBUG PrimaryStageWindow   - Target size > screen size
17:19:35.028 [JavaFX Application Thread] DEBUG PrimaryStageWindow   - Target settings size: 1920.0 x 1080.0
17:19:35.029 [JavaFX Application Thread] DEBUG PrimaryStageWindow   - Scaled scene size:    1415.0 x 810.0
17:19:35.029 [JavaFX Application Thread] DEBUG PrimaryStageWindow   - Scaled ratio: (0.7369791666666666, 0.75)
17:19:35.032 [JavaFX Application Thread] DEBUG PrimaryStageWindow   - Set initial scene to FXGLStartupScene
17:19:35.050 [JavaFX Application Thread] DEBUG PrimaryStageWindow   - Opening main window
17:19:35.400 [JavaFX Application Thread] DEBUG PrimaryStageWindow   - Window border size: (0.0, 28.0)
17:19:35.400 [JavaFX Application Thread] DEBUG PrimaryStageWindow   - Scaled size: 1415.0 x 810.0
17:19:35.401 [JavaFX Application Thread] DEBUG PrimaryStageWindow   - Scaled ratio: (0.7369791666666666, 0.75)
17:19:35.401 [JavaFX Application Thread] DEBUG PrimaryStageWindow   - Scene size: 1415.0 x 810.0
17:19:35.402 [JavaFX Application Thread] DEBUG PrimaryStageWindow   - Stage size: 1415.0 x 838.0
17:19:35.425 [FXGL Background Thread 1 ] DEBUG Engine               - Initializing environment variables
17:19:35.762 [FXGL Background Thread 1 ] DEBUG FXGLAssetLoaderServi - User app class for loading assets: class aura.AuraApp
17:19:35.762 [FXGL Background Thread 1 ] DEBUG GameApplicationServi - Applying CSS: fxgl_dark.css
17:19:35.763 [FXGL Background Thread 1 ] DEBUG FXGLAssetLoaderServi - Loading from file system: jar:file:/Users/gendercorn/.m2/repository/com/github/almasb/fxgl/11.17/fxgl-11.17.jar!/fxglassets/ui/css/fxgl_dark.css
17:19:35.934 [FXGL Background Thread 1 ] DEBUG GameApplicationServi - Initializing application scenes
17:19:36.765 [FXGL Background Thread 1 ] DEBUG GameWorld            - Game world initialized
17:19:36.943 [FXGL Background Thread 1 ] DEBUG PhysicsWorld         - Physics world initialized: appHeight=1080, physics.ppm=50.0
17:19:36.944 [FXGL Background Thread 1 ] DEBUG PhysicsWorld         - Using strategy: BRUTE_FORCE
17:19:36.948 [FXGL Background Thread 1 ] DEBUG GameScene            - Game scene initialized: 1920x1080
17:19:36.976 [FXGL Background Thread 1 ] DEBUG FXGL.DefaultMenu     - createMenuBodyGameMenu()
17:19:37.040 [FXGL Background Thread 1 ] DEBUG FXGL.DefaultMenu     - createOptionsMenu()
17:19:37.088 [FXGL Background Thread 1 ] DEBUG FXGLAssetLoaderServi - Loading from file system: jar:file:/Users/gendercorn/.m2/repository/com/github/almasb/fxgl/11.17/fxgl-11.17.jar!/fxglassets/textures/particles/smoke.png
17:19:37.317 [FXGL Background Thread 1 ] DEBUG FXGLAssetLoaderServi - Loading from file system: jar:file:/Users/gendercorn/.m2/repository/com/github/almasb/fxgl/11.17/fxgl-11.17.jar!/fxglassets/textures/particles/trace_horizontal.png
17:19:37.379 [FXGL Background Thread 1 ] DEBUG GameApplicationServi - Application scenes initialized
17:19:37.400 [FXGL Background Thread 1 ] DEBUG SystemBundleService  - Loading FXGL system data
17:19:37.405 [FXGL Background Thread 1 ] DEBUG FileSystemAccess     - Reading from: /Users/gendercorn/IdeaProjects/Aura/Aura/src/main/java/system/fxgl.bundle
17:19:37.438 [FXGL Background Thread 1 ] DEBUG SystemBundleService  - Bundle FXGL: {}
17:19:37.439 [FXGL Background Thread 1 ] DEBUG UpdaterService       - Checking for updates
17:19:37.449 [FXGL Background Thread 4 ] DEBUG FXGLApplication      - Loading fonts
17:19:37.450 [FXGL Background Thread 1 ] DEBUG FXGLApplication      - Loading default localization
17:19:37.450 [FXGL Background Thread 4 ] DEBUG FXGLAssetLoaderServi - Loading from file system: jar:file:/Users/gendercorn/.m2/repository/com/github/almasb/fxgl/11.17/fxgl-11.17.jar!/fxglassets/ui/fonts/VarelaRound-Regular.ttf
17:19:37.451 [FXGL Background Thread 1 ] DEBUG FXGLAssetLoaderServi - Loading from file system: jar:file:/Users/gendercorn/.m2/repository/com/github/almasb/fxgl/11.17/fxgl-11.17.jar!/fxglassets/languages/english.lang
17:19:37.481 [FXGL Background Thread 4 ] DEBUG FXGLAssetLoaderServi - Loading from file system: jar:file:/Users/gendercorn/.m2/repository/com/github/almasb/fxgl/11.17/fxgl-11.17.jar!/fxglassets/ui/fonts/Abel-Regular.ttf
17:19:37.488 [FXGL Background Thread 4 ] DEBUG FXGLAssetLoaderServi - Loading from file system: jar:file:/Users/gendercorn/.m2/repository/com/github/almasb/fxgl/11.17/fxgl-11.17.jar!/fxglassets/ui/fonts/lucida_console.ttf
17:19:37.496 [FXGL Background Thread 4 ] DEBUG FXGLAssetLoaderServi - Loading from file system: jar:file:/Users/gendercorn/.m2/repository/com/github/almasb/fxgl/11.17/fxgl-11.17.jar!/fxglassets/ui/fonts/Courier-Prime.ttf
17:19:37.505 [JavaFX Application Thread] DEBUG FXGLApplication      - Registering font factories with UI factory
17:19:37.512 [FXGL Background Thread 1 ] INFO  FXGLApplication      - FXGL initialization took: 2.087 sec
17:19:37.534 [JavaFX Application Thread] DEBUG Input                - Registered new binding: Forward - D
17:19:37.534 [JavaFX Application Thread] DEBUG Input                - Registered new binding: Backward - A
17:19:37.536 [JavaFX Application Thread] DEBUG FXGLAssetLoaderServi - Loading from file system: jar:file:/Users/gendercorn/.m2/repository/com/github/almasb/fxgl/11.17/fxgl-11.17.jar!/fxglassets/textures/fxgl_icon.png
17:19:37.596 [JavaFX Application Thread] DEBUG FXGLAssetLoaderServi - Loading from file system: jar:file:/Users/gendercorn/.m2/repository/com/github/almasb/fxgl/11.17/fxgl-11.17.jar!/fxglassets/textures/fxgl_default_cursor.png
17:19:37.600 [JavaFX Application Thread] DEBUG Input                - Registered new binding: Screenshot - CTRL+8
17:19:37.601 [JavaFX Application Thread] DEBUG Input                - Registered new binding: System info dump - CTRL+9
17:19:37.602 [JavaFX Application Thread] DEBUG Input                - Registered new binding: Restart - CTRL+R
17:19:37.603 [JavaFX Application Thread] DEBUG Input                - Registered new binding: Toggle Debug Camera - CTRL+C
17:19:37.607 [JavaFX Application Thread] DEBUG LoopRunner           - Starting loop
17:19:37.607 [JavaFX Application Thread] DEBUG LoopRunner           - Initializing JavaFX AnimationTimerLoop
17:19:37.610 [JavaFX Application Thread] DEBUG GameApplicationServi - Starting new game
17:19:37.611 [JavaFX Application Thread] DEBUG Input                - Clearing active input actions
17:19:37.630 [JavaFX Application Thread] DEBUG GameApplicationServi - Removing overlay from FXGLStartupScene and adding to FXGLLoadingScene
17:19:37.631 [JavaFX Application Thread] DEBUG PrimaryStageWindow   - FXGLStartupScene -> FXGLLoadingScene
17:19:37.631 [JavaFX Application Thread] DEBUG GameApplicationServi - Clearing previous game
17:19:37.631 [JavaFX Application Thread] DEBUG GameScene            - Clearing game scene
17:19:37.631 [JavaFX Application Thread] DEBUG GameWorld            - Clearing game world
17:19:37.631 [JavaFX Application Thread] DEBUG PhysicsWorld         - Clearing physics world
17:19:37.633 [FXGL Background Thread 1 ] DEBUG FXGLApplication      - Initializing game
17:19:37.638 [FXGL Background Thread 1 ] DEBUG FXGLAssetLoaderServi - Loading from file system: file:/Users/gendercorn/IdeaProjects/Aura/Aura/target/classes/assets/textures/comp-ts.png
17:19:37.656 [FXGL Background Thread 1 ] WARN  FXGLAssetLoaderServi - Asset "/assets/textures/comp-play.png" was not found!
17:19:37.656 [FXGL Background Thread 1 ] WARN  FXGLAssetLoaderServi - Failed to load IMAGE
17:19:37.940 [FXGL Background Thread 1 ] INFO  FXGLApplication      - Game initialization took: 0.307 sec
17:19:37.945 [JavaFX Application Thread] DEBUG Input                - Clearing active input actions
17:19:37.960 [JavaFX Application Thread] DEBUG GameApplicationServi - Removing overlay from FXGLLoadingScene and adding to GameScene
17:19:37.961 [JavaFX Application Thread] DEBUG PrimaryStageWindow   - FXGLLoadingScene -> GameScene
17:19:40.448 [FXGL Background Thread 3 ] DEBUG Engine               - Logging environment variables
17:19:40.449 [FXGL Background Thread 3 ] DEBUG Engine               - achievements: []
17:19:40.450 [FXGL Background Thread 3 ] DEBUG Engine               - actualHeight: 810.0
17:19:40.450 [FXGL Background Thread 3 ] DEBUG Engine               - actualHeightProperty: ReadOnlyDoubleProperty [value: 810.0]
17:19:40.450 [FXGL Background Thread 3 ] DEBUG Engine               - actualWidth: 1415.0
17:19:40.450 [FXGL Background Thread 3 ] DEBUG Engine               - actualWidthProperty: ReadOnlyDoubleProperty [value: 1415.0]
17:19:40.451 [FXGL Background Thread 3 ] DEBUG Engine               - appIcon: fxgl_icon.png
17:19:40.451 [FXGL Background Thread 3 ] DEBUG Engine               - applicationMode: DEVELOPER
17:19:40.451 [FXGL Background Thread 3 ] DEBUG Engine               - cSSList: [fxgl_dark.css]
17:19:40.451 [FXGL Background Thread 3 ] DEBUG Engine               - collisionDetectionStrategy: BRUTE_FORCE
17:19:40.452 [FXGL Background Thread 3 ] DEBUG Engine               - configClass: Optional.empty
17:19:40.452 [FXGL Background Thread 3 ] DEBUG Engine               - credits: []
17:19:40.452 [FXGL Background Thread 3 ] DEBUG Engine               - defaultCursor: CursorInfo(imageName=fxgl_default_cursor.png, hotspotX=7.0, hotspotY=6.0)
17:19:40.452 [FXGL Background Thread 3 ] DEBUG Engine               - devBBoxColorProperty: ObjectProperty [value: 0xff0000ff]
17:19:40.453 [FXGL Background Thread 3 ] DEBUG Engine               - devEnableDebugCameraProperty: BooleanProperty [value: false]
17:19:40.453 [FXGL Background Thread 3 ] DEBUG Engine               - devSensorColorProperty: ObjectProperty [value: 0xffff00ff]
17:19:40.453 [FXGL Background Thread 3 ] DEBUG Engine               - devShowBBoxProperty: BooleanProperty [value: false]
17:19:40.453 [FXGL Background Thread 3 ] DEBUG Engine               - devShowPositionProperty: BooleanProperty [value: false]
17:19:40.454 [FXGL Background Thread 3 ] DEBUG Engine               - enabledMenuItems: []
17:19:40.454 [FXGL Background Thread 3 ] DEBUG Engine               - engineServices: [class com.almasb.fxgl.app.services.FXGLAssetLoaderService, class com.almasb.fxgl.app.FXGLApplication$GameApplicationService, class com.almasb.fxgl.app.services.FXGLDialogService, class com.almasb.fxgl.app.services.IOTaskExecutorService, class com.almasb.fxgl.io.FileSystemService, class com.almasb.fxgl.localization.LocalizationService, class com.almasb.fxgl.app.services.SystemBundleService, class com.almasb.fxgl.profile.SaveLoadService, class com.almasb.fxgl.ui.FXGLUIFactoryServiceProvider, class com.almasb.fxgl.ui.FXGLDialogFactoryServiceProvider, class com.almasb.fxgl.audio.AudioPlayer, class com.almasb.fxgl.notification.impl.NotificationServiceProvider, class com.almasb.fxgl.achievement.AchievementService, class com.almasb.fxgl.cutscene.CutsceneService, class com.almasb.fxgl.minigames.MiniGameService, class com.almasb.fxgl.net.NetService, class com.almasb.fxgl.app.services.UpdaterService, class com.almasb.fxgl.dev.DevService]
17:19:40.454 [FXGL Background Thread 3 ] DEBUG Engine               - fontGame: Abel-Regular.ttf
17:19:40.454 [FXGL Background Thread 3 ] DEBUG Engine               - fontMono: lucida_console.ttf
17:19:40.454 [FXGL Background Thread 3 ] DEBUG Engine               - fontText: Courier-Prime.ttf
17:19:40.455 [FXGL Background Thread 3 ] DEBUG Engine               - fontUI: VarelaRound-Regular.ttf
17:19:40.455 [FXGL Background Thread 3 ] DEBUG Engine               - fullScreen: BooleanProperty [value: false]
17:19:40.455 [FXGL Background Thread 3 ] DEBUG Engine               - gameDifficulty: MEDIUM
17:19:40.455 [FXGL Background Thread 3 ] DEBUG Engine               - gameDifficultyProperty: ObjectProperty [value: MEDIUM]
17:19:40.456 [FXGL Background Thread 3 ] DEBUG Engine               - globalMusicVolume: 0.5
17:19:40.457 [FXGL Background Thread 3 ] DEBUG Engine               - globalMusicVolumeProperty: DoubleProperty [value: 0.5]
17:19:40.458 [FXGL Background Thread 3 ] DEBUG Engine               - globalSoundVolume: 0.5
17:19:40.460 [FXGL Background Thread 3 ] DEBUG Engine               - globalSoundVolumeProperty: DoubleProperty [value: 0.5]
17:19:40.461 [FXGL Background Thread 3 ] DEBUG Engine               - height: 1080
17:19:40.462 [FXGL Background Thread 3 ] DEBUG Engine               - is3D: false
17:19:40.463 [FXGL Background Thread 3 ] DEBUG Engine               - isAndroid: false
17:19:40.463 [FXGL Background Thread 3 ] DEBUG Engine               - isBrowser: false
17:19:40.463 [FXGL Background Thread 3 ] DEBUG Engine               - isClickFeedbackEnabled: false
17:19:40.463 [FXGL Background Thread 3 ] DEBUG Engine               - isCloseConfirmation: false
17:19:40.463 [FXGL Background Thread 3 ] DEBUG Engine               - isDesktop: true
17:19:40.464 [FXGL Background Thread 3 ] DEBUG Engine               - isDeveloperMenuEnabled: false
17:19:40.464 [FXGL Background Thread 3 ] DEBUG Engine               - isEntityPreloadEnabled: true
17:19:40.464 [FXGL Background Thread 3 ] DEBUG Engine               - isExperimentalTiledLargeMap: false
17:19:40.464 [FXGL Background Thread 3 ] DEBUG Engine               - isFileSystemWriteAllowed: true
17:19:40.464 [FXGL Background Thread 3 ] DEBUG Engine               - isFullScreenAllowed: false
17:19:40.465 [FXGL Background Thread 3 ] DEBUG Engine               - isFullScreenFromStart: false
17:19:40.466 [FXGL Background Thread 3 ] DEBUG Engine               - isGameMenuEnabled: true
17:19:40.466 [FXGL Background Thread 3 ] DEBUG Engine               - isIOS: false
17:19:40.467 [FXGL Background Thread 3 ] DEBUG Engine               - isIntroEnabled: false
17:19:40.467 [FXGL Background Thread 3 ] DEBUG Engine               - isLinux: false
17:19:40.468 [FXGL Background Thread 3 ] DEBUG Engine               - isMac: true
17:19:40.468 [FXGL Background Thread 3 ] DEBUG Engine               - isMainMenuEnabled: false
17:19:40.469 [FXGL Background Thread 3 ] DEBUG Engine               - isManualResizeEnabled: false
17:19:40.469 [FXGL Background Thread 3 ] DEBUG Engine               - isMobile: false
17:19:40.469 [FXGL Background Thread 3 ] DEBUG Engine               - isNative: false
17:19:40.469 [FXGL Background Thread 3 ] DEBUG Engine               - isPauseMusicWhenMinimized: true
17:19:40.470 [FXGL Background Thread 3 ] DEBUG Engine               - isPreserveResizeRatio: false
17:19:40.470 [FXGL Background Thread 3 ] DEBUG Engine               - isProfilingEnabled: false
17:19:40.470 [FXGL Background Thread 3 ] DEBUG Engine               - isScaleAffectedOnResize: true
17:19:40.470 [FXGL Background Thread 3 ] DEBUG Engine               - isSingleStep: false
17:19:40.470 [FXGL Background Thread 3 ] DEBUG Engine               - isUserProfileEnabled: false
17:19:40.471 [FXGL Background Thread 3 ] DEBUG Engine               - isWindows: false
17:19:40.471 [FXGL Background Thread 3 ] DEBUG Engine               - language: ObjectProperty [value: ENGLISH]
17:19:40.471 [FXGL Background Thread 3 ] DEBUG Engine               - menuKey: ESCAPE
17:19:40.471 [FXGL Background Thread 3 ] DEBUG Engine               - mouseSensitivity: 0.2
17:19:40.472 [FXGL Background Thread 3 ] DEBUG Engine               - notificationViewClass: class com.almasb.fxgl.notification.view.XboxNotificationView
17:19:40.472 [FXGL Background Thread 3 ] DEBUG Engine               - pixelsPerMeter: 50.0
17:19:40.473 [FXGL Background Thread 3 ] DEBUG Engine               - platform: MAC
17:19:40.474 [FXGL Background Thread 3 ] DEBUG Engine               - prefHeightProperty: ReadOnlyDoubleProperty [value: 1080.0]
17:19:40.475 [FXGL Background Thread 3 ] DEBUG Engine               - prefWidthProperty: ReadOnlyDoubleProperty [value: 1920.0]
17:19:40.476 [FXGL Background Thread 3 ] DEBUG Engine               - profileDir: profiles/
17:19:40.477 [FXGL Background Thread 3 ] DEBUG Engine               - profileName: StringProperty [value: DEFAULT]
17:19:40.478 [FXGL Background Thread 3 ] DEBUG Engine               - randomSeed: -1
17:19:40.478 [FXGL Background Thread 3 ] DEBUG Engine               - runtimeInfo: RuntimeInfo(platform=MAC, version=11.17, build=16.07.2021 15.46)
17:19:40.479 [FXGL Background Thread 3 ] DEBUG Engine               - saveFileExt: sav
17:19:40.479 [FXGL Background Thread 3 ] DEBUG Engine               - scaledHeightProp$fxgl: DoubleProperty [bound, value: 810.0]
17:19:40.479 [FXGL Background Thread 3 ] DEBUG Engine               - scaledWidthProp$fxgl: DoubleProperty [bound, value: 1415.0]
17:19:40.479 [FXGL Background Thread 3 ] DEBUG Engine               - sceneFactory: com.almasb.fxgl.app.scene.SceneFactory@6803c921
17:19:40.480 [FXGL Background Thread 3 ] DEBUG Engine               - secondsIn24h: 60
17:19:40.480 [FXGL Background Thread 3 ] DEBUG Engine               - soundMenuBack: menu/back.wav
17:19:40.480 [FXGL Background Thread 3 ] DEBUG Engine               - soundMenuPress: menu/press.wav
17:19:40.480 [FXGL Background Thread 3 ] DEBUG Engine               - soundMenuSelect: menu/select.wav
17:19:40.480 [FXGL Background Thread 3 ] DEBUG Engine               - soundNotification: core/notification.wav
17:19:40.480 [FXGL Background Thread 3 ] DEBUG Engine               - stageStyle: DECORATED
17:19:40.481 [FXGL Background Thread 3 ] DEBUG Engine               - supportedLanguages: [ENGLISH, FRENCH, GERMAN, HUNGARIAN, RUSSIAN]
17:19:40.481 [FXGL Background Thread 3 ] DEBUG Engine               - ticksPerSecond: -1
17:19:40.481 [FXGL Background Thread 3 ] DEBUG Engine               - title: Aura
17:19:40.481 [FXGL Background Thread 3 ] DEBUG Engine               - urlGithub: https://github.com/AlmasB/FXGL
17:19:40.481 [FXGL Background Thread 3 ] DEBUG Engine               - urlLeaderboard: http://fxgl-top.herokuapp.com/
17:19:40.481 [FXGL Background Thread 3 ] DEBUG Engine               - urlPOM: https://raw.githubusercontent.com/AlmasB/FXGL/release/README.md
17:19:40.482 [FXGL Background Thread 3 ] DEBUG Engine               - userAppClass: class aura.AuraApp
17:19:40.482 [FXGL Background Thread 3 ] DEBUG Engine               - version: 
17:19:40.482 [FXGL Background Thread 3 ] DEBUG Engine               - versionCheckDays: 7
17:19:40.483 [FXGL Background Thread 3 ] DEBUG Engine               - width: 1920
17:19:40.484 [FXGL Background Thread 3 ] DEBUG Engine               - Logging services
17:19:40.484 [FXGL Background Thread 3 ] DEBUG Engine               - class com.almasb.fxgl.app.services.FXGLAssetLoaderService
17:19:40.484 [FXGL Background Thread 3 ] DEBUG Engine               - class com.almasb.fxgl.app.FXGLApplication$GameApplicationService
17:19:40.485 [FXGL Background Thread 3 ] DEBUG Engine               - class com.almasb.fxgl.app.services.FXGLDialogService
17:19:40.485 [FXGL Background Thread 3 ] DEBUG Engine               - class com.almasb.fxgl.app.services.IOTaskExecutorService
17:19:40.486 [FXGL Background Thread 3 ] DEBUG Engine               - class com.almasb.fxgl.io.FileSystemService
17:19:40.486 [FXGL Background Thread 3 ] DEBUG Engine               - class com.almasb.fxgl.localization.LocalizationService
17:19:40.486 [FXGL Background Thread 3 ] DEBUG Engine               - class com.almasb.fxgl.app.services.SystemBundleService
17:19:40.486 [FXGL Background Thread 3 ] DEBUG Engine               - class com.almasb.fxgl.profile.SaveLoadService
17:19:40.486 [FXGL Background Thread 3 ] DEBUG Engine               - class com.almasb.fxgl.ui.FXGLUIFactoryServiceProvider
17:19:40.487 [FXGL Background Thread 3 ] DEBUG Engine               - class com.almasb.fxgl.ui.FXGLDialogFactoryServiceProvider
17:19:40.487 [FXGL Background Thread 3 ] DEBUG Engine               - class com.almasb.fxgl.audio.AudioPlayer
17:19:40.487 [FXGL Background Thread 3 ] DEBUG Engine               - class com.almasb.fxgl.notification.impl.NotificationServiceProvider
17:19:40.487 [FXGL Background Thread 3 ] DEBUG Engine               - class com.almasb.fxgl.achievement.AchievementService
17:19:40.487 [FXGL Background Thread 3 ] DEBUG Engine               - class com.almasb.fxgl.cutscene.CutsceneService
17:19:40.487 [FXGL Background Thread 3 ] DEBUG Engine               - class com.almasb.fxgl.minigames.MiniGameService
17:19:40.488 [FXGL Background Thread 3 ] DEBUG Engine               - class com.almasb.fxgl.net.NetService
17:19:40.488 [FXGL Background Thread 3 ] DEBUG Engine               - class com.almasb.fxgl.app.services.UpdaterService
17:19:40.488 [FXGL Background Thread 3 ] DEBUG Engine               - class com.almasb.fxgl.dev.DevService
17:19:41.682 [JavaFX Application Thread] DEBUG PrimaryStageWindow   - Push state: FXGLDefaultMenu
17:19:41.690 [JavaFX Application Thread] DEBUG Input                - Clearing active input actions
17:19:41.714 [JavaFX Application Thread] DEBUG GameApplicationServi - Removing overlay from GameScene and adding to FXGLDefaultMenu
17:19:41.716 [JavaFX Application Thread] DEBUG PrimaryStageWindow   - GameScene -> FXGLDefaultMenu
17:19:53.057 [JavaFX Application Thread] DEBUG PrimaryStageWindow   - Pop state: FXGLDefaultMenu
17:19:53.058 [JavaFX Application Thread] DEBUG Input                - Clearing active input actions
17:19:53.065 [JavaFX Application Thread] DEBUG GameApplicationServi - Removing overlay from FXGLDefaultMenu and adding to GameScene
17:19:53.066 [JavaFX Application Thread] DEBUG PrimaryStageWindow   - GameScene <- FXGLDefaultMenu
17:19:54.098 [JavaFX Application Thread] DEBUG PrimaryStageWindow   - Push state: FXGLDefaultMenu
17:19:54.098 [JavaFX Application Thread] DEBUG Input                - Clearing active input actions
17:19:54.100 [JavaFX Application Thread] DEBUG GameApplicationServi - Removing overlay from GameScene and adding to FXGLDefaultMenu
17:19:54.102 [JavaFX Application Thread] DEBUG PrimaryStageWindow   - GameScene -> FXGLDefaultMenu
17:20:04.214 [JavaFX Application Thread] DEBUG FXGL.DefaultMenu     - createContentControls()
17:20:07.419 [JavaFX Application Thread] DEBUG FXGL.DefaultMenu     - createContentVideo()
17:20:08.484 [JavaFX Application Thread] DEBUG FXGL.DefaultMenu     - createContentAudio()
17:20:09.837 [JavaFX Application Thread] DEBUG PrimaryStageWindow   - Push state: DialogSubScene
17:20:09.838 [JavaFX Application Thread] DEBUG Input                - Clearing active input actions
17:20:09.839 [JavaFX Application Thread] DEBUG GameApplicationServi - Removing overlay from FXGLDefaultMenu and adding to DialogSubScene
17:20:09.839 [JavaFX Application Thread] DEBUG PrimaryStageWindow   - FXGLDefaultMenu -> DialogSubScene
17:20:11.371 [JavaFX Application Thread] DEBUG PrimaryStageWindow   - Pop state: DialogSubScene
17:20:11.371 [JavaFX Application Thread] DEBUG Input                - Clearing active input actions
17:20:11.372 [JavaFX Application Thread] DEBUG GameApplicationServi - Removing overlay from DialogSubScene and adding to FXGLDefaultMenu
17:20:11.373 [JavaFX Application Thread] DEBUG PrimaryStageWindow   - FXGLDefaultMenu <- DialogSubScene
17:20:11.373 [JavaFX Application Thread] DEBUG Menu                 - restoreDefaultSettings()
17:20:14.280 [JavaFX Application Thread] DEBUG Menu                 - fireExit()
17:20:14.283 [JavaFX Application Thread] DEBUG PrimaryStageWindow   - Push state: DialogSubScene
17:20:14.284 [JavaFX Application Thread] DEBUG Input                - Clearing active input actions
17:20:14.285 [JavaFX Application Thread] DEBUG GameApplicationServi - Removing overlay from FXGLDefaultMenu and adding to DialogSubScene
17:20:14.285 [JavaFX Application Thread] DEBUG PrimaryStageWindow   - FXGLDefaultMenu -> DialogSubScene
17:20:15.559 [JavaFX Application Thread] DEBUG PrimaryStageWindow   - Pop state: DialogSubScene
17:20:15.559 [JavaFX Application Thread] DEBUG Input                - Clearing active input actions
17:20:15.560 [JavaFX Application Thread] DEBUG GameApplicationServi - Removing overlay from DialogSubScene and adding to FXGLDefaultMenu
17:20:15.561 [JavaFX Application Thread] DEBUG PrimaryStageWindow   - FXGLDefaultMenu <- DialogSubScene
17:20:15.561 [JavaFX Application Thread] DEBUG FXGLApplication      - Exiting FXGL
17:20:15.561 [JavaFX Application Thread] DEBUG LoopRunner           - Stopping loop
17:20:15.561 [JavaFX Application Thread] DEBUG SystemBundleService  - Saving FXGL system data
17:20:15.566 [JavaFX Application Thread] DEBUG FileSystemAccess     - Writing to: /Users/gendercorn/IdeaProjects/Aura/Aura/src/main/java/system/fxgl.bundle
17:20:15.569 [JavaFX Application Thread] DEBUG Async                - Shutting down background threads
17:20:15.570 [JavaFX Application Thread] DEBUG PrimaryStageWindow   - Closing main window
17:20:15.582 [JavaFX Application Thread] DEBUG Logger               - Closing Logger
