12:29:43.002 [main                     ] DEBUG Logger               - Configured Logger
12:29:43.026 [main                     ] DEBUG GameApplication      - Logging settings
Title: Aura
Version: 
Width: 1920
Height: 1080
Fullscreen: false
Intro: false
Profiling: false
Single step:false
App Mode: DEVELOPER
Menu Key: ESCAPE
Stage Style: DECORATED
Scene Factory: class com.almasb.fxgl.app.scene.SceneFactory

12:29:43.518 [JavaFX Application Thread] DEBUG FXGLApplication      - Initializing FXGL
12:29:43.524 [JavaFX Application Thread] INFO  Engine               - FXGL-11.17 (16.07.2021 15.46) on MAC (J:11.0.12 FX:16)
12:29:43.525 [JavaFX Application Thread] DEBUG Engine               - JRE Vendor Name: Eclipse Foundation
12:29:43.525 [JavaFX Application Thread] DEBUG Engine               - Running on OS: Mac OS X version 11.5
12:29:43.526 [JavaFX Application Thread] DEBUG Engine               - Architecture: x86_64
12:29:43.527 [JavaFX Application Thread] INFO  Engine               - Source code and latest versions at: https://github.com/AlmasB/FXGL
12:29:43.527 [JavaFX Application Thread] INFO  Engine               -              Join the FXGL chat at: https://gitter.im/AlmasB/FXGL
12:29:43.751 [JavaFX Application Thread] DEBUG PrimaryStageWindow   - Creating a JavaFX scene
12:29:43.751 [JavaFX Application Thread] DEBUG PrimaryStageWindow   - Target size > screen size
12:29:44.076 [JavaFX Application Thread] DEBUG PrimaryStageWindow   - Target settings size: 1920.0 x 1080.0
12:29:44.076 [JavaFX Application Thread] DEBUG PrimaryStageWindow   - Scaled scene size:    1415.0 x 810.0
12:29:44.077 [JavaFX Application Thread] DEBUG PrimaryStageWindow   - Scaled ratio: (0.7369791666666666, 0.75)
12:29:44.080 [JavaFX Application Thread] DEBUG PrimaryStageWindow   - Set initial scene to FXGLStartupScene
12:29:44.099 [JavaFX Application Thread] DEBUG PrimaryStageWindow   - Opening main window
12:29:44.439 [JavaFX Application Thread] DEBUG PrimaryStageWindow   - Window border size: (0.0, 28.0)
12:29:44.440 [JavaFX Application Thread] DEBUG PrimaryStageWindow   - Scaled size: 1415.0 x 810.0
12:29:44.440 [JavaFX Application Thread] DEBUG PrimaryStageWindow   - Scaled ratio: (0.7369791666666666, 0.75)
12:29:44.440 [JavaFX Application Thread] DEBUG PrimaryStageWindow   - Scene size: 1415.0 x 810.0
12:29:44.441 [JavaFX Application Thread] DEBUG PrimaryStageWindow   - Stage size: 1415.0 x 838.0
12:29:44.454 [FXGL Background Thread 1 ] DEBUG Engine               - Initializing environment variables
12:29:44.637 [FXGL Background Thread 1 ] DEBUG FXGLAssetLoaderServi - User app class for loading assets: class aura.AuraApp
12:29:44.640 [FXGL Background Thread 1 ] DEBUG GameApplicationServi - Applying CSS: fxgl_dark.css
12:29:44.647 [FXGL Background Thread 1 ] DEBUG FXGLAssetLoaderServi - Loading from file system: jar:file:/Users/gendercorn/.m2/repository/com/github/almasb/fxgl/11.17/fxgl-11.17.jar!/fxglassets/ui/css/fxgl_dark.css
12:29:45.146 [FXGL Background Thread 1 ] DEBUG GameApplicationServi - Initializing application scenes
12:29:45.777 [FXGL Background Thread 1 ] DEBUG GameWorld            - Game world initialized
12:29:45.895 [FXGL Background Thread 1 ] DEBUG PhysicsWorld         - Physics world initialized: appHeight=1080, physics.ppm=50.0
12:29:45.896 [FXGL Background Thread 1 ] DEBUG PhysicsWorld         - Using strategy: BRUTE_FORCE
12:29:45.901 [FXGL Background Thread 1 ] DEBUG GameScene            - Game scene initialized: 1920x1080
12:29:45.932 [FXGL Background Thread 1 ] DEBUG FXGL.DefaultMenu     - createMenuBodyGameMenu()
12:29:45.964 [FXGL Background Thread 1 ] DEBUG FXGL.DefaultMenu     - createOptionsMenu()
12:29:45.985 [FXGL Background Thread 1 ] DEBUG FXGLAssetLoaderServi - Loading from file system: jar:file:/Users/gendercorn/.m2/repository/com/github/almasb/fxgl/11.17/fxgl-11.17.jar!/fxglassets/textures/particles/smoke.png
12:29:46.122 [FXGL Background Thread 1 ] DEBUG FXGLAssetLoaderServi - Loading from file system: jar:file:/Users/gendercorn/.m2/repository/com/github/almasb/fxgl/11.17/fxgl-11.17.jar!/fxglassets/textures/particles/trace_horizontal.png
12:29:46.153 [FXGL Background Thread 1 ] DEBUG GameApplicationServi - Application scenes initialized
12:29:46.168 [FXGL Background Thread 1 ] DEBUG SystemBundleService  - Loading FXGL system data
12:29:46.174 [FXGL Background Thread 1 ] DEBUG FileSystemAccess     - Reading from: /Users/gendercorn/IdeaProjects/Aura/Aura/src/main/java/system/fxgl.bundle
12:29:46.181 [FXGL Background Thread 1 ] DEBUG SystemBundleService  - Bundle FXGL: {}
12:29:46.182 [FXGL Background Thread 1 ] DEBUG UpdaterService       - Checking for updates
12:29:46.187 [FXGL Background Thread 1 ] DEBUG FXGLApplication      - Loading default localization
12:29:46.188 [FXGL Background Thread 1 ] DEBUG FXGLAssetLoaderServi - Loading from file system: jar:file:/Users/gendercorn/.m2/repository/com/github/almasb/fxgl/11.17/fxgl-11.17.jar!/fxglassets/languages/english.lang
12:29:46.189 [FXGL Background Thread 4 ] DEBUG FXGLApplication      - Loading fonts
12:29:46.191 [FXGL Background Thread 4 ] DEBUG FXGLAssetLoaderServi - Loading from file system: jar:file:/Users/gendercorn/.m2/repository/com/github/almasb/fxgl/11.17/fxgl-11.17.jar!/fxglassets/ui/fonts/VarelaRound-Regular.ttf
12:29:46.223 [FXGL Background Thread 1 ] INFO  FXGLApplication      - FXGL initialization took: 1.769 sec
12:29:46.224 [FXGL Background Thread 4 ] DEBUG FXGLAssetLoaderServi - Loading from file system: jar:file:/Users/gendercorn/.m2/repository/com/github/almasb/fxgl/11.17/fxgl-11.17.jar!/fxglassets/ui/fonts/Abel-Regular.ttf
12:29:46.232 [FXGL Background Thread 4 ] DEBUG FXGLAssetLoaderServi - Loading from file system: jar:file:/Users/gendercorn/.m2/repository/com/github/almasb/fxgl/11.17/fxgl-11.17.jar!/fxglassets/ui/fonts/lucida_console.ttf
12:29:46.241 [FXGL Background Thread 4 ] DEBUG FXGLAssetLoaderServi - Loading from file system: jar:file:/Users/gendercorn/.m2/repository/com/github/almasb/fxgl/11.17/fxgl-11.17.jar!/fxglassets/ui/fonts/Courier-Prime.ttf
12:29:46.245 [JavaFX Application Thread] DEBUG Input                - Registered new binding: Forward - D
12:29:46.246 [JavaFX Application Thread] DEBUG Input                - Registered new binding: Backward - A
12:29:46.246 [JavaFX Application Thread] DEBUG FXGLAssetLoaderServi - Loading from file system: jar:file:/Users/gendercorn/.m2/repository/com/github/almasb/fxgl/11.17/fxgl-11.17.jar!/fxglassets/textures/fxgl_icon.png
12:29:46.298 [JavaFX Application Thread] DEBUG FXGLAssetLoaderServi - Loading from file system: jar:file:/Users/gendercorn/.m2/repository/com/github/almasb/fxgl/11.17/fxgl-11.17.jar!/fxglassets/textures/fxgl_default_cursor.png
12:29:46.302 [JavaFX Application Thread] DEBUG Input                - Registered new binding: Screenshot - CTRL+8
12:29:46.302 [JavaFX Application Thread] DEBUG Input                - Registered new binding: System info dump - CTRL+9
12:29:46.303 [JavaFX Application Thread] DEBUG Input                - Registered new binding: Restart - CTRL+R
12:29:46.304 [JavaFX Application Thread] DEBUG Input                - Registered new binding: Toggle Debug Camera - CTRL+C
12:29:46.307 [JavaFX Application Thread] DEBUG LoopRunner           - Starting loop
12:29:46.307 [JavaFX Application Thread] DEBUG LoopRunner           - Initializing JavaFX AnimationTimerLoop
12:29:46.309 [JavaFX Application Thread] DEBUG GameApplicationServi - Starting new game
12:29:46.310 [JavaFX Application Thread] DEBUG Input                - Clearing active input actions
12:29:46.327 [JavaFX Application Thread] DEBUG GameApplicationServi - Removing overlay from FXGLStartupScene and adding to FXGLLoadingScene
12:29:46.328 [JavaFX Application Thread] DEBUG PrimaryStageWindow   - FXGLStartupScene -> FXGLLoadingScene
12:29:46.328 [JavaFX Application Thread] DEBUG GameApplicationServi - Clearing previous game
12:29:46.328 [JavaFX Application Thread] DEBUG GameScene            - Clearing game scene
12:29:46.329 [JavaFX Application Thread] DEBUG GameWorld            - Clearing game world
12:29:46.329 [JavaFX Application Thread] DEBUG PhysicsWorld         - Clearing physics world
12:29:46.331 [FXGL Background Thread 4 ] DEBUG FXGLApplication      - Initializing game
12:29:46.333 [FXGL Background Thread 4 ] INFO  FXGLApplication      - Game initialization took: 0.002 sec
12:29:46.371 [JavaFX Application Thread] DEBUG FXGLApplication      - Registering font factories with UI factory
12:29:46.377 [JavaFX Application Thread] DEBUG Input                - Clearing active input actions
12:29:46.390 [JavaFX Application Thread] DEBUG GameApplicationServi - Removing overlay from FXGLLoadingScene and adding to GameScene
12:29:46.391 [JavaFX Application Thread] DEBUG PrimaryStageWindow   - FXGLLoadingScene -> GameScene
12:29:49.190 [FXGL Background Thread 3 ] DEBUG Engine               - Logging environment variables
12:29:49.192 [FXGL Background Thread 3 ] DEBUG Engine               - achievements: []
12:29:49.193 [FXGL Background Thread 3 ] DEBUG Engine               - actualHeight: 810.0
12:29:49.193 [FXGL Background Thread 3 ] DEBUG Engine               - actualHeightProperty: ReadOnlyDoubleProperty [value: 810.0]
12:29:49.193 [FXGL Background Thread 3 ] DEBUG Engine               - actualWidth: 1415.0
12:29:49.194 [FXGL Background Thread 3 ] DEBUG Engine               - actualWidthProperty: ReadOnlyDoubleProperty [value: 1415.0]
12:29:49.194 [FXGL Background Thread 3 ] DEBUG Engine               - appIcon: fxgl_icon.png
12:29:49.195 [FXGL Background Thread 3 ] DEBUG Engine               - applicationMode: DEVELOPER
12:29:49.196 [FXGL Background Thread 3 ] DEBUG Engine               - cSSList: [fxgl_dark.css]
12:29:49.196 [FXGL Background Thread 3 ] DEBUG Engine               - collisionDetectionStrategy: BRUTE_FORCE
12:29:49.197 [FXGL Background Thread 3 ] DEBUG Engine               - configClass: Optional.empty
12:29:49.197 [FXGL Background Thread 3 ] DEBUG Engine               - credits: []
12:29:49.197 [FXGL Background Thread 3 ] DEBUG Engine               - defaultCursor: CursorInfo(imageName=fxgl_default_cursor.png, hotspotX=7.0, hotspotY=6.0)
12:29:49.198 [FXGL Background Thread 3 ] DEBUG Engine               - devBBoxColorProperty: ObjectProperty [value: 0xff0000ff]
12:29:49.198 [FXGL Background Thread 3 ] DEBUG Engine               - devEnableDebugCameraProperty: BooleanProperty [value: false]
12:29:49.198 [FXGL Background Thread 3 ] DEBUG Engine               - devSensorColorProperty: ObjectProperty [value: 0xffff00ff]
12:29:49.199 [FXGL Background Thread 3 ] DEBUG Engine               - devShowBBoxProperty: BooleanProperty [value: false]
12:29:49.199 [FXGL Background Thread 3 ] DEBUG Engine               - devShowPositionProperty: BooleanProperty [value: false]
12:29:49.199 [FXGL Background Thread 3 ] DEBUG Engine               - enabledMenuItems: []
12:29:49.199 [FXGL Background Thread 3 ] DEBUG Engine               - engineServices: [class com.almasb.fxgl.app.services.FXGLAssetLoaderService, class com.almasb.fxgl.app.FXGLApplication$GameApplicationService, class com.almasb.fxgl.app.services.FXGLDialogService, class com.almasb.fxgl.app.services.IOTaskExecutorService, class com.almasb.fxgl.io.FileSystemService, class com.almasb.fxgl.localization.LocalizationService, class com.almasb.fxgl.app.services.SystemBundleService, class com.almasb.fxgl.profile.SaveLoadService, class com.almasb.fxgl.ui.FXGLUIFactoryServiceProvider, class com.almasb.fxgl.ui.FXGLDialogFactoryServiceProvider, class com.almasb.fxgl.audio.AudioPlayer, class com.almasb.fxgl.notification.impl.NotificationServiceProvider, class com.almasb.fxgl.achievement.AchievementService, class com.almasb.fxgl.cutscene.CutsceneService, class com.almasb.fxgl.minigames.MiniGameService, class com.almasb.fxgl.net.NetService, class com.almasb.fxgl.app.services.UpdaterService, class com.almasb.fxgl.dev.DevService]
12:29:49.200 [FXGL Background Thread 3 ] DEBUG Engine               - fontGame: Abel-Regular.ttf
12:29:49.200 [FXGL Background Thread 3 ] DEBUG Engine               - fontMono: lucida_console.ttf
12:29:49.200 [FXGL Background Thread 3 ] DEBUG Engine               - fontText: Courier-Prime.ttf
12:29:49.200 [FXGL Background Thread 3 ] DEBUG Engine               - fontUI: VarelaRound-Regular.ttf
12:29:49.201 [FXGL Background Thread 3 ] DEBUG Engine               - fullScreen: BooleanProperty [value: false]
12:29:49.201 [FXGL Background Thread 3 ] DEBUG Engine               - gameDifficulty: MEDIUM
12:29:49.202 [FXGL Background Thread 3 ] DEBUG Engine               - gameDifficultyProperty: ObjectProperty [value: MEDIUM]
12:29:49.203 [FXGL Background Thread 3 ] DEBUG Engine               - globalMusicVolume: 0.5
12:29:49.204 [FXGL Background Thread 3 ] DEBUG Engine               - globalMusicVolumeProperty: DoubleProperty [value: 0.5]
12:29:49.205 [FXGL Background Thread 3 ] DEBUG Engine               - globalSoundVolume: 0.5
12:29:49.207 [FXGL Background Thread 3 ] DEBUG Engine               - globalSoundVolumeProperty: DoubleProperty [value: 0.5]
12:29:49.208 [FXGL Background Thread 3 ] DEBUG Engine               - height: 1080
12:29:49.208 [FXGL Background Thread 3 ] DEBUG Engine               - is3D: false
12:29:49.209 [FXGL Background Thread 3 ] DEBUG Engine               - isAndroid: false
12:29:49.209 [FXGL Background Thread 3 ] DEBUG Engine               - isBrowser: false
12:29:49.209 [FXGL Background Thread 3 ] DEBUG Engine               - isClickFeedbackEnabled: false
12:29:49.209 [FXGL Background Thread 3 ] DEBUG Engine               - isCloseConfirmation: false
12:29:49.210 [FXGL Background Thread 3 ] DEBUG Engine               - isDesktop: true
12:29:49.210 [FXGL Background Thread 3 ] DEBUG Engine               - isDeveloperMenuEnabled: false
12:29:49.210 [FXGL Background Thread 3 ] DEBUG Engine               - isEntityPreloadEnabled: true
12:29:49.210 [FXGL Background Thread 3 ] DEBUG Engine               - isExperimentalTiledLargeMap: false
12:29:49.210 [FXGL Background Thread 3 ] DEBUG Engine               - isFileSystemWriteAllowed: true
12:29:49.211 [FXGL Background Thread 3 ] DEBUG Engine               - isFullScreenAllowed: false
12:29:49.211 [FXGL Background Thread 3 ] DEBUG Engine               - isFullScreenFromStart: false
12:29:49.212 [FXGL Background Thread 3 ] DEBUG Engine               - isGameMenuEnabled: true
12:29:49.213 [FXGL Background Thread 3 ] DEBUG Engine               - isIOS: false
12:29:49.214 [FXGL Background Thread 3 ] DEBUG Engine               - isIntroEnabled: false
12:29:49.214 [FXGL Background Thread 3 ] DEBUG Engine               - isLinux: false
12:29:49.214 [FXGL Background Thread 3 ] DEBUG Engine               - isMac: true
12:29:49.215 [FXGL Background Thread 3 ] DEBUG Engine               - isMainMenuEnabled: false
12:29:49.215 [FXGL Background Thread 3 ] DEBUG Engine               - isManualResizeEnabled: false
12:29:49.215 [FXGL Background Thread 3 ] DEBUG Engine               - isMobile: false
12:29:49.215 [FXGL Background Thread 3 ] DEBUG Engine               - isNative: false
12:29:49.215 [FXGL Background Thread 3 ] DEBUG Engine               - isPauseMusicWhenMinimized: true
12:29:49.216 [FXGL Background Thread 3 ] DEBUG Engine               - isPreserveResizeRatio: false
12:29:49.216 [FXGL Background Thread 3 ] DEBUG Engine               - isProfilingEnabled: false
12:29:49.216 [FXGL Background Thread 3 ] DEBUG Engine               - isScaleAffectedOnResize: true
12:29:49.216 [FXGL Background Thread 3 ] DEBUG Engine               - isSingleStep: false
12:29:49.217 [FXGL Background Thread 3 ] DEBUG Engine               - isUserProfileEnabled: false
12:29:49.217 [FXGL Background Thread 3 ] DEBUG Engine               - isWindows: false
12:29:49.217 [FXGL Background Thread 3 ] DEBUG Engine               - language: ObjectProperty [value: ENGLISH]
12:29:49.217 [FXGL Background Thread 3 ] DEBUG Engine               - menuKey: ESCAPE
12:29:49.218 [FXGL Background Thread 3 ] DEBUG Engine               - mouseSensitivity: 0.2
12:29:49.218 [FXGL Background Thread 3 ] DEBUG Engine               - notificationViewClass: class com.almasb.fxgl.notification.view.XboxNotificationView
12:29:49.219 [FXGL Background Thread 3 ] DEBUG Engine               - pixelsPerMeter: 50.0
12:29:49.221 [FXGL Background Thread 3 ] DEBUG Engine               - platform: MAC
12:29:49.223 [FXGL Background Thread 3 ] DEBUG Engine               - prefHeightProperty: ReadOnlyDoubleProperty [value: 1080.0]
12:29:49.224 [FXGL Background Thread 3 ] DEBUG Engine               - prefWidthProperty: ReadOnlyDoubleProperty [value: 1920.0]
12:29:49.224 [FXGL Background Thread 3 ] DEBUG Engine               - profileDir: profiles/
12:29:49.225 [FXGL Background Thread 3 ] DEBUG Engine               - profileName: StringProperty [value: DEFAULT]
12:29:49.225 [FXGL Background Thread 3 ] DEBUG Engine               - randomSeed: -1
12:29:49.225 [FXGL Background Thread 3 ] DEBUG Engine               - runtimeInfo: RuntimeInfo(platform=MAC, version=11.17, build=16.07.2021 15.46)
12:29:49.225 [FXGL Background Thread 3 ] DEBUG Engine               - saveFileExt: sav
12:29:49.226 [FXGL Background Thread 3 ] DEBUG Engine               - scaledHeightProp$fxgl: DoubleProperty [bound, value: 810.0]
12:29:49.226 [FXGL Background Thread 3 ] DEBUG Engine               - scaledWidthProp$fxgl: DoubleProperty [bound, value: 1415.0]
12:29:49.226 [FXGL Background Thread 3 ] DEBUG Engine               - sceneFactory: com.almasb.fxgl.app.scene.SceneFactory@16cfa47c
12:29:49.226 [FXGL Background Thread 3 ] DEBUG Engine               - secondsIn24h: 60
12:29:49.227 [FXGL Background Thread 3 ] DEBUG Engine               - soundMenuBack: menu/back.wav
12:29:49.227 [FXGL Background Thread 3 ] DEBUG Engine               - soundMenuPress: menu/press.wav
12:29:49.227 [FXGL Background Thread 3 ] DEBUG Engine               - soundMenuSelect: menu/select.wav
12:29:49.227 [FXGL Background Thread 3 ] DEBUG Engine               - soundNotification: core/notification.wav
12:29:49.228 [FXGL Background Thread 3 ] DEBUG Engine               - stageStyle: DECORATED
12:29:49.228 [FXGL Background Thread 3 ] DEBUG Engine               - supportedLanguages: [ENGLISH, FRENCH, GERMAN, HUNGARIAN, RUSSIAN]
12:29:49.230 [FXGL Background Thread 3 ] DEBUG Engine               - ticksPerSecond: -1
12:29:49.231 [FXGL Background Thread 3 ] DEBUG Engine               - title: Aura
12:29:49.231 [FXGL Background Thread 3 ] DEBUG Engine               - urlGithub: https://github.com/AlmasB/FXGL
12:29:49.232 [FXGL Background Thread 3 ] DEBUG Engine               - urlLeaderboard: http://fxgl-top.herokuapp.com/
12:29:49.232 [FXGL Background Thread 3 ] DEBUG Engine               - urlPOM: https://raw.githubusercontent.com/AlmasB/FXGL/release/README.md
12:29:49.232 [FXGL Background Thread 3 ] DEBUG Engine               - userAppClass: class aura.AuraApp
12:29:49.232 [FXGL Background Thread 3 ] DEBUG Engine               - version: 
12:29:49.232 [FXGL Background Thread 3 ] DEBUG Engine               - versionCheckDays: 7
12:29:49.233 [FXGL Background Thread 3 ] DEBUG Engine               - width: 1920
12:29:49.233 [FXGL Background Thread 3 ] DEBUG Engine               - Logging services
12:29:49.233 [FXGL Background Thread 3 ] DEBUG Engine               - class com.almasb.fxgl.app.services.FXGLAssetLoaderService
12:29:49.233 [FXGL Background Thread 3 ] DEBUG Engine               - class com.almasb.fxgl.app.FXGLApplication$GameApplicationService
12:29:49.233 [FXGL Background Thread 3 ] DEBUG Engine               - class com.almasb.fxgl.app.services.FXGLDialogService
12:29:49.234 [FXGL Background Thread 3 ] DEBUG Engine               - class com.almasb.fxgl.app.services.IOTaskExecutorService
12:29:49.234 [FXGL Background Thread 3 ] DEBUG Engine               - class com.almasb.fxgl.io.FileSystemService
12:29:49.234 [FXGL Background Thread 3 ] DEBUG Engine               - class com.almasb.fxgl.localization.LocalizationService
12:29:49.234 [FXGL Background Thread 3 ] DEBUG Engine               - class com.almasb.fxgl.app.services.SystemBundleService
12:29:49.234 [FXGL Background Thread 3 ] DEBUG Engine               - class com.almasb.fxgl.profile.SaveLoadService
12:29:49.235 [FXGL Background Thread 3 ] DEBUG Engine               - class com.almasb.fxgl.ui.FXGLUIFactoryServiceProvider
12:29:49.235 [FXGL Background Thread 3 ] DEBUG Engine               - class com.almasb.fxgl.ui.FXGLDialogFactoryServiceProvider
12:29:49.237 [FXGL Background Thread 3 ] DEBUG Engine               - class com.almasb.fxgl.audio.AudioPlayer
12:29:49.239 [FXGL Background Thread 3 ] DEBUG Engine               - class com.almasb.fxgl.notification.impl.NotificationServiceProvider
12:29:49.242 [FXGL Background Thread 3 ] DEBUG Engine               - class com.almasb.fxgl.achievement.AchievementService
12:29:49.242 [FXGL Background Thread 3 ] DEBUG Engine               - class com.almasb.fxgl.cutscene.CutsceneService
12:29:49.243 [FXGL Background Thread 3 ] DEBUG Engine               - class com.almasb.fxgl.minigames.MiniGameService
12:29:49.243 [FXGL Background Thread 3 ] DEBUG Engine               - class com.almasb.fxgl.net.NetService
12:29:49.243 [FXGL Background Thread 3 ] DEBUG Engine               - class com.almasb.fxgl.app.services.UpdaterService
12:29:49.243 [FXGL Background Thread 3 ] DEBUG Engine               - class com.almasb.fxgl.dev.DevService
12:29:58.508 [JavaFX Application Thread] DEBUG FXGLApplication      - Exiting FXGL
12:29:58.509 [JavaFX Application Thread] DEBUG LoopRunner           - Stopping loop
12:29:58.510 [JavaFX Application Thread] DEBUG SystemBundleService  - Saving FXGL system data
12:29:58.515 [JavaFX Application Thread] DEBUG FileSystemAccess     - Writing to: /Users/gendercorn/IdeaProjects/Aura/Aura/src/main/java/system/fxgl.bundle
12:29:58.523 [JavaFX Application Thread] DEBUG Async                - Shutting down background threads
12:29:58.525 [JavaFX Application Thread] DEBUG PrimaryStageWindow   - Closing main window
12:29:58.544 [JavaFX Application Thread] DEBUG Logger               - Closing Logger
