10:55:54.799 [main                     ] DEBUG Logger               - Configured Logger
10:55:54.821 [main                     ] DEBUG GameApplication      - Logging settings
Title: Aura
Version: 
Width: 1920
Height: 1080
Fullscreen: false
Intro: false
Profiling: false
Single step:false
App Mode: DEVELOPER
Menu Key: ESCAPE
Stage Style: DECORATED
Scene Factory: class com.almasb.fxgl.app.scene.SceneFactory

10:55:55.329 [JavaFX Application Thread] DEBUG FXGLApplication      - Initializing FXGL
10:55:55.335 [JavaFX Application Thread] INFO  Engine               - FXGL-11.17 (16.07.2021 15.46) on MAC (J:11.0.12 FX:16)
10:55:55.336 [JavaFX Application Thread] DEBUG Engine               - JRE Vendor Name: Eclipse Foundation
10:55:55.337 [JavaFX Application Thread] DEBUG Engine               - Running on OS: Mac OS X version 11.5
10:55:55.337 [JavaFX Application Thread] DEBUG Engine               - Architecture: x86_64
10:55:55.337 [JavaFX Application Thread] INFO  Engine               - Source code and latest versions at: https://github.com/AlmasB/FXGL
10:55:55.338 [JavaFX Application Thread] INFO  Engine               -              Join the FXGL chat at: https://gitter.im/AlmasB/FXGL
10:55:55.497 [JavaFX Application Thread] DEBUG PrimaryStageWindow   - Creating a JavaFX scene
10:55:55.498 [JavaFX Application Thread] DEBUG PrimaryStageWindow   - Target size > screen size
10:55:55.602 [JavaFX Application Thread] DEBUG PrimaryStageWindow   - Target settings size: 1920.0 x 1080.0
10:55:55.602 [JavaFX Application Thread] DEBUG PrimaryStageWindow   - Scaled scene size:    1415.0 x 810.0
10:55:55.603 [JavaFX Application Thread] DEBUG PrimaryStageWindow   - Scaled ratio: (0.7369791666666666, 0.75)
10:55:55.604 [JavaFX Application Thread] DEBUG PrimaryStageWindow   - Set initial scene to FXGLStartupScene
10:55:55.622 [JavaFX Application Thread] DEBUG PrimaryStageWindow   - Opening main window
10:55:56.108 [JavaFX Application Thread] DEBUG PrimaryStageWindow   - Window border size: (0.0, 28.0)
10:55:56.109 [JavaFX Application Thread] DEBUG PrimaryStageWindow   - Scaled size: 1415.0 x 810.0
10:55:56.109 [JavaFX Application Thread] DEBUG PrimaryStageWindow   - Scaled ratio: (0.7369791666666666, 0.75)
10:55:56.110 [JavaFX Application Thread] DEBUG PrimaryStageWindow   - Scene size: 1415.0 x 810.0
10:55:56.110 [JavaFX Application Thread] DEBUG PrimaryStageWindow   - Stage size: 1415.0 x 838.0
10:55:56.128 [FXGL Background Thread 1 ] DEBUG Engine               - Initializing environment variables
10:55:56.367 [FXGL Background Thread 1 ] DEBUG FXGLAssetLoaderServi - User app class for loading assets: class aura.AuraApp
10:55:56.376 [FXGL Background Thread 1 ] DEBUG GameApplicationServi - Applying CSS: fxgl_dark.css
10:55:56.389 [FXGL Background Thread 1 ] DEBUG FXGLAssetLoaderServi - Loading from file system: jar:file:/Users/gendercorn/.m2/repository/com/github/almasb/fxgl/11.17/fxgl-11.17.jar!/fxglassets/ui/css/fxgl_dark.css
10:55:56.733 [FXGL Background Thread 1 ] DEBUG GameApplicationServi - Initializing application scenes
10:55:57.264 [FXGL Background Thread 1 ] DEBUG GameWorld            - Game world initialized
10:55:57.354 [FXGL Background Thread 1 ] DEBUG PhysicsWorld         - Physics world initialized: appHeight=1080, physics.ppm=50.0
10:55:57.355 [FXGL Background Thread 1 ] DEBUG PhysicsWorld         - Using strategy: BRUTE_FORCE
10:55:57.358 [FXGL Background Thread 1 ] DEBUG GameScene            - Game scene initialized: 1920x1080
10:55:57.381 [FXGL Background Thread 1 ] DEBUG FXGL.DefaultMenu     - createMenuBodyGameMenu()
10:55:57.409 [FXGL Background Thread 1 ] DEBUG FXGL.DefaultMenu     - createOptionsMenu()
10:55:57.426 [FXGL Background Thread 1 ] DEBUG FXGLAssetLoaderServi - Loading from file system: jar:file:/Users/gendercorn/.m2/repository/com/github/almasb/fxgl/11.17/fxgl-11.17.jar!/fxglassets/textures/particles/smoke.png
10:55:57.698 [FXGL Background Thread 1 ] DEBUG FXGLAssetLoaderServi - Loading from file system: jar:file:/Users/gendercorn/.m2/repository/com/github/almasb/fxgl/11.17/fxgl-11.17.jar!/fxglassets/textures/particles/trace_horizontal.png
10:55:57.738 [FXGL Background Thread 1 ] DEBUG GameApplicationServi - Application scenes initialized
10:55:57.753 [FXGL Background Thread 1 ] DEBUG SystemBundleService  - Loading FXGL system data
10:55:57.761 [FXGL Background Thread 1 ] DEBUG FileSystemAccess     - Reading from: /Users/gendercorn/IdeaProjects/Aura/Aura/src/main/java/system/fxgl.bundle
10:55:57.771 [FXGL Background Thread 1 ] DEBUG SystemBundleService  - Bundle FXGL: {}
10:55:57.772 [FXGL Background Thread 1 ] DEBUG UpdaterService       - Checking for updates
10:55:57.776 [FXGL Background Thread 4 ] DEBUG FXGLApplication      - Loading fonts
10:55:57.777 [FXGL Background Thread 1 ] DEBUG FXGLApplication      - Loading default localization
10:55:57.778 [FXGL Background Thread 4 ] DEBUG FXGLAssetLoaderServi - Loading from file system: jar:file:/Users/gendercorn/.m2/repository/com/github/almasb/fxgl/11.17/fxgl-11.17.jar!/fxglassets/ui/fonts/VarelaRound-Regular.ttf
10:55:57.778 [FXGL Background Thread 1 ] DEBUG FXGLAssetLoaderServi - Loading from file system: jar:file:/Users/gendercorn/.m2/repository/com/github/almasb/fxgl/11.17/fxgl-11.17.jar!/fxglassets/languages/english.lang
10:55:57.810 [FXGL Background Thread 4 ] DEBUG FXGLAssetLoaderServi - Loading from file system: jar:file:/Users/gendercorn/.m2/repository/com/github/almasb/fxgl/11.17/fxgl-11.17.jar!/fxglassets/ui/fonts/Abel-Regular.ttf
10:55:57.815 [FXGL Background Thread 4 ] DEBUG FXGLAssetLoaderServi - Loading from file system: jar:file:/Users/gendercorn/.m2/repository/com/github/almasb/fxgl/11.17/fxgl-11.17.jar!/fxglassets/ui/fonts/lucida_console.ttf
10:55:57.815 [FXGL Background Thread 1 ] INFO  FXGLApplication      - FXGL initialization took: 1.687 sec
10:55:57.822 [FXGL Background Thread 4 ] DEBUG FXGLAssetLoaderServi - Loading from file system: jar:file:/Users/gendercorn/.m2/repository/com/github/almasb/fxgl/11.17/fxgl-11.17.jar!/fxglassets/ui/fonts/Courier-Prime.ttf
10:55:57.836 [JavaFX Application Thread] DEBUG Input                - Registered new binding: Forward - D
10:55:57.836 [JavaFX Application Thread] DEBUG Input                - Registered new binding: Backward - A
10:55:57.837 [JavaFX Application Thread] DEBUG FXGLAssetLoaderServi - Loading from file system: jar:file:/Users/gendercorn/.m2/repository/com/github/almasb/fxgl/11.17/fxgl-11.17.jar!/fxglassets/textures/fxgl_icon.png
10:55:57.881 [JavaFX Application Thread] DEBUG FXGLAssetLoaderServi - Loading from file system: jar:file:/Users/gendercorn/.m2/repository/com/github/almasb/fxgl/11.17/fxgl-11.17.jar!/fxglassets/textures/fxgl_default_cursor.png
10:55:57.885 [JavaFX Application Thread] DEBUG Input                - Registered new binding: Screenshot - CTRL+8
10:55:57.885 [JavaFX Application Thread] DEBUG Input                - Registered new binding: System info dump - CTRL+9
10:55:57.886 [JavaFX Application Thread] DEBUG Input                - Registered new binding: Restart - CTRL+R
10:55:57.886 [JavaFX Application Thread] DEBUG Input                - Registered new binding: Toggle Debug Camera - CTRL+C
10:55:57.889 [JavaFX Application Thread] DEBUG LoopRunner           - Starting loop
10:55:57.889 [JavaFX Application Thread] DEBUG LoopRunner           - Initializing JavaFX AnimationTimerLoop
10:55:57.891 [JavaFX Application Thread] DEBUG GameApplicationServi - Starting new game
10:55:57.891 [JavaFX Application Thread] DEBUG Input                - Clearing active input actions
10:55:57.908 [JavaFX Application Thread] DEBUG GameApplicationServi - Removing overlay from FXGLStartupScene and adding to FXGLLoadingScene
10:55:57.908 [JavaFX Application Thread] DEBUG PrimaryStageWindow   - FXGLStartupScene -> FXGLLoadingScene
10:55:57.908 [JavaFX Application Thread] DEBUG GameApplicationServi - Clearing previous game
10:55:57.908 [JavaFX Application Thread] DEBUG GameScene            - Clearing game scene
10:55:57.909 [JavaFX Application Thread] DEBUG GameWorld            - Clearing game world
10:55:57.909 [JavaFX Application Thread] DEBUG PhysicsWorld         - Clearing physics world
10:55:57.913 [FXGL Background Thread 4 ] DEBUG FXGLApplication      - Initializing game
10:55:57.915 [FXGL Background Thread 4 ] INFO  FXGLApplication      - Game initialization took: 0.002 sec
10:55:57.971 [JavaFX Application Thread] DEBUG FXGLApplication      - Registering font factories with UI factory
10:55:58.049 [JavaFX Application Thread] DEBUG Input                - Clearing active input actions
10:55:58.061 [JavaFX Application Thread] DEBUG GameApplicationServi - Removing overlay from FXGLLoadingScene and adding to GameScene
10:55:58.061 [JavaFX Application Thread] DEBUG PrimaryStageWindow   - FXGLLoadingScene -> GameScene
10:56:00.775 [FXGL Background Thread 3 ] DEBUG Engine               - Logging environment variables
10:56:00.778 [FXGL Background Thread 3 ] DEBUG Engine               - achievements: []
10:56:00.780 [FXGL Background Thread 3 ] DEBUG Engine               - actualHeight: 810.0
10:56:00.782 [FXGL Background Thread 3 ] DEBUG Engine               - actualHeightProperty: ReadOnlyDoubleProperty [value: 810.0]
10:56:00.783 [FXGL Background Thread 3 ] DEBUG Engine               - actualWidth: 1415.0
10:56:00.784 [FXGL Background Thread 3 ] DEBUG Engine               - actualWidthProperty: ReadOnlyDoubleProperty [value: 1415.0]
10:56:00.784 [FXGL Background Thread 3 ] DEBUG Engine               - appIcon: fxgl_icon.png
10:56:00.785 [FXGL Background Thread 3 ] DEBUG Engine               - applicationMode: DEVELOPER
10:56:00.785 [FXGL Background Thread 3 ] DEBUG Engine               - cSSList: [fxgl_dark.css]
10:56:00.786 [FXGL Background Thread 3 ] DEBUG Engine               - collisionDetectionStrategy: BRUTE_FORCE
10:56:00.787 [FXGL Background Thread 3 ] DEBUG Engine               - configClass: Optional.empty
10:56:00.787 [FXGL Background Thread 3 ] DEBUG Engine               - credits: []
10:56:00.788 [FXGL Background Thread 3 ] DEBUG Engine               - defaultCursor: CursorInfo(imageName=fxgl_default_cursor.png, hotspotX=7.0, hotspotY=6.0)
10:56:00.790 [FXGL Background Thread 3 ] DEBUG Engine               - devBBoxColorProperty: ObjectProperty [value: 0xff0000ff]
10:56:00.791 [FXGL Background Thread 3 ] DEBUG Engine               - devEnableDebugCameraProperty: BooleanProperty [value: false]
10:56:00.793 [FXGL Background Thread 3 ] DEBUG Engine               - devSensorColorProperty: ObjectProperty [value: 0xffff00ff]
10:56:00.794 [FXGL Background Thread 3 ] DEBUG Engine               - devShowBBoxProperty: BooleanProperty [value: false]
10:56:00.794 [FXGL Background Thread 3 ] DEBUG Engine               - devShowPositionProperty: BooleanProperty [value: false]
10:56:00.794 [FXGL Background Thread 3 ] DEBUG Engine               - enabledMenuItems: []
10:56:00.795 [FXGL Background Thread 3 ] DEBUG Engine               - engineServices: [class com.almasb.fxgl.app.services.FXGLAssetLoaderService, class com.almasb.fxgl.app.FXGLApplication$GameApplicationService, class com.almasb.fxgl.app.services.FXGLDialogService, class com.almasb.fxgl.app.services.IOTaskExecutorService, class com.almasb.fxgl.io.FileSystemService, class com.almasb.fxgl.localization.LocalizationService, class com.almasb.fxgl.app.services.SystemBundleService, class com.almasb.fxgl.profile.SaveLoadService, class com.almasb.fxgl.ui.FXGLUIFactoryServiceProvider, class com.almasb.fxgl.ui.FXGLDialogFactoryServiceProvider, class com.almasb.fxgl.audio.AudioPlayer, class com.almasb.fxgl.notification.impl.NotificationServiceProvider, class com.almasb.fxgl.achievement.AchievementService, class com.almasb.fxgl.cutscene.CutsceneService, class com.almasb.fxgl.minigames.MiniGameService, class com.almasb.fxgl.net.NetService, class com.almasb.fxgl.app.services.UpdaterService, class com.almasb.fxgl.dev.DevService]
10:56:00.795 [FXGL Background Thread 3 ] DEBUG Engine               - fontGame: Abel-Regular.ttf
10:56:00.795 [FXGL Background Thread 3 ] DEBUG Engine               - fontMono: lucida_console.ttf
10:56:00.797 [FXGL Background Thread 3 ] DEBUG Engine               - fontText: Courier-Prime.ttf
10:56:00.798 [FXGL Background Thread 3 ] DEBUG Engine               - fontUI: VarelaRound-Regular.ttf
10:56:00.798 [FXGL Background Thread 3 ] DEBUG Engine               - fullScreen: BooleanProperty [value: false]
10:56:00.798 [FXGL Background Thread 3 ] DEBUG Engine               - gameDifficulty: MEDIUM
10:56:00.798 [FXGL Background Thread 3 ] DEBUG Engine               - gameDifficultyProperty: ObjectProperty [value: MEDIUM]
10:56:00.799 [FXGL Background Thread 3 ] DEBUG Engine               - globalMusicVolume: 0.5
10:56:00.799 [FXGL Background Thread 3 ] DEBUG Engine               - globalMusicVolumeProperty: DoubleProperty [value: 0.5]
10:56:00.799 [FXGL Background Thread 3 ] DEBUG Engine               - globalSoundVolume: 0.5
10:56:00.800 [FXGL Background Thread 3 ] DEBUG Engine               - globalSoundVolumeProperty: DoubleProperty [value: 0.5]
10:56:00.800 [FXGL Background Thread 3 ] DEBUG Engine               - height: 1080
10:56:00.800 [FXGL Background Thread 3 ] DEBUG Engine               - is3D: false
10:56:00.800 [FXGL Background Thread 3 ] DEBUG Engine               - isAndroid: false
10:56:00.800 [FXGL Background Thread 3 ] DEBUG Engine               - isBrowser: false
10:56:00.801 [FXGL Background Thread 3 ] DEBUG Engine               - isClickFeedbackEnabled: false
10:56:00.801 [FXGL Background Thread 3 ] DEBUG Engine               - isCloseConfirmation: false
10:56:00.801 [FXGL Background Thread 3 ] DEBUG Engine               - isDesktop: true
10:56:00.801 [FXGL Background Thread 3 ] DEBUG Engine               - isDeveloperMenuEnabled: false
10:56:00.801 [FXGL Background Thread 3 ] DEBUG Engine               - isEntityPreloadEnabled: true
10:56:00.802 [FXGL Background Thread 3 ] DEBUG Engine               - isExperimentalTiledLargeMap: false
10:56:00.802 [FXGL Background Thread 3 ] DEBUG Engine               - isFileSystemWriteAllowed: true
10:56:00.803 [FXGL Background Thread 3 ] DEBUG Engine               - isFullScreenAllowed: false
10:56:00.803 [FXGL Background Thread 3 ] DEBUG Engine               - isFullScreenFromStart: false
10:56:00.804 [FXGL Background Thread 3 ] DEBUG Engine               - isGameMenuEnabled: true
10:56:00.804 [FXGL Background Thread 3 ] DEBUG Engine               - isIOS: false
10:56:00.814 [FXGL Background Thread 3 ] DEBUG Engine               - isIntroEnabled: false
10:56:00.815 [FXGL Background Thread 3 ] DEBUG Engine               - isLinux: false
10:56:00.817 [FXGL Background Thread 3 ] DEBUG Engine               - isMac: true
10:56:00.818 [FXGL Background Thread 3 ] DEBUG Engine               - isMainMenuEnabled: false
10:56:00.819 [FXGL Background Thread 3 ] DEBUG Engine               - isManualResizeEnabled: false
10:56:00.820 [FXGL Background Thread 3 ] DEBUG Engine               - isMobile: false
10:56:00.820 [FXGL Background Thread 3 ] DEBUG Engine               - isNative: false
10:56:00.821 [FXGL Background Thread 3 ] DEBUG Engine               - isPauseMusicWhenMinimized: true
10:56:00.822 [FXGL Background Thread 3 ] DEBUG Engine               - isPreserveResizeRatio: false
10:56:00.823 [FXGL Background Thread 3 ] DEBUG Engine               - isProfilingEnabled: false
10:56:00.824 [FXGL Background Thread 3 ] DEBUG Engine               - isScaleAffectedOnResize: true
10:56:00.824 [FXGL Background Thread 3 ] DEBUG Engine               - isSingleStep: false
10:56:00.825 [FXGL Background Thread 3 ] DEBUG Engine               - isUserProfileEnabled: false
10:56:00.825 [FXGL Background Thread 3 ] DEBUG Engine               - isWindows: false
10:56:00.825 [FXGL Background Thread 3 ] DEBUG Engine               - language: ObjectProperty [value: ENGLISH]
10:56:00.826 [FXGL Background Thread 3 ] DEBUG Engine               - menuKey: ESCAPE
10:56:00.826 [FXGL Background Thread 3 ] DEBUG Engine               - mouseSensitivity: 0.2
10:56:00.826 [FXGL Background Thread 3 ] DEBUG Engine               - notificationViewClass: class com.almasb.fxgl.notification.view.XboxNotificationView
10:56:00.826 [FXGL Background Thread 3 ] DEBUG Engine               - pixelsPerMeter: 50.0
10:56:00.826 [FXGL Background Thread 3 ] DEBUG Engine               - platform: MAC
10:56:00.827 [FXGL Background Thread 3 ] DEBUG Engine               - prefHeightProperty: ReadOnlyDoubleProperty [value: 1080.0]
10:56:00.827 [FXGL Background Thread 3 ] DEBUG Engine               - prefWidthProperty: ReadOnlyDoubleProperty [value: 1920.0]
10:56:00.827 [FXGL Background Thread 3 ] DEBUG Engine               - profileDir: profiles/
10:56:00.827 [FXGL Background Thread 3 ] DEBUG Engine               - profileName: StringProperty [value: DEFAULT]
10:56:00.828 [FXGL Background Thread 3 ] DEBUG Engine               - randomSeed: -1
10:56:00.829 [FXGL Background Thread 3 ] DEBUG Engine               - runtimeInfo: RuntimeInfo(platform=MAC, version=11.17, build=16.07.2021 15.46)
10:56:00.830 [FXGL Background Thread 3 ] DEBUG Engine               - saveFileExt: sav
10:56:00.831 [FXGL Background Thread 3 ] DEBUG Engine               - scaledHeightProp$fxgl: DoubleProperty [bound, value: 810.0]
10:56:00.832 [FXGL Background Thread 3 ] DEBUG Engine               - scaledWidthProp$fxgl: DoubleProperty [bound, value: 1415.0]
10:56:00.832 [FXGL Background Thread 3 ] DEBUG Engine               - sceneFactory: com.almasb.fxgl.app.scene.SceneFactory@19af33e4
10:56:00.832 [FXGL Background Thread 3 ] DEBUG Engine               - secondsIn24h: 60
10:56:00.832 [FXGL Background Thread 3 ] DEBUG Engine               - soundMenuBack: menu/back.wav
10:56:00.833 [FXGL Background Thread 3 ] DEBUG Engine               - soundMenuPress: menu/press.wav
10:56:00.834 [FXGL Background Thread 3 ] DEBUG Engine               - soundMenuSelect: menu/select.wav
10:56:00.834 [FXGL Background Thread 3 ] DEBUG Engine               - soundNotification: core/notification.wav
10:56:00.834 [FXGL Background Thread 3 ] DEBUG Engine               - stageStyle: DECORATED
10:56:00.835 [FXGL Background Thread 3 ] DEBUG Engine               - supportedLanguages: [ENGLISH, FRENCH, GERMAN, HUNGARIAN, RUSSIAN]
10:56:00.835 [FXGL Background Thread 3 ] DEBUG Engine               - ticksPerSecond: -1
10:56:00.835 [FXGL Background Thread 3 ] DEBUG Engine               - title: Aura
10:56:00.835 [FXGL Background Thread 3 ] DEBUG Engine               - urlGithub: https://github.com/AlmasB/FXGL
10:56:00.836 [FXGL Background Thread 3 ] DEBUG Engine               - urlLeaderboard: http://fxgl-top.herokuapp.com/
10:56:00.837 [FXGL Background Thread 3 ] DEBUG Engine               - urlPOM: https://raw.githubusercontent.com/AlmasB/FXGL/release/README.md
10:56:00.838 [FXGL Background Thread 3 ] DEBUG Engine               - userAppClass: class aura.AuraApp
10:56:00.839 [FXGL Background Thread 3 ] DEBUG Engine               - version: 
10:56:00.839 [FXGL Background Thread 3 ] DEBUG Engine               - versionCheckDays: 7
10:56:00.839 [FXGL Background Thread 3 ] DEBUG Engine               - width: 1920
10:56:00.839 [FXGL Background Thread 3 ] DEBUG Engine               - Logging services
10:56:00.839 [FXGL Background Thread 3 ] DEBUG Engine               - class com.almasb.fxgl.app.services.FXGLAssetLoaderService
10:56:00.840 [FXGL Background Thread 3 ] DEBUG Engine               - class com.almasb.fxgl.app.FXGLApplication$GameApplicationService
10:56:00.840 [FXGL Background Thread 3 ] DEBUG Engine               - class com.almasb.fxgl.app.services.FXGLDialogService
10:56:00.840 [FXGL Background Thread 3 ] DEBUG Engine               - class com.almasb.fxgl.app.services.IOTaskExecutorService
10:56:00.840 [FXGL Background Thread 3 ] DEBUG Engine               - class com.almasb.fxgl.io.FileSystemService
10:56:00.840 [FXGL Background Thread 3 ] DEBUG Engine               - class com.almasb.fxgl.localization.LocalizationService
10:56:00.840 [FXGL Background Thread 3 ] DEBUG Engine               - class com.almasb.fxgl.app.services.SystemBundleService
10:56:00.841 [FXGL Background Thread 3 ] DEBUG Engine               - class com.almasb.fxgl.profile.SaveLoadService
10:56:00.841 [FXGL Background Thread 3 ] DEBUG Engine               - class com.almasb.fxgl.ui.FXGLUIFactoryServiceProvider
10:56:00.841 [FXGL Background Thread 3 ] DEBUG Engine               - class com.almasb.fxgl.ui.FXGLDialogFactoryServiceProvider
10:56:00.841 [FXGL Background Thread 3 ] DEBUG Engine               - class com.almasb.fxgl.audio.AudioPlayer
10:56:00.841 [FXGL Background Thread 3 ] DEBUG Engine               - class com.almasb.fxgl.notification.impl.NotificationServiceProvider
10:56:00.841 [FXGL Background Thread 3 ] DEBUG Engine               - class com.almasb.fxgl.achievement.AchievementService
10:56:00.842 [FXGL Background Thread 3 ] DEBUG Engine               - class com.almasb.fxgl.cutscene.CutsceneService
10:56:00.842 [FXGL Background Thread 3 ] DEBUG Engine               - class com.almasb.fxgl.minigames.MiniGameService
10:56:00.842 [FXGL Background Thread 3 ] DEBUG Engine               - class com.almasb.fxgl.net.NetService
10:56:00.842 [FXGL Background Thread 3 ] DEBUG Engine               - class com.almasb.fxgl.app.services.UpdaterService
10:56:00.842 [FXGL Background Thread 3 ] DEBUG Engine               - class com.almasb.fxgl.dev.DevService
12:18:40.732 [JavaFX Application Thread] DEBUG FXGLApplication      - Exiting FXGL
12:18:40.732 [JavaFX Application Thread] DEBUG LoopRunner           - Stopping loop
12:18:40.733 [JavaFX Application Thread] DEBUG SystemBundleService  - Saving FXGL system data
12:18:40.738 [JavaFX Application Thread] DEBUG FileSystemAccess     - Writing to: /Users/gendercorn/IdeaProjects/Aura/Aura/src/main/java/system/fxgl.bundle
12:18:40.743 [JavaFX Application Thread] DEBUG Async                - Shutting down background threads
12:18:40.744 [JavaFX Application Thread] DEBUG PrimaryStageWindow   - Closing main window
12:18:40.768 [JavaFX Application Thread] DEBUG Logger               - Closing Logger
