12:29:11.445 [main                     ] DEBUG Logger               - Configured Logger
12:29:11.467 [main                     ] DEBUG GameApplication      - Logging settings
Title: Aura
Version: 
Width: 1920
Height: 1080
Fullscreen: false
Intro: false
Profiling: false
Single step:false
App Mode: DEVELOPER
Menu Key: ESCAPE
Stage Style: DECORATED
Scene Factory: class com.almasb.fxgl.app.scene.SceneFactory

12:29:11.894 [JavaFX Application Thread] DEBUG FXGLApplication      - Initializing FXGL
12:29:11.898 [JavaFX Application Thread] INFO  Engine               - FXGL-11.17 (16.07.2021 15.46) on MAC (J:11.0.12 FX:16)
12:29:11.899 [JavaFX Application Thread] DEBUG Engine               - JRE Vendor Name: Eclipse Foundation
12:29:11.900 [JavaFX Application Thread] DEBUG Engine               - Running on OS: Mac OS X version 11.5
12:29:11.900 [JavaFX Application Thread] DEBUG Engine               - Architecture: x86_64
12:29:11.900 [JavaFX Application Thread] INFO  Engine               - Source code and latest versions at: https://github.com/AlmasB/FXGL
12:29:11.901 [JavaFX Application Thread] INFO  Engine               -              Join the FXGL chat at: https://gitter.im/AlmasB/FXGL
12:29:12.036 [JavaFX Application Thread] DEBUG PrimaryStageWindow   - Creating a JavaFX scene
12:29:12.036 [JavaFX Application Thread] DEBUG PrimaryStageWindow   - Target size > screen size
12:29:12.149 [JavaFX Application Thread] DEBUG PrimaryStageWindow   - Target settings size: 1920.0 x 1080.0
12:29:12.149 [JavaFX Application Thread] DEBUG PrimaryStageWindow   - Scaled scene size:    1415.0 x 810.0
12:29:12.150 [JavaFX Application Thread] DEBUG PrimaryStageWindow   - Scaled ratio: (0.7369791666666666, 0.75)
12:29:12.152 [JavaFX Application Thread] DEBUG PrimaryStageWindow   - Set initial scene to FXGLStartupScene
12:29:12.167 [JavaFX Application Thread] DEBUG PrimaryStageWindow   - Opening main window
12:29:12.627 [JavaFX Application Thread] DEBUG PrimaryStageWindow   - Window border size: (0.0, 28.0)
12:29:12.627 [JavaFX Application Thread] DEBUG PrimaryStageWindow   - Scaled size: 1415.0 x 810.0
12:29:12.628 [JavaFX Application Thread] DEBUG PrimaryStageWindow   - Scaled ratio: (0.7369791666666666, 0.75)
12:29:12.628 [JavaFX Application Thread] DEBUG PrimaryStageWindow   - Scene size: 1415.0 x 810.0
12:29:12.629 [JavaFX Application Thread] DEBUG PrimaryStageWindow   - Stage size: 1415.0 x 838.0
12:29:12.688 [FXGL Background Thread 1 ] DEBUG Engine               - Initializing environment variables
12:29:13.139 [FXGL Background Thread 1 ] DEBUG FXGLAssetLoaderServi - User app class for loading assets: class aura.AuraApp
12:29:13.139 [FXGL Background Thread 1 ] DEBUG GameApplicationServi - Applying CSS: fxgl_dark.css
12:29:13.144 [FXGL Background Thread 1 ] DEBUG FXGLAssetLoaderServi - Loading from file system: jar:file:/Users/gendercorn/.m2/repository/com/github/almasb/fxgl/11.17/fxgl-11.17.jar!/fxglassets/ui/css/fxgl_dark.css
12:29:13.391 [FXGL Background Thread 1 ] DEBUG GameApplicationServi - Initializing application scenes
12:29:14.030 [FXGL Background Thread 1 ] DEBUG GameWorld            - Game world initialized
12:29:14.150 [FXGL Background Thread 1 ] DEBUG PhysicsWorld         - Physics world initialized: appHeight=1080, physics.ppm=50.0
12:29:14.151 [FXGL Background Thread 1 ] DEBUG PhysicsWorld         - Using strategy: BRUTE_FORCE
12:29:14.155 [FXGL Background Thread 1 ] DEBUG GameScene            - Game scene initialized: 1920x1080
12:29:14.180 [FXGL Background Thread 1 ] DEBUG FXGL.DefaultMenu     - createMenuBodyGameMenu()
12:29:14.220 [FXGL Background Thread 1 ] DEBUG FXGL.DefaultMenu     - createOptionsMenu()
12:29:14.242 [FXGL Background Thread 1 ] DEBUG FXGLAssetLoaderServi - Loading from file system: jar:file:/Users/gendercorn/.m2/repository/com/github/almasb/fxgl/11.17/fxgl-11.17.jar!/fxglassets/textures/particles/smoke.png
12:29:14.423 [FXGL Background Thread 1 ] DEBUG FXGLAssetLoaderServi - Loading from file system: jar:file:/Users/gendercorn/.m2/repository/com/github/almasb/fxgl/11.17/fxgl-11.17.jar!/fxglassets/textures/particles/trace_horizontal.png
12:29:14.452 [FXGL Background Thread 1 ] DEBUG GameApplicationServi - Application scenes initialized
12:29:14.468 [FXGL Background Thread 1 ] DEBUG SystemBundleService  - Loading FXGL system data
12:29:14.472 [FXGL Background Thread 1 ] DEBUG FileSystemAccess     - Reading from: /Users/gendercorn/IdeaProjects/Aura/Aura/src/main/java/system/fxgl.bundle
12:29:14.482 [FXGL Background Thread 1 ] DEBUG SystemBundleService  - Bundle FXGL: {}
12:29:14.482 [FXGL Background Thread 1 ] DEBUG UpdaterService       - Checking for updates
12:29:14.495 [FXGL Background Thread 4 ] DEBUG FXGLApplication      - Loading fonts
12:29:14.496 [FXGL Background Thread 1 ] DEBUG FXGLApplication      - Loading default localization
12:29:14.497 [FXGL Background Thread 1 ] DEBUG FXGLAssetLoaderServi - Loading from file system: jar:file:/Users/gendercorn/.m2/repository/com/github/almasb/fxgl/11.17/fxgl-11.17.jar!/fxglassets/languages/english.lang
12:29:14.498 [FXGL Background Thread 4 ] DEBUG FXGLAssetLoaderServi - Loading from file system: jar:file:/Users/gendercorn/.m2/repository/com/github/almasb/fxgl/11.17/fxgl-11.17.jar!/fxglassets/ui/fonts/VarelaRound-Regular.ttf
12:29:14.531 [FXGL Background Thread 1 ] INFO  FXGLApplication      - FXGL initialization took: 1.843 sec
12:29:14.539 [FXGL Background Thread 4 ] DEBUG FXGLAssetLoaderServi - Loading from file system: jar:file:/Users/gendercorn/.m2/repository/com/github/almasb/fxgl/11.17/fxgl-11.17.jar!/fxglassets/ui/fonts/Abel-Regular.ttf
12:29:14.552 [JavaFX Application Thread] DEBUG Input                - Registered new binding: Forward - D
12:29:14.552 [JavaFX Application Thread] DEBUG Input                - Registered new binding: Backward - A
12:29:14.553 [FXGL Background Thread 4 ] DEBUG FXGLAssetLoaderServi - Loading from file system: jar:file:/Users/gendercorn/.m2/repository/com/github/almasb/fxgl/11.17/fxgl-11.17.jar!/fxglassets/ui/fonts/lucida_console.ttf
12:29:14.553 [JavaFX Application Thread] DEBUG FXGLAssetLoaderServi - Loading from file system: jar:file:/Users/gendercorn/.m2/repository/com/github/almasb/fxgl/11.17/fxgl-11.17.jar!/fxglassets/textures/fxgl_icon.png
12:29:14.562 [FXGL Background Thread 4 ] DEBUG FXGLAssetLoaderServi - Loading from file system: jar:file:/Users/gendercorn/.m2/repository/com/github/almasb/fxgl/11.17/fxgl-11.17.jar!/fxglassets/ui/fonts/Courier-Prime.ttf
12:29:14.597 [JavaFX Application Thread] DEBUG FXGLAssetLoaderServi - Loading from file system: jar:file:/Users/gendercorn/.m2/repository/com/github/almasb/fxgl/11.17/fxgl-11.17.jar!/fxglassets/textures/fxgl_default_cursor.png
12:29:14.601 [JavaFX Application Thread] DEBUG Input                - Registered new binding: Screenshot - CTRL+8
12:29:14.602 [JavaFX Application Thread] DEBUG Input                - Registered new binding: System info dump - CTRL+9
12:29:14.603 [JavaFX Application Thread] DEBUG Input                - Registered new binding: Restart - CTRL+R
12:29:14.604 [JavaFX Application Thread] DEBUG Input                - Registered new binding: Toggle Debug Camera - CTRL+C
12:29:14.608 [JavaFX Application Thread] DEBUG LoopRunner           - Starting loop
12:29:14.609 [JavaFX Application Thread] DEBUG LoopRunner           - Initializing JavaFX AnimationTimerLoop
12:29:14.611 [JavaFX Application Thread] DEBUG GameApplicationServi - Starting new game
12:29:14.612 [JavaFX Application Thread] DEBUG Input                - Clearing active input actions
12:29:14.633 [JavaFX Application Thread] DEBUG GameApplicationServi - Removing overlay from FXGLStartupScene and adding to FXGLLoadingScene
12:29:14.634 [JavaFX Application Thread] DEBUG PrimaryStageWindow   - FXGLStartupScene -> FXGLLoadingScene
12:29:14.634 [JavaFX Application Thread] DEBUG GameApplicationServi - Clearing previous game
12:29:14.634 [JavaFX Application Thread] DEBUG GameScene            - Clearing game scene
12:29:14.634 [JavaFX Application Thread] DEBUG GameWorld            - Clearing game world
12:29:14.634 [JavaFX Application Thread] DEBUG PhysicsWorld         - Clearing physics world
12:29:14.636 [FXGL Background Thread 4 ] DEBUG FXGLApplication      - Initializing game
12:29:14.638 [FXGL Background Thread 4 ] INFO  FXGLApplication      - Game initialization took: 0.002 sec
12:29:14.682 [JavaFX Application Thread] DEBUG FXGLApplication      - Registering font factories with UI factory
12:29:14.794 [JavaFX Application Thread] DEBUG Input                - Clearing active input actions
12:29:14.810 [JavaFX Application Thread] DEBUG GameApplicationServi - Removing overlay from FXGLLoadingScene and adding to GameScene
12:29:14.810 [JavaFX Application Thread] DEBUG PrimaryStageWindow   - FXGLLoadingScene -> GameScene
12:29:17.492 [FXGL Background Thread 3 ] DEBUG Engine               - Logging environment variables
12:29:17.496 [FXGL Background Thread 3 ] DEBUG Engine               - achievements: []
12:29:17.497 [FXGL Background Thread 3 ] DEBUG Engine               - actualHeight: 810.0
12:29:17.498 [FXGL Background Thread 3 ] DEBUG Engine               - actualHeightProperty: ReadOnlyDoubleProperty [value: 810.0]
12:29:17.499 [FXGL Background Thread 3 ] DEBUG Engine               - actualWidth: 1415.0
12:29:17.500 [FXGL Background Thread 3 ] DEBUG Engine               - actualWidthProperty: ReadOnlyDoubleProperty [value: 1415.0]
12:29:17.501 [FXGL Background Thread 3 ] DEBUG Engine               - appIcon: fxgl_icon.png
12:29:17.501 [FXGL Background Thread 3 ] DEBUG Engine               - applicationMode: DEVELOPER
12:29:17.501 [FXGL Background Thread 3 ] DEBUG Engine               - cSSList: [fxgl_dark.css]
12:29:17.501 [FXGL Background Thread 3 ] DEBUG Engine               - collisionDetectionStrategy: BRUTE_FORCE
12:29:17.501 [FXGL Background Thread 3 ] DEBUG Engine               - configClass: Optional.empty
12:29:17.502 [FXGL Background Thread 3 ] DEBUG Engine               - credits: []
12:29:17.502 [FXGL Background Thread 3 ] DEBUG Engine               - defaultCursor: CursorInfo(imageName=fxgl_default_cursor.png, hotspotX=7.0, hotspotY=6.0)
12:29:17.502 [FXGL Background Thread 3 ] DEBUG Engine               - devBBoxColorProperty: ObjectProperty [value: 0xff0000ff]
12:29:17.503 [FXGL Background Thread 3 ] DEBUG Engine               - devEnableDebugCameraProperty: BooleanProperty [value: false]
12:29:17.503 [FXGL Background Thread 3 ] DEBUG Engine               - devSensorColorProperty: ObjectProperty [value: 0xffff00ff]
12:29:17.503 [FXGL Background Thread 3 ] DEBUG Engine               - devShowBBoxProperty: BooleanProperty [value: false]
12:29:17.504 [FXGL Background Thread 3 ] DEBUG Engine               - devShowPositionProperty: BooleanProperty [value: false]
12:29:17.504 [FXGL Background Thread 3 ] DEBUG Engine               - enabledMenuItems: []
12:29:17.504 [FXGL Background Thread 3 ] DEBUG Engine               - engineServices: [class com.almasb.fxgl.app.services.FXGLAssetLoaderService, class com.almasb.fxgl.app.FXGLApplication$GameApplicationService, class com.almasb.fxgl.app.services.FXGLDialogService, class com.almasb.fxgl.app.services.IOTaskExecutorService, class com.almasb.fxgl.io.FileSystemService, class com.almasb.fxgl.localization.LocalizationService, class com.almasb.fxgl.app.services.SystemBundleService, class com.almasb.fxgl.profile.SaveLoadService, class com.almasb.fxgl.ui.FXGLUIFactoryServiceProvider, class com.almasb.fxgl.ui.FXGLDialogFactoryServiceProvider, class com.almasb.fxgl.audio.AudioPlayer, class com.almasb.fxgl.notification.impl.NotificationServiceProvider, class com.almasb.fxgl.achievement.AchievementService, class com.almasb.fxgl.cutscene.CutsceneService, class com.almasb.fxgl.minigames.MiniGameService, class com.almasb.fxgl.net.NetService, class com.almasb.fxgl.app.services.UpdaterService, class com.almasb.fxgl.dev.DevService]
12:29:17.504 [FXGL Background Thread 3 ] DEBUG Engine               - fontGame: Abel-Regular.ttf
12:29:17.504 [FXGL Background Thread 3 ] DEBUG Engine               - fontMono: lucida_console.ttf
12:29:17.505 [FXGL Background Thread 3 ] DEBUG Engine               - fontText: Courier-Prime.ttf
12:29:17.505 [FXGL Background Thread 3 ] DEBUG Engine               - fontUI: VarelaRound-Regular.ttf
12:29:17.505 [FXGL Background Thread 3 ] DEBUG Engine               - fullScreen: BooleanProperty [value: false]
12:29:17.505 [FXGL Background Thread 3 ] DEBUG Engine               - gameDifficulty: MEDIUM
12:29:17.505 [FXGL Background Thread 3 ] DEBUG Engine               - gameDifficultyProperty: ObjectProperty [value: MEDIUM]
12:29:17.506 [FXGL Background Thread 3 ] DEBUG Engine               - globalMusicVolume: 0.5
12:29:17.506 [FXGL Background Thread 3 ] DEBUG Engine               - globalMusicVolumeProperty: DoubleProperty [value: 0.5]
12:29:17.507 [FXGL Background Thread 3 ] DEBUG Engine               - globalSoundVolume: 0.5
12:29:17.507 [FXGL Background Thread 3 ] DEBUG Engine               - globalSoundVolumeProperty: DoubleProperty [value: 0.5]
12:29:17.507 [FXGL Background Thread 3 ] DEBUG Engine               - height: 1080
12:29:17.507 [FXGL Background Thread 3 ] DEBUG Engine               - is3D: false
12:29:17.507 [FXGL Background Thread 3 ] DEBUG Engine               - isAndroid: false
12:29:17.508 [FXGL Background Thread 3 ] DEBUG Engine               - isBrowser: false
12:29:17.508 [FXGL Background Thread 3 ] DEBUG Engine               - isClickFeedbackEnabled: false
12:29:17.508 [FXGL Background Thread 3 ] DEBUG Engine               - isCloseConfirmation: false
12:29:17.508 [FXGL Background Thread 3 ] DEBUG Engine               - isDesktop: true
12:29:17.509 [FXGL Background Thread 3 ] DEBUG Engine               - isDeveloperMenuEnabled: false
12:29:17.509 [FXGL Background Thread 3 ] DEBUG Engine               - isEntityPreloadEnabled: true
12:29:17.509 [FXGL Background Thread 3 ] DEBUG Engine               - isExperimentalTiledLargeMap: false
12:29:17.510 [FXGL Background Thread 3 ] DEBUG Engine               - isFileSystemWriteAllowed: true
12:29:17.512 [FXGL Background Thread 3 ] DEBUG Engine               - isFullScreenAllowed: false
12:29:17.513 [FXGL Background Thread 3 ] DEBUG Engine               - isFullScreenFromStart: false
12:29:17.513 [FXGL Background Thread 3 ] DEBUG Engine               - isGameMenuEnabled: true
12:29:17.514 [FXGL Background Thread 3 ] DEBUG Engine               - isIOS: false
12:29:17.515 [FXGL Background Thread 3 ] DEBUG Engine               - isIntroEnabled: false
12:29:17.515 [FXGL Background Thread 3 ] DEBUG Engine               - isLinux: false
12:29:17.516 [FXGL Background Thread 3 ] DEBUG Engine               - isMac: true
12:29:17.516 [FXGL Background Thread 3 ] DEBUG Engine               - isMainMenuEnabled: false
12:29:17.516 [FXGL Background Thread 3 ] DEBUG Engine               - isManualResizeEnabled: false
12:29:17.516 [FXGL Background Thread 3 ] DEBUG Engine               - isMobile: false
12:29:17.518 [FXGL Background Thread 3 ] DEBUG Engine               - isNative: false
12:29:17.518 [FXGL Background Thread 3 ] DEBUG Engine               - isPauseMusicWhenMinimized: true
12:29:17.518 [FXGL Background Thread 3 ] DEBUG Engine               - isPreserveResizeRatio: false
12:29:17.518 [FXGL Background Thread 3 ] DEBUG Engine               - isProfilingEnabled: false
12:29:17.522 [FXGL Background Thread 3 ] DEBUG Engine               - isScaleAffectedOnResize: true
12:29:17.522 [FXGL Background Thread 3 ] DEBUG Engine               - isSingleStep: false
12:29:17.522 [FXGL Background Thread 3 ] DEBUG Engine               - isUserProfileEnabled: false
12:29:17.522 [FXGL Background Thread 3 ] DEBUG Engine               - isWindows: false
12:29:17.523 [FXGL Background Thread 3 ] DEBUG Engine               - language: ObjectProperty [value: ENGLISH]
12:29:17.523 [FXGL Background Thread 3 ] DEBUG Engine               - menuKey: ESCAPE
12:29:17.523 [FXGL Background Thread 3 ] DEBUG Engine               - mouseSensitivity: 0.2
12:29:17.523 [FXGL Background Thread 3 ] DEBUG Engine               - notificationViewClass: class com.almasb.fxgl.notification.view.XboxNotificationView
12:29:17.523 [FXGL Background Thread 3 ] DEBUG Engine               - pixelsPerMeter: 50.0
12:29:17.524 [FXGL Background Thread 3 ] DEBUG Engine               - platform: MAC
12:29:17.524 [FXGL Background Thread 3 ] DEBUG Engine               - prefHeightProperty: ReadOnlyDoubleProperty [value: 1080.0]
12:29:17.524 [FXGL Background Thread 3 ] DEBUG Engine               - prefWidthProperty: ReadOnlyDoubleProperty [value: 1920.0]
12:29:17.524 [FXGL Background Thread 3 ] DEBUG Engine               - profileDir: profiles/
12:29:17.524 [FXGL Background Thread 3 ] DEBUG Engine               - profileName: StringProperty [value: DEFAULT]
12:29:17.524 [FXGL Background Thread 3 ] DEBUG Engine               - randomSeed: -1
12:29:17.525 [FXGL Background Thread 3 ] DEBUG Engine               - runtimeInfo: RuntimeInfo(platform=MAC, version=11.17, build=16.07.2021 15.46)
12:29:17.525 [FXGL Background Thread 3 ] DEBUG Engine               - saveFileExt: sav
12:29:17.525 [FXGL Background Thread 3 ] DEBUG Engine               - scaledHeightProp$fxgl: DoubleProperty [bound, value: 810.0]
12:29:17.525 [FXGL Background Thread 3 ] DEBUG Engine               - scaledWidthProp$fxgl: DoubleProperty [bound, value: 1415.0]
12:29:17.525 [FXGL Background Thread 3 ] DEBUG Engine               - sceneFactory: com.almasb.fxgl.app.scene.SceneFactory@11617578
12:29:17.526 [FXGL Background Thread 3 ] DEBUG Engine               - secondsIn24h: 60
12:29:17.526 [FXGL Background Thread 3 ] DEBUG Engine               - soundMenuBack: menu/back.wav
12:29:17.526 [FXGL Background Thread 3 ] DEBUG Engine               - soundMenuPress: menu/press.wav
12:29:17.526 [FXGL Background Thread 3 ] DEBUG Engine               - soundMenuSelect: menu/select.wav
12:29:17.527 [FXGL Background Thread 3 ] DEBUG Engine               - soundNotification: core/notification.wav
12:29:17.527 [FXGL Background Thread 3 ] DEBUG Engine               - stageStyle: DECORATED
12:29:17.527 [FXGL Background Thread 3 ] DEBUG Engine               - supportedLanguages: [ENGLISH, FRENCH, GERMAN, HUNGARIAN, RUSSIAN]
12:29:17.527 [FXGL Background Thread 3 ] DEBUG Engine               - ticksPerSecond: -1
12:29:17.528 [FXGL Background Thread 3 ] DEBUG Engine               - title: Aura
12:29:17.528 [FXGL Background Thread 3 ] DEBUG Engine               - urlGithub: https://github.com/AlmasB/FXGL
12:29:17.528 [FXGL Background Thread 3 ] DEBUG Engine               - urlLeaderboard: http://fxgl-top.herokuapp.com/
12:29:17.529 [FXGL Background Thread 3 ] DEBUG Engine               - urlPOM: https://raw.githubusercontent.com/AlmasB/FXGL/release/README.md
12:29:17.530 [FXGL Background Thread 3 ] DEBUG Engine               - userAppClass: class aura.AuraApp
12:29:17.530 [FXGL Background Thread 3 ] DEBUG Engine               - version: 
12:29:17.533 [FXGL Background Thread 3 ] DEBUG Engine               - versionCheckDays: 7
12:29:17.535 [FXGL Background Thread 3 ] DEBUG Engine               - width: 1920
12:29:17.536 [FXGL Background Thread 3 ] DEBUG Engine               - Logging services
12:29:17.537 [FXGL Background Thread 3 ] DEBUG Engine               - class com.almasb.fxgl.app.services.FXGLAssetLoaderService
12:29:17.537 [FXGL Background Thread 3 ] DEBUG Engine               - class com.almasb.fxgl.app.FXGLApplication$GameApplicationService
12:29:17.537 [FXGL Background Thread 3 ] DEBUG Engine               - class com.almasb.fxgl.app.services.FXGLDialogService
12:29:17.537 [FXGL Background Thread 3 ] DEBUG Engine               - class com.almasb.fxgl.app.services.IOTaskExecutorService
12:29:17.538 [FXGL Background Thread 3 ] DEBUG Engine               - class com.almasb.fxgl.io.FileSystemService
12:29:17.538 [FXGL Background Thread 3 ] DEBUG Engine               - class com.almasb.fxgl.localization.LocalizationService
12:29:17.538 [FXGL Background Thread 3 ] DEBUG Engine               - class com.almasb.fxgl.app.services.SystemBundleService
12:29:17.539 [FXGL Background Thread 3 ] DEBUG Engine               - class com.almasb.fxgl.profile.SaveLoadService
12:29:17.539 [FXGL Background Thread 3 ] DEBUG Engine               - class com.almasb.fxgl.ui.FXGLUIFactoryServiceProvider
12:29:17.540 [FXGL Background Thread 3 ] DEBUG Engine               - class com.almasb.fxgl.ui.FXGLDialogFactoryServiceProvider
12:29:17.540 [FXGL Background Thread 3 ] DEBUG Engine               - class com.almasb.fxgl.audio.AudioPlayer
12:29:17.540 [FXGL Background Thread 3 ] DEBUG Engine               - class com.almasb.fxgl.notification.impl.NotificationServiceProvider
12:29:17.540 [FXGL Background Thread 3 ] DEBUG Engine               - class com.almasb.fxgl.achievement.AchievementService
12:29:17.540 [FXGL Background Thread 3 ] DEBUG Engine               - class com.almasb.fxgl.cutscene.CutsceneService
12:29:17.541 [FXGL Background Thread 3 ] DEBUG Engine               - class com.almasb.fxgl.minigames.MiniGameService
12:29:17.541 [FXGL Background Thread 3 ] DEBUG Engine               - class com.almasb.fxgl.net.NetService
12:29:17.541 [FXGL Background Thread 3 ] DEBUG Engine               - class com.almasb.fxgl.app.services.UpdaterService
12:29:17.541 [FXGL Background Thread 3 ] DEBUG Engine               - class com.almasb.fxgl.dev.DevService
12:29:28.867 [JavaFX Application Thread] DEBUG FXGLApplication      - Exiting FXGL
12:29:28.868 [JavaFX Application Thread] DEBUG LoopRunner           - Stopping loop
12:29:28.868 [JavaFX Application Thread] DEBUG SystemBundleService  - Saving FXGL system data
12:29:28.890 [JavaFX Application Thread] DEBUG FileSystemAccess     - Writing to: /Users/gendercorn/IdeaProjects/Aura/Aura/src/main/java/system/fxgl.bundle
12:29:28.893 [JavaFX Application Thread] DEBUG Async                - Shutting down background threads
12:29:28.894 [JavaFX Application Thread] DEBUG PrimaryStageWindow   - Closing main window
12:29:28.908 [JavaFX Application Thread] DEBUG Logger               - Closing Logger
