14:40:58.284 [main                     ] DEBUG Logger               - Configured Logger
14:40:58.299 [main                     ] DEBUG GameApplication      - Logging settings
Title: Aura
Version: 
Width: 1920
Height: 1088
Fullscreen: false
Intro: false
Profiling: false
Single step:false
App Mode: DEVELOPER
Menu Key: ESCAPE
Stage Style: DECORATED
Scene Factory: class com.almasb.fxgl.app.scene.SceneFactory

14:40:58.993 [JavaFX Application Thread] DEBUG FXGLApplication      - Initializing FXGL
14:40:58.998 [JavaFX Application Thread] INFO  Engine               - FXGL-11.17 (16.07.2021 15.46) on MAC (J:11.0.12 FX:16)
14:40:58.999 [JavaFX Application Thread] DEBUG Engine               - JRE Vendor Name: Eclipse Foundation
14:40:58.999 [JavaFX Application Thread] DEBUG Engine               - Running on OS: Mac OS X version 11.5
14:40:59.000 [JavaFX Application Thread] DEBUG Engine               - Architecture: x86_64
14:40:59.000 [JavaFX Application Thread] INFO  Engine               - Source code and latest versions at: https://github.com/AlmasB/FXGL
14:40:59.000 [JavaFX Application Thread] INFO  Engine               -              Join the FXGL chat at: https://gitter.im/AlmasB/FXGL
14:40:59.136 [JavaFX Application Thread] DEBUG PrimaryStageWindow   - Creating a JavaFX scene
14:40:59.136 [JavaFX Application Thread] DEBUG PrimaryStageWindow   - Target size > screen size
14:40:59.335 [JavaFX Application Thread] DEBUG PrimaryStageWindow   - Target settings size: 1920.0 x 1088.0
14:40:59.335 [JavaFX Application Thread] DEBUG PrimaryStageWindow   - Scaled scene size:    1415.0 x 816.0
14:40:59.352 [JavaFX Application Thread] DEBUG PrimaryStageWindow   - Scaled ratio: (0.7369791666666666, 0.75)
14:40:59.354 [JavaFX Application Thread] DEBUG PrimaryStageWindow   - Set initial scene to FXGLStartupScene
14:40:59.509 [JavaFX Application Thread] DEBUG PrimaryStageWindow   - Opening main window
14:41:00.498 [JavaFX Application Thread] DEBUG PrimaryStageWindow   - Window border size: (0.0, 28.0)
14:41:00.499 [JavaFX Application Thread] DEBUG PrimaryStageWindow   - Scaled size: 1415.0 x 816.0
14:41:00.499 [JavaFX Application Thread] DEBUG PrimaryStageWindow   - Scaled ratio: (0.7369791666666666, 0.75)
14:41:00.499 [JavaFX Application Thread] DEBUG PrimaryStageWindow   - Scene size: 1415.0 x 816.0
14:41:00.500 [JavaFX Application Thread] DEBUG PrimaryStageWindow   - Stage size: 1415.0 x 844.0
14:41:00.513 [FXGL Background Thread 1 ] DEBUG Engine               - Initializing environment variables
14:41:00.852 [FXGL Background Thread 1 ] DEBUG FXGLAssetLoaderServi - User app class for loading assets: class aura.AuraApp
14:41:00.852 [FXGL Background Thread 1 ] DEBUG GameApplicationServi - Applying CSS: fxgl_dark.css
14:41:00.854 [FXGL Background Thread 1 ] DEBUG FXGLAssetLoaderServi - Loading from file system: jar:file:/Users/gendercorn/.m2/repository/com/github/almasb/fxgl/11.17/fxgl-11.17.jar!/fxglassets/ui/css/fxgl_dark.css
14:41:01.275 [FXGL Background Thread 1 ] DEBUG GameApplicationServi - Initializing application scenes
14:41:02.421 [FXGL Background Thread 1 ] DEBUG GameWorld            - Game world initialized
14:41:02.552 [FXGL Background Thread 1 ] DEBUG PhysicsWorld         - Physics world initialized: appHeight=1088, physics.ppm=50.0
14:41:02.553 [FXGL Background Thread 1 ] DEBUG PhysicsWorld         - Using strategy: BRUTE_FORCE
14:41:02.558 [FXGL Background Thread 1 ] DEBUG GameScene            - Game scene initialized: 1920x1088
14:41:02.587 [FXGL Background Thread 1 ] DEBUG FXGL.DefaultMenu     - createMenuBodyGameMenu()
14:41:02.624 [FXGL Background Thread 1 ] DEBUG FXGL.DefaultMenu     - createOptionsMenu()
14:41:02.657 [FXGL Background Thread 1 ] DEBUG FXGLAssetLoaderServi - Loading from file system: jar:file:/Users/gendercorn/.m2/repository/com/github/almasb/fxgl/11.17/fxgl-11.17.jar!/fxglassets/textures/particles/smoke.png
14:41:02.911 [FXGL Background Thread 1 ] DEBUG FXGLAssetLoaderServi - Loading from file system: jar:file:/Users/gendercorn/.m2/repository/com/github/almasb/fxgl/11.17/fxgl-11.17.jar!/fxglassets/textures/particles/trace_horizontal.png
14:41:02.956 [FXGL Background Thread 1 ] DEBUG GameApplicationServi - Application scenes initialized
14:41:02.985 [FXGL Background Thread 1 ] DEBUG SystemBundleService  - Loading FXGL system data
14:41:02.994 [FXGL Background Thread 1 ] DEBUG FileSystemAccess     - Reading from: /Users/gendercorn/IdeaProjects/Aura/Aura/src/main/java/system/fxgl.bundle
14:41:03.009 [FXGL Background Thread 1 ] DEBUG SystemBundleService  - Bundle FXGL: {}
14:41:03.046 [FXGL Background Thread 1 ] DEBUG UpdaterService       - Checking for updates
14:41:03.060 [FXGL Background Thread 4 ] DEBUG FXGLApplication      - Loading fonts
14:41:03.061 [FXGL Background Thread 1 ] DEBUG FXGLApplication      - Loading default localization
14:41:03.061 [FXGL Background Thread 4 ] DEBUG FXGLAssetLoaderServi - Loading from file system: jar:file:/Users/gendercorn/.m2/repository/com/github/almasb/fxgl/11.17/fxgl-11.17.jar!/fxglassets/ui/fonts/VarelaRound-Regular.ttf
14:41:03.067 [FXGL Background Thread 1 ] DEBUG FXGLAssetLoaderServi - Loading from file system: jar:file:/Users/gendercorn/.m2/repository/com/github/almasb/fxgl/11.17/fxgl-11.17.jar!/fxglassets/languages/english.lang
14:41:03.105 [FXGL Background Thread 4 ] DEBUG FXGLAssetLoaderServi - Loading from file system: jar:file:/Users/gendercorn/.m2/repository/com/github/almasb/fxgl/11.17/fxgl-11.17.jar!/fxglassets/ui/fonts/Abel-Regular.ttf
14:41:03.117 [FXGL Background Thread 4 ] DEBUG FXGLAssetLoaderServi - Loading from file system: jar:file:/Users/gendercorn/.m2/repository/com/github/almasb/fxgl/11.17/fxgl-11.17.jar!/fxglassets/ui/fonts/lucida_console.ttf
14:41:03.124 [FXGL Background Thread 1 ] INFO  FXGLApplication      - FXGL initialization took: 2.611 sec
14:41:03.129 [FXGL Background Thread 4 ] DEBUG FXGLAssetLoaderServi - Loading from file system: jar:file:/Users/gendercorn/.m2/repository/com/github/almasb/fxgl/11.17/fxgl-11.17.jar!/fxglassets/ui/fonts/Courier-Prime.ttf
14:41:03.146 [JavaFX Application Thread] DEBUG Input                - Registered new binding: Forward - Right
14:41:03.146 [JavaFX Application Thread] DEBUG Input                - Registered new binding: Backward - Left
14:41:03.147 [JavaFX Application Thread] DEBUG Input                - Registered new binding: Down - Down
14:41:03.147 [JavaFX Application Thread] DEBUG Input                - Registered new binding: Dash - X
14:41:03.147 [JavaFX Application Thread] DEBUG Input                - Registered new binding: Jump - C
14:41:03.147 [JavaFX Application Thread] DEBUG Input                - Registered new binding: Climb - Z
14:41:03.148 [JavaFX Application Thread] DEBUG FXGLAssetLoaderServi - Loading from file system: jar:file:/Users/gendercorn/.m2/repository/com/github/almasb/fxgl/11.17/fxgl-11.17.jar!/fxglassets/textures/fxgl_icon.png
14:41:03.202 [JavaFX Application Thread] DEBUG FXGLAssetLoaderServi - Loading from file system: jar:file:/Users/gendercorn/.m2/repository/com/github/almasb/fxgl/11.17/fxgl-11.17.jar!/fxglassets/textures/fxgl_default_cursor.png
14:41:03.209 [JavaFX Application Thread] DEBUG Input                - Registered new binding: Screenshot - CTRL+8
14:41:03.209 [JavaFX Application Thread] DEBUG Input                - Registered new binding: System info dump - CTRL+9
14:41:03.210 [JavaFX Application Thread] DEBUG Input                - Registered new binding: Restart - CTRL+R
14:41:03.211 [JavaFX Application Thread] DEBUG Input                - Registered new binding: Toggle Debug Camera - CTRL+C
14:41:03.213 [JavaFX Application Thread] DEBUG LoopRunner           - Starting loop
14:41:03.213 [JavaFX Application Thread] DEBUG LoopRunner           - Initializing JavaFX AnimationTimerLoop
14:41:03.216 [JavaFX Application Thread] DEBUG GameApplicationServi - Starting new game
14:41:03.217 [JavaFX Application Thread] DEBUG Input                - Clearing active input actions
14:41:03.234 [JavaFX Application Thread] DEBUG GameApplicationServi - Removing overlay from FXGLStartupScene and adding to FXGLLoadingScene
14:41:03.234 [JavaFX Application Thread] DEBUG PrimaryStageWindow   - FXGLStartupScene -> FXGLLoadingScene
14:41:03.234 [JavaFX Application Thread] DEBUG GameApplicationServi - Clearing previous game
14:41:03.234 [JavaFX Application Thread] DEBUG GameScene            - Clearing game scene
14:41:03.234 [JavaFX Application Thread] DEBUG GameWorld            - Clearing game world
14:41:03.235 [JavaFX Application Thread] DEBUG PhysicsWorld         - Clearing physics world
14:41:03.238 [FXGL Background Thread 4 ] DEBUG FXGLApplication      - Initializing game
14:41:03.251 [FXGL Background Thread 4 ] DEBUG FXGLAssetLoaderServi - Loading from file system: file:/Users/gendercorn/IdeaProjects/Aura/Aura/target/classes/assets/textures/COMPONENT_WALLPAPER.jpg
14:41:03.279 [JavaFX Application Thread] DEBUG FXGLApplication      - Registering font factories with UI factory
14:41:03.394 [FXGL Background Thread 4 ] DEBUG FXGLAssetLoaderServi - Loading from file system: file:/Users/gendercorn/IdeaProjects/Aura/Aura/target/classes/assets/textures/COMPONENT_PLAY.png
14:41:03.398 [FXGL Background Thread 4 ] DEBUG FXGLAssetLoaderServi - Loading from file system: file:/Users/gendercorn/IdeaProjects/Aura/Aura/target/classes/assets/textures/COMPONENT_TITLE.png
14:41:03.426 [FXGL Background Thread 4 ] DEBUG FXGLAssetLoaderServi - Loading from file system: file:/Users/gendercorn/IdeaProjects/Aura/Aura/target/classes/assets/textures/COMPONENT_EXIT.png
14:41:03.432 [FXGL Background Thread 4 ] INFO  FXGLApplication      - Game initialization took: 0.194 sec
14:41:03.577 [JavaFX Application Thread] DEBUG Input                - Clearing active input actions
14:41:03.594 [JavaFX Application Thread] DEBUG GameApplicationServi - Removing overlay from FXGLLoadingScene and adding to GameScene
14:41:03.595 [JavaFX Application Thread] DEBUG PrimaryStageWindow   - FXGLLoadingScene -> GameScene
14:41:03.606 [JavaFX Application Thread] DEBUG LoopRunner           - Stopping loop
14:41:03.608 [JavaFX Application Thread] FATAL FXGLApplication      - Uncaught Exception:
java.lang.NullPointerException
	at aura.level.LevelLoader.newBubble(LevelLoader.java:73)
	at aura.entity.Player.onUpdate(Player.java:81)
	at aura.AuraApp.lambda$new$0(AuraApp.java:102)
	at aura.AuraApp.onUpdate(AuraApp.java:49)
	at com.almasb.fxgl.app.FXGLApplication$GameApplicationService.onGameUpdate(FXGLApplication.kt:421)
	at com.almasb.fxgl.app.Engine.onGameUpdate(Engine.kt:137)
	at com.almasb.fxgl.app.FXGLApplication.postServicesInit$lambda-7(FXGLApplication.kt:182)
	at com.almasb.fxgl.scene.Scene.update(Scene.kt:113)
	at com.almasb.fxgl.app.MainWindow$update$1.invoke(MainWindow.kt:110)
	at com.almasb.fxgl.app.MainWindow$update$1.invoke(MainWindow.kt:110)
	at com.almasb.fxgl.core.fsm.StateMachine.runOnActiveStates(StateMachine.kt:69)
	at com.almasb.fxgl.app.MainWindow.update(MainWindow.kt:110)
	at com.almasb.fxgl.app.FXGLApplication$GameApplicationService.onUpdate(FXGLApplication.kt:426)
	at com.almasb.fxgl.app.Engine.loop(Engine.kt:133)
	at com.almasb.fxgl.app.Engine.access$loop(Engine.kt:24)
	at com.almasb.fxgl.app.Engine$loop$1.invoke(Engine.kt:28)
	at com.almasb.fxgl.app.Engine$loop$1.invoke(Engine.kt:28)
	at com.almasb.fxgl.app.LoopRunner.frame(LoopRunner.kt:103)
	at com.almasb.fxgl.app.LoopRunner.access$frame(LoopRunner.kt:23)
	at com.almasb.fxgl.app.LoopRunner$impl$2$1.onTick(LoopRunner.kt:57)
	at com.almasb.fxgl.app.AnimationTimerLoop$timer$1.handle(LoopRunner.kt:137)
	at javafx.animation.AnimationTimer$AnimationTimerReceiver.lambda$handle$0(AnimationTimer.java:57)
	at java.base/java.security.AccessController.doPrivileged(Native Method)
	at javafx.animation.AnimationTimer$AnimationTimerReceiver.handle(AnimationTimer.java:56)
	at com.sun.scenario.animation.AbstractPrimaryTimer.timePulseImpl(AbstractPrimaryTimer.java:356)
	at com.sun.scenario.animation.AbstractPrimaryTimer$MainLoop.run(AbstractPrimaryTimer.java:266)
	at com.sun.javafx.tk.quantum.QuantumToolkit.pulse(QuantumToolkit.java:559)
	at com.sun.javafx.tk.quantum.QuantumToolkit.pulse(QuantumToolkit.java:543)
	at com.sun.javafx.tk.quantum.QuantumToolkit.pulseFromQueue(QuantumToolkit.java:536)
	at com.sun.javafx.tk.quantum.QuantumToolkit.lambda$runToolkit$11(QuantumToolkit.java:342)
	at com.sun.glass.ui.InvokeLaterDispatcher$Future.run(InvokeLaterDispatcher.java:96)

14:41:03.608 [JavaFX Application Thread] FATAL FXGLApplication      - Application will now exit
14:41:03.640 [JavaFX Application Thread] DEBUG PrimaryStageWindow   - Push state: ErrorSubScene
14:41:03.640 [JavaFX Application Thread] DEBUG Input                - Clearing active input actions
14:41:03.653 [JavaFX Application Thread] DEBUG GameApplicationServi - Removing overlay from GameScene and adding to ErrorSubScene
14:41:03.654 [JavaFX Application Thread] DEBUG PrimaryStageWindow   - GameScene -> ErrorSubScene
14:41:06.059 [FXGL Background Thread 3 ] DEBUG Engine               - Logging environment variables
14:41:06.060 [FXGL Background Thread 3 ] DEBUG Engine               - achievements: []
14:41:06.061 [FXGL Background Thread 3 ] DEBUG Engine               - actualHeight: 816.0
14:41:06.061 [FXGL Background Thread 3 ] DEBUG Engine               - actualHeightProperty: ReadOnlyDoubleProperty [value: 816.0]
14:41:06.061 [FXGL Background Thread 3 ] DEBUG Engine               - actualWidth: 1415.0
14:41:06.061 [FXGL Background Thread 3 ] DEBUG Engine               - actualWidthProperty: ReadOnlyDoubleProperty [value: 1415.0]
14:41:06.061 [FXGL Background Thread 3 ] DEBUG Engine               - appIcon: fxgl_icon.png
14:41:06.061 [FXGL Background Thread 3 ] DEBUG Engine               - applicationMode: DEVELOPER
14:41:06.062 [FXGL Background Thread 3 ] DEBUG Engine               - cSSList: [fxgl_dark.css]
14:41:06.062 [FXGL Background Thread 3 ] DEBUG Engine               - collisionDetectionStrategy: BRUTE_FORCE
14:41:06.062 [FXGL Background Thread 3 ] DEBUG Engine               - configClass: Optional.empty
14:41:06.062 [FXGL Background Thread 3 ] DEBUG Engine               - credits: []
14:41:06.062 [FXGL Background Thread 3 ] DEBUG Engine               - defaultCursor: CursorInfo(imageName=fxgl_default_cursor.png, hotspotX=7.0, hotspotY=6.0)
14:41:06.063 [FXGL Background Thread 3 ] DEBUG Engine               - devBBoxColorProperty: ObjectProperty [value: 0xff0000ff]
14:41:06.063 [FXGL Background Thread 3 ] DEBUG Engine               - devEnableDebugCameraProperty: BooleanProperty [value: false]
14:41:06.063 [FXGL Background Thread 3 ] DEBUG Engine               - devSensorColorProperty: ObjectProperty [value: 0xffff00ff]
14:41:06.063 [FXGL Background Thread 3 ] DEBUG Engine               - devShowBBoxProperty: BooleanProperty [value: false]
14:41:06.063 [FXGL Background Thread 3 ] DEBUG Engine               - devShowPositionProperty: BooleanProperty [value: false]
14:41:06.063 [FXGL Background Thread 3 ] DEBUG Engine               - enabledMenuItems: []
14:41:06.063 [FXGL Background Thread 3 ] DEBUG Engine               - engineServices: [class com.almasb.fxgl.app.services.FXGLAssetLoaderService, class com.almasb.fxgl.app.FXGLApplication$GameApplicationService, class com.almasb.fxgl.app.services.FXGLDialogService, class com.almasb.fxgl.app.services.IOTaskExecutorService, class com.almasb.fxgl.io.FileSystemService, class com.almasb.fxgl.localization.LocalizationService, class com.almasb.fxgl.app.services.SystemBundleService, class com.almasb.fxgl.profile.SaveLoadService, class com.almasb.fxgl.ui.FXGLUIFactoryServiceProvider, class com.almasb.fxgl.ui.FXGLDialogFactoryServiceProvider, class com.almasb.fxgl.audio.AudioPlayer, class com.almasb.fxgl.notification.impl.NotificationServiceProvider, class com.almasb.fxgl.achievement.AchievementService, class com.almasb.fxgl.cutscene.CutsceneService, class com.almasb.fxgl.minigames.MiniGameService, class com.almasb.fxgl.net.NetService, class com.almasb.fxgl.app.services.UpdaterService, class com.almasb.fxgl.dev.DevService]
14:41:06.064 [FXGL Background Thread 3 ] DEBUG Engine               - fontGame: Abel-Regular.ttf
14:41:06.064 [FXGL Background Thread 3 ] DEBUG Engine               - fontMono: lucida_console.ttf
14:41:06.064 [FXGL Background Thread 3 ] DEBUG Engine               - fontText: Courier-Prime.ttf
14:41:06.064 [FXGL Background Thread 3 ] DEBUG Engine               - fontUI: VarelaRound-Regular.ttf
14:41:06.064 [FXGL Background Thread 3 ] DEBUG Engine               - fullScreen: BooleanProperty [value: false]
14:41:06.064 [FXGL Background Thread 3 ] DEBUG Engine               - gameDifficulty: MEDIUM
14:41:06.064 [FXGL Background Thread 3 ] DEBUG Engine               - gameDifficultyProperty: ObjectProperty [value: MEDIUM]
14:41:06.064 [FXGL Background Thread 3 ] DEBUG Engine               - globalMusicVolume: 0.5
14:41:06.065 [FXGL Background Thread 3 ] DEBUG Engine               - globalMusicVolumeProperty: DoubleProperty [value: 0.5]
14:41:06.065 [FXGL Background Thread 3 ] DEBUG Engine               - globalSoundVolume: 0.5
14:41:06.065 [FXGL Background Thread 3 ] DEBUG Engine               - globalSoundVolumeProperty: DoubleProperty [value: 0.5]
14:41:06.065 [FXGL Background Thread 3 ] DEBUG Engine               - height: 1088
14:41:06.065 [FXGL Background Thread 3 ] DEBUG Engine               - is3D: false
14:41:06.065 [FXGL Background Thread 3 ] DEBUG Engine               - isAndroid: false
14:41:06.065 [FXGL Background Thread 3 ] DEBUG Engine               - isBrowser: false
14:41:06.066 [FXGL Background Thread 3 ] DEBUG Engine               - isClickFeedbackEnabled: false
14:41:06.066 [FXGL Background Thread 3 ] DEBUG Engine               - isCloseConfirmation: false
14:41:06.066 [FXGL Background Thread 3 ] DEBUG Engine               - isDesktop: true
14:41:06.066 [FXGL Background Thread 3 ] DEBUG Engine               - isDeveloperMenuEnabled: false
14:41:06.066 [FXGL Background Thread 3 ] DEBUG Engine               - isEntityPreloadEnabled: true
14:41:06.066 [FXGL Background Thread 3 ] DEBUG Engine               - isExperimentalTiledLargeMap: false
14:41:06.066 [FXGL Background Thread 3 ] DEBUG Engine               - isFileSystemWriteAllowed: true
14:41:06.067 [FXGL Background Thread 3 ] DEBUG Engine               - isFullScreenAllowed: false
14:41:06.067 [FXGL Background Thread 3 ] DEBUG Engine               - isFullScreenFromStart: false
14:41:06.067 [FXGL Background Thread 3 ] DEBUG Engine               - isGameMenuEnabled: true
14:41:06.067 [FXGL Background Thread 3 ] DEBUG Engine               - isIOS: false
14:41:06.067 [FXGL Background Thread 3 ] DEBUG Engine               - isIntroEnabled: false
14:41:06.067 [FXGL Background Thread 3 ] DEBUG Engine               - isLinux: false
14:41:06.067 [FXGL Background Thread 3 ] DEBUG Engine               - isMac: true
14:41:06.067 [FXGL Background Thread 3 ] DEBUG Engine               - isMainMenuEnabled: false
14:41:06.067 [FXGL Background Thread 3 ] DEBUG Engine               - isManualResizeEnabled: false
14:41:06.068 [FXGL Background Thread 3 ] DEBUG Engine               - isMobile: false
14:41:06.068 [FXGL Background Thread 3 ] DEBUG Engine               - isNative: false
14:41:06.068 [FXGL Background Thread 3 ] DEBUG Engine               - isPauseMusicWhenMinimized: true
14:41:06.068 [FXGL Background Thread 3 ] DEBUG Engine               - isPreserveResizeRatio: false
14:41:06.068 [FXGL Background Thread 3 ] DEBUG Engine               - isProfilingEnabled: false
14:41:06.068 [FXGL Background Thread 3 ] DEBUG Engine               - isScaleAffectedOnResize: true
14:41:06.068 [FXGL Background Thread 3 ] DEBUG Engine               - isSingleStep: false
14:41:06.068 [FXGL Background Thread 3 ] DEBUG Engine               - isUserProfileEnabled: false
14:41:06.068 [FXGL Background Thread 3 ] DEBUG Engine               - isWindows: false
14:41:06.069 [FXGL Background Thread 3 ] DEBUG Engine               - language: ObjectProperty [value: ENGLISH]
14:41:06.069 [FXGL Background Thread 3 ] DEBUG Engine               - menuKey: ESCAPE
14:41:06.069 [FXGL Background Thread 3 ] DEBUG Engine               - mouseSensitivity: 0.2
14:41:06.069 [FXGL Background Thread 3 ] DEBUG Engine               - notificationViewClass: class com.almasb.fxgl.notification.view.XboxNotificationView
14:41:06.069 [FXGL Background Thread 3 ] DEBUG Engine               - pixelsPerMeter: 50.0
14:41:06.069 [FXGL Background Thread 3 ] DEBUG Engine               - platform: MAC
14:41:06.071 [FXGL Background Thread 3 ] DEBUG Engine               - prefHeightProperty: ReadOnlyDoubleProperty [value: 1088.0]
14:41:06.072 [FXGL Background Thread 3 ] DEBUG Engine               - prefWidthProperty: ReadOnlyDoubleProperty [value: 1920.0]
14:41:06.072 [FXGL Background Thread 3 ] DEBUG Engine               - profileDir: profiles/
14:41:06.072 [FXGL Background Thread 3 ] DEBUG Engine               - profileName: StringProperty [value: DEFAULT]
14:41:06.072 [FXGL Background Thread 3 ] DEBUG Engine               - randomSeed: -1
14:41:06.072 [FXGL Background Thread 3 ] DEBUG Engine               - runtimeInfo: RuntimeInfo(platform=MAC, version=11.17, build=16.07.2021 15.46)
14:41:06.072 [FXGL Background Thread 3 ] DEBUG Engine               - saveFileExt: sav
14:41:06.072 [FXGL Background Thread 3 ] DEBUG Engine               - scaledHeightProp$fxgl: DoubleProperty [bound, value: 816.0]
14:41:06.072 [FXGL Background Thread 3 ] DEBUG Engine               - scaledWidthProp$fxgl: DoubleProperty [bound, value: 1415.0]
14:41:06.072 [FXGL Background Thread 3 ] DEBUG Engine               - sceneFactory: com.almasb.fxgl.app.scene.SceneFactory@6d4a9929
14:41:06.073 [FXGL Background Thread 3 ] DEBUG Engine               - secondsIn24h: 60
14:41:06.073 [FXGL Background Thread 3 ] DEBUG Engine               - soundMenuBack: menu/back.wav
14:41:06.073 [FXGL Background Thread 3 ] DEBUG Engine               - soundMenuPress: menu/press.wav
14:41:06.073 [FXGL Background Thread 3 ] DEBUG Engine               - soundMenuSelect: menu/select.wav
14:41:06.073 [FXGL Background Thread 3 ] DEBUG Engine               - soundNotification: core/notification.wav
14:41:06.073 [FXGL Background Thread 3 ] DEBUG Engine               - stageStyle: DECORATED
14:41:06.073 [FXGL Background Thread 3 ] DEBUG Engine               - supportedLanguages: [ENGLISH, FRENCH, GERMAN, HUNGARIAN, RUSSIAN]
14:41:06.073 [FXGL Background Thread 3 ] DEBUG Engine               - ticksPerSecond: -1
14:41:06.073 [FXGL Background Thread 3 ] DEBUG Engine               - title: Aura
14:41:06.074 [FXGL Background Thread 3 ] DEBUG Engine               - urlGithub: https://github.com/AlmasB/FXGL
14:41:06.074 [FXGL Background Thread 3 ] DEBUG Engine               - urlLeaderboard: http://fxgl-top.herokuapp.com/
14:41:06.074 [FXGL Background Thread 3 ] DEBUG Engine               - urlPOM: https://raw.githubusercontent.com/AlmasB/FXGL/release/README.md
14:41:06.074 [FXGL Background Thread 3 ] DEBUG Engine               - userAppClass: class aura.AuraApp
14:41:06.074 [FXGL Background Thread 3 ] DEBUG Engine               - version: 
14:41:06.074 [FXGL Background Thread 3 ] DEBUG Engine               - versionCheckDays: 7
14:41:06.074 [FXGL Background Thread 3 ] DEBUG Engine               - width: 1920
14:41:06.074 [FXGL Background Thread 3 ] DEBUG Engine               - Logging services
14:41:06.074 [FXGL Background Thread 3 ] DEBUG Engine               - class com.almasb.fxgl.app.services.FXGLAssetLoaderService
14:41:06.075 [FXGL Background Thread 3 ] DEBUG Engine               - class com.almasb.fxgl.app.FXGLApplication$GameApplicationService
14:41:06.075 [FXGL Background Thread 3 ] DEBUG Engine               - class com.almasb.fxgl.app.services.FXGLDialogService
14:41:06.075 [FXGL Background Thread 3 ] DEBUG Engine               - class com.almasb.fxgl.app.services.IOTaskExecutorService
14:41:06.075 [FXGL Background Thread 3 ] DEBUG Engine               - class com.almasb.fxgl.io.FileSystemService
14:41:06.075 [FXGL Background Thread 3 ] DEBUG Engine               - class com.almasb.fxgl.localization.LocalizationService
14:41:06.075 [FXGL Background Thread 3 ] DEBUG Engine               - class com.almasb.fxgl.app.services.SystemBundleService
14:41:06.075 [FXGL Background Thread 3 ] DEBUG Engine               - class com.almasb.fxgl.profile.SaveLoadService
14:41:06.075 [FXGL Background Thread 3 ] DEBUG Engine               - class com.almasb.fxgl.ui.FXGLUIFactoryServiceProvider
14:41:06.075 [FXGL Background Thread 3 ] DEBUG Engine               - class com.almasb.fxgl.ui.FXGLDialogFactoryServiceProvider
14:41:06.076 [FXGL Background Thread 3 ] DEBUG Engine               - class com.almasb.fxgl.audio.AudioPlayer
14:41:06.076 [FXGL Background Thread 3 ] DEBUG Engine               - class com.almasb.fxgl.notification.impl.NotificationServiceProvider
14:41:06.076 [FXGL Background Thread 3 ] DEBUG Engine               - class com.almasb.fxgl.achievement.AchievementService
14:41:06.076 [FXGL Background Thread 3 ] DEBUG Engine               - class com.almasb.fxgl.cutscene.CutsceneService
14:41:06.076 [FXGL Background Thread 3 ] DEBUG Engine               - class com.almasb.fxgl.minigames.MiniGameService
14:41:06.076 [FXGL Background Thread 3 ] DEBUG Engine               - class com.almasb.fxgl.net.NetService
14:41:06.076 [FXGL Background Thread 3 ] DEBUG Engine               - class com.almasb.fxgl.app.services.UpdaterService
14:41:06.076 [FXGL Background Thread 3 ] DEBUG Engine               - class com.almasb.fxgl.dev.DevService
14:42:22.781 [JavaFX Application Thread] DEBUG FXGLApplication      - Exiting FXGL
14:42:22.786 [JavaFX Application Thread] DEBUG Async                - Shutting down background threads
14:42:22.787 [JavaFX Application Thread] DEBUG PrimaryStageWindow   - Closing main window
14:42:22.805 [JavaFX Application Thread] DEBUG Logger               - Closing Logger
