19:05:20.050 [main                     ] DEBUG Logger               - Configured Logger
19:05:20.076 [main                     ] DEBUG GameApplication      - Logging settings
Title: Aura
Version: 
Width: 1920
Height: 1080
Fullscreen: false
Intro: false
Profiling: false
Single step:false
App Mode: DEVELOPER
Menu Key: ESCAPE
Stage Style: DECORATED
Scene Factory: class com.almasb.fxgl.app.scene.SceneFactory

19:05:20.602 [JavaFX Application Thread] DEBUG FXGLApplication      - Initializing FXGL
19:05:20.606 [JavaFX Application Thread] INFO  Engine               - FXGL-11.17 (16.07.2021 15.46) on MAC (J:11.0.12 FX:16)
19:05:20.607 [JavaFX Application Thread] DEBUG Engine               - JRE Vendor Name: Eclipse Foundation
19:05:20.607 [JavaFX Application Thread] DEBUG Engine               - Running on OS: Mac OS X version 11.5
19:05:20.608 [JavaFX Application Thread] DEBUG Engine               - Architecture: x86_64
19:05:20.608 [JavaFX Application Thread] INFO  Engine               - Source code and latest versions at: https://github.com/AlmasB/FXGL
19:05:20.608 [JavaFX Application Thread] INFO  Engine               -              Join the FXGL chat at: https://gitter.im/AlmasB/FXGL
19:05:20.746 [JavaFX Application Thread] DEBUG PrimaryStageWindow   - Creating a JavaFX scene
19:05:20.747 [JavaFX Application Thread] DEBUG PrimaryStageWindow   - Target size > screen size
19:05:20.887 [JavaFX Application Thread] DEBUG PrimaryStageWindow   - Target settings size: 1920.0 x 1080.0
19:05:20.888 [JavaFX Application Thread] DEBUG PrimaryStageWindow   - Scaled scene size:    1415.0 x 810.0
19:05:20.888 [JavaFX Application Thread] DEBUG PrimaryStageWindow   - Scaled ratio: (0.7369791666666666, 0.75)
19:05:20.890 [JavaFX Application Thread] DEBUG PrimaryStageWindow   - Set initial scene to FXGLStartupScene
19:05:20.908 [JavaFX Application Thread] DEBUG PrimaryStageWindow   - Opening main window
19:05:22.378 [JavaFX Application Thread] DEBUG PrimaryStageWindow   - Window border size: (0.0, 28.0)
19:05:22.378 [JavaFX Application Thread] DEBUG PrimaryStageWindow   - Scaled size: 1415.0 x 810.0
19:05:22.379 [JavaFX Application Thread] DEBUG PrimaryStageWindow   - Scaled ratio: (0.7369791666666666, 0.75)
19:05:22.379 [JavaFX Application Thread] DEBUG PrimaryStageWindow   - Scene size: 1415.0 x 810.0
19:05:22.379 [JavaFX Application Thread] DEBUG PrimaryStageWindow   - Stage size: 1415.0 x 838.0
19:05:22.395 [FXGL Background Thread 1 ] DEBUG Engine               - Initializing environment variables
19:05:23.131 [FXGL Background Thread 1 ] DEBUG FXGLAssetLoaderServi - User app class for loading assets: class aura.AuraApp
19:05:23.132 [FXGL Background Thread 1 ] DEBUG GameApplicationServi - Applying CSS: fxgl_dark.css
19:05:23.137 [FXGL Background Thread 1 ] DEBUG FXGLAssetLoaderServi - Loading from file system: jar:file:/Users/gendercorn/.m2/repository/com/github/almasb/fxgl/11.17/fxgl-11.17.jar!/fxglassets/ui/css/fxgl_dark.css
19:05:23.496 [FXGL Background Thread 1 ] DEBUG GameApplicationServi - Initializing application scenes
19:05:24.428 [FXGL Background Thread 1 ] DEBUG GameWorld            - Game world initialized
19:05:24.554 [FXGL Background Thread 1 ] DEBUG PhysicsWorld         - Physics world initialized: appHeight=1080, physics.ppm=50.0
19:05:24.555 [FXGL Background Thread 1 ] DEBUG PhysicsWorld         - Using strategy: BRUTE_FORCE
19:05:24.559 [FXGL Background Thread 1 ] DEBUG GameScene            - Game scene initialized: 1920x1080
19:05:24.597 [FXGL Background Thread 1 ] DEBUG FXGL.DefaultMenu     - createMenuBodyGameMenu()
19:05:24.653 [FXGL Background Thread 1 ] DEBUG FXGL.DefaultMenu     - createOptionsMenu()
19:05:24.686 [FXGL Background Thread 1 ] DEBUG FXGLAssetLoaderServi - Loading from file system: jar:file:/Users/gendercorn/.m2/repository/com/github/almasb/fxgl/11.17/fxgl-11.17.jar!/fxglassets/textures/particles/smoke.png
19:05:24.949 [FXGL Background Thread 1 ] DEBUG FXGLAssetLoaderServi - Loading from file system: jar:file:/Users/gendercorn/.m2/repository/com/github/almasb/fxgl/11.17/fxgl-11.17.jar!/fxglassets/textures/particles/trace_horizontal.png
19:05:24.984 [FXGL Background Thread 1 ] DEBUG GameApplicationServi - Application scenes initialized
19:05:25.000 [FXGL Background Thread 1 ] DEBUG SystemBundleService  - Loading FXGL system data
19:05:25.006 [FXGL Background Thread 1 ] DEBUG FileSystemAccess     - Reading from: /Users/gendercorn/IdeaProjects/Aura/Aura/src/main/java/system/fxgl.bundle
19:05:25.015 [FXGL Background Thread 1 ] DEBUG SystemBundleService  - Bundle FXGL: {}
19:05:25.015 [FXGL Background Thread 1 ] DEBUG UpdaterService       - Checking for updates
19:05:25.023 [FXGL Background Thread 4 ] DEBUG FXGLApplication      - Loading fonts
19:05:25.024 [FXGL Background Thread 1 ] DEBUG FXGLApplication      - Loading default localization
19:05:25.024 [FXGL Background Thread 4 ] DEBUG FXGLAssetLoaderServi - Loading from file system: jar:file:/Users/gendercorn/.m2/repository/com/github/almasb/fxgl/11.17/fxgl-11.17.jar!/fxglassets/ui/fonts/VarelaRound-Regular.ttf
19:05:25.026 [FXGL Background Thread 1 ] DEBUG FXGLAssetLoaderServi - Loading from file system: jar:file:/Users/gendercorn/.m2/repository/com/github/almasb/fxgl/11.17/fxgl-11.17.jar!/fxglassets/languages/english.lang
19:05:25.054 [FXGL Background Thread 1 ] INFO  FXGLApplication      - FXGL initialization took: 2.659 sec
19:05:25.072 [FXGL Background Thread 4 ] DEBUG FXGLAssetLoaderServi - Loading from file system: jar:file:/Users/gendercorn/.m2/repository/com/github/almasb/fxgl/11.17/fxgl-11.17.jar!/fxglassets/ui/fonts/Abel-Regular.ttf
19:05:25.072 [JavaFX Application Thread] DEBUG Input                - Registered new binding: Forward - D
19:05:25.073 [JavaFX Application Thread] DEBUG Input                - Registered new binding: Backward - A
19:05:25.073 [JavaFX Application Thread] DEBUG FXGLAssetLoaderServi - Loading from file system: jar:file:/Users/gendercorn/.m2/repository/com/github/almasb/fxgl/11.17/fxgl-11.17.jar!/fxglassets/textures/fxgl_icon.png
19:05:25.082 [FXGL Background Thread 4 ] DEBUG FXGLAssetLoaderServi - Loading from file system: jar:file:/Users/gendercorn/.m2/repository/com/github/almasb/fxgl/11.17/fxgl-11.17.jar!/fxglassets/ui/fonts/lucida_console.ttf
19:05:25.092 [FXGL Background Thread 4 ] DEBUG FXGLAssetLoaderServi - Loading from file system: jar:file:/Users/gendercorn/.m2/repository/com/github/almasb/fxgl/11.17/fxgl-11.17.jar!/fxglassets/ui/fonts/Courier-Prime.ttf
19:05:25.120 [JavaFX Application Thread] DEBUG FXGLAssetLoaderServi - Loading from file system: jar:file:/Users/gendercorn/.m2/repository/com/github/almasb/fxgl/11.17/fxgl-11.17.jar!/fxglassets/textures/fxgl_default_cursor.png
19:05:25.123 [JavaFX Application Thread] DEBUG Input                - Registered new binding: Screenshot - CTRL+8
19:05:25.124 [JavaFX Application Thread] DEBUG Input                - Registered new binding: System info dump - CTRL+9
19:05:25.125 [JavaFX Application Thread] DEBUG Input                - Registered new binding: Restart - CTRL+R
19:05:25.125 [JavaFX Application Thread] DEBUG Input                - Registered new binding: Toggle Debug Camera - CTRL+C
19:05:25.128 [JavaFX Application Thread] DEBUG LoopRunner           - Starting loop
19:05:25.128 [JavaFX Application Thread] DEBUG LoopRunner           - Initializing JavaFX AnimationTimerLoop
19:05:25.131 [JavaFX Application Thread] DEBUG GameApplicationServi - Starting new game
19:05:25.131 [JavaFX Application Thread] DEBUG Input                - Clearing active input actions
19:05:25.149 [JavaFX Application Thread] DEBUG GameApplicationServi - Removing overlay from FXGLStartupScene and adding to FXGLLoadingScene
19:05:25.150 [JavaFX Application Thread] DEBUG PrimaryStageWindow   - FXGLStartupScene -> FXGLLoadingScene
19:05:25.150 [JavaFX Application Thread] DEBUG GameApplicationServi - Clearing previous game
19:05:25.150 [JavaFX Application Thread] DEBUG GameScene            - Clearing game scene
19:05:25.150 [JavaFX Application Thread] DEBUG GameWorld            - Clearing game world
19:05:25.151 [JavaFX Application Thread] DEBUG PhysicsWorld         - Clearing physics world
19:05:25.152 [FXGL Background Thread 4 ] DEBUG FXGLApplication      - Initializing game
19:05:25.156 [FXGL Background Thread 4 ] INFO  FXGLApplication      - Game initialization took: 0.004 sec
19:05:25.253 [JavaFX Application Thread] DEBUG FXGLApplication      - Registering font factories with UI factory
19:05:25.325 [JavaFX Application Thread] DEBUG Input                - Clearing active input actions
19:05:25.336 [JavaFX Application Thread] DEBUG GameApplicationServi - Removing overlay from FXGLLoadingScene and adding to GameScene
19:05:25.336 [JavaFX Application Thread] DEBUG PrimaryStageWindow   - FXGLLoadingScene -> GameScene
19:05:28.025 [FXGL Background Thread 3 ] DEBUG Engine               - Logging environment variables
19:05:28.029 [FXGL Background Thread 3 ] DEBUG Engine               - achievements: []
19:05:28.031 [FXGL Background Thread 3 ] DEBUG Engine               - actualHeight: 810.0
19:05:28.031 [FXGL Background Thread 3 ] DEBUG Engine               - actualHeightProperty: ReadOnlyDoubleProperty [value: 810.0]
19:05:28.032 [FXGL Background Thread 3 ] DEBUG Engine               - actualWidth: 1415.0
19:05:28.032 [FXGL Background Thread 3 ] DEBUG Engine               - actualWidthProperty: ReadOnlyDoubleProperty [value: 1415.0]
19:05:28.033 [FXGL Background Thread 3 ] DEBUG Engine               - appIcon: fxgl_icon.png
19:05:28.033 [FXGL Background Thread 3 ] DEBUG Engine               - applicationMode: DEVELOPER
19:05:28.033 [FXGL Background Thread 3 ] DEBUG Engine               - cSSList: [fxgl_dark.css]
19:05:28.033 [FXGL Background Thread 3 ] DEBUG Engine               - collisionDetectionStrategy: BRUTE_FORCE
19:05:28.033 [FXGL Background Thread 3 ] DEBUG Engine               - configClass: Optional.empty
19:05:28.034 [FXGL Background Thread 3 ] DEBUG Engine               - credits: []
19:05:28.034 [FXGL Background Thread 3 ] DEBUG Engine               - defaultCursor: CursorInfo(imageName=fxgl_default_cursor.png, hotspotX=7.0, hotspotY=6.0)
19:05:28.035 [FXGL Background Thread 3 ] DEBUG Engine               - devBBoxColorProperty: ObjectProperty [value: 0xff0000ff]
19:05:28.036 [FXGL Background Thread 3 ] DEBUG Engine               - devEnableDebugCameraProperty: BooleanProperty [value: false]
19:05:28.039 [FXGL Background Thread 3 ] DEBUG Engine               - devSensorColorProperty: ObjectProperty [value: 0xffff00ff]
19:05:28.039 [FXGL Background Thread 3 ] DEBUG Engine               - devShowBBoxProperty: BooleanProperty [value: false]
19:05:28.041 [FXGL Background Thread 3 ] DEBUG Engine               - devShowPositionProperty: BooleanProperty [value: false]
19:05:28.041 [FXGL Background Thread 3 ] DEBUG Engine               - enabledMenuItems: []
19:05:28.042 [FXGL Background Thread 3 ] DEBUG Engine               - engineServices: [class com.almasb.fxgl.app.services.FXGLAssetLoaderService, class com.almasb.fxgl.app.FXGLApplication$GameApplicationService, class com.almasb.fxgl.app.services.FXGLDialogService, class com.almasb.fxgl.app.services.IOTaskExecutorService, class com.almasb.fxgl.io.FileSystemService, class com.almasb.fxgl.localization.LocalizationService, class com.almasb.fxgl.app.services.SystemBundleService, class com.almasb.fxgl.profile.SaveLoadService, class com.almasb.fxgl.ui.FXGLUIFactoryServiceProvider, class com.almasb.fxgl.ui.FXGLDialogFactoryServiceProvider, class com.almasb.fxgl.audio.AudioPlayer, class com.almasb.fxgl.notification.impl.NotificationServiceProvider, class com.almasb.fxgl.achievement.AchievementService, class com.almasb.fxgl.cutscene.CutsceneService, class com.almasb.fxgl.minigames.MiniGameService, class com.almasb.fxgl.net.NetService, class com.almasb.fxgl.app.services.UpdaterService, class com.almasb.fxgl.dev.DevService]
19:05:28.042 [FXGL Background Thread 3 ] DEBUG Engine               - fontGame: Abel-Regular.ttf
19:05:28.042 [FXGL Background Thread 3 ] DEBUG Engine               - fontMono: lucida_console.ttf
19:05:28.042 [FXGL Background Thread 3 ] DEBUG Engine               - fontText: Courier-Prime.ttf
19:05:28.043 [FXGL Background Thread 3 ] DEBUG Engine               - fontUI: VarelaRound-Regular.ttf
19:05:28.043 [FXGL Background Thread 3 ] DEBUG Engine               - fullScreen: BooleanProperty [value: false]
19:05:28.043 [FXGL Background Thread 3 ] DEBUG Engine               - gameDifficulty: MEDIUM
19:05:28.044 [FXGL Background Thread 3 ] DEBUG Engine               - gameDifficultyProperty: ObjectProperty [value: MEDIUM]
19:05:28.047 [FXGL Background Thread 3 ] DEBUG Engine               - globalMusicVolume: 0.5
19:05:28.047 [FXGL Background Thread 3 ] DEBUG Engine               - globalMusicVolumeProperty: DoubleProperty [value: 0.5]
19:05:28.048 [FXGL Background Thread 3 ] DEBUG Engine               - globalSoundVolume: 0.5
19:05:28.048 [FXGL Background Thread 3 ] DEBUG Engine               - globalSoundVolumeProperty: DoubleProperty [value: 0.5]
19:05:28.048 [FXGL Background Thread 3 ] DEBUG Engine               - height: 1080
19:05:28.048 [FXGL Background Thread 3 ] DEBUG Engine               - is3D: false
19:05:28.048 [FXGL Background Thread 3 ] DEBUG Engine               - isAndroid: false
19:05:28.049 [FXGL Background Thread 3 ] DEBUG Engine               - isBrowser: false
19:05:28.049 [FXGL Background Thread 3 ] DEBUG Engine               - isClickFeedbackEnabled: false
19:05:28.049 [FXGL Background Thread 3 ] DEBUG Engine               - isCloseConfirmation: false
19:05:28.049 [FXGL Background Thread 3 ] DEBUG Engine               - isDesktop: true
19:05:28.050 [FXGL Background Thread 3 ] DEBUG Engine               - isDeveloperMenuEnabled: false
19:05:28.050 [FXGL Background Thread 3 ] DEBUG Engine               - isEntityPreloadEnabled: true
19:05:28.050 [FXGL Background Thread 3 ] DEBUG Engine               - isExperimentalTiledLargeMap: false
19:05:28.051 [FXGL Background Thread 3 ] DEBUG Engine               - isFileSystemWriteAllowed: true
19:05:28.052 [FXGL Background Thread 3 ] DEBUG Engine               - isFullScreenAllowed: false
19:05:28.052 [FXGL Background Thread 3 ] DEBUG Engine               - isFullScreenFromStart: false
19:05:28.052 [FXGL Background Thread 3 ] DEBUG Engine               - isGameMenuEnabled: true
19:05:28.052 [FXGL Background Thread 3 ] DEBUG Engine               - isIOS: false
19:05:28.052 [FXGL Background Thread 3 ] DEBUG Engine               - isIntroEnabled: false
19:05:28.053 [FXGL Background Thread 3 ] DEBUG Engine               - isLinux: false
19:05:28.053 [FXGL Background Thread 3 ] DEBUG Engine               - isMac: true
19:05:28.053 [FXGL Background Thread 3 ] DEBUG Engine               - isMainMenuEnabled: false
19:05:28.053 [FXGL Background Thread 3 ] DEBUG Engine               - isManualResizeEnabled: false
19:05:28.053 [FXGL Background Thread 3 ] DEBUG Engine               - isMobile: false
19:05:28.054 [FXGL Background Thread 3 ] DEBUG Engine               - isNative: false
19:05:28.054 [FXGL Background Thread 3 ] DEBUG Engine               - isPauseMusicWhenMinimized: true
19:05:28.054 [FXGL Background Thread 3 ] DEBUG Engine               - isPreserveResizeRatio: false
19:05:28.055 [FXGL Background Thread 3 ] DEBUG Engine               - isProfilingEnabled: false
19:05:28.056 [FXGL Background Thread 3 ] DEBUG Engine               - isScaleAffectedOnResize: true
19:05:28.057 [FXGL Background Thread 3 ] DEBUG Engine               - isSingleStep: false
19:05:28.057 [FXGL Background Thread 3 ] DEBUG Engine               - isUserProfileEnabled: false
19:05:28.057 [FXGL Background Thread 3 ] DEBUG Engine               - isWindows: false
19:05:28.058 [FXGL Background Thread 3 ] DEBUG Engine               - language: ObjectProperty [value: ENGLISH]
19:05:28.058 [FXGL Background Thread 3 ] DEBUG Engine               - menuKey: ESCAPE
19:05:28.058 [FXGL Background Thread 3 ] DEBUG Engine               - mouseSensitivity: 0.2
19:05:28.060 [FXGL Background Thread 3 ] DEBUG Engine               - notificationViewClass: class com.almasb.fxgl.notification.view.XboxNotificationView
19:05:28.060 [FXGL Background Thread 3 ] DEBUG Engine               - pixelsPerMeter: 50.0
19:05:28.061 [FXGL Background Thread 3 ] DEBUG Engine               - platform: MAC
19:05:28.064 [FXGL Background Thread 3 ] DEBUG Engine               - prefHeightProperty: ReadOnlyDoubleProperty [value: 1080.0]
19:05:28.065 [FXGL Background Thread 3 ] DEBUG Engine               - prefWidthProperty: ReadOnlyDoubleProperty [value: 1920.0]
19:05:28.066 [FXGL Background Thread 3 ] DEBUG Engine               - profileDir: profiles/
19:05:28.066 [FXGL Background Thread 3 ] DEBUG Engine               - profileName: StringProperty [value: DEFAULT]
19:05:28.066 [FXGL Background Thread 3 ] DEBUG Engine               - randomSeed: -1
19:05:28.066 [FXGL Background Thread 3 ] DEBUG Engine               - runtimeInfo: RuntimeInfo(platform=MAC, version=11.17, build=16.07.2021 15.46)
19:05:28.067 [FXGL Background Thread 3 ] DEBUG Engine               - saveFileExt: sav
19:05:28.067 [FXGL Background Thread 3 ] DEBUG Engine               - scaledHeightProp$fxgl: DoubleProperty [bound, value: 810.0]
19:05:28.067 [FXGL Background Thread 3 ] DEBUG Engine               - scaledWidthProp$fxgl: DoubleProperty [bound, value: 1415.0]
19:05:28.067 [FXGL Background Thread 3 ] DEBUG Engine               - sceneFactory: com.almasb.fxgl.app.scene.SceneFactory@520a22cd
19:05:28.067 [FXGL Background Thread 3 ] DEBUG Engine               - secondsIn24h: 60
19:05:28.068 [FXGL Background Thread 3 ] DEBUG Engine               - soundMenuBack: menu/back.wav
19:05:28.068 [FXGL Background Thread 3 ] DEBUG Engine               - soundMenuPress: menu/press.wav
19:05:28.068 [FXGL Background Thread 3 ] DEBUG Engine               - soundMenuSelect: menu/select.wav
19:05:28.068 [FXGL Background Thread 3 ] DEBUG Engine               - soundNotification: core/notification.wav
19:05:28.069 [FXGL Background Thread 3 ] DEBUG Engine               - stageStyle: DECORATED
19:05:28.069 [FXGL Background Thread 3 ] DEBUG Engine               - supportedLanguages: [ENGLISH, FRENCH, GERMAN, HUNGARIAN, RUSSIAN]
19:05:28.070 [FXGL Background Thread 3 ] DEBUG Engine               - ticksPerSecond: -1
19:05:28.070 [FXGL Background Thread 3 ] DEBUG Engine               - title: Aura
19:05:28.070 [FXGL Background Thread 3 ] DEBUG Engine               - urlGithub: https://github.com/AlmasB/FXGL
19:05:28.070 [FXGL Background Thread 3 ] DEBUG Engine               - urlLeaderboard: http://fxgl-top.herokuapp.com/
19:05:28.071 [FXGL Background Thread 3 ] DEBUG Engine               - urlPOM: https://raw.githubusercontent.com/AlmasB/FXGL/release/README.md
19:05:28.071 [FXGL Background Thread 3 ] DEBUG Engine               - userAppClass: class aura.AuraApp
19:05:28.071 [FXGL Background Thread 3 ] DEBUG Engine               - version: 
19:05:28.071 [FXGL Background Thread 3 ] DEBUG Engine               - versionCheckDays: 7
19:05:28.072 [FXGL Background Thread 3 ] DEBUG Engine               - width: 1920
19:05:28.072 [FXGL Background Thread 3 ] DEBUG Engine               - Logging services
19:05:28.072 [FXGL Background Thread 3 ] DEBUG Engine               - class com.almasb.fxgl.app.services.FXGLAssetLoaderService
19:05:28.072 [FXGL Background Thread 3 ] DEBUG Engine               - class com.almasb.fxgl.app.FXGLApplication$GameApplicationService
19:05:28.075 [FXGL Background Thread 3 ] DEBUG Engine               - class com.almasb.fxgl.app.services.FXGLDialogService
19:05:28.076 [FXGL Background Thread 3 ] DEBUG Engine               - class com.almasb.fxgl.app.services.IOTaskExecutorService
19:05:28.076 [FXGL Background Thread 3 ] DEBUG Engine               - class com.almasb.fxgl.io.FileSystemService
19:05:28.076 [FXGL Background Thread 3 ] DEBUG Engine               - class com.almasb.fxgl.localization.LocalizationService
19:05:28.077 [FXGL Background Thread 3 ] DEBUG Engine               - class com.almasb.fxgl.app.services.SystemBundleService
19:05:28.077 [FXGL Background Thread 3 ] DEBUG Engine               - class com.almasb.fxgl.profile.SaveLoadService
19:05:28.078 [FXGL Background Thread 3 ] DEBUG Engine               - class com.almasb.fxgl.ui.FXGLUIFactoryServiceProvider
19:05:28.078 [FXGL Background Thread 3 ] DEBUG Engine               - class com.almasb.fxgl.ui.FXGLDialogFactoryServiceProvider
19:05:28.079 [FXGL Background Thread 3 ] DEBUG Engine               - class com.almasb.fxgl.audio.AudioPlayer
19:05:28.079 [FXGL Background Thread 3 ] DEBUG Engine               - class com.almasb.fxgl.notification.impl.NotificationServiceProvider
19:05:28.080 [FXGL Background Thread 3 ] DEBUG Engine               - class com.almasb.fxgl.achievement.AchievementService
19:05:28.089 [FXGL Background Thread 3 ] DEBUG Engine               - class com.almasb.fxgl.cutscene.CutsceneService
19:05:28.089 [FXGL Background Thread 3 ] DEBUG Engine               - class com.almasb.fxgl.minigames.MiniGameService
19:05:28.089 [FXGL Background Thread 3 ] DEBUG Engine               - class com.almasb.fxgl.net.NetService
19:05:28.089 [FXGL Background Thread 3 ] DEBUG Engine               - class com.almasb.fxgl.app.services.UpdaterService
19:05:28.090 [FXGL Background Thread 3 ] DEBUG Engine               - class com.almasb.fxgl.dev.DevService
20:16:31.191 [JavaFX Application Thread] DEBUG FXGLApplication      - Exiting FXGL
20:16:31.221 [JavaFX Application Thread] DEBUG LoopRunner           - Stopping loop
20:16:31.222 [JavaFX Application Thread] DEBUG SystemBundleService  - Saving FXGL system data
20:16:31.241 [JavaFX Application Thread] DEBUG FileSystemAccess     - Writing to: /Users/gendercorn/IdeaProjects/Aura/Aura/src/main/java/system/fxgl.bundle
20:16:31.266 [JavaFX Application Thread] DEBUG Async                - Shutting down background threads
20:16:31.267 [JavaFX Application Thread] DEBUG PrimaryStageWindow   - Closing main window
20:16:31.320 [JavaFX Application Thread] DEBUG Logger               - Closing Logger
