07:54:14.476 [main                     ] DEBUG Logger               - Configured Logger
07:54:14.512 [main                     ] DEBUG GameApplication      - Logging settings
Title: Aura
Version: 
Width: 1920
Height: 1080
Fullscreen: false
Intro: false
Profiling: false
Single step:false
App Mode: DEVELOPER
Menu Key: ESCAPE
Stage Style: DECORATED
Scene Factory: class com.almasb.fxgl.app.scene.SceneFactory

07:54:16.942 [JavaFX Application Thread] DEBUG FXGLApplication      - Initializing FXGL
07:54:16.945 [JavaFX Application Thread] INFO  Engine               - FXGL-11.17 (16.07.2021 15.46) on WINDOWS (J:11.0.13 FX:16)
07:54:16.945 [JavaFX Application Thread] DEBUG Engine               - JRE Vendor Name: Eclipse Adoptium
07:54:16.945 [JavaFX Application Thread] DEBUG Engine               - Running on OS: Windows 10 version 10.0
07:54:16.946 [JavaFX Application Thread] DEBUG Engine               - Architecture: amd64
07:54:16.946 [JavaFX Application Thread] INFO  Engine               - Source code and latest versions at: https://github.com/AlmasB/FXGL
07:54:16.946 [JavaFX Application Thread] INFO  Engine               -              Join the FXGL chat at: https://gitter.im/AlmasB/FXGL
07:54:17.127 [JavaFX Application Thread] DEBUG PrimaryStageWindow   - Creating a JavaFX scene
07:54:17.127 [JavaFX Application Thread] DEBUG PrimaryStageWindow   - Target size > screen size
07:54:17.227 [JavaFX Application Thread] DEBUG PrimaryStageWindow   - Target settings size: 1920.0 x 1080.0
07:54:17.227 [JavaFX Application Thread] DEBUG PrimaryStageWindow   - Scaled scene size:    1425.0 x 815.0
07:54:17.228 [JavaFX Application Thread] DEBUG PrimaryStageWindow   - Scaled ratio: (0.7421875, 0.7546296296296297)
07:54:17.229 [JavaFX Application Thread] DEBUG PrimaryStageWindow   - Set initial scene to FXGLStartupScene
07:54:17.244 [JavaFX Application Thread] DEBUG PrimaryStageWindow   - Opening main window
07:54:17.376 [JavaFX Application Thread] DEBUG PrimaryStageWindow   - Window border size: (15.0, 37.79998779296875)
07:54:17.377 [JavaFX Application Thread] DEBUG PrimaryStageWindow   - Scaled size: 1425.0 x 815.0
07:54:17.377 [JavaFX Application Thread] DEBUG PrimaryStageWindow   - Scaled ratio: (0.7421875, 0.7546296296296297)
07:54:17.377 [JavaFX Application Thread] DEBUG PrimaryStageWindow   - Scene size: 1425.0 x 815.0
07:54:17.377 [JavaFX Application Thread] DEBUG PrimaryStageWindow   - Stage size: 1440.0 x 852.7999877929688
07:54:17.394 [FXGL Background Thread 1 ] DEBUG Engine               - Initializing environment variables
07:54:17.547 [FXGL Background Thread 1 ] DEBUG FXGLAssetLoaderServi - User app class for loading assets: class aura.AuraApp
07:54:17.548 [FXGL Background Thread 1 ] DEBUG GameApplicationServi - Applying CSS: fxgl_dark.css
07:54:17.550 [FXGL Background Thread 1 ] DEBUG FXGLAssetLoaderServi - Loading from file system: jar:file:/C:/Users/Seth/.m2/repository/com/github/almasb/fxgl/11.17/fxgl-11.17.jar!/fxglassets/ui/css/fxgl_dark.css
07:54:17.631 [FXGL Background Thread 1 ] DEBUG GameApplicationServi - Initializing application scenes
07:54:17.716 [FXGL Background Thread 1 ] DEBUG GameWorld            - Game world initialized
07:54:17.852 [FXGL Background Thread 1 ] DEBUG PhysicsWorld         - Physics world initialized: appHeight=1080, physics.ppm=50.0
07:54:17.853 [FXGL Background Thread 1 ] DEBUG PhysicsWorld         - Using strategy: BRUTE_FORCE
07:54:17.858 [FXGL Background Thread 1 ] DEBUG GameScene            - Game scene initialized: 1920x1080
07:54:17.885 [FXGL Background Thread 1 ] DEBUG FXGL.DefaultMenu     - createMenuBodyGameMenu()
07:54:17.914 [FXGL Background Thread 1 ] DEBUG FXGL.DefaultMenu     - createOptionsMenu()
07:54:17.934 [FXGL Background Thread 1 ] DEBUG FXGLAssetLoaderServi - Loading from file system: jar:file:/C:/Users/Seth/.m2/repository/com/github/almasb/fxgl/11.17/fxgl-11.17.jar!/fxglassets/textures/particles/smoke.png
07:54:18.119 [FXGL Background Thread 1 ] DEBUG FXGLAssetLoaderServi - Loading from file system: jar:file:/C:/Users/Seth/.m2/repository/com/github/almasb/fxgl/11.17/fxgl-11.17.jar!/fxglassets/textures/particles/trace_horizontal.png
07:54:18.166 [FXGL Background Thread 1 ] DEBUG GameApplicationServi - Application scenes initialized
07:54:18.191 [FXGL Background Thread 1 ] DEBUG SystemBundleService  - Loading FXGL system data
07:54:18.198 [FXGL Background Thread 1 ] DEBUG FileSystemAccess     - Reading from: C:\Users\Seth\Desktop\MyWebsite\Aura\system\fxgl.bundle
07:54:18.210 [FXGL Background Thread 1 ] DEBUG SystemBundleService  - Bundle FXGL: {}
07:54:18.210 [FXGL Background Thread 1 ] DEBUG UpdaterService       - Checking for updates
07:54:18.216 [FXGL Background Thread 4 ] DEBUG FXGLApplication      - Loading fonts
07:54:18.217 [FXGL Background Thread 4 ] DEBUG FXGLAssetLoaderServi - Loading from file system: jar:file:/C:/Users/Seth/.m2/repository/com/github/almasb/fxgl/11.17/fxgl-11.17.jar!/fxglassets/ui/fonts/VarelaRound-Regular.ttf
07:54:18.217 [FXGL Background Thread 1 ] DEBUG FXGLApplication      - Loading default localization
07:54:18.219 [FXGL Background Thread 1 ] DEBUG FXGLAssetLoaderServi - Loading from file system: jar:file:/C:/Users/Seth/.m2/repository/com/github/almasb/fxgl/11.17/fxgl-11.17.jar!/fxglassets/languages/english.lang
07:54:18.260 [FXGL Background Thread 1 ] INFO  FXGLApplication      - FXGL initialization took: 0.867 sec
07:54:18.287 [JavaFX Application Thread] DEBUG Input                - Registered new binding: Forward - Right
07:54:18.288 [JavaFX Application Thread] DEBUG Input                - Registered new binding: Backward - Left
07:54:18.289 [JavaFX Application Thread] DEBUG FXGLAssetLoaderServi - Loading from file system: jar:file:/C:/Users/Seth/.m2/repository/com/github/almasb/fxgl/11.17/fxgl-11.17.jar!/fxglassets/textures/fxgl_icon.png
07:54:18.320 [JavaFX Application Thread] DEBUG FXGLAssetLoaderServi - Loading from file system: jar:file:/C:/Users/Seth/.m2/repository/com/github/almasb/fxgl/11.17/fxgl-11.17.jar!/fxglassets/textures/fxgl_default_cursor.png
07:54:18.325 [JavaFX Application Thread] DEBUG Input                - Registered new binding: Screenshot - CTRL+8
07:54:18.325 [JavaFX Application Thread] DEBUG Input                - Registered new binding: System info dump - CTRL+9
07:54:18.327 [JavaFX Application Thread] DEBUG Input                - Registered new binding: Restart - CTRL+R
07:54:18.328 [JavaFX Application Thread] DEBUG Input                - Registered new binding: Toggle Debug Camera - CTRL+C
07:54:18.333 [JavaFX Application Thread] DEBUG LoopRunner           - Starting loop
07:54:18.333 [JavaFX Application Thread] DEBUG LoopRunner           - Initializing JavaFX AnimationTimerLoop
07:54:18.338 [JavaFX Application Thread] DEBUG GameApplicationServi - Starting new game
07:54:18.338 [JavaFX Application Thread] DEBUG Input                - Clearing active input actions
07:54:18.363 [JavaFX Application Thread] DEBUG GameApplicationServi - Removing overlay from FXGLStartupScene and adding to FXGLLoadingScene
07:54:18.363 [JavaFX Application Thread] DEBUG PrimaryStageWindow   - FXGLStartupScene -> FXGLLoadingScene
07:54:18.363 [JavaFX Application Thread] DEBUG GameApplicationServi - Clearing previous game
07:54:18.364 [JavaFX Application Thread] DEBUG GameScene            - Clearing game scene
07:54:18.364 [JavaFX Application Thread] DEBUG GameWorld            - Clearing game world
07:54:18.364 [JavaFX Application Thread] DEBUG PhysicsWorld         - Clearing physics world
07:54:18.366 [FXGL Background Thread 1 ] DEBUG FXGLApplication      - Initializing game
07:54:18.369 [FXGL Background Thread 1 ] INFO  FXGLApplication      - Game initialization took: 0.002 sec
07:54:18.478 [JavaFX Application Thread] DEBUG Input                - Clearing active input actions
07:54:18.497 [JavaFX Application Thread] DEBUG GameApplicationServi - Removing overlay from FXGLLoadingScene and adding to GameScene
07:54:18.498 [JavaFX Application Thread] DEBUG PrimaryStageWindow   - FXGLLoadingScene -> GameScene
07:54:19.053 [FXGL Background Thread 4 ] DEBUG FXGLAssetLoaderServi - Loading from file system: jar:file:/C:/Users/Seth/.m2/repository/com/github/almasb/fxgl/11.17/fxgl-11.17.jar!/fxglassets/ui/fonts/Abel-Regular.ttf
07:54:19.058 [FXGL Background Thread 4 ] DEBUG FXGLAssetLoaderServi - Loading from file system: jar:file:/C:/Users/Seth/.m2/repository/com/github/almasb/fxgl/11.17/fxgl-11.17.jar!/fxglassets/ui/fonts/lucida_console.ttf
07:54:19.066 [FXGL Background Thread 4 ] DEBUG FXGLAssetLoaderServi - Loading from file system: jar:file:/C:/Users/Seth/.m2/repository/com/github/almasb/fxgl/11.17/fxgl-11.17.jar!/fxglassets/ui/fonts/Courier-Prime.ttf
07:54:19.074 [JavaFX Application Thread] DEBUG FXGLApplication      - Registering font factories with UI factory
07:54:21.214 [FXGL Background Thread 3 ] DEBUG Engine               - Logging environment variables
07:54:21.214 [FXGL Background Thread 3 ] DEBUG Engine               - achievements: []
07:54:21.215 [FXGL Background Thread 3 ] DEBUG Engine               - actualHeight: 815.0
07:54:21.215 [FXGL Background Thread 3 ] DEBUG Engine               - actualHeightProperty: ReadOnlyDoubleProperty [value: 815.0]
07:54:21.215 [FXGL Background Thread 3 ] DEBUG Engine               - actualWidth: 1425.0
07:54:21.215 [FXGL Background Thread 3 ] DEBUG Engine               - actualWidthProperty: ReadOnlyDoubleProperty [value: 1425.0]
07:54:21.215 [FXGL Background Thread 3 ] DEBUG Engine               - appIcon: fxgl_icon.png
07:54:21.215 [FXGL Background Thread 3 ] DEBUG Engine               - applicationMode: DEVELOPER
07:54:21.215 [FXGL Background Thread 3 ] DEBUG Engine               - cSSList: [fxgl_dark.css]
07:54:21.215 [FXGL Background Thread 3 ] DEBUG Engine               - collisionDetectionStrategy: BRUTE_FORCE
07:54:21.215 [FXGL Background Thread 3 ] DEBUG Engine               - configClass: Optional.empty
07:54:21.215 [FXGL Background Thread 3 ] DEBUG Engine               - credits: []
07:54:21.215 [FXGL Background Thread 3 ] DEBUG Engine               - defaultCursor: CursorInfo(imageName=fxgl_default_cursor.png, hotspotX=7.0, hotspotY=6.0)
07:54:21.216 [FXGL Background Thread 3 ] DEBUG Engine               - devBBoxColorProperty: ObjectProperty [value: 0xff0000ff]
07:54:21.216 [FXGL Background Thread 3 ] DEBUG Engine               - devEnableDebugCameraProperty: BooleanProperty [value: false]
07:54:21.216 [FXGL Background Thread 3 ] DEBUG Engine               - devSensorColorProperty: ObjectProperty [value: 0xffff00ff]
07:54:21.216 [FXGL Background Thread 3 ] DEBUG Engine               - devShowBBoxProperty: BooleanProperty [value: false]
07:54:21.216 [FXGL Background Thread 3 ] DEBUG Engine               - devShowPositionProperty: BooleanProperty [value: false]
07:54:21.216 [FXGL Background Thread 3 ] DEBUG Engine               - enabledMenuItems: []
07:54:21.216 [FXGL Background Thread 3 ] DEBUG Engine               - engineServices: [class com.almasb.fxgl.app.services.FXGLAssetLoaderService, class com.almasb.fxgl.app.FXGLApplication$GameApplicationService, class com.almasb.fxgl.app.services.FXGLDialogService, class com.almasb.fxgl.app.services.IOTaskExecutorService, class com.almasb.fxgl.io.FileSystemService, class com.almasb.fxgl.localization.LocalizationService, class com.almasb.fxgl.app.services.SystemBundleService, class com.almasb.fxgl.profile.SaveLoadService, class com.almasb.fxgl.ui.FXGLUIFactoryServiceProvider, class com.almasb.fxgl.ui.FXGLDialogFactoryServiceProvider, class com.almasb.fxgl.audio.AudioPlayer, class com.almasb.fxgl.notification.impl.NotificationServiceProvider, class com.almasb.fxgl.achievement.AchievementService, class com.almasb.fxgl.cutscene.CutsceneService, class com.almasb.fxgl.minigames.MiniGameService, class com.almasb.fxgl.net.NetService, class com.almasb.fxgl.app.services.UpdaterService, class com.almasb.fxgl.dev.DevService]
07:54:21.216 [FXGL Background Thread 3 ] DEBUG Engine               - fontGame: Abel-Regular.ttf
07:54:21.216 [FXGL Background Thread 3 ] DEBUG Engine               - fontMono: lucida_console.ttf
07:54:21.216 [FXGL Background Thread 3 ] DEBUG Engine               - fontText: Courier-Prime.ttf
07:54:21.216 [FXGL Background Thread 3 ] DEBUG Engine               - fontUI: VarelaRound-Regular.ttf
07:54:21.216 [FXGL Background Thread 3 ] DEBUG Engine               - fullScreen: BooleanProperty [value: false]
07:54:21.217 [FXGL Background Thread 3 ] DEBUG Engine               - gameDifficulty: MEDIUM
07:54:21.217 [FXGL Background Thread 3 ] DEBUG Engine               - gameDifficultyProperty: ObjectProperty [value: MEDIUM]
07:54:21.217 [FXGL Background Thread 3 ] DEBUG Engine               - globalMusicVolume: 0.5
07:54:21.217 [FXGL Background Thread 3 ] DEBUG Engine               - globalMusicVolumeProperty: DoubleProperty [value: 0.5]
07:54:21.217 [FXGL Background Thread 3 ] DEBUG Engine               - globalSoundVolume: 0.5
07:54:21.217 [FXGL Background Thread 3 ] DEBUG Engine               - globalSoundVolumeProperty: DoubleProperty [value: 0.5]
07:54:21.217 [FXGL Background Thread 3 ] DEBUG Engine               - height: 1080
07:54:21.217 [FXGL Background Thread 3 ] DEBUG Engine               - is3D: false
07:54:21.217 [FXGL Background Thread 3 ] DEBUG Engine               - isAndroid: false
07:54:21.217 [FXGL Background Thread 3 ] DEBUG Engine               - isBrowser: false
07:54:21.217 [FXGL Background Thread 3 ] DEBUG Engine               - isClickFeedbackEnabled: false
07:54:21.217 [FXGL Background Thread 3 ] DEBUG Engine               - isCloseConfirmation: true
07:54:21.217 [FXGL Background Thread 3 ] DEBUG Engine               - isDesktop: true
07:54:21.217 [FXGL Background Thread 3 ] DEBUG Engine               - isDeveloperMenuEnabled: false
07:54:21.217 [FXGL Background Thread 3 ] DEBUG Engine               - isEntityPreloadEnabled: true
07:54:21.217 [FXGL Background Thread 3 ] DEBUG Engine               - isExperimentalTiledLargeMap: false
07:54:21.218 [FXGL Background Thread 3 ] DEBUG Engine               - isFileSystemWriteAllowed: true
07:54:21.218 [FXGL Background Thread 3 ] DEBUG Engine               - isFullScreenAllowed: false
07:54:21.218 [FXGL Background Thread 3 ] DEBUG Engine               - isFullScreenFromStart: false
07:54:21.218 [FXGL Background Thread 3 ] DEBUG Engine               - isGameMenuEnabled: true
07:54:21.218 [FXGL Background Thread 3 ] DEBUG Engine               - isIOS: false
07:54:21.218 [FXGL Background Thread 3 ] DEBUG Engine               - isIntroEnabled: false
07:54:21.218 [FXGL Background Thread 3 ] DEBUG Engine               - isLinux: false
07:54:21.218 [FXGL Background Thread 3 ] DEBUG Engine               - isMac: false
07:54:21.218 [FXGL Background Thread 3 ] DEBUG Engine               - isMainMenuEnabled: false
07:54:21.218 [FXGL Background Thread 3 ] DEBUG Engine               - isManualResizeEnabled: false
07:54:21.218 [FXGL Background Thread 3 ] DEBUG Engine               - isMobile: false
07:54:21.218 [FXGL Background Thread 3 ] DEBUG Engine               - isNative: false
07:54:21.218 [FXGL Background Thread 3 ] DEBUG Engine               - isPauseMusicWhenMinimized: true
07:54:21.218 [FXGL Background Thread 3 ] DEBUG Engine               - isPreserveResizeRatio: false
07:54:21.218 [FXGL Background Thread 3 ] DEBUG Engine               - isProfilingEnabled: false
07:54:21.218 [FXGL Background Thread 3 ] DEBUG Engine               - isScaleAffectedOnResize: true
07:54:21.218 [FXGL Background Thread 3 ] DEBUG Engine               - isSingleStep: false
07:54:21.219 [FXGL Background Thread 3 ] DEBUG Engine               - isUserProfileEnabled: false
07:54:21.219 [FXGL Background Thread 3 ] DEBUG Engine               - isWindows: true
07:54:21.219 [FXGL Background Thread 3 ] DEBUG Engine               - language: ObjectProperty [value: ENGLISH]
07:54:21.219 [FXGL Background Thread 3 ] DEBUG Engine               - menuKey: ESCAPE
07:54:21.219 [FXGL Background Thread 3 ] DEBUG Engine               - mouseSensitivity: 0.2
07:54:21.219 [FXGL Background Thread 3 ] DEBUG Engine               - notificationViewClass: class com.almasb.fxgl.notification.view.XboxNotificationView
07:54:21.219 [FXGL Background Thread 3 ] DEBUG Engine               - pixelsPerMeter: 50.0
07:54:21.219 [FXGL Background Thread 3 ] DEBUG Engine               - platform: WINDOWS
07:54:21.219 [FXGL Background Thread 3 ] DEBUG Engine               - prefHeightProperty: ReadOnlyDoubleProperty [value: 1080.0]
07:54:21.219 [FXGL Background Thread 3 ] DEBUG Engine               - prefWidthProperty: ReadOnlyDoubleProperty [value: 1920.0]
07:54:21.219 [FXGL Background Thread 3 ] DEBUG Engine               - profileDir: profiles/
07:54:21.219 [FXGL Background Thread 3 ] DEBUG Engine               - profileName: StringProperty [value: DEFAULT]
07:54:21.219 [FXGL Background Thread 3 ] DEBUG Engine               - randomSeed: -1
07:54:21.219 [FXGL Background Thread 3 ] DEBUG Engine               - runtimeInfo: RuntimeInfo(platform=WINDOWS, version=11.17, build=16.07.2021 15.46)
07:54:21.219 [FXGL Background Thread 3 ] DEBUG Engine               - saveFileExt: sav
07:54:21.219 [FXGL Background Thread 3 ] DEBUG Engine               - scaledHeightProp$fxgl: DoubleProperty [bound, value: 815.0]
07:54:21.219 [FXGL Background Thread 3 ] DEBUG Engine               - scaledWidthProp$fxgl: DoubleProperty [bound, value: 1425.0]
07:54:21.219 [FXGL Background Thread 3 ] DEBUG Engine               - sceneFactory: com.almasb.fxgl.app.scene.SceneFactory@3c4fd825
07:54:21.220 [FXGL Background Thread 3 ] DEBUG Engine               - secondsIn24h: 60
07:54:21.220 [FXGL Background Thread 3 ] DEBUG Engine               - soundMenuBack: menu/back.wav
07:54:21.220 [FXGL Background Thread 3 ] DEBUG Engine               - soundMenuPress: menu/press.wav
07:54:21.220 [FXGL Background Thread 3 ] DEBUG Engine               - soundMenuSelect: menu/select.wav
07:54:21.220 [FXGL Background Thread 3 ] DEBUG Engine               - soundNotification: core/notification.wav
07:54:21.220 [FXGL Background Thread 3 ] DEBUG Engine               - stageStyle: DECORATED
07:54:21.220 [FXGL Background Thread 3 ] DEBUG Engine               - supportedLanguages: [ENGLISH, FRENCH, GERMAN, HUNGARIAN, RUSSIAN]
07:54:21.220 [FXGL Background Thread 3 ] DEBUG Engine               - ticksPerSecond: -1
07:54:21.220 [FXGL Background Thread 3 ] DEBUG Engine               - title: Aura
07:54:21.220 [FXGL Background Thread 3 ] DEBUG Engine               - urlGithub: https://github.com/AlmasB/FXGL
07:54:21.220 [FXGL Background Thread 3 ] DEBUG Engine               - urlLeaderboard: http://fxgl-top.herokuapp.com/
07:54:21.220 [FXGL Background Thread 3 ] DEBUG Engine               - urlPOM: https://raw.githubusercontent.com/AlmasB/FXGL/release/README.md
07:54:21.220 [FXGL Background Thread 3 ] DEBUG Engine               - userAppClass: class aura.AuraApp
07:54:21.220 [FXGL Background Thread 3 ] DEBUG Engine               - version: 
07:54:21.220 [FXGL Background Thread 3 ] DEBUG Engine               - versionCheckDays: 7
07:54:21.220 [FXGL Background Thread 3 ] DEBUG Engine               - width: 1920
07:54:21.220 [FXGL Background Thread 3 ] DEBUG Engine               - Logging services
07:54:21.220 [FXGL Background Thread 3 ] DEBUG Engine               - class com.almasb.fxgl.app.services.FXGLAssetLoaderService
07:54:21.220 [FXGL Background Thread 3 ] DEBUG Engine               - class com.almasb.fxgl.app.FXGLApplication$GameApplicationService
07:54:21.220 [FXGL Background Thread 3 ] DEBUG Engine               - class com.almasb.fxgl.app.services.FXGLDialogService
07:54:21.220 [FXGL Background Thread 3 ] DEBUG Engine               - class com.almasb.fxgl.app.services.IOTaskExecutorService
07:54:21.221 [FXGL Background Thread 3 ] DEBUG Engine               - class com.almasb.fxgl.io.FileSystemService
07:54:21.221 [FXGL Background Thread 3 ] DEBUG Engine               - class com.almasb.fxgl.localization.LocalizationService
07:54:21.221 [FXGL Background Thread 3 ] DEBUG Engine               - class com.almasb.fxgl.app.services.SystemBundleService
07:54:21.222 [FXGL Background Thread 3 ] DEBUG Engine               - class com.almasb.fxgl.profile.SaveLoadService
07:54:21.222 [FXGL Background Thread 3 ] DEBUG Engine               - class com.almasb.fxgl.ui.FXGLUIFactoryServiceProvider
07:54:21.222 [FXGL Background Thread 3 ] DEBUG Engine               - class com.almasb.fxgl.ui.FXGLDialogFactoryServiceProvider
07:54:21.222 [FXGL Background Thread 3 ] DEBUG Engine               - class com.almasb.fxgl.audio.AudioPlayer
07:54:21.222 [FXGL Background Thread 3 ] DEBUG Engine               - class com.almasb.fxgl.notification.impl.NotificationServiceProvider
07:54:21.222 [FXGL Background Thread 3 ] DEBUG Engine               - class com.almasb.fxgl.achievement.AchievementService
07:54:21.222 [FXGL Background Thread 3 ] DEBUG Engine               - class com.almasb.fxgl.cutscene.CutsceneService
07:54:21.222 [FXGL Background Thread 3 ] DEBUG Engine               - class com.almasb.fxgl.minigames.MiniGameService
07:54:21.222 [FXGL Background Thread 3 ] DEBUG Engine               - class com.almasb.fxgl.net.NetService
07:54:21.222 [FXGL Background Thread 3 ] DEBUG Engine               - class com.almasb.fxgl.app.services.UpdaterService
07:54:21.223 [FXGL Background Thread 3 ] DEBUG Engine               - class com.almasb.fxgl.dev.DevService
07:54:31.785 [JavaFX Application Thread] DEBUG PrimaryStageWindow   - Push state: DialogSubScene
07:54:31.785 [JavaFX Application Thread] DEBUG Input                - Clearing active input actions
07:54:31.792 [JavaFX Application Thread] DEBUG GameApplicationServi - Removing overlay from GameScene and adding to DialogSubScene
07:54:31.793 [JavaFX Application Thread] DEBUG PrimaryStageWindow   - GameScene -> DialogSubScene
07:54:33.475 [JavaFX Application Thread] DEBUG PrimaryStageWindow   - Pop state: DialogSubScene
07:54:33.475 [JavaFX Application Thread] DEBUG Input                - Clearing active input actions
07:54:33.476 [JavaFX Application Thread] DEBUG GameApplicationServi - Removing overlay from DialogSubScene and adding to GameScene
07:54:33.476 [JavaFX Application Thread] DEBUG PrimaryStageWindow   - GameScene <- DialogSubScene
07:54:33.476 [JavaFX Application Thread] DEBUG FXGLApplication      - Exiting FXGL
07:54:33.476 [JavaFX Application Thread] DEBUG LoopRunner           - Stopping loop
07:54:33.476 [JavaFX Application Thread] DEBUG SystemBundleService  - Saving FXGL system data
07:54:33.479 [JavaFX Application Thread] DEBUG FileSystemAccess     - Writing to: C:\Users\Seth\Desktop\MyWebsite\Aura\system\fxgl.bundle
07:54:33.482 [JavaFX Application Thread] DEBUG Async                - Shutting down background threads
07:54:33.482 [JavaFX Application Thread] DEBUG PrimaryStageWindow   - Closing main window
07:54:33.502 [JavaFX Application Thread] DEBUG Logger               - Closing Logger
