15:03:16.214 [main                     ] DEBUG Logger               - Configured Logger
15:03:16.254 [main                     ] DEBUG GameApplication      - Logging settings
Title: Aura
Version: 
Width: 1920
Height: 1080
Fullscreen: false
Intro: false
Profiling: false
Single step:false
App Mode: DEVELOPER
Menu Key: ESCAPE
Stage Style: DECORATED
Scene Factory: class com.almasb.fxgl.app.scene.SceneFactory

15:03:18.148 [JavaFX Application Thread] DEBUG FXGLApplication      - Initializing FXGL
15:03:18.152 [JavaFX Application Thread] INFO  Engine               - FXGL-11.17 (16.07.2021 15.46) on WINDOWS (J:11.0.13 FX:16)
15:03:18.152 [JavaFX Application Thread] DEBUG Engine               - JRE Vendor Name: Eclipse Adoptium
15:03:18.153 [JavaFX Application Thread] DEBUG Engine               - Running on OS: Windows 10 version 10.0
15:03:18.153 [JavaFX Application Thread] DEBUG Engine               - Architecture: amd64
15:03:18.153 [JavaFX Application Thread] INFO  Engine               - Source code and latest versions at: https://github.com/AlmasB/FXGL
15:03:18.153 [JavaFX Application Thread] INFO  Engine               -              Join the FXGL chat at: https://gitter.im/AlmasB/FXGL
15:03:18.301 [JavaFX Application Thread] DEBUG PrimaryStageWindow   - Creating a JavaFX scene
15:03:18.301 [JavaFX Application Thread] DEBUG PrimaryStageWindow   - Target size > screen size
15:03:18.363 [JavaFX Application Thread] DEBUG PrimaryStageWindow   - Target settings size: 1920.0 x 1080.0
15:03:18.363 [JavaFX Application Thread] DEBUG PrimaryStageWindow   - Scaled scene size:    1425.0 x 815.0
15:03:18.363 [JavaFX Application Thread] DEBUG PrimaryStageWindow   - Scaled ratio: (0.7421875, 0.7546296296296297)
15:03:18.364 [JavaFX Application Thread] DEBUG PrimaryStageWindow   - Set initial scene to FXGLStartupScene
15:03:18.372 [JavaFX Application Thread] DEBUG PrimaryStageWindow   - Opening main window
15:03:18.465 [JavaFX Application Thread] DEBUG PrimaryStageWindow   - Window border size: (15.0, 37.79998779296875)
15:03:18.466 [JavaFX Application Thread] DEBUG PrimaryStageWindow   - Scaled size: 1425.0 x 815.0
15:03:18.466 [JavaFX Application Thread] DEBUG PrimaryStageWindow   - Scaled ratio: (0.7421875, 0.7546296296296297)
15:03:18.466 [JavaFX Application Thread] DEBUG PrimaryStageWindow   - Scene size: 1425.0 x 815.0
15:03:18.466 [JavaFX Application Thread] DEBUG PrimaryStageWindow   - Stage size: 1440.0 x 852.7999877929688
15:03:18.479 [FXGL Background Thread 1 ] DEBUG Engine               - Initializing environment variables
15:03:18.606 [FXGL Background Thread 1 ] DEBUG FXGLAssetLoaderServi - User app class for loading assets: class aura.AuraApp
15:03:18.607 [FXGL Background Thread 1 ] DEBUG GameApplicationServi - Applying CSS: fxgl_dark.css
15:03:18.609 [FXGL Background Thread 1 ] DEBUG FXGLAssetLoaderServi - Loading from file system: jar:file:/C:/Users/Seth/.m2/repository/com/github/almasb/fxgl/11.17/fxgl-11.17.jar!/fxglassets/ui/css/fxgl_dark.css
15:03:18.680 [FXGL Background Thread 1 ] DEBUG GameApplicationServi - Initializing application scenes
15:03:18.738 [FXGL Background Thread 1 ] DEBUG GameWorld            - Game world initialized
15:03:18.826 [FXGL Background Thread 1 ] DEBUG PhysicsWorld         - Physics world initialized: appHeight=1080, physics.ppm=50.0
15:03:18.826 [FXGL Background Thread 1 ] DEBUG PhysicsWorld         - Using strategy: BRUTE_FORCE
15:03:18.830 [FXGL Background Thread 1 ] DEBUG GameScene            - Game scene initialized: 1920x1080
15:03:18.851 [FXGL Background Thread 1 ] DEBUG FXGL.DefaultMenu     - createMenuBodyGameMenu()
15:03:18.871 [FXGL Background Thread 1 ] DEBUG FXGL.DefaultMenu     - createOptionsMenu()
15:03:18.885 [FXGL Background Thread 1 ] DEBUG FXGLAssetLoaderServi - Loading from file system: jar:file:/C:/Users/Seth/.m2/repository/com/github/almasb/fxgl/11.17/fxgl-11.17.jar!/fxglassets/textures/particles/smoke.png
15:03:19.016 [FXGL Background Thread 1 ] DEBUG FXGLAssetLoaderServi - Loading from file system: jar:file:/C:/Users/Seth/.m2/repository/com/github/almasb/fxgl/11.17/fxgl-11.17.jar!/fxglassets/textures/particles/trace_horizontal.png
15:03:19.045 [FXGL Background Thread 1 ] DEBUG GameApplicationServi - Application scenes initialized
15:03:19.060 [FXGL Background Thread 1 ] DEBUG SystemBundleService  - Loading FXGL system data
15:03:19.064 [FXGL Background Thread 1 ] DEBUG FileSystemAccess     - Reading from: C:\Users\Seth\Desktop\MyWebsite\Aura\system\fxgl.bundle
15:03:19.071 [FXGL Background Thread 1 ] DEBUG SystemBundleService  - Bundle FXGL: {}
15:03:19.071 [FXGL Background Thread 1 ] DEBUG UpdaterService       - Checking for updates
15:03:19.075 [FXGL Background Thread 4 ] DEBUG FXGLApplication      - Loading fonts
15:03:19.075 [FXGL Background Thread 1 ] DEBUG FXGLApplication      - Loading default localization
15:03:19.075 [FXGL Background Thread 4 ] DEBUG FXGLAssetLoaderServi - Loading from file system: jar:file:/C:/Users/Seth/.m2/repository/com/github/almasb/fxgl/11.17/fxgl-11.17.jar!/fxglassets/ui/fonts/VarelaRound-Regular.ttf
15:03:19.076 [FXGL Background Thread 1 ] DEBUG FXGLAssetLoaderServi - Loading from file system: jar:file:/C:/Users/Seth/.m2/repository/com/github/almasb/fxgl/11.17/fxgl-11.17.jar!/fxglassets/languages/english.lang
15:03:19.095 [FXGL Background Thread 1 ] INFO  FXGLApplication      - FXGL initialization took: 0.617 sec
15:03:19.113 [JavaFX Application Thread] DEBUG Input                - Registered new binding: Forward - Right
15:03:19.113 [JavaFX Application Thread] DEBUG Input                - Registered new binding: Backward - Left
15:03:19.114 [JavaFX Application Thread] DEBUG FXGLAssetLoaderServi - Loading from file system: jar:file:/C:/Users/Seth/.m2/repository/com/github/almasb/fxgl/11.17/fxgl-11.17.jar!/fxglassets/textures/fxgl_icon.png
15:03:19.139 [JavaFX Application Thread] DEBUG FXGLAssetLoaderServi - Loading from file system: jar:file:/C:/Users/Seth/.m2/repository/com/github/almasb/fxgl/11.17/fxgl-11.17.jar!/fxglassets/textures/fxgl_default_cursor.png
15:03:19.143 [JavaFX Application Thread] DEBUG Input                - Registered new binding: Screenshot - CTRL+8
15:03:19.145 [JavaFX Application Thread] DEBUG Input                - Registered new binding: System info dump - CTRL+9
15:03:19.146 [JavaFX Application Thread] DEBUG Input                - Registered new binding: Restart - CTRL+R
15:03:19.147 [JavaFX Application Thread] DEBUG Input                - Registered new binding: Toggle Debug Camera - CTRL+C
15:03:19.150 [JavaFX Application Thread] DEBUG LoopRunner           - Starting loop
15:03:19.150 [JavaFX Application Thread] DEBUG LoopRunner           - Initializing JavaFX AnimationTimerLoop
15:03:19.153 [JavaFX Application Thread] DEBUG GameApplicationServi - Starting new game
15:03:19.154 [JavaFX Application Thread] DEBUG Input                - Clearing active input actions
15:03:19.166 [JavaFX Application Thread] DEBUG GameApplicationServi - Removing overlay from FXGLStartupScene and adding to FXGLLoadingScene
15:03:19.166 [JavaFX Application Thread] DEBUG PrimaryStageWindow   - FXGLStartupScene -> FXGLLoadingScene
15:03:19.166 [JavaFX Application Thread] DEBUG GameApplicationServi - Clearing previous game
15:03:19.166 [JavaFX Application Thread] DEBUG GameScene            - Clearing game scene
15:03:19.166 [JavaFX Application Thread] DEBUG GameWorld            - Clearing game world
15:03:19.167 [JavaFX Application Thread] DEBUG PhysicsWorld         - Clearing physics world
15:03:19.168 [FXGL Background Thread 1 ] DEBUG FXGLApplication      - Initializing game
15:03:19.171 [FXGL Background Thread 1 ] INFO  FXGLApplication      - Game initialization took: 0.002 sec
15:03:19.247 [JavaFX Application Thread] DEBUG Input                - Clearing active input actions
15:03:19.258 [JavaFX Application Thread] DEBUG GameApplicationServi - Removing overlay from FXGLLoadingScene and adding to GameScene
15:03:19.259 [JavaFX Application Thread] DEBUG PrimaryStageWindow   - FXGLLoadingScene -> GameScene
15:03:19.552 [FXGL Background Thread 4 ] DEBUG FXGLAssetLoaderServi - Loading from file system: jar:file:/C:/Users/Seth/.m2/repository/com/github/almasb/fxgl/11.17/fxgl-11.17.jar!/fxglassets/ui/fonts/Abel-Regular.ttf
15:03:19.560 [FXGL Background Thread 4 ] DEBUG FXGLAssetLoaderServi - Loading from file system: jar:file:/C:/Users/Seth/.m2/repository/com/github/almasb/fxgl/11.17/fxgl-11.17.jar!/fxglassets/ui/fonts/lucida_console.ttf
15:03:19.567 [FXGL Background Thread 4 ] DEBUG FXGLAssetLoaderServi - Loading from file system: jar:file:/C:/Users/Seth/.m2/repository/com/github/almasb/fxgl/11.17/fxgl-11.17.jar!/fxglassets/ui/fonts/Courier-Prime.ttf
15:03:19.573 [JavaFX Application Thread] DEBUG FXGLApplication      - Registering font factories with UI factory
15:03:21.930 [JavaFX Application Thread] DEBUG FXGLApplication      - Exiting FXGL
15:03:21.930 [JavaFX Application Thread] DEBUG LoopRunner           - Stopping loop
15:03:21.930 [JavaFX Application Thread] DEBUG SystemBundleService  - Saving FXGL system data
15:03:21.935 [JavaFX Application Thread] DEBUG FileSystemAccess     - Writing to: C:\Users\Seth\Desktop\MyWebsite\Aura\system\fxgl.bundle
15:03:21.939 [JavaFX Application Thread] DEBUG Async                - Shutting down background threads
15:03:21.939 [JavaFX Application Thread] DEBUG PrimaryStageWindow   - Closing main window
15:03:21.967 [JavaFX Application Thread] DEBUG Logger               - Closing Logger
