07:55:30.702 [main                     ] DEBUG Logger               - Configured Logger
07:55:30.708 [main                     ] DEBUG GameApplication      - Logging settings
Title: Aura
Version: 
Width: 1920
Height: 1080
Fullscreen: false
Intro: false
Profiling: false
Single step:false
App Mode: DEVELOPER
Menu Key: ESCAPE
Stage Style: DECORATED
Scene Factory: class com.almasb.fxgl.app.scene.SceneFactory

07:55:31.206 [JavaFX Application Thread] DEBUG FXGLApplication      - Initializing FXGL
07:55:31.210 [JavaFX Application Thread] INFO  Engine               - FXGL-11.17 (16.07.2021 15.46) on WINDOWS (J:11.0.13 FX:16)
07:55:31.210 [JavaFX Application Thread] DEBUG Engine               - JRE Vendor Name: Eclipse Adoptium
07:55:31.210 [JavaFX Application Thread] DEBUG Engine               - Running on OS: Windows 10 version 10.0
07:55:31.210 [JavaFX Application Thread] DEBUG Engine               - Architecture: amd64
07:55:31.211 [JavaFX Application Thread] INFO  Engine               - Source code and latest versions at: https://github.com/AlmasB/FXGL
07:55:31.211 [JavaFX Application Thread] INFO  Engine               -              Join the FXGL chat at: https://gitter.im/AlmasB/FXGL
07:55:31.281 [JavaFX Application Thread] DEBUG PrimaryStageWindow   - Creating a JavaFX scene
07:55:31.282 [JavaFX Application Thread] DEBUG PrimaryStageWindow   - Target size > screen size
07:55:31.355 [JavaFX Application Thread] DEBUG PrimaryStageWindow   - Target settings size: 1920.0 x 1080.0
07:55:31.355 [JavaFX Application Thread] DEBUG PrimaryStageWindow   - Scaled scene size:    1425.0 x 815.0
07:55:31.355 [JavaFX Application Thread] DEBUG PrimaryStageWindow   - Scaled ratio: (0.7421875, 0.7546296296296297)
07:55:31.356 [JavaFX Application Thread] DEBUG PrimaryStageWindow   - Set initial scene to FXGLStartupScene
07:55:31.366 [JavaFX Application Thread] DEBUG PrimaryStageWindow   - Opening main window
07:55:31.501 [JavaFX Application Thread] DEBUG PrimaryStageWindow   - Window border size: (15.0, 37.79998779296875)
07:55:31.502 [JavaFX Application Thread] DEBUG PrimaryStageWindow   - Scaled size: 1425.0 x 815.0
07:55:31.502 [JavaFX Application Thread] DEBUG PrimaryStageWindow   - Scaled ratio: (0.7421875, 0.7546296296296297)
07:55:31.502 [JavaFX Application Thread] DEBUG PrimaryStageWindow   - Scene size: 1425.0 x 815.0
07:55:31.503 [JavaFX Application Thread] DEBUG PrimaryStageWindow   - Stage size: 1440.0 x 852.7999877929688
07:55:31.518 [FXGL Background Thread 1 ] DEBUG Engine               - Initializing environment variables
07:55:31.648 [FXGL Background Thread 1 ] DEBUG FXGLAssetLoaderServi - User app class for loading assets: class aura.AuraApp
07:55:31.649 [FXGL Background Thread 1 ] DEBUG GameApplicationServi - Applying CSS: fxgl_dark.css
07:55:31.650 [FXGL Background Thread 1 ] DEBUG FXGLAssetLoaderServi - Loading from file system: jar:file:/C:/Users/Seth/.m2/repository/com/github/almasb/fxgl/11.17/fxgl-11.17.jar!/fxglassets/ui/css/fxgl_dark.css
07:55:31.712 [FXGL Background Thread 1 ] DEBUG GameApplicationServi - Initializing application scenes
07:55:31.846 [FXGL Background Thread 1 ] DEBUG GameWorld            - Game world initialized
07:55:31.975 [FXGL Background Thread 1 ] DEBUG PhysicsWorld         - Physics world initialized: appHeight=1080, physics.ppm=50.0
07:55:31.975 [FXGL Background Thread 1 ] DEBUG PhysicsWorld         - Using strategy: BRUTE_FORCE
07:55:31.977 [FXGL Background Thread 1 ] DEBUG GameScene            - Game scene initialized: 1920x1080
07:55:31.993 [FXGL Background Thread 1 ] DEBUG FXGL.DefaultMenu     - createMenuBodyGameMenu()
07:55:32.012 [FXGL Background Thread 1 ] DEBUG FXGL.DefaultMenu     - createOptionsMenu()
07:55:32.024 [FXGL Background Thread 1 ] DEBUG FXGLAssetLoaderServi - Loading from file system: jar:file:/C:/Users/Seth/.m2/repository/com/github/almasb/fxgl/11.17/fxgl-11.17.jar!/fxglassets/textures/particles/smoke.png
07:55:32.199 [FXGL Background Thread 1 ] DEBUG FXGLAssetLoaderServi - Loading from file system: jar:file:/C:/Users/Seth/.m2/repository/com/github/almasb/fxgl/11.17/fxgl-11.17.jar!/fxglassets/textures/particles/trace_horizontal.png
07:55:32.230 [FXGL Background Thread 1 ] DEBUG GameApplicationServi - Application scenes initialized
07:55:32.248 [FXGL Background Thread 1 ] DEBUG SystemBundleService  - Loading FXGL system data
07:55:32.256 [FXGL Background Thread 1 ] DEBUG FileSystemAccess     - Reading from: C:\Users\Seth\Desktop\MyWebsite\Aura\system\fxgl.bundle
07:55:32.268 [FXGL Background Thread 1 ] DEBUG SystemBundleService  - Bundle FXGL: {}
07:55:32.268 [FXGL Background Thread 1 ] DEBUG UpdaterService       - Checking for updates
07:55:32.278 [FXGL Background Thread 4 ] DEBUG FXGLApplication      - Loading fonts
07:55:32.278 [FXGL Background Thread 1 ] DEBUG FXGLApplication      - Loading default localization
07:55:32.278 [FXGL Background Thread 4 ] DEBUG FXGLAssetLoaderServi - Loading from file system: jar:file:/C:/Users/Seth/.m2/repository/com/github/almasb/fxgl/11.17/fxgl-11.17.jar!/fxglassets/ui/fonts/VarelaRound-Regular.ttf
07:55:32.280 [FXGL Background Thread 1 ] DEBUG FXGLAssetLoaderServi - Loading from file system: jar:file:/C:/Users/Seth/.m2/repository/com/github/almasb/fxgl/11.17/fxgl-11.17.jar!/fxglassets/languages/english.lang
07:55:32.345 [FXGL Background Thread 1 ] INFO  FXGLApplication      - FXGL initialization took: 0.826 sec
07:55:32.383 [JavaFX Application Thread] DEBUG Input                - Registered new binding: Forward - D
07:55:32.383 [JavaFX Application Thread] DEBUG Input                - Registered new binding: Backward - A
07:55:32.384 [JavaFX Application Thread] DEBUG Input                - Registered new binding: Up - W
07:55:32.384 [JavaFX Application Thread] DEBUG Input                - Registered new binding: Down - S
07:55:32.385 [JavaFX Application Thread] DEBUG FXGLAssetLoaderServi - Loading from file system: jar:file:/C:/Users/Seth/.m2/repository/com/github/almasb/fxgl/11.17/fxgl-11.17.jar!/fxglassets/textures/fxgl_icon.png
07:55:32.419 [JavaFX Application Thread] DEBUG FXGLAssetLoaderServi - Loading from file system: jar:file:/C:/Users/Seth/.m2/repository/com/github/almasb/fxgl/11.17/fxgl-11.17.jar!/fxglassets/textures/fxgl_default_cursor.png
07:55:32.422 [JavaFX Application Thread] DEBUG Input                - Registered new binding: Screenshot - CTRL+8
07:55:32.423 [JavaFX Application Thread] DEBUG Input                - Registered new binding: System info dump - CTRL+9
07:55:32.425 [JavaFX Application Thread] DEBUG Input                - Registered new binding: Restart - CTRL+R
07:55:32.429 [JavaFX Application Thread] DEBUG Input                - Registered new binding: Toggle Debug Camera - CTRL+C
07:55:32.441 [JavaFX Application Thread] DEBUG LoopRunner           - Starting loop
07:55:32.441 [JavaFX Application Thread] DEBUG LoopRunner           - Initializing JavaFX AnimationTimerLoop
07:55:32.450 [JavaFX Application Thread] DEBUG GameApplicationServi - Starting new game
07:55:32.451 [JavaFX Application Thread] DEBUG Input                - Clearing active input actions
07:55:32.472 [JavaFX Application Thread] DEBUG GameApplicationServi - Removing overlay from FXGLStartupScene and adding to FXGLLoadingScene
07:55:32.472 [JavaFX Application Thread] DEBUG PrimaryStageWindow   - FXGLStartupScene -> FXGLLoadingScene
07:55:32.472 [JavaFX Application Thread] DEBUG GameApplicationServi - Clearing previous game
07:55:32.472 [JavaFX Application Thread] DEBUG GameScene            - Clearing game scene
07:55:32.473 [JavaFX Application Thread] DEBUG GameWorld            - Clearing game world
07:55:32.473 [JavaFX Application Thread] DEBUG PhysicsWorld         - Clearing physics world
07:55:32.476 [FXGL Background Thread 1 ] DEBUG FXGLApplication      - Initializing game
07:55:32.493 [FXGL Background Thread 1 ] DEBUG FXGLAssetLoaderServi - Loading from file system: file:/C:/Users/Seth/Desktop/Aura/assets/textures/COMPONENT_WALLPAPER.jpg
07:55:32.575 [FXGL Background Thread 1 ] DEBUG FXGLAssetLoaderServi - Loading from file system: file:/C:/Users/Seth/Desktop/Aura/assets/textures/COMPONENT_PLAY.png
07:55:32.588 [FXGL Background Thread 1 ] DEBUG FXGLAssetLoaderServi - Loading from file system: file:/C:/Users/Seth/Desktop/Aura/assets/textures/COMPONENT_TITLE.png
07:55:32.596 [FXGL Background Thread 1 ] INFO  FXGLApplication      - Game initialization took: 0.120 sec
07:55:32.600 [JavaFX Application Thread] DEBUG Input                - Clearing active input actions
07:55:32.617 [JavaFX Application Thread] DEBUG GameApplicationServi - Removing overlay from FXGLLoadingScene and adding to GameScene
07:55:32.618 [JavaFX Application Thread] DEBUG PrimaryStageWindow   - FXGLLoadingScene -> GameScene
07:55:33.070 [FXGL Background Thread 4 ] DEBUG FXGLAssetLoaderServi - Loading from file system: jar:file:/C:/Users/Seth/.m2/repository/com/github/almasb/fxgl/11.17/fxgl-11.17.jar!/fxglassets/ui/fonts/Abel-Regular.ttf
07:55:33.081 [FXGL Background Thread 4 ] DEBUG FXGLAssetLoaderServi - Loading from file system: jar:file:/C:/Users/Seth/.m2/repository/com/github/almasb/fxgl/11.17/fxgl-11.17.jar!/fxglassets/ui/fonts/lucida_console.ttf
07:55:33.092 [FXGL Background Thread 4 ] DEBUG FXGLAssetLoaderServi - Loading from file system: jar:file:/C:/Users/Seth/.m2/repository/com/github/almasb/fxgl/11.17/fxgl-11.17.jar!/fxglassets/ui/fonts/Courier-Prime.ttf
07:55:33.111 [JavaFX Application Thread] DEBUG FXGLApplication      - Registering font factories with UI factory
07:55:35.275 [FXGL Background Thread 3 ] DEBUG Engine               - Logging environment variables
07:55:35.278 [FXGL Background Thread 3 ] DEBUG Engine               - achievements: []
07:55:35.278 [FXGL Background Thread 3 ] DEBUG Engine               - actualHeight: 815.0
07:55:35.278 [FXGL Background Thread 3 ] DEBUG Engine               - actualHeightProperty: ReadOnlyDoubleProperty [value: 815.0]
07:55:35.279 [FXGL Background Thread 3 ] DEBUG Engine               - actualWidth: 1425.0
07:55:35.279 [FXGL Background Thread 3 ] DEBUG Engine               - actualWidthProperty: ReadOnlyDoubleProperty [value: 1425.0]
07:55:35.279 [FXGL Background Thread 3 ] DEBUG Engine               - appIcon: fxgl_icon.png
07:55:35.279 [FXGL Background Thread 3 ] DEBUG Engine               - applicationMode: DEVELOPER
07:55:35.279 [FXGL Background Thread 3 ] DEBUG Engine               - cSSList: [fxgl_dark.css]
07:55:35.279 [FXGL Background Thread 3 ] DEBUG Engine               - collisionDetectionStrategy: BRUTE_FORCE
07:55:35.279 [FXGL Background Thread 3 ] DEBUG Engine               - configClass: Optional.empty
07:55:35.279 [FXGL Background Thread 3 ] DEBUG Engine               - credits: []
07:55:35.279 [FXGL Background Thread 3 ] DEBUG Engine               - defaultCursor: CursorInfo(imageName=fxgl_default_cursor.png, hotspotX=7.0, hotspotY=6.0)
07:55:35.279 [FXGL Background Thread 3 ] DEBUG Engine               - devBBoxColorProperty: ObjectProperty [value: 0xff0000ff]
07:55:35.280 [FXGL Background Thread 3 ] DEBUG Engine               - devEnableDebugCameraProperty: BooleanProperty [value: false]
07:55:35.280 [FXGL Background Thread 3 ] DEBUG Engine               - devSensorColorProperty: ObjectProperty [value: 0xffff00ff]
07:55:35.280 [FXGL Background Thread 3 ] DEBUG Engine               - devShowBBoxProperty: BooleanProperty [value: false]
07:55:35.280 [FXGL Background Thread 3 ] DEBUG Engine               - devShowPositionProperty: BooleanProperty [value: false]
07:55:35.280 [FXGL Background Thread 3 ] DEBUG Engine               - enabledMenuItems: []
07:55:35.280 [FXGL Background Thread 3 ] DEBUG Engine               - engineServices: [class com.almasb.fxgl.app.services.FXGLAssetLoaderService, class com.almasb.fxgl.app.FXGLApplication$GameApplicationService, class com.almasb.fxgl.app.services.FXGLDialogService, class com.almasb.fxgl.app.services.IOTaskExecutorService, class com.almasb.fxgl.io.FileSystemService, class com.almasb.fxgl.localization.LocalizationService, class com.almasb.fxgl.app.services.SystemBundleService, class com.almasb.fxgl.profile.SaveLoadService, class com.almasb.fxgl.ui.FXGLUIFactoryServiceProvider, class com.almasb.fxgl.ui.FXGLDialogFactoryServiceProvider, class com.almasb.fxgl.audio.AudioPlayer, class com.almasb.fxgl.notification.impl.NotificationServiceProvider, class com.almasb.fxgl.achievement.AchievementService, class com.almasb.fxgl.cutscene.CutsceneService, class com.almasb.fxgl.minigames.MiniGameService, class com.almasb.fxgl.net.NetService, class com.almasb.fxgl.app.services.UpdaterService, class com.almasb.fxgl.dev.DevService]
07:55:35.280 [FXGL Background Thread 3 ] DEBUG Engine               - fontGame: Abel-Regular.ttf
07:55:35.280 [FXGL Background Thread 3 ] DEBUG Engine               - fontMono: lucida_console.ttf
07:55:35.280 [FXGL Background Thread 3 ] DEBUG Engine               - fontText: Courier-Prime.ttf
07:55:35.280 [FXGL Background Thread 3 ] DEBUG Engine               - fontUI: VarelaRound-Regular.ttf
07:55:35.281 [FXGL Background Thread 3 ] DEBUG Engine               - fullScreen: BooleanProperty [value: false]
07:55:35.281 [FXGL Background Thread 3 ] DEBUG Engine               - gameDifficulty: MEDIUM
07:55:35.281 [FXGL Background Thread 3 ] DEBUG Engine               - gameDifficultyProperty: ObjectProperty [value: MEDIUM]
07:55:35.281 [FXGL Background Thread 3 ] DEBUG Engine               - globalMusicVolume: 0.5
07:55:35.281 [FXGL Background Thread 3 ] DEBUG Engine               - globalMusicVolumeProperty: DoubleProperty [value: 0.5]
07:55:35.281 [FXGL Background Thread 3 ] DEBUG Engine               - globalSoundVolume: 0.5
07:55:35.281 [FXGL Background Thread 3 ] DEBUG Engine               - globalSoundVolumeProperty: DoubleProperty [value: 0.5]
07:55:35.281 [FXGL Background Thread 3 ] DEBUG Engine               - height: 1080
07:55:35.281 [FXGL Background Thread 3 ] DEBUG Engine               - is3D: false
07:55:35.281 [FXGL Background Thread 3 ] DEBUG Engine               - isAndroid: false
07:55:35.281 [FXGL Background Thread 3 ] DEBUG Engine               - isBrowser: false
07:55:35.281 [FXGL Background Thread 3 ] DEBUG Engine               - isClickFeedbackEnabled: false
07:55:35.281 [FXGL Background Thread 3 ] DEBUG Engine               - isCloseConfirmation: false
07:55:35.281 [FXGL Background Thread 3 ] DEBUG Engine               - isDesktop: true
07:55:35.282 [FXGL Background Thread 3 ] DEBUG Engine               - isDeveloperMenuEnabled: false
07:55:35.282 [FXGL Background Thread 3 ] DEBUG Engine               - isEntityPreloadEnabled: true
07:55:35.282 [FXGL Background Thread 3 ] DEBUG Engine               - isExperimentalTiledLargeMap: false
07:55:35.282 [FXGL Background Thread 3 ] DEBUG Engine               - isFileSystemWriteAllowed: true
07:55:35.282 [FXGL Background Thread 3 ] DEBUG Engine               - isFullScreenAllowed: false
07:55:35.282 [FXGL Background Thread 3 ] DEBUG Engine               - isFullScreenFromStart: false
07:55:35.282 [FXGL Background Thread 3 ] DEBUG Engine               - isGameMenuEnabled: true
07:55:35.282 [FXGL Background Thread 3 ] DEBUG Engine               - isIOS: false
07:55:35.282 [FXGL Background Thread 3 ] DEBUG Engine               - isIntroEnabled: false
07:55:35.283 [FXGL Background Thread 3 ] DEBUG Engine               - isLinux: false
07:55:35.283 [FXGL Background Thread 3 ] DEBUG Engine               - isMac: false
07:55:35.283 [FXGL Background Thread 3 ] DEBUG Engine               - isMainMenuEnabled: false
07:55:35.283 [FXGL Background Thread 3 ] DEBUG Engine               - isManualResizeEnabled: false
07:55:35.283 [FXGL Background Thread 3 ] DEBUG Engine               - isMobile: false
07:55:35.283 [FXGL Background Thread 3 ] DEBUG Engine               - isNative: false
07:55:35.284 [FXGL Background Thread 3 ] DEBUG Engine               - isPauseMusicWhenMinimized: true
07:55:35.284 [FXGL Background Thread 3 ] DEBUG Engine               - isPreserveResizeRatio: false
07:55:35.284 [FXGL Background Thread 3 ] DEBUG Engine               - isProfilingEnabled: false
07:55:35.284 [FXGL Background Thread 3 ] DEBUG Engine               - isScaleAffectedOnResize: true
07:55:35.284 [FXGL Background Thread 3 ] DEBUG Engine               - isSingleStep: false
07:55:35.284 [FXGL Background Thread 3 ] DEBUG Engine               - isUserProfileEnabled: false
07:55:35.284 [FXGL Background Thread 3 ] DEBUG Engine               - isWindows: true
07:55:35.284 [FXGL Background Thread 3 ] DEBUG Engine               - language: ObjectProperty [value: ENGLISH]
07:55:35.284 [FXGL Background Thread 3 ] DEBUG Engine               - menuKey: ESCAPE
07:55:35.284 [FXGL Background Thread 3 ] DEBUG Engine               - mouseSensitivity: 0.2
07:55:35.284 [FXGL Background Thread 3 ] DEBUG Engine               - notificationViewClass: class com.almasb.fxgl.notification.view.XboxNotificationView
07:55:35.285 [FXGL Background Thread 3 ] DEBUG Engine               - pixelsPerMeter: 50.0
07:55:35.285 [FXGL Background Thread 3 ] DEBUG Engine               - platform: WINDOWS
07:55:35.285 [FXGL Background Thread 3 ] DEBUG Engine               - prefHeightProperty: ReadOnlyDoubleProperty [value: 1080.0]
07:55:35.285 [FXGL Background Thread 3 ] DEBUG Engine               - prefWidthProperty: ReadOnlyDoubleProperty [value: 1920.0]
07:55:35.285 [FXGL Background Thread 3 ] DEBUG Engine               - profileDir: profiles/
07:55:35.285 [FXGL Background Thread 3 ] DEBUG Engine               - profileName: StringProperty [value: DEFAULT]
07:55:35.285 [FXGL Background Thread 3 ] DEBUG Engine               - randomSeed: -1
07:55:35.285 [FXGL Background Thread 3 ] DEBUG Engine               - runtimeInfo: RuntimeInfo(platform=WINDOWS, version=11.17, build=16.07.2021 15.46)
07:55:35.285 [FXGL Background Thread 3 ] DEBUG Engine               - saveFileExt: sav
07:55:35.286 [FXGL Background Thread 3 ] DEBUG Engine               - scaledHeightProp$fxgl: DoubleProperty [bound, value: 815.0]
07:55:35.286 [FXGL Background Thread 3 ] DEBUG Engine               - scaledWidthProp$fxgl: DoubleProperty [bound, value: 1425.0]
07:55:35.286 [FXGL Background Thread 3 ] DEBUG Engine               - sceneFactory: com.almasb.fxgl.app.scene.SceneFactory@735364cd
07:55:35.286 [FXGL Background Thread 3 ] DEBUG Engine               - secondsIn24h: 60
07:55:35.286 [FXGL Background Thread 3 ] DEBUG Engine               - soundMenuBack: menu/back.wav
07:55:35.286 [FXGL Background Thread 3 ] DEBUG Engine               - soundMenuPress: menu/press.wav
07:55:35.286 [FXGL Background Thread 3 ] DEBUG Engine               - soundMenuSelect: menu/select.wav
07:55:35.286 [FXGL Background Thread 3 ] DEBUG Engine               - soundNotification: core/notification.wav
07:55:35.286 [FXGL Background Thread 3 ] DEBUG Engine               - stageStyle: DECORATED
07:55:35.286 [FXGL Background Thread 3 ] DEBUG Engine               - supportedLanguages: [ENGLISH, FRENCH, GERMAN, HUNGARIAN, RUSSIAN]
07:55:35.286 [FXGL Background Thread 3 ] DEBUG Engine               - ticksPerSecond: -1
07:55:35.286 [FXGL Background Thread 3 ] DEBUG Engine               - title: Aura
07:55:35.286 [FXGL Background Thread 3 ] DEBUG Engine               - urlGithub: https://github.com/AlmasB/FXGL
07:55:35.286 [FXGL Background Thread 3 ] DEBUG Engine               - urlLeaderboard: http://fxgl-top.herokuapp.com/
07:55:35.286 [FXGL Background Thread 3 ] DEBUG Engine               - urlPOM: https://raw.githubusercontent.com/AlmasB/FXGL/release/README.md
07:55:35.286 [FXGL Background Thread 3 ] DEBUG Engine               - userAppClass: class aura.AuraApp
07:55:35.287 [FXGL Background Thread 3 ] DEBUG Engine               - version: 
07:55:35.287 [FXGL Background Thread 3 ] DEBUG Engine               - versionCheckDays: 7
07:55:35.287 [FXGL Background Thread 3 ] DEBUG Engine               - width: 1920
07:55:35.287 [FXGL Background Thread 3 ] DEBUG Engine               - Logging services
07:55:35.287 [FXGL Background Thread 3 ] DEBUG Engine               - class com.almasb.fxgl.app.services.FXGLAssetLoaderService
07:55:35.287 [FXGL Background Thread 3 ] DEBUG Engine               - class com.almasb.fxgl.app.FXGLApplication$GameApplicationService
07:55:35.287 [FXGL Background Thread 3 ] DEBUG Engine               - class com.almasb.fxgl.app.services.FXGLDialogService
07:55:35.287 [FXGL Background Thread 3 ] DEBUG Engine               - class com.almasb.fxgl.app.services.IOTaskExecutorService
07:55:35.287 [FXGL Background Thread 3 ] DEBUG Engine               - class com.almasb.fxgl.io.FileSystemService
07:55:35.287 [FXGL Background Thread 3 ] DEBUG Engine               - class com.almasb.fxgl.localization.LocalizationService
07:55:35.287 [FXGL Background Thread 3 ] DEBUG Engine               - class com.almasb.fxgl.app.services.SystemBundleService
07:55:35.287 [FXGL Background Thread 3 ] DEBUG Engine               - class com.almasb.fxgl.profile.SaveLoadService
07:55:35.287 [FXGL Background Thread 3 ] DEBUG Engine               - class com.almasb.fxgl.ui.FXGLUIFactoryServiceProvider
07:55:35.287 [FXGL Background Thread 3 ] DEBUG Engine               - class com.almasb.fxgl.ui.FXGLDialogFactoryServiceProvider
07:55:35.287 [FXGL Background Thread 3 ] DEBUG Engine               - class com.almasb.fxgl.audio.AudioPlayer
07:55:35.287 [FXGL Background Thread 3 ] DEBUG Engine               - class com.almasb.fxgl.notification.impl.NotificationServiceProvider
07:55:35.288 [FXGL Background Thread 3 ] DEBUG Engine               - class com.almasb.fxgl.achievement.AchievementService
07:55:35.288 [FXGL Background Thread 3 ] DEBUG Engine               - class com.almasb.fxgl.cutscene.CutsceneService
07:55:35.288 [FXGL Background Thread 3 ] DEBUG Engine               - class com.almasb.fxgl.minigames.MiniGameService
07:55:35.288 [FXGL Background Thread 3 ] DEBUG Engine               - class com.almasb.fxgl.net.NetService
07:55:35.288 [FXGL Background Thread 3 ] DEBUG Engine               - class com.almasb.fxgl.app.services.UpdaterService
07:55:35.288 [FXGL Background Thread 3 ] DEBUG Engine               - class com.almasb.fxgl.dev.DevService
07:56:00.620 [JavaFX Application Thread] DEBUG FXGLApplication      - Exiting FXGL
07:56:00.620 [JavaFX Application Thread] DEBUG LoopRunner           - Stopping loop
07:56:00.620 [JavaFX Application Thread] DEBUG SystemBundleService  - Saving FXGL system data
07:56:00.630 [JavaFX Application Thread] DEBUG FileSystemAccess     - Writing to: C:\Users\Seth\Desktop\MyWebsite\Aura\system\fxgl.bundle
07:56:00.630 [JavaFX Application Thread] DEBUG Async                - Shutting down background threads
07:56:00.630 [JavaFX Application Thread] DEBUG PrimaryStageWindow   - Closing main window
07:56:00.674 [JavaFX Application Thread] DEBUG Logger               - Closing Logger
