09:40:23.829 [main                     ] DEBUG Logger               - Configured Logger
09:40:23.840 [main                     ] DEBUG GameApplication      - Logging settings
Title: Aura
Version: 
Width: 1920
Height: 1080
Fullscreen: false
Intro: false
Profiling: false
Single step:false
App Mode: DEVELOPER
Menu Key: ESCAPE
Stage Style: DECORATED
Scene Factory: class com.almasb.fxgl.app.scene.SceneFactory

09:40:24.206 [JavaFX Application Thread] DEBUG FXGLApplication      - Initializing FXGL
09:40:24.208 [JavaFX Application Thread] INFO  Engine               - FXGL-11.17 (16.07.2021 15.46) on WINDOWS (J:11.0.13 FX:16)
09:40:24.209 [JavaFX Application Thread] DEBUG Engine               - JRE Vendor Name: Eclipse Adoptium
09:40:24.209 [JavaFX Application Thread] DEBUG Engine               - Running on OS: Windows 10 version 10.0
09:40:24.209 [JavaFX Application Thread] DEBUG Engine               - Architecture: amd64
09:40:24.209 [JavaFX Application Thread] INFO  Engine               - Source code and latest versions at: https://github.com/AlmasB/FXGL
09:40:24.209 [JavaFX Application Thread] INFO  Engine               -              Join the FXGL chat at: https://gitter.im/AlmasB/FXGL
09:40:24.265 [JavaFX Application Thread] DEBUG PrimaryStageWindow   - Creating a JavaFX scene
09:40:24.265 [JavaFX Application Thread] DEBUG PrimaryStageWindow   - Target size > screen size
09:40:24.324 [JavaFX Application Thread] DEBUG PrimaryStageWindow   - Target settings size: 1920.0 x 1080.0
09:40:24.324 [JavaFX Application Thread] DEBUG PrimaryStageWindow   - Scaled scene size:    1425.0 x 815.0
09:40:24.325 [JavaFX Application Thread] DEBUG PrimaryStageWindow   - Scaled ratio: (0.7421875, 0.7546296296296297)
09:40:24.326 [JavaFX Application Thread] DEBUG PrimaryStageWindow   - Set initial scene to FXGLStartupScene
09:40:24.334 [JavaFX Application Thread] DEBUG PrimaryStageWindow   - Opening main window
09:40:24.433 [JavaFX Application Thread] DEBUG PrimaryStageWindow   - Window border size: (15.0, 37.79998779296875)
09:40:24.433 [JavaFX Application Thread] DEBUG PrimaryStageWindow   - Scaled size: 1425.0 x 815.0
09:40:24.433 [JavaFX Application Thread] DEBUG PrimaryStageWindow   - Scaled ratio: (0.7421875, 0.7546296296296297)
09:40:24.433 [JavaFX Application Thread] DEBUG PrimaryStageWindow   - Scene size: 1425.0 x 815.0
09:40:24.433 [JavaFX Application Thread] DEBUG PrimaryStageWindow   - Stage size: 1440.0 x 852.7999877929688
09:40:24.441 [FXGL Background Thread 1 ] DEBUG Engine               - Initializing environment variables
09:40:24.540 [FXGL Background Thread 1 ] DEBUG FXGLAssetLoaderServi - User app class for loading assets: class aura.AuraApp
09:40:24.541 [FXGL Background Thread 1 ] DEBUG GameApplicationServi - Applying CSS: fxgl_dark.css
09:40:24.541 [FXGL Background Thread 1 ] DEBUG FXGLAssetLoaderServi - Loading from file system: jar:file:/C:/Users/Seth/.m2/repository/com/github/almasb/fxgl/11.17/fxgl-11.17.jar!/fxglassets/ui/css/fxgl_dark.css
09:40:24.595 [FXGL Background Thread 1 ] DEBUG GameApplicationServi - Initializing application scenes
09:40:24.664 [FXGL Background Thread 1 ] DEBUG GameWorld            - Game world initialized
09:40:24.757 [FXGL Background Thread 1 ] DEBUG PhysicsWorld         - Physics world initialized: appHeight=1080, physics.ppm=50.0
09:40:24.757 [FXGL Background Thread 1 ] DEBUG PhysicsWorld         - Using strategy: BRUTE_FORCE
09:40:24.762 [FXGL Background Thread 1 ] DEBUG GameScene            - Game scene initialized: 1920x1080
09:40:24.779 [FXGL Background Thread 1 ] DEBUG FXGL.DefaultMenu     - createMenuBodyGameMenu()
09:40:24.799 [FXGL Background Thread 1 ] DEBUG FXGL.DefaultMenu     - createOptionsMenu()
09:40:24.810 [FXGL Background Thread 1 ] DEBUG FXGLAssetLoaderServi - Loading from file system: jar:file:/C:/Users/Seth/.m2/repository/com/github/almasb/fxgl/11.17/fxgl-11.17.jar!/fxglassets/textures/particles/smoke.png
09:40:24.915 [FXGL Background Thread 1 ] DEBUG FXGLAssetLoaderServi - Loading from file system: jar:file:/C:/Users/Seth/.m2/repository/com/github/almasb/fxgl/11.17/fxgl-11.17.jar!/fxglassets/textures/particles/trace_horizontal.png
09:40:24.941 [FXGL Background Thread 1 ] DEBUG GameApplicationServi - Application scenes initialized
09:40:24.955 [FXGL Background Thread 1 ] DEBUG SystemBundleService  - Loading FXGL system data
09:40:24.959 [FXGL Background Thread 1 ] DEBUG FileSystemAccess     - Reading from: C:\Users\Seth\Desktop\MyWebsite\Aura\system\fxgl.bundle
09:40:24.964 [FXGL Background Thread 1 ] DEBUG SystemBundleService  - Bundle FXGL: {}
09:40:24.964 [FXGL Background Thread 1 ] DEBUG UpdaterService       - Checking for updates
09:40:24.968 [FXGL Background Thread 4 ] DEBUG FXGLApplication      - Loading fonts
09:40:24.969 [FXGL Background Thread 4 ] DEBUG FXGLAssetLoaderServi - Loading from file system: jar:file:/C:/Users/Seth/.m2/repository/com/github/almasb/fxgl/11.17/fxgl-11.17.jar!/fxglassets/ui/fonts/VarelaRound-Regular.ttf
09:40:24.969 [FXGL Background Thread 1 ] DEBUG FXGLApplication      - Loading default localization
09:40:24.970 [FXGL Background Thread 1 ] DEBUG FXGLAssetLoaderServi - Loading from file system: jar:file:/C:/Users/Seth/.m2/repository/com/github/almasb/fxgl/11.17/fxgl-11.17.jar!/fxglassets/languages/english.lang
09:40:24.996 [FXGL Background Thread 1 ] INFO  FXGLApplication      - FXGL initialization took: 0.555 sec
09:40:25.007 [JavaFX Application Thread] DEBUG Input                - Registered new binding: Forward - A
09:40:25.007 [JavaFX Application Thread] DEBUG Input                - Registered new binding: Backward - D
09:40:25.008 [JavaFX Application Thread] DEBUG Input                - Registered new binding: Click - LMB
09:40:25.009 [JavaFX Application Thread] DEBUG FXGLAssetLoaderServi - Loading from file system: jar:file:/C:/Users/Seth/.m2/repository/com/github/almasb/fxgl/11.17/fxgl-11.17.jar!/fxglassets/textures/fxgl_icon.png
09:40:25.035 [JavaFX Application Thread] DEBUG FXGLAssetLoaderServi - Loading from file system: jar:file:/C:/Users/Seth/.m2/repository/com/github/almasb/fxgl/11.17/fxgl-11.17.jar!/fxglassets/textures/fxgl_default_cursor.png
09:40:25.037 [JavaFX Application Thread] DEBUG Input                - Registered new binding: Screenshot - CTRL+8
09:40:25.039 [JavaFX Application Thread] DEBUG Input                - Registered new binding: System info dump - CTRL+9
09:40:25.039 [JavaFX Application Thread] DEBUG Input                - Registered new binding: Restart - CTRL+R
09:40:25.040 [JavaFX Application Thread] DEBUG Input                - Registered new binding: Toggle Debug Camera - CTRL+C
09:40:25.043 [JavaFX Application Thread] DEBUG LoopRunner           - Starting loop
09:40:25.043 [JavaFX Application Thread] DEBUG LoopRunner           - Initializing JavaFX AnimationTimerLoop
09:40:25.047 [JavaFX Application Thread] DEBUG GameApplicationServi - Starting new game
09:40:25.048 [JavaFX Application Thread] DEBUG Input                - Clearing active input actions
09:40:25.066 [JavaFX Application Thread] DEBUG GameApplicationServi - Removing overlay from FXGLStartupScene and adding to FXGLLoadingScene
09:40:25.066 [JavaFX Application Thread] DEBUG PrimaryStageWindow   - FXGLStartupScene -> FXGLLoadingScene
09:40:25.067 [JavaFX Application Thread] DEBUG GameApplicationServi - Clearing previous game
09:40:25.067 [JavaFX Application Thread] DEBUG GameScene            - Clearing game scene
09:40:25.067 [JavaFX Application Thread] DEBUG GameWorld            - Clearing game world
09:40:25.067 [JavaFX Application Thread] DEBUG PhysicsWorld         - Clearing physics world
09:40:25.069 [FXGL Background Thread 1 ] DEBUG FXGLApplication      - Initializing game
09:40:25.092 [FXGL Background Thread 1 ] INFO  FXGLApplication      - Game initialization took: 0.023 sec
09:40:25.132 [JavaFX Application Thread] DEBUG Input                - Clearing active input actions
09:40:25.144 [JavaFX Application Thread] DEBUG GameApplicationServi - Removing overlay from FXGLLoadingScene and adding to GameScene
09:40:25.144 [JavaFX Application Thread] DEBUG PrimaryStageWindow   - FXGLLoadingScene -> GameScene
09:40:25.428 [FXGL Background Thread 4 ] DEBUG FXGLAssetLoaderServi - Loading from file system: jar:file:/C:/Users/Seth/.m2/repository/com/github/almasb/fxgl/11.17/fxgl-11.17.jar!/fxglassets/ui/fonts/Abel-Regular.ttf
09:40:25.432 [FXGL Background Thread 4 ] DEBUG FXGLAssetLoaderServi - Loading from file system: jar:file:/C:/Users/Seth/.m2/repository/com/github/almasb/fxgl/11.17/fxgl-11.17.jar!/fxglassets/ui/fonts/lucida_console.ttf
09:40:25.436 [FXGL Background Thread 4 ] DEBUG FXGLAssetLoaderServi - Loading from file system: jar:file:/C:/Users/Seth/.m2/repository/com/github/almasb/fxgl/11.17/fxgl-11.17.jar!/fxglassets/ui/fonts/Courier-Prime.ttf
09:40:25.439 [FXGL Background Thread 2 ] WARN  UpdaterService       - Failed to find updates: java.net.UnknownHostException: raw.githubusercontent.com
09:40:25.442 [JavaFX Application Thread] DEBUG FXGLApplication      - Registering font factories with UI factory
09:40:27.967 [FXGL Background Thread 3 ] DEBUG Engine               - Logging environment variables
09:40:27.968 [FXGL Background Thread 3 ] DEBUG Engine               - achievements: []
09:40:27.968 [FXGL Background Thread 3 ] DEBUG Engine               - actualHeight: 815.0
09:40:27.968 [FXGL Background Thread 3 ] DEBUG Engine               - actualHeightProperty: ReadOnlyDoubleProperty [value: 815.0]
09:40:27.968 [FXGL Background Thread 3 ] DEBUG Engine               - actualWidth: 1425.0
09:40:27.968 [FXGL Background Thread 3 ] DEBUG Engine               - actualWidthProperty: ReadOnlyDoubleProperty [value: 1425.0]
09:40:27.969 [FXGL Background Thread 3 ] DEBUG Engine               - appIcon: fxgl_icon.png
09:40:27.969 [FXGL Background Thread 3 ] DEBUG Engine               - applicationMode: DEVELOPER
09:40:27.969 [FXGL Background Thread 3 ] DEBUG Engine               - cSSList: [fxgl_dark.css]
09:40:27.969 [FXGL Background Thread 3 ] DEBUG Engine               - collisionDetectionStrategy: BRUTE_FORCE
09:40:27.969 [FXGL Background Thread 3 ] DEBUG Engine               - configClass: Optional.empty
09:40:27.969 [FXGL Background Thread 3 ] DEBUG Engine               - credits: []
09:40:27.969 [FXGL Background Thread 3 ] DEBUG Engine               - defaultCursor: CursorInfo(imageName=fxgl_default_cursor.png, hotspotX=7.0, hotspotY=6.0)
09:40:27.970 [FXGL Background Thread 3 ] DEBUG Engine               - devBBoxColorProperty: ObjectProperty [value: 0xff0000ff]
09:40:27.970 [FXGL Background Thread 3 ] DEBUG Engine               - devEnableDebugCameraProperty: BooleanProperty [value: false]
09:40:27.970 [FXGL Background Thread 3 ] DEBUG Engine               - devSensorColorProperty: ObjectProperty [value: 0xffff00ff]
09:40:27.970 [FXGL Background Thread 3 ] DEBUG Engine               - devShowBBoxProperty: BooleanProperty [value: false]
09:40:27.970 [FXGL Background Thread 3 ] DEBUG Engine               - devShowPositionProperty: BooleanProperty [value: false]
09:40:27.970 [FXGL Background Thread 3 ] DEBUG Engine               - enabledMenuItems: []
09:40:27.970 [FXGL Background Thread 3 ] DEBUG Engine               - engineServices: [class com.almasb.fxgl.app.services.FXGLAssetLoaderService, class com.almasb.fxgl.app.FXGLApplication$GameApplicationService, class com.almasb.fxgl.app.services.FXGLDialogService, class com.almasb.fxgl.app.services.IOTaskExecutorService, class com.almasb.fxgl.io.FileSystemService, class com.almasb.fxgl.localization.LocalizationService, class com.almasb.fxgl.app.services.SystemBundleService, class com.almasb.fxgl.profile.SaveLoadService, class com.almasb.fxgl.ui.FXGLUIFactoryServiceProvider, class com.almasb.fxgl.ui.FXGLDialogFactoryServiceProvider, class com.almasb.fxgl.audio.AudioPlayer, class com.almasb.fxgl.notification.impl.NotificationServiceProvider, class com.almasb.fxgl.achievement.AchievementService, class com.almasb.fxgl.cutscene.CutsceneService, class com.almasb.fxgl.minigames.MiniGameService, class com.almasb.fxgl.net.NetService, class com.almasb.fxgl.app.services.UpdaterService, class com.almasb.fxgl.dev.DevService]
09:40:27.970 [FXGL Background Thread 3 ] DEBUG Engine               - fontGame: Abel-Regular.ttf
09:40:27.970 [FXGL Background Thread 3 ] DEBUG Engine               - fontMono: lucida_console.ttf
09:40:27.971 [FXGL Background Thread 3 ] DEBUG Engine               - fontText: Courier-Prime.ttf
09:40:27.971 [FXGL Background Thread 3 ] DEBUG Engine               - fontUI: VarelaRound-Regular.ttf
09:40:27.971 [FXGL Background Thread 3 ] DEBUG Engine               - fullScreen: BooleanProperty [value: false]
09:40:27.971 [FXGL Background Thread 3 ] DEBUG Engine               - gameDifficulty: MEDIUM
09:40:27.971 [FXGL Background Thread 3 ] DEBUG Engine               - gameDifficultyProperty: ObjectProperty [value: MEDIUM]
09:40:27.971 [FXGL Background Thread 3 ] DEBUG Engine               - globalMusicVolume: 0.5
09:40:27.971 [FXGL Background Thread 3 ] DEBUG Engine               - globalMusicVolumeProperty: DoubleProperty [value: 0.5]
09:40:27.971 [FXGL Background Thread 3 ] DEBUG Engine               - globalSoundVolume: 0.5
09:40:27.971 [FXGL Background Thread 3 ] DEBUG Engine               - globalSoundVolumeProperty: DoubleProperty [value: 0.5]
09:40:27.971 [FXGL Background Thread 3 ] DEBUG Engine               - height: 1080
09:40:27.971 [FXGL Background Thread 3 ] DEBUG Engine               - is3D: false
09:40:27.971 [FXGL Background Thread 3 ] DEBUG Engine               - isAndroid: false
09:40:27.972 [FXGL Background Thread 3 ] DEBUG Engine               - isBrowser: false
09:40:27.972 [FXGL Background Thread 3 ] DEBUG Engine               - isClickFeedbackEnabled: false
09:40:27.972 [FXGL Background Thread 3 ] DEBUG Engine               - isCloseConfirmation: false
09:40:27.972 [FXGL Background Thread 3 ] DEBUG Engine               - isDesktop: true
09:40:27.972 [FXGL Background Thread 3 ] DEBUG Engine               - isDeveloperMenuEnabled: false
09:40:27.972 [FXGL Background Thread 3 ] DEBUG Engine               - isEntityPreloadEnabled: true
09:40:27.972 [FXGL Background Thread 3 ] DEBUG Engine               - isExperimentalTiledLargeMap: false
09:40:27.972 [FXGL Background Thread 3 ] DEBUG Engine               - isFileSystemWriteAllowed: true
09:40:27.972 [FXGL Background Thread 3 ] DEBUG Engine               - isFullScreenAllowed: false
09:40:27.972 [FXGL Background Thread 3 ] DEBUG Engine               - isFullScreenFromStart: false
09:40:27.972 [FXGL Background Thread 3 ] DEBUG Engine               - isGameMenuEnabled: true
09:40:27.972 [FXGL Background Thread 3 ] DEBUG Engine               - isIOS: false
09:40:27.973 [FXGL Background Thread 3 ] DEBUG Engine               - isIntroEnabled: false
09:40:27.973 [FXGL Background Thread 3 ] DEBUG Engine               - isLinux: false
09:40:27.973 [FXGL Background Thread 3 ] DEBUG Engine               - isMac: false
09:40:27.973 [FXGL Background Thread 3 ] DEBUG Engine               - isMainMenuEnabled: false
09:40:27.973 [FXGL Background Thread 3 ] DEBUG Engine               - isManualResizeEnabled: false
09:40:27.973 [FXGL Background Thread 3 ] DEBUG Engine               - isMobile: false
09:40:27.973 [FXGL Background Thread 3 ] DEBUG Engine               - isNative: false
09:40:27.973 [FXGL Background Thread 3 ] DEBUG Engine               - isPauseMusicWhenMinimized: true
09:40:27.973 [FXGL Background Thread 3 ] DEBUG Engine               - isPreserveResizeRatio: false
09:40:27.973 [FXGL Background Thread 3 ] DEBUG Engine               - isProfilingEnabled: false
09:40:27.974 [FXGL Background Thread 3 ] DEBUG Engine               - isScaleAffectedOnResize: true
09:40:27.974 [FXGL Background Thread 3 ] DEBUG Engine               - isSingleStep: false
09:40:27.974 [FXGL Background Thread 3 ] DEBUG Engine               - isUserProfileEnabled: false
09:40:27.974 [FXGL Background Thread 3 ] DEBUG Engine               - isWindows: true
09:40:27.974 [FXGL Background Thread 3 ] DEBUG Engine               - language: ObjectProperty [value: ENGLISH]
09:40:27.974 [FXGL Background Thread 3 ] DEBUG Engine               - menuKey: ESCAPE
09:40:27.974 [FXGL Background Thread 3 ] DEBUG Engine               - mouseSensitivity: 0.2
09:40:27.974 [FXGL Background Thread 3 ] DEBUG Engine               - notificationViewClass: class com.almasb.fxgl.notification.view.XboxNotificationView
09:40:27.974 [FXGL Background Thread 3 ] DEBUG Engine               - pixelsPerMeter: 50.0
09:40:27.974 [FXGL Background Thread 3 ] DEBUG Engine               - platform: WINDOWS
09:40:27.975 [FXGL Background Thread 3 ] DEBUG Engine               - prefHeightProperty: ReadOnlyDoubleProperty [value: 1080.0]
09:40:27.975 [FXGL Background Thread 3 ] DEBUG Engine               - prefWidthProperty: ReadOnlyDoubleProperty [value: 1920.0]
09:40:27.975 [FXGL Background Thread 3 ] DEBUG Engine               - profileDir: profiles/
09:40:27.975 [FXGL Background Thread 3 ] DEBUG Engine               - profileName: StringProperty [value: DEFAULT]
09:40:27.975 [FXGL Background Thread 3 ] DEBUG Engine               - randomSeed: -1
09:40:27.975 [FXGL Background Thread 3 ] DEBUG Engine               - runtimeInfo: RuntimeInfo(platform=WINDOWS, version=11.17, build=16.07.2021 15.46)
09:40:27.975 [FXGL Background Thread 3 ] DEBUG Engine               - saveFileExt: sav
09:40:27.975 [FXGL Background Thread 3 ] DEBUG Engine               - scaledHeightProp$fxgl: DoubleProperty [bound, value: 815.0]
09:40:27.976 [FXGL Background Thread 3 ] DEBUG Engine               - scaledWidthProp$fxgl: DoubleProperty [bound, value: 1425.0]
09:40:27.976 [FXGL Background Thread 3 ] DEBUG Engine               - sceneFactory: com.almasb.fxgl.app.scene.SceneFactory@36bf4e09
09:40:27.976 [FXGL Background Thread 3 ] DEBUG Engine               - secondsIn24h: 60
09:40:27.976 [FXGL Background Thread 3 ] DEBUG Engine               - soundMenuBack: menu/back.wav
09:40:27.976 [FXGL Background Thread 3 ] DEBUG Engine               - soundMenuPress: menu/press.wav
09:40:27.976 [FXGL Background Thread 3 ] DEBUG Engine               - soundMenuSelect: menu/select.wav
09:40:27.976 [FXGL Background Thread 3 ] DEBUG Engine               - soundNotification: core/notification.wav
09:40:27.976 [FXGL Background Thread 3 ] DEBUG Engine               - stageStyle: DECORATED
09:40:27.976 [FXGL Background Thread 3 ] DEBUG Engine               - supportedLanguages: [ENGLISH, FRENCH, GERMAN, HUNGARIAN, RUSSIAN]
09:40:27.977 [FXGL Background Thread 3 ] DEBUG Engine               - ticksPerSecond: -1
09:40:27.977 [FXGL Background Thread 3 ] DEBUG Engine               - title: Aura
09:40:27.977 [FXGL Background Thread 3 ] DEBUG Engine               - urlGithub: https://github.com/AlmasB/FXGL
09:40:27.977 [FXGL Background Thread 3 ] DEBUG Engine               - urlLeaderboard: http://fxgl-top.herokuapp.com/
09:40:27.977 [FXGL Background Thread 3 ] DEBUG Engine               - urlPOM: https://raw.githubusercontent.com/AlmasB/FXGL/release/README.md
09:40:27.977 [FXGL Background Thread 3 ] DEBUG Engine               - userAppClass: class aura.AuraApp
09:40:27.977 [FXGL Background Thread 3 ] DEBUG Engine               - version: 
09:40:27.977 [FXGL Background Thread 3 ] DEBUG Engine               - versionCheckDays: 7
09:40:27.977 [FXGL Background Thread 3 ] DEBUG Engine               - width: 1920
09:40:27.977 [FXGL Background Thread 3 ] DEBUG Engine               - Logging services
09:40:27.977 [FXGL Background Thread 3 ] DEBUG Engine               - class com.almasb.fxgl.app.services.FXGLAssetLoaderService
09:40:27.977 [FXGL Background Thread 3 ] DEBUG Engine               - class com.almasb.fxgl.app.FXGLApplication$GameApplicationService
09:40:27.977 [FXGL Background Thread 3 ] DEBUG Engine               - class com.almasb.fxgl.app.services.FXGLDialogService
09:40:27.977 [FXGL Background Thread 3 ] DEBUG Engine               - class com.almasb.fxgl.app.services.IOTaskExecutorService
09:40:27.977 [FXGL Background Thread 3 ] DEBUG Engine               - class com.almasb.fxgl.io.FileSystemService
09:40:27.977 [FXGL Background Thread 3 ] DEBUG Engine               - class com.almasb.fxgl.localization.LocalizationService
09:40:27.977 [FXGL Background Thread 3 ] DEBUG Engine               - class com.almasb.fxgl.app.services.SystemBundleService
09:40:27.978 [FXGL Background Thread 3 ] DEBUG Engine               - class com.almasb.fxgl.profile.SaveLoadService
09:40:27.978 [FXGL Background Thread 3 ] DEBUG Engine               - class com.almasb.fxgl.ui.FXGLUIFactoryServiceProvider
09:40:27.978 [FXGL Background Thread 3 ] DEBUG Engine               - class com.almasb.fxgl.ui.FXGLDialogFactoryServiceProvider
09:40:27.978 [FXGL Background Thread 3 ] DEBUG Engine               - class com.almasb.fxgl.audio.AudioPlayer
09:40:27.978 [FXGL Background Thread 3 ] DEBUG Engine               - class com.almasb.fxgl.notification.impl.NotificationServiceProvider
09:40:27.978 [FXGL Background Thread 3 ] DEBUG Engine               - class com.almasb.fxgl.achievement.AchievementService
09:40:27.978 [FXGL Background Thread 3 ] DEBUG Engine               - class com.almasb.fxgl.cutscene.CutsceneService
09:40:27.978 [FXGL Background Thread 3 ] DEBUG Engine               - class com.almasb.fxgl.minigames.MiniGameService
09:40:27.978 [FXGL Background Thread 3 ] DEBUG Engine               - class com.almasb.fxgl.net.NetService
09:40:27.979 [FXGL Background Thread 3 ] DEBUG Engine               - class com.almasb.fxgl.app.services.UpdaterService
09:40:27.979 [FXGL Background Thread 3 ] DEBUG Engine               - class com.almasb.fxgl.dev.DevService
09:40:49.207 [JavaFX Application Thread] DEBUG FXGLApplication      - Exiting FXGL
09:40:49.207 [JavaFX Application Thread] DEBUG LoopRunner           - Stopping loop
09:40:49.207 [JavaFX Application Thread] DEBUG SystemBundleService  - Saving FXGL system data
09:40:49.211 [JavaFX Application Thread] DEBUG FileSystemAccess     - Writing to: C:\Users\Seth\Desktop\MyWebsite\Aura\system\fxgl.bundle
09:40:49.214 [JavaFX Application Thread] DEBUG Async                - Shutting down background threads
09:40:49.215 [JavaFX Application Thread] DEBUG PrimaryStageWindow   - Closing main window
09:40:49.233 [JavaFX Application Thread] DEBUG Logger               - Closing Logger
