07:56:56.688 [main                     ] DEBUG Logger               - Configured Logger
07:56:56.694 [main                     ] DEBUG GameApplication      - Logging settings
Title: Aura
Version: 
Width: 1920
Height: 1080
Fullscreen: false
Intro: false
Profiling: false
Single step:false
App Mode: DEVELOPER
Menu Key: ESCAPE
Stage Style: DECORATED
Scene Factory: class com.almasb.fxgl.app.scene.SceneFactory

07:56:57.131 [JavaFX Application Thread] DEBUG FXGLApplication      - Initializing FXGL
07:56:57.137 [JavaFX Application Thread] INFO  Engine               - FXGL-11.17 (16.07.2021 15.46) on WINDOWS (J:11.0.13 FX:16)
07:56:57.138 [JavaFX Application Thread] DEBUG Engine               - JRE Vendor Name: Eclipse Adoptium
07:56:57.138 [JavaFX Application Thread] DEBUG Engine               - Running on OS: Windows 10 version 10.0
07:56:57.138 [JavaFX Application Thread] DEBUG Engine               - Architecture: amd64
07:56:57.138 [JavaFX Application Thread] INFO  Engine               - Source code and latest versions at: https://github.com/AlmasB/FXGL
07:56:57.139 [JavaFX Application Thread] INFO  Engine               -              Join the FXGL chat at: https://gitter.im/AlmasB/FXGL
07:56:57.326 [JavaFX Application Thread] DEBUG PrimaryStageWindow   - Creating a JavaFX scene
07:56:57.327 [JavaFX Application Thread] DEBUG PrimaryStageWindow   - Target size > screen size
07:56:57.525 [JavaFX Application Thread] DEBUG PrimaryStageWindow   - Target settings size: 1920.0 x 1080.0
07:56:57.525 [JavaFX Application Thread] DEBUG PrimaryStageWindow   - Scaled scene size:    1425.0 x 815.0
07:56:57.526 [JavaFX Application Thread] DEBUG PrimaryStageWindow   - Scaled ratio: (0.7421875, 0.7546296296296297)
07:56:57.529 [JavaFX Application Thread] DEBUG PrimaryStageWindow   - Set initial scene to FXGLStartupScene
07:56:57.550 [JavaFX Application Thread] DEBUG PrimaryStageWindow   - Opening main window
07:56:57.698 [JavaFX Application Thread] DEBUG PrimaryStageWindow   - Window border size: (15.0, 37.79998779296875)
07:56:57.698 [JavaFX Application Thread] DEBUG PrimaryStageWindow   - Scaled size: 1425.0 x 815.0
07:56:57.698 [JavaFX Application Thread] DEBUG PrimaryStageWindow   - Scaled ratio: (0.7421875, 0.7546296296296297)
07:56:57.699 [JavaFX Application Thread] DEBUG PrimaryStageWindow   - Scene size: 1425.0 x 815.0
07:56:57.699 [JavaFX Application Thread] DEBUG PrimaryStageWindow   - Stage size: 1440.0 x 852.7999877929688
07:56:57.713 [FXGL Background Thread 1 ] DEBUG Engine               - Initializing environment variables
07:56:57.814 [FXGL Background Thread 1 ] DEBUG FXGLAssetLoaderServi - User app class for loading assets: class aura.AuraApp
07:56:57.814 [FXGL Background Thread 1 ] DEBUG GameApplicationServi - Applying CSS: fxgl_dark.css
07:56:57.815 [FXGL Background Thread 1 ] DEBUG FXGLAssetLoaderServi - Loading from file system: jar:file:/C:/Users/Seth/.m2/repository/com/github/almasb/fxgl/11.17/fxgl-11.17.jar!/fxglassets/ui/css/fxgl_dark.css
07:56:57.893 [FXGL Background Thread 1 ] DEBUG GameApplicationServi - Initializing application scenes
07:56:57.992 [FXGL Background Thread 1 ] DEBUG GameWorld            - Game world initialized
07:56:58.115 [FXGL Background Thread 1 ] DEBUG PhysicsWorld         - Physics world initialized: appHeight=1080, physics.ppm=50.0
07:56:58.116 [FXGL Background Thread 1 ] DEBUG PhysicsWorld         - Using strategy: BRUTE_FORCE
07:56:58.122 [FXGL Background Thread 1 ] DEBUG GameScene            - Game scene initialized: 1920x1080
07:56:58.159 [FXGL Background Thread 1 ] DEBUG FXGL.DefaultMenu     - createMenuBodyGameMenu()
07:56:58.207 [FXGL Background Thread 1 ] DEBUG FXGL.DefaultMenu     - createOptionsMenu()
07:56:58.235 [FXGL Background Thread 1 ] DEBUG FXGLAssetLoaderServi - Loading from file system: jar:file:/C:/Users/Seth/.m2/repository/com/github/almasb/fxgl/11.17/fxgl-11.17.jar!/fxglassets/textures/particles/smoke.png
07:56:58.471 [FXGL Background Thread 1 ] DEBUG FXGLAssetLoaderServi - Loading from file system: jar:file:/C:/Users/Seth/.m2/repository/com/github/almasb/fxgl/11.17/fxgl-11.17.jar!/fxglassets/textures/particles/trace_horizontal.png
07:56:58.532 [FXGL Background Thread 1 ] DEBUG GameApplicationServi - Application scenes initialized
07:56:58.551 [FXGL Background Thread 1 ] DEBUG SystemBundleService  - Loading FXGL system data
07:56:58.559 [FXGL Background Thread 1 ] DEBUG FileSystemAccess     - Reading from: C:\Users\Seth\Desktop\MyWebsite\Aura\system\fxgl.bundle
07:56:58.567 [FXGL Background Thread 1 ] DEBUG SystemBundleService  - Bundle FXGL: {}
07:56:58.567 [FXGL Background Thread 1 ] DEBUG UpdaterService       - Checking for updates
07:56:58.573 [FXGL Background Thread 4 ] DEBUG FXGLApplication      - Loading fonts
07:56:58.573 [FXGL Background Thread 4 ] DEBUG FXGLAssetLoaderServi - Loading from file system: jar:file:/C:/Users/Seth/.m2/repository/com/github/almasb/fxgl/11.17/fxgl-11.17.jar!/fxglassets/ui/fonts/VarelaRound-Regular.ttf
07:56:58.575 [FXGL Background Thread 1 ] DEBUG FXGLApplication      - Loading default localization
07:56:58.576 [FXGL Background Thread 1 ] DEBUG FXGLAssetLoaderServi - Loading from file system: jar:file:/C:/Users/Seth/.m2/repository/com/github/almasb/fxgl/11.17/fxgl-11.17.jar!/fxglassets/languages/english.lang
07:56:58.622 [FXGL Background Thread 1 ] INFO  FXGLApplication      - FXGL initialization took: 0.909 sec
07:56:58.656 [JavaFX Application Thread] DEBUG Input                - Registered new binding: Forward - D
07:56:58.657 [JavaFX Application Thread] DEBUG Input                - Registered new binding: Backward - A
07:56:58.657 [JavaFX Application Thread] DEBUG Input                - Registered new binding: Up - W
07:56:58.659 [JavaFX Application Thread] DEBUG Input                - Registered new binding: Down - S
07:56:58.660 [JavaFX Application Thread] DEBUG FXGLAssetLoaderServi - Loading from file system: jar:file:/C:/Users/Seth/.m2/repository/com/github/almasb/fxgl/11.17/fxgl-11.17.jar!/fxglassets/textures/fxgl_icon.png
07:56:58.707 [JavaFX Application Thread] DEBUG FXGLAssetLoaderServi - Loading from file system: jar:file:/C:/Users/Seth/.m2/repository/com/github/almasb/fxgl/11.17/fxgl-11.17.jar!/fxglassets/textures/fxgl_default_cursor.png
07:56:58.713 [JavaFX Application Thread] DEBUG Input                - Registered new binding: Screenshot - CTRL+8
07:56:58.716 [JavaFX Application Thread] DEBUG Input                - Registered new binding: System info dump - CTRL+9
07:56:58.717 [JavaFX Application Thread] DEBUG Input                - Registered new binding: Restart - CTRL+R
07:56:58.719 [JavaFX Application Thread] DEBUG Input                - Registered new binding: Toggle Debug Camera - CTRL+C
07:56:58.725 [JavaFX Application Thread] DEBUG LoopRunner           - Starting loop
07:56:58.726 [JavaFX Application Thread] DEBUG LoopRunner           - Initializing JavaFX AnimationTimerLoop
07:56:58.738 [JavaFX Application Thread] DEBUG GameApplicationServi - Starting new game
07:56:58.742 [JavaFX Application Thread] DEBUG Input                - Clearing active input actions
07:56:58.805 [JavaFX Application Thread] DEBUG GameApplicationServi - Removing overlay from FXGLStartupScene and adding to FXGLLoadingScene
07:56:58.808 [JavaFX Application Thread] DEBUG PrimaryStageWindow   - FXGLStartupScene -> FXGLLoadingScene
07:56:58.811 [JavaFX Application Thread] DEBUG GameApplicationServi - Clearing previous game
07:56:58.812 [JavaFX Application Thread] DEBUG GameScene            - Clearing game scene
07:56:58.813 [JavaFX Application Thread] DEBUG GameWorld            - Clearing game world
07:56:58.814 [JavaFX Application Thread] DEBUG PhysicsWorld         - Clearing physics world
07:56:58.821 [FXGL Background Thread 1 ] DEBUG FXGLApplication      - Initializing game
07:56:58.854 [FXGL Background Thread 1 ] DEBUG FXGLAssetLoaderServi - Loading from file system: file:/C:/Users/Seth/Desktop/Aura/assets/textures/COMPONENT_WALLPAPER.jpg
07:56:58.971 [FXGL Background Thread 1 ] DEBUG FXGLAssetLoaderServi - Loading from file system: file:/C:/Users/Seth/Desktop/Aura/assets/textures/COMPONENT_PLAY.png
07:56:58.984 [FXGL Background Thread 1 ] DEBUG FXGLAssetLoaderServi - Loading from file system: file:/C:/Users/Seth/Desktop/Aura/assets/textures/COMPONENT_TITLE.png
07:56:58.993 [FXGL Background Thread 1 ] INFO  FXGLApplication      - Game initialization took: 0.172 sec
07:56:59.072 [JavaFX Application Thread] DEBUG Input                - Clearing active input actions
07:56:59.109 [JavaFX Application Thread] DEBUG GameApplicationServi - Removing overlay from FXGLLoadingScene and adding to GameScene
07:56:59.110 [JavaFX Application Thread] DEBUG PrimaryStageWindow   - FXGLLoadingScene -> GameScene
07:56:59.669 [FXGL Background Thread 4 ] DEBUG FXGLAssetLoaderServi - Loading from file system: jar:file:/C:/Users/Seth/.m2/repository/com/github/almasb/fxgl/11.17/fxgl-11.17.jar!/fxglassets/ui/fonts/Abel-Regular.ttf
07:56:59.679 [FXGL Background Thread 4 ] DEBUG FXGLAssetLoaderServi - Loading from file system: jar:file:/C:/Users/Seth/.m2/repository/com/github/almasb/fxgl/11.17/fxgl-11.17.jar!/fxglassets/ui/fonts/lucida_console.ttf
07:56:59.689 [FXGL Background Thread 4 ] DEBUG FXGLAssetLoaderServi - Loading from file system: jar:file:/C:/Users/Seth/.m2/repository/com/github/almasb/fxgl/11.17/fxgl-11.17.jar!/fxglassets/ui/fonts/Courier-Prime.ttf
07:56:59.712 [JavaFX Application Thread] DEBUG FXGLApplication      - Registering font factories with UI factory
07:57:01.572 [FXGL Background Thread 3 ] DEBUG Engine               - Logging environment variables
07:57:01.574 [FXGL Background Thread 3 ] DEBUG Engine               - achievements: []
07:57:01.574 [FXGL Background Thread 3 ] DEBUG Engine               - actualHeight: 815.0
07:57:01.574 [FXGL Background Thread 3 ] DEBUG Engine               - actualHeightProperty: ReadOnlyDoubleProperty [value: 815.0]
07:57:01.574 [FXGL Background Thread 3 ] DEBUG Engine               - actualWidth: 1425.0
07:57:01.575 [FXGL Background Thread 3 ] DEBUG Engine               - actualWidthProperty: ReadOnlyDoubleProperty [value: 1425.0]
07:57:01.575 [FXGL Background Thread 3 ] DEBUG Engine               - appIcon: fxgl_icon.png
07:57:01.575 [FXGL Background Thread 3 ] DEBUG Engine               - applicationMode: DEVELOPER
07:57:01.575 [FXGL Background Thread 3 ] DEBUG Engine               - cSSList: [fxgl_dark.css]
07:57:01.575 [FXGL Background Thread 3 ] DEBUG Engine               - collisionDetectionStrategy: BRUTE_FORCE
07:57:01.575 [FXGL Background Thread 3 ] DEBUG Engine               - configClass: Optional.empty
07:57:01.575 [FXGL Background Thread 3 ] DEBUG Engine               - credits: []
07:57:01.575 [FXGL Background Thread 3 ] DEBUG Engine               - defaultCursor: CursorInfo(imageName=fxgl_default_cursor.png, hotspotX=7.0, hotspotY=6.0)
07:57:01.576 [FXGL Background Thread 3 ] DEBUG Engine               - devBBoxColorProperty: ObjectProperty [value: 0xff0000ff]
07:57:01.576 [FXGL Background Thread 3 ] DEBUG Engine               - devEnableDebugCameraProperty: BooleanProperty [value: false]
07:57:01.576 [FXGL Background Thread 3 ] DEBUG Engine               - devSensorColorProperty: ObjectProperty [value: 0xffff00ff]
07:57:01.576 [FXGL Background Thread 3 ] DEBUG Engine               - devShowBBoxProperty: BooleanProperty [value: false]
07:57:01.576 [FXGL Background Thread 3 ] DEBUG Engine               - devShowPositionProperty: BooleanProperty [value: false]
07:57:01.576 [FXGL Background Thread 3 ] DEBUG Engine               - enabledMenuItems: []
07:57:01.576 [FXGL Background Thread 3 ] DEBUG Engine               - engineServices: [class com.almasb.fxgl.app.services.FXGLAssetLoaderService, class com.almasb.fxgl.app.FXGLApplication$GameApplicationService, class com.almasb.fxgl.app.services.FXGLDialogService, class com.almasb.fxgl.app.services.IOTaskExecutorService, class com.almasb.fxgl.io.FileSystemService, class com.almasb.fxgl.localization.LocalizationService, class com.almasb.fxgl.app.services.SystemBundleService, class com.almasb.fxgl.profile.SaveLoadService, class com.almasb.fxgl.ui.FXGLUIFactoryServiceProvider, class com.almasb.fxgl.ui.FXGLDialogFactoryServiceProvider, class com.almasb.fxgl.audio.AudioPlayer, class com.almasb.fxgl.notification.impl.NotificationServiceProvider, class com.almasb.fxgl.achievement.AchievementService, class com.almasb.fxgl.cutscene.CutsceneService, class com.almasb.fxgl.minigames.MiniGameService, class com.almasb.fxgl.net.NetService, class com.almasb.fxgl.app.services.UpdaterService, class com.almasb.fxgl.dev.DevService]
07:57:01.576 [FXGL Background Thread 3 ] DEBUG Engine               - fontGame: Abel-Regular.ttf
07:57:01.576 [FXGL Background Thread 3 ] DEBUG Engine               - fontMono: lucida_console.ttf
07:57:01.576 [FXGL Background Thread 3 ] DEBUG Engine               - fontText: Courier-Prime.ttf
07:57:01.577 [FXGL Background Thread 3 ] DEBUG Engine               - fontUI: VarelaRound-Regular.ttf
07:57:01.577 [FXGL Background Thread 3 ] DEBUG Engine               - fullScreen: BooleanProperty [value: false]
07:57:01.577 [FXGL Background Thread 3 ] DEBUG Engine               - gameDifficulty: MEDIUM
07:57:01.577 [FXGL Background Thread 3 ] DEBUG Engine               - gameDifficultyProperty: ObjectProperty [value: MEDIUM]
07:57:01.577 [FXGL Background Thread 3 ] DEBUG Engine               - globalMusicVolume: 0.5
07:57:01.577 [FXGL Background Thread 3 ] DEBUG Engine               - globalMusicVolumeProperty: DoubleProperty [value: 0.5]
07:57:01.577 [FXGL Background Thread 3 ] DEBUG Engine               - globalSoundVolume: 0.5
07:57:01.577 [FXGL Background Thread 3 ] DEBUG Engine               - globalSoundVolumeProperty: DoubleProperty [value: 0.5]
07:57:01.577 [FXGL Background Thread 3 ] DEBUG Engine               - height: 1080
07:57:01.577 [FXGL Background Thread 3 ] DEBUG Engine               - is3D: false
07:57:01.577 [FXGL Background Thread 3 ] DEBUG Engine               - isAndroid: false
07:57:01.577 [FXGL Background Thread 3 ] DEBUG Engine               - isBrowser: false
07:57:01.577 [FXGL Background Thread 3 ] DEBUG Engine               - isClickFeedbackEnabled: false
07:57:01.577 [FXGL Background Thread 3 ] DEBUG Engine               - isCloseConfirmation: false
07:57:01.577 [FXGL Background Thread 3 ] DEBUG Engine               - isDesktop: true
07:57:01.577 [FXGL Background Thread 3 ] DEBUG Engine               - isDeveloperMenuEnabled: false
07:57:01.577 [FXGL Background Thread 3 ] DEBUG Engine               - isEntityPreloadEnabled: true
07:57:01.578 [FXGL Background Thread 3 ] DEBUG Engine               - isExperimentalTiledLargeMap: false
07:57:01.578 [FXGL Background Thread 3 ] DEBUG Engine               - isFileSystemWriteAllowed: true
07:57:01.578 [FXGL Background Thread 3 ] DEBUG Engine               - isFullScreenAllowed: false
07:57:01.578 [FXGL Background Thread 3 ] DEBUG Engine               - isFullScreenFromStart: false
07:57:01.578 [FXGL Background Thread 3 ] DEBUG Engine               - isGameMenuEnabled: true
07:57:01.578 [FXGL Background Thread 3 ] DEBUG Engine               - isIOS: false
07:57:01.578 [FXGL Background Thread 3 ] DEBUG Engine               - isIntroEnabled: false
07:57:01.578 [FXGL Background Thread 3 ] DEBUG Engine               - isLinux: false
07:57:01.578 [FXGL Background Thread 3 ] DEBUG Engine               - isMac: false
07:57:01.578 [FXGL Background Thread 3 ] DEBUG Engine               - isMainMenuEnabled: false
07:57:01.578 [FXGL Background Thread 3 ] DEBUG Engine               - isManualResizeEnabled: false
07:57:01.578 [FXGL Background Thread 3 ] DEBUG Engine               - isMobile: false
07:57:01.578 [FXGL Background Thread 3 ] DEBUG Engine               - isNative: false
07:57:01.578 [FXGL Background Thread 3 ] DEBUG Engine               - isPauseMusicWhenMinimized: true
07:57:01.578 [FXGL Background Thread 3 ] DEBUG Engine               - isPreserveResizeRatio: false
07:57:01.578 [FXGL Background Thread 3 ] DEBUG Engine               - isProfilingEnabled: false
07:57:01.578 [FXGL Background Thread 3 ] DEBUG Engine               - isScaleAffectedOnResize: true
07:57:01.579 [FXGL Background Thread 3 ] DEBUG Engine               - isSingleStep: false
07:57:01.579 [FXGL Background Thread 3 ] DEBUG Engine               - isUserProfileEnabled: false
07:57:01.579 [FXGL Background Thread 3 ] DEBUG Engine               - isWindows: true
07:57:01.579 [FXGL Background Thread 3 ] DEBUG Engine               - language: ObjectProperty [value: ENGLISH]
07:57:01.579 [FXGL Background Thread 3 ] DEBUG Engine               - menuKey: ESCAPE
07:57:01.579 [FXGL Background Thread 3 ] DEBUG Engine               - mouseSensitivity: 0.2
07:57:01.579 [FXGL Background Thread 3 ] DEBUG Engine               - notificationViewClass: class com.almasb.fxgl.notification.view.XboxNotificationView
07:57:01.579 [FXGL Background Thread 3 ] DEBUG Engine               - pixelsPerMeter: 50.0
07:57:01.579 [FXGL Background Thread 3 ] DEBUG Engine               - platform: WINDOWS
07:57:01.579 [FXGL Background Thread 3 ] DEBUG Engine               - prefHeightProperty: ReadOnlyDoubleProperty [value: 1080.0]
07:57:01.579 [FXGL Background Thread 3 ] DEBUG Engine               - prefWidthProperty: ReadOnlyDoubleProperty [value: 1920.0]
07:57:01.579 [FXGL Background Thread 3 ] DEBUG Engine               - profileDir: profiles/
07:57:01.579 [FXGL Background Thread 3 ] DEBUG Engine               - profileName: StringProperty [value: DEFAULT]
07:57:01.579 [FXGL Background Thread 3 ] DEBUG Engine               - randomSeed: -1
07:57:01.579 [FXGL Background Thread 3 ] DEBUG Engine               - runtimeInfo: RuntimeInfo(platform=WINDOWS, version=11.17, build=16.07.2021 15.46)
07:57:01.580 [FXGL Background Thread 3 ] DEBUG Engine               - saveFileExt: sav
07:57:01.580 [FXGL Background Thread 3 ] DEBUG Engine               - scaledHeightProp$fxgl: DoubleProperty [bound, value: 815.0]
07:57:01.580 [FXGL Background Thread 3 ] DEBUG Engine               - scaledWidthProp$fxgl: DoubleProperty [bound, value: 1425.0]
07:57:01.580 [FXGL Background Thread 3 ] DEBUG Engine               - sceneFactory: com.almasb.fxgl.app.scene.SceneFactory@14c19f33
07:57:01.580 [FXGL Background Thread 3 ] DEBUG Engine               - secondsIn24h: 60
07:57:01.580 [FXGL Background Thread 3 ] DEBUG Engine               - soundMenuBack: menu/back.wav
07:57:01.580 [FXGL Background Thread 3 ] DEBUG Engine               - soundMenuPress: menu/press.wav
07:57:01.580 [FXGL Background Thread 3 ] DEBUG Engine               - soundMenuSelect: menu/select.wav
07:57:01.580 [FXGL Background Thread 3 ] DEBUG Engine               - soundNotification: core/notification.wav
07:57:01.580 [FXGL Background Thread 3 ] DEBUG Engine               - stageStyle: DECORATED
07:57:01.580 [FXGL Background Thread 3 ] DEBUG Engine               - supportedLanguages: [ENGLISH, FRENCH, GERMAN, HUNGARIAN, RUSSIAN]
07:57:01.580 [FXGL Background Thread 3 ] DEBUG Engine               - ticksPerSecond: -1
07:57:01.580 [FXGL Background Thread 3 ] DEBUG Engine               - title: Aura
07:57:01.580 [FXGL Background Thread 3 ] DEBUG Engine               - urlGithub: https://github.com/AlmasB/FXGL
07:57:01.581 [FXGL Background Thread 3 ] DEBUG Engine               - urlLeaderboard: http://fxgl-top.herokuapp.com/
07:57:01.581 [FXGL Background Thread 3 ] DEBUG Engine               - urlPOM: https://raw.githubusercontent.com/AlmasB/FXGL/release/README.md
07:57:01.581 [FXGL Background Thread 3 ] DEBUG Engine               - userAppClass: class aura.AuraApp
07:57:01.581 [FXGL Background Thread 3 ] DEBUG Engine               - version: 
07:57:01.582 [FXGL Background Thread 3 ] DEBUG Engine               - versionCheckDays: 7
07:57:01.582 [FXGL Background Thread 3 ] DEBUG Engine               - width: 1920
07:57:01.582 [FXGL Background Thread 3 ] DEBUG Engine               - Logging services
07:57:01.582 [FXGL Background Thread 3 ] DEBUG Engine               - class com.almasb.fxgl.app.services.FXGLAssetLoaderService
07:57:01.582 [FXGL Background Thread 3 ] DEBUG Engine               - class com.almasb.fxgl.app.FXGLApplication$GameApplicationService
07:57:01.582 [FXGL Background Thread 3 ] DEBUG Engine               - class com.almasb.fxgl.app.services.FXGLDialogService
07:57:01.582 [FXGL Background Thread 3 ] DEBUG Engine               - class com.almasb.fxgl.app.services.IOTaskExecutorService
07:57:01.582 [FXGL Background Thread 3 ] DEBUG Engine               - class com.almasb.fxgl.io.FileSystemService
07:57:01.582 [FXGL Background Thread 3 ] DEBUG Engine               - class com.almasb.fxgl.localization.LocalizationService
07:57:01.582 [FXGL Background Thread 3 ] DEBUG Engine               - class com.almasb.fxgl.app.services.SystemBundleService
07:57:01.582 [FXGL Background Thread 3 ] DEBUG Engine               - class com.almasb.fxgl.profile.SaveLoadService
07:57:01.582 [FXGL Background Thread 3 ] DEBUG Engine               - class com.almasb.fxgl.ui.FXGLUIFactoryServiceProvider
07:57:01.583 [FXGL Background Thread 3 ] DEBUG Engine               - class com.almasb.fxgl.ui.FXGLDialogFactoryServiceProvider
07:57:01.583 [FXGL Background Thread 3 ] DEBUG Engine               - class com.almasb.fxgl.audio.AudioPlayer
07:57:01.583 [FXGL Background Thread 3 ] DEBUG Engine               - class com.almasb.fxgl.notification.impl.NotificationServiceProvider
07:57:01.583 [FXGL Background Thread 3 ] DEBUG Engine               - class com.almasb.fxgl.achievement.AchievementService
07:57:01.583 [FXGL Background Thread 3 ] DEBUG Engine               - class com.almasb.fxgl.cutscene.CutsceneService
07:57:01.583 [FXGL Background Thread 3 ] DEBUG Engine               - class com.almasb.fxgl.minigames.MiniGameService
07:57:01.583 [FXGL Background Thread 3 ] DEBUG Engine               - class com.almasb.fxgl.net.NetService
07:57:01.583 [FXGL Background Thread 3 ] DEBUG Engine               - class com.almasb.fxgl.app.services.UpdaterService
07:57:01.583 [FXGL Background Thread 3 ] DEBUG Engine               - class com.almasb.fxgl.dev.DevService
07:57:05.479 [JavaFX Application Thread] DEBUG LoopRunner           - Pausing loop
07:57:38.980 [JavaFX Application Thread] DEBUG LoopRunner           - Resuming loop
07:58:31.666 [JavaFX Application Thread] DEBUG FXGLApplication      - Exiting FXGL
07:58:31.666 [JavaFX Application Thread] DEBUG LoopRunner           - Stopping loop
07:58:31.666 [JavaFX Application Thread] DEBUG SystemBundleService  - Saving FXGL system data
07:58:31.674 [JavaFX Application Thread] DEBUG FileSystemAccess     - Writing to: C:\Users\Seth\Desktop\MyWebsite\Aura\system\fxgl.bundle
07:58:31.682 [JavaFX Application Thread] DEBUG Async                - Shutting down background threads
07:58:31.682 [JavaFX Application Thread] DEBUG PrimaryStageWindow   - Closing main window
07:58:31.778 [JavaFX Application Thread] DEBUG Logger               - Closing Logger
