12:01:28.312 [main                     ] DEBUG Logger               - Configured Logger
12:01:28.668 [main                     ] DEBUG GameApplication      - Logging settings
Title: Aura
Version: 0.0
Width: 1920
Height: 1080
Fullscreen: false
Intro: false
Profiling: false
Single step:false
App Mode: DEVELOPER
Menu Key: ESCAPE
Stage Style: DECORATED
Scene Factory: class com.almasb.fxgl.app.scene.SceneFactory

12:01:31.728 [JavaFX Application Thread] DEBUG FXGLApplication      - Initializing FXGL
12:01:31.779 [JavaFX Application Thread] INFO  Engine               - FXGL-11.17 (16.07.2021 15.46) on MAC (J:11.0.12 FX:16)
12:01:31.780 [JavaFX Application Thread] DEBUG Engine               - JRE Vendor Name: Eclipse Foundation
12:01:31.780 [JavaFX Application Thread] DEBUG Engine               - Running on OS: Mac OS X version 11.5
12:01:31.780 [JavaFX Application Thread] DEBUG Engine               - Architecture: x86_64
12:01:31.781 [JavaFX Application Thread] INFO  Engine               - Source code and latest versions at: https://github.com/AlmasB/FXGL
12:01:31.781 [JavaFX Application Thread] INFO  Engine               -              Join the FXGL chat at: https://gitter.im/AlmasB/FXGL
12:01:32.429 [JavaFX Application Thread] DEBUG PrimaryStageWindow   - Creating a JavaFX scene
12:01:32.430 [JavaFX Application Thread] DEBUG PrimaryStageWindow   - Target size > screen size
12:01:32.869 [JavaFX Application Thread] DEBUG PrimaryStageWindow   - Target settings size: 1920.0 x 1080.0
12:01:32.869 [JavaFX Application Thread] DEBUG PrimaryStageWindow   - Scaled scene size:    1415.0 x 810.0
12:01:32.870 [JavaFX Application Thread] DEBUG PrimaryStageWindow   - Scaled ratio: (0.7369791666666666, 0.75)
12:01:32.872 [JavaFX Application Thread] DEBUG PrimaryStageWindow   - Set initial scene to FXGLStartupScene
12:01:32.914 [JavaFX Application Thread] DEBUG PrimaryStageWindow   - Opening main window
12:01:33.949 [JavaFX Application Thread] DEBUG PrimaryStageWindow   - Window border size: (0.0, 28.0)
12:01:33.950 [JavaFX Application Thread] DEBUG PrimaryStageWindow   - Scaled size: 1415.0 x 810.0
12:01:33.950 [JavaFX Application Thread] DEBUG PrimaryStageWindow   - Scaled ratio: (0.7369791666666666, 0.75)
12:01:33.951 [JavaFX Application Thread] DEBUG PrimaryStageWindow   - Scene size: 1415.0 x 810.0
12:01:33.951 [JavaFX Application Thread] DEBUG PrimaryStageWindow   - Stage size: 1415.0 x 838.0
12:01:33.974 [FXGL Background Thread 1 ] DEBUG Engine               - Initializing environment variables
12:01:34.393 [FXGL Background Thread 1 ] DEBUG FXGLAssetLoaderServi - User app class for loading assets: class aura.AuraApp
12:01:34.394 [FXGL Background Thread 1 ] DEBUG GameApplicationServi - Applying CSS: fxgl_dark.css
12:01:34.493 [FXGL Background Thread 1 ] DEBUG FXGLAssetLoaderServi - Loading from file system: jar:file:/Users/gendercorn/.m2/repository/com/github/almasb/fxgl/11.17/fxgl-11.17.jar!/fxglassets/aura.ui/css/fxgl_dark.css
12:01:34.839 [FXGL Background Thread 1 ] DEBUG GameApplicationServi - Initializing application scenes
12:01:36.233 [FXGL Background Thread 1 ] DEBUG GameWorld            - Game world initialized
12:01:36.537 [FXGL Background Thread 1 ] DEBUG PhysicsWorld         - Physics world initialized: appHeight=1080, physics.ppm=50.0
12:01:36.538 [FXGL Background Thread 1 ] DEBUG PhysicsWorld         - Using strategy: BRUTE_FORCE
12:01:36.550 [FXGL Background Thread 1 ] DEBUG GameScene            - Game scene initialized: 1920x1080
12:01:36.602 [FXGL Background Thread 1 ] DEBUG FXGL.DefaultMenu     - createMenuBodyGameMenu()
12:01:36.666 [FXGL Background Thread 1 ] DEBUG FXGL.DefaultMenu     - createOptionsMenu()
12:01:36.703 [FXGL Background Thread 1 ] DEBUG FXGLAssetLoaderServi - Loading from file system: jar:file:/Users/gendercorn/.m2/repository/com/github/almasb/fxgl/11.17/fxgl-11.17.jar!/fxglassets/textures/particles/smoke.png
12:01:37.106 [FXGL Background Thread 1 ] DEBUG FXGLAssetLoaderServi - Loading from file system: jar:file:/Users/gendercorn/.m2/repository/com/github/almasb/fxgl/11.17/fxgl-11.17.jar!/fxglassets/textures/particles/trace_horizontal.png
12:01:37.209 [FXGL Background Thread 1 ] DEBUG GameApplicationServi - Application scenes initialized
12:01:37.282 [FXGL Background Thread 1 ] DEBUG SystemBundleService  - Loading default FXGL system data
12:01:37.283 [FXGL Background Thread 1 ] DEBUG UpdaterService       - Checking for updates
12:01:37.306 [FXGL Background Thread 1 ] DEBUG FXGLApplication      - Loading default localization
12:01:37.309 [FXGL Background Thread 1 ] DEBUG FXGLAssetLoaderServi - Loading from file system: jar:file:/Users/gendercorn/.m2/repository/com/github/almasb/fxgl/11.17/fxgl-11.17.jar!/fxglassets/languages/english.lang
12:01:37.315 [FXGL Background Thread 4 ] DEBUG FXGLApplication      - Loading fonts
12:01:37.326 [FXGL Background Thread 4 ] DEBUG FXGLAssetLoaderServi - Loading from file system: jar:file:/Users/gendercorn/.m2/repository/com/github/almasb/fxgl/11.17/fxgl-11.17.jar!/fxglassets/aura.ui/fonts/VarelaRound-Regular.ttf
12:01:37.420 [FXGL Background Thread 1 ] INFO  FXGLApplication      - FXGL initialization took: 3.446 sec
12:01:37.423 [JavaFX Application Thread] DEBUG FXGLAssetLoaderServi - Loading from file system: jar:file:/Users/gendercorn/.m2/repository/com/github/almasb/fxgl/11.17/fxgl-11.17.jar!/fxglassets/textures/fxgl_icon.png
12:01:37.470 [FXGL Background Thread 4 ] DEBUG FXGLAssetLoaderServi - Loading from file system: jar:file:/Users/gendercorn/.m2/repository/com/github/almasb/fxgl/11.17/fxgl-11.17.jar!/fxglassets/aura.ui/fonts/Abel-Regular.ttf
12:01:37.477 [FXGL Background Thread 4 ] DEBUG FXGLAssetLoaderServi - Loading from file system: jar:file:/Users/gendercorn/.m2/repository/com/github/almasb/fxgl/11.17/fxgl-11.17.jar!/fxglassets/aura.ui/fonts/lucida_console.ttf
12:01:37.488 [FXGL Background Thread 4 ] DEBUG FXGLAssetLoaderServi - Loading from file system: jar:file:/Users/gendercorn/.m2/repository/com/github/almasb/fxgl/11.17/fxgl-11.17.jar!/fxglassets/aura.ui/fonts/Courier-Prime.ttf
12:01:37.551 [JavaFX Application Thread] DEBUG FXGLAssetLoaderServi - Loading from file system: jar:file:/Users/gendercorn/.m2/repository/com/github/almasb/fxgl/11.17/fxgl-11.17.jar!/fxglassets/textures/fxgl_default_cursor.png
12:01:37.608 [JavaFX Application Thread] DEBUG Input                - Registered new binding: Screenshot - CTRL+8
12:01:37.617 [JavaFX Application Thread] DEBUG Input                - Registered new binding: System info dump - CTRL+9
12:01:37.618 [JavaFX Application Thread] DEBUG Input                - Registered new binding: Restart - CTRL+R
12:01:37.635 [JavaFX Application Thread] DEBUG Input                - Registered new binding: Toggle Debug Camera - CTRL+C
12:01:37.661 [JavaFX Application Thread] DEBUG LoopRunner           - Starting loop
12:01:37.662 [JavaFX Application Thread] DEBUG LoopRunner           - Initializing JavaFX AnimationTimerLoop
12:01:37.664 [JavaFX Application Thread] DEBUG GameApplicationServi - Starting new game
12:01:37.667 [JavaFX Application Thread] DEBUG Input                - Clearing active input actions
12:01:37.720 [JavaFX Application Thread] DEBUG GameApplicationServi - Removing overlay from FXGLStartupScene and adding to FXGLLoadingScene
12:01:37.721 [JavaFX Application Thread] DEBUG PrimaryStageWindow   - FXGLStartupScene -> FXGLLoadingScene
12:01:37.721 [JavaFX Application Thread] DEBUG GameApplicationServi - Clearing previous game
12:01:37.721 [JavaFX Application Thread] DEBUG GameScene            - Clearing game scene
12:01:37.722 [JavaFX Application Thread] DEBUG GameWorld            - Clearing game world
12:01:37.722 [JavaFX Application Thread] DEBUG PhysicsWorld         - Clearing physics world
12:01:37.726 [FXGL Background Thread 4 ] DEBUG FXGLApplication      - Initializing game
12:01:37.733 [FXGL Background Thread 4 ] INFO  FXGLApplication      - Game initialization took: 0.006 sec
12:01:38.723 [JavaFX Application Thread] DEBUG FXGLApplication      - Registering font factories with UI factory
12:01:38.864 [JavaFX Application Thread] DEBUG Input                - Clearing active input actions
12:01:38.902 [JavaFX Application Thread] DEBUG GameApplicationServi - Removing overlay from FXGLLoadingScene and adding to GameScene
12:01:38.904 [JavaFX Application Thread] DEBUG PrimaryStageWindow   - FXGLLoadingScene -> GameScene
12:01:40.296 [FXGL Background Thread 3 ] DEBUG Engine               - Logging environment variables
12:01:40.300 [FXGL Background Thread 3 ] DEBUG Engine               - achievements: []
12:01:40.300 [FXGL Background Thread 3 ] DEBUG Engine               - actualHeight: 810.0
12:01:40.301 [FXGL Background Thread 3 ] DEBUG Engine               - actualHeightProperty: ReadOnlyDoubleProperty [value: 810.0]
12:01:40.301 [FXGL Background Thread 3 ] DEBUG Engine               - actualWidth: 1415.0
12:01:40.301 [FXGL Background Thread 3 ] DEBUG Engine               - actualWidthProperty: ReadOnlyDoubleProperty [value: 1415.0]
12:01:40.301 [FXGL Background Thread 3 ] DEBUG Engine               - appIcon: fxgl_icon.png
12:01:40.302 [FXGL Background Thread 3 ] DEBUG Engine               - applicationMode: DEVELOPER
12:01:40.302 [FXGL Background Thread 3 ] DEBUG Engine               - cSSList: [fxgl_dark.css]
12:01:40.302 [FXGL Background Thread 3 ] DEBUG Engine               - collisionDetectionStrategy: BRUTE_FORCE
12:01:40.302 [FXGL Background Thread 3 ] DEBUG Engine               - configClass: Optional.empty
12:01:40.302 [FXGL Background Thread 3 ] DEBUG Engine               - credits: []
12:01:40.303 [FXGL Background Thread 3 ] DEBUG Engine               - defaultCursor: CursorInfo(imageName=fxgl_default_cursor.png, hotspotX=7.0, hotspotY=6.0)
12:01:40.303 [FXGL Background Thread 3 ] DEBUG Engine               - devBBoxColorProperty: ObjectProperty [value: 0xff0000ff]
12:01:40.304 [FXGL Background Thread 3 ] DEBUG Engine               - devEnableDebugCameraProperty: BooleanProperty [value: false]
12:01:40.304 [FXGL Background Thread 3 ] DEBUG Engine               - devSensorColorProperty: ObjectProperty [value: 0xffff00ff]
12:01:40.305 [FXGL Background Thread 3 ] DEBUG Engine               - devShowBBoxProperty: BooleanProperty [value: false]
12:01:40.305 [FXGL Background Thread 3 ] DEBUG Engine               - devShowPositionProperty: BooleanProperty [value: false]
12:01:40.305 [FXGL Background Thread 3 ] DEBUG Engine               - enabledMenuItems: []
12:01:40.306 [FXGL Background Thread 3 ] DEBUG Engine               - engineServices: [class com.almasb.fxgl.app.services.FXGLAssetLoaderService, class com.almasb.fxgl.app.FXGLApplication$GameApplicationService, class com.almasb.fxgl.app.services.FXGLDialogService, class com.almasb.fxgl.app.services.IOTaskExecutorService, class com.almasb.fxgl.io.FileSystemService, class com.almasb.fxgl.localization.LocalizationService, class com.almasb.fxgl.app.services.SystemBundleService, class com.almasb.fxgl.profile.SaveLoadService, class com.almasb.fxgl.aura.ui.FXGLUIFactoryServiceProvider, class com.almasb.fxgl.aura.ui.FXGLDialogFactoryServiceProvider, class com.almasb.fxgl.audio.AudioPlayer, class com.almasb.fxgl.notification.impl.NotificationServiceProvider, class com.almasb.fxgl.achievement.AchievementService, class com.almasb.fxgl.cutscene.CutsceneService, class com.almasb.fxgl.minigames.MiniGameService, class com.almasb.fxgl.net.NetService, class com.almasb.fxgl.app.services.UpdaterService, class com.almasb.fxgl.dev.DevService]
12:01:40.306 [FXGL Background Thread 3 ] DEBUG Engine               - fontGame: Abel-Regular.ttf
12:01:40.306 [FXGL Background Thread 3 ] DEBUG Engine               - fontMono: lucida_console.ttf
12:01:40.307 [FXGL Background Thread 3 ] DEBUG Engine               - fontText: Courier-Prime.ttf
12:01:40.307 [FXGL Background Thread 3 ] DEBUG Engine               - fontUI: VarelaRound-Regular.ttf
12:01:40.307 [FXGL Background Thread 3 ] DEBUG Engine               - fullScreen: BooleanProperty [value: false]
12:01:40.308 [FXGL Background Thread 3 ] DEBUG Engine               - gameDifficulty: MEDIUM
12:01:40.310 [FXGL Background Thread 3 ] DEBUG Engine               - gameDifficultyProperty: ObjectProperty [value: MEDIUM]
12:01:40.310 [FXGL Background Thread 3 ] DEBUG Engine               - globalMusicVolume: 0.5
12:01:40.311 [FXGL Background Thread 3 ] DEBUG Engine               - globalMusicVolumeProperty: DoubleProperty [value: 0.5]
12:01:40.313 [FXGL Background Thread 3 ] DEBUG Engine               - globalSoundVolume: 0.5
12:01:40.317 [FXGL Background Thread 3 ] DEBUG Engine               - globalSoundVolumeProperty: DoubleProperty [value: 0.5]
12:01:40.318 [FXGL Background Thread 3 ] DEBUG Engine               - height: 1080
12:01:40.318 [FXGL Background Thread 3 ] DEBUG Engine               - is3D: false
12:01:40.318 [FXGL Background Thread 3 ] DEBUG Engine               - isAndroid: false
12:01:40.318 [FXGL Background Thread 3 ] DEBUG Engine               - isBrowser: false
12:01:40.319 [FXGL Background Thread 3 ] DEBUG Engine               - isClickFeedbackEnabled: false
12:01:40.319 [FXGL Background Thread 3 ] DEBUG Engine               - isCloseConfirmation: false
12:01:40.319 [FXGL Background Thread 3 ] DEBUG Engine               - isDesktop: true
12:01:40.319 [FXGL Background Thread 3 ] DEBUG Engine               - isDeveloperMenuEnabled: false
12:01:40.319 [FXGL Background Thread 3 ] DEBUG Engine               - isEntityPreloadEnabled: true
12:01:40.320 [FXGL Background Thread 3 ] DEBUG Engine               - isExperimentalTiledLargeMap: false
12:01:40.320 [FXGL Background Thread 3 ] DEBUG Engine               - isFileSystemWriteAllowed: true
12:01:40.320 [FXGL Background Thread 3 ] DEBUG Engine               - isFullScreenAllowed: false
12:01:40.321 [FXGL Background Thread 3 ] DEBUG Engine               - isFullScreenFromStart: false
12:01:40.321 [FXGL Background Thread 3 ] DEBUG Engine               - isGameMenuEnabled: true
12:01:40.321 [FXGL Background Thread 3 ] DEBUG Engine               - isIOS: false
12:01:40.322 [FXGL Background Thread 3 ] DEBUG Engine               - isIntroEnabled: false
12:01:40.325 [FXGL Background Thread 3 ] DEBUG Engine               - isLinux: false
12:01:40.325 [FXGL Background Thread 3 ] DEBUG Engine               - isMac: true
12:01:40.326 [FXGL Background Thread 3 ] DEBUG Engine               - isMainMenuEnabled: false
12:01:40.326 [FXGL Background Thread 3 ] DEBUG Engine               - isManualResizeEnabled: false
12:01:40.326 [FXGL Background Thread 3 ] DEBUG Engine               - isMobile: false
12:01:40.327 [FXGL Background Thread 3 ] DEBUG Engine               - isNative: false
12:01:40.327 [FXGL Background Thread 3 ] DEBUG Engine               - isPauseMusicWhenMinimized: true
12:01:40.327 [FXGL Background Thread 3 ] DEBUG Engine               - isPreserveResizeRatio: false
12:01:40.329 [FXGL Background Thread 3 ] DEBUG Engine               - isProfilingEnabled: false
12:01:40.331 [FXGL Background Thread 3 ] DEBUG Engine               - isScaleAffectedOnResize: true
12:01:40.334 [FXGL Background Thread 3 ] DEBUG Engine               - isSingleStep: false
12:01:40.336 [FXGL Background Thread 3 ] DEBUG Engine               - isUserProfileEnabled: false
12:01:40.337 [FXGL Background Thread 3 ] DEBUG Engine               - isWindows: false
12:01:40.338 [FXGL Background Thread 3 ] DEBUG Engine               - language: ObjectProperty [value: ENGLISH]
12:01:40.338 [FXGL Background Thread 3 ] DEBUG Engine               - menuKey: ESCAPE
12:01:40.338 [FXGL Background Thread 3 ] DEBUG Engine               - mouseSensitivity: 0.2
12:01:40.339 [FXGL Background Thread 3 ] DEBUG Engine               - notificationViewClass: class com.almasb.fxgl.notification.view.XboxNotificationView
12:01:40.339 [FXGL Background Thread 3 ] DEBUG Engine               - pixelsPerMeter: 50.0
12:01:40.339 [FXGL Background Thread 3 ] DEBUG Engine               - platform: MAC
12:01:40.339 [FXGL Background Thread 3 ] DEBUG Engine               - prefHeightProperty: ReadOnlyDoubleProperty [value: 1080.0]
12:01:40.340 [FXGL Background Thread 3 ] DEBUG Engine               - prefWidthProperty: ReadOnlyDoubleProperty [value: 1920.0]
12:01:40.340 [FXGL Background Thread 3 ] DEBUG Engine               - profileDir: profiles/
12:01:40.340 [FXGL Background Thread 3 ] DEBUG Engine               - profileName: StringProperty [value: DEFAULT]
12:01:40.340 [FXGL Background Thread 3 ] DEBUG Engine               - randomSeed: -1
12:01:40.341 [FXGL Background Thread 3 ] DEBUG Engine               - runtimeInfo: RuntimeInfo(platform=MAC, version=11.17, build=16.07.2021 15.46)
12:01:40.341 [FXGL Background Thread 3 ] DEBUG Engine               - saveFileExt: sav
12:01:40.345 [FXGL Background Thread 3 ] DEBUG Engine               - scaledHeightProp$fxgl: DoubleProperty [bound, value: 810.0]
12:01:40.345 [FXGL Background Thread 3 ] DEBUG Engine               - scaledWidthProp$fxgl: DoubleProperty [bound, value: 1415.0]
12:01:40.345 [FXGL Background Thread 3 ] DEBUG Engine               - sceneFactory: com.almasb.fxgl.app.scene.SceneFactory@b9ca6ca
12:01:40.346 [FXGL Background Thread 3 ] DEBUG Engine               - secondsIn24h: 60
12:01:40.346 [FXGL Background Thread 3 ] DEBUG Engine               - soundMenuBack: menu/back.wav
12:01:40.346 [FXGL Background Thread 3 ] DEBUG Engine               - soundMenuPress: menu/press.wav
12:01:40.346 [FXGL Background Thread 3 ] DEBUG Engine               - soundMenuSelect: menu/select.wav
12:01:40.346 [FXGL Background Thread 3 ] DEBUG Engine               - soundNotification: core/notification.wav
12:01:40.346 [FXGL Background Thread 3 ] DEBUG Engine               - stageStyle: DECORATED
12:01:40.347 [FXGL Background Thread 3 ] DEBUG Engine               - supportedLanguages: [ENGLISH, FRENCH, GERMAN, HUNGARIAN, RUSSIAN]
12:01:40.347 [FXGL Background Thread 3 ] DEBUG Engine               - ticksPerSecond: -1
12:01:40.348 [FXGL Background Thread 3 ] DEBUG Engine               - title: Aura
12:01:40.349 [FXGL Background Thread 3 ] DEBUG Engine               - urlGithub: https://github.com/AlmasB/FXGL
12:01:40.349 [FXGL Background Thread 3 ] DEBUG Engine               - urlLeaderboard: http://fxgl-top.herokuapp.com/
12:01:40.350 [FXGL Background Thread 3 ] DEBUG Engine               - urlPOM: https://raw.githubusercontent.com/AlmasB/FXGL/release/README.md
12:01:40.350 [FXGL Background Thread 3 ] DEBUG Engine               - userAppClass: class aura.AuraApp
12:01:40.350 [FXGL Background Thread 3 ] DEBUG Engine               - version: 0.0
12:01:40.357 [FXGL Background Thread 3 ] DEBUG Engine               - versionCheckDays: 7
12:01:40.357 [FXGL Background Thread 3 ] DEBUG Engine               - width: 1920
12:01:40.358 [FXGL Background Thread 3 ] DEBUG Engine               - Logging services
12:01:40.358 [FXGL Background Thread 3 ] DEBUG Engine               - class com.almasb.fxgl.app.services.FXGLAssetLoaderService
12:01:40.358 [FXGL Background Thread 3 ] DEBUG Engine               - class com.almasb.fxgl.app.FXGLApplication$GameApplicationService
12:01:40.358 [FXGL Background Thread 3 ] DEBUG Engine               - class com.almasb.fxgl.app.services.FXGLDialogService
12:01:40.358 [FXGL Background Thread 3 ] DEBUG Engine               - class com.almasb.fxgl.app.services.IOTaskExecutorService
12:01:40.358 [FXGL Background Thread 3 ] DEBUG Engine               - class com.almasb.fxgl.io.FileSystemService
12:01:40.360 [FXGL Background Thread 3 ] DEBUG Engine               - class com.almasb.fxgl.localization.LocalizationService
12:01:40.360 [FXGL Background Thread 3 ] DEBUG Engine               - class com.almasb.fxgl.app.services.SystemBundleService
12:01:40.363 [FXGL Background Thread 3 ] DEBUG Engine               - class com.almasb.fxgl.profile.SaveLoadService
12:01:40.363 [FXGL Background Thread 3 ] DEBUG Engine               - class com.almasb.fxgl.aura.ui.FXGLUIFactoryServiceProvider
12:01:40.363 [FXGL Background Thread 3 ] DEBUG Engine               - class com.almasb.fxgl.aura.ui.FXGLDialogFactoryServiceProvider
12:01:40.364 [FXGL Background Thread 3 ] DEBUG Engine               - class com.almasb.fxgl.audio.AudioPlayer
12:01:40.365 [FXGL Background Thread 3 ] DEBUG Engine               - class com.almasb.fxgl.notification.impl.NotificationServiceProvider
12:01:40.366 [FXGL Background Thread 3 ] DEBUG Engine               - class com.almasb.fxgl.achievement.AchievementService
12:01:40.366 [FXGL Background Thread 3 ] DEBUG Engine               - class com.almasb.fxgl.cutscene.CutsceneService
12:01:40.368 [FXGL Background Thread 3 ] DEBUG Engine               - class com.almasb.fxgl.minigames.MiniGameService
12:01:40.370 [FXGL Background Thread 3 ] DEBUG Engine               - class com.almasb.fxgl.net.NetService
12:01:40.371 [FXGL Background Thread 3 ] DEBUG Engine               - class com.almasb.fxgl.app.services.UpdaterService
12:01:40.371 [FXGL Background Thread 3 ] DEBUG Engine               - class com.almasb.fxgl.dev.DevService
12:02:07.656 [JavaFX Application Thread] DEBUG FXGLApplication      - Exiting FXGL
12:02:07.657 [JavaFX Application Thread] DEBUG LoopRunner           - Stopping loop
12:02:07.658 [JavaFX Application Thread] DEBUG SystemBundleService  - Saving FXGL system data
12:02:07.665 [JavaFX Application Thread] DEBUG FileSystemAccess     - Writing to: /Users/gendercorn/IdeaProjects/Aura/system/fxgl.bundle
12:02:07.682 [JavaFX Application Thread] DEBUG Async                - Shutting down background threads
12:02:07.683 [JavaFX Application Thread] DEBUG PrimaryStageWindow   - Closing main window
12:02:07.700 [JavaFX Application Thread] DEBUG Logger               - Closing Logger
