20:00:30.842 [main                     ] DEBUG Logger               - Configured Logger
20:00:30.858 [main                     ] DEBUG GameApplication      - Logging settings
Title: Aura
Version: 
Width: 1920
Height: 1080
Fullscreen: false
Intro: false
Profiling: false
Single step:false
App Mode: DEVELOPER
Menu Key: ESCAPE
Stage Style: DECORATED
Scene Factory: class com.almasb.fxgl.app.scene.SceneFactory

20:00:31.255 [JavaFX Application Thread] DEBUG FXGLApplication      - Initializing FXGL
20:00:31.257 [JavaFX Application Thread] INFO  Engine               - FXGL-11.17 (16.07.2021 15.46) on WINDOWS (J:11.0.13 FX:16)
20:00:31.257 [JavaFX Application Thread] DEBUG Engine               - JRE Vendor Name: Eclipse Adoptium
20:00:31.258 [JavaFX Application Thread] DEBUG Engine               - Running on OS: Windows 10 version 10.0
20:00:31.258 [JavaFX Application Thread] DEBUG Engine               - Architecture: amd64
20:00:31.258 [JavaFX Application Thread] INFO  Engine               - Source code and latest versions at: https://github.com/AlmasB/FXGL
20:00:31.258 [JavaFX Application Thread] INFO  Engine               -              Join the FXGL chat at: https://gitter.im/AlmasB/FXGL
20:00:31.332 [JavaFX Application Thread] DEBUG PrimaryStageWindow   - Creating a JavaFX scene
20:00:31.332 [JavaFX Application Thread] DEBUG PrimaryStageWindow   - Target size > screen size
20:00:31.397 [JavaFX Application Thread] DEBUG PrimaryStageWindow   - Target settings size: 1920.0 x 1080.0
20:00:31.397 [JavaFX Application Thread] DEBUG PrimaryStageWindow   - Scaled scene size:    1425.0 x 815.0
20:00:31.397 [JavaFX Application Thread] DEBUG PrimaryStageWindow   - Scaled ratio: (0.7421875, 0.7546296296296297)
20:00:31.398 [JavaFX Application Thread] DEBUG PrimaryStageWindow   - Set initial scene to FXGLStartupScene
20:00:31.406 [JavaFX Application Thread] DEBUG PrimaryStageWindow   - Opening main window
20:00:31.509 [JavaFX Application Thread] DEBUG PrimaryStageWindow   - Window border size: (15.0, 37.79998779296875)
20:00:31.509 [JavaFX Application Thread] DEBUG PrimaryStageWindow   - Scaled size: 1425.0 x 815.0
20:00:31.509 [JavaFX Application Thread] DEBUG PrimaryStageWindow   - Scaled ratio: (0.7421875, 0.7546296296296297)
20:00:31.509 [JavaFX Application Thread] DEBUG PrimaryStageWindow   - Scene size: 1425.0 x 815.0
20:00:31.509 [JavaFX Application Thread] DEBUG PrimaryStageWindow   - Stage size: 1440.0 x 852.7999877929688
20:00:31.525 [FXGL Background Thread 1 ] DEBUG Engine               - Initializing environment variables
20:00:31.635 [FXGL Background Thread 1 ] DEBUG FXGLAssetLoaderServi - User app class for loading assets: class aura.AuraApp
20:00:31.635 [FXGL Background Thread 1 ] DEBUG GameApplicationServi - Applying CSS: fxgl_dark.css
20:00:31.636 [FXGL Background Thread 1 ] DEBUG FXGLAssetLoaderServi - Loading from file system: jar:file:/C:/Users/Seth/.m2/repository/com/github/almasb/fxgl/11.17/fxgl-11.17.jar!/fxglassets/ui/css/fxgl_dark.css
20:00:31.694 [FXGL Background Thread 1 ] DEBUG GameApplicationServi - Initializing application scenes
20:00:31.767 [FXGL Background Thread 1 ] DEBUG GameWorld            - Game world initialized
20:00:31.860 [FXGL Background Thread 1 ] DEBUG PhysicsWorld         - Physics world initialized: appHeight=1080, physics.ppm=50.0
20:00:31.861 [FXGL Background Thread 1 ] DEBUG PhysicsWorld         - Using strategy: BRUTE_FORCE
20:00:31.865 [FXGL Background Thread 1 ] DEBUG GameScene            - Game scene initialized: 1920x1080
20:00:31.882 [FXGL Background Thread 1 ] DEBUG FXGL.DefaultMenu     - createMenuBodyGameMenu()
20:00:31.900 [FXGL Background Thread 1 ] DEBUG FXGL.DefaultMenu     - createOptionsMenu()
20:00:31.912 [FXGL Background Thread 1 ] DEBUG FXGLAssetLoaderServi - Loading from file system: jar:file:/C:/Users/Seth/.m2/repository/com/github/almasb/fxgl/11.17/fxgl-11.17.jar!/fxglassets/textures/particles/smoke.png
20:00:32.025 [FXGL Background Thread 1 ] DEBUG FXGLAssetLoaderServi - Loading from file system: jar:file:/C:/Users/Seth/.m2/repository/com/github/almasb/fxgl/11.17/fxgl-11.17.jar!/fxglassets/textures/particles/trace_horizontal.png
20:00:32.055 [FXGL Background Thread 1 ] DEBUG GameApplicationServi - Application scenes initialized
20:00:32.071 [FXGL Background Thread 1 ] DEBUG SystemBundleService  - Loading FXGL system data
20:00:32.078 [FXGL Background Thread 1 ] DEBUG FileSystemAccess     - Reading from: C:\Users\Seth\Desktop\MyWebsite\Aura\system\fxgl.bundle
20:00:32.085 [FXGL Background Thread 1 ] DEBUG SystemBundleService  - Bundle FXGL: {}
20:00:32.085 [FXGL Background Thread 1 ] DEBUG UpdaterService       - Checking for updates
20:00:32.090 [FXGL Background Thread 4 ] DEBUG FXGLApplication      - Loading fonts
20:00:32.091 [FXGL Background Thread 1 ] DEBUG FXGLApplication      - Loading default localization
20:00:32.092 [FXGL Background Thread 4 ] DEBUG FXGLAssetLoaderServi - Loading from file system: jar:file:/C:/Users/Seth/.m2/repository/com/github/almasb/fxgl/11.17/fxgl-11.17.jar!/fxglassets/ui/fonts/VarelaRound-Regular.ttf
20:00:32.096 [FXGL Background Thread 1 ] DEBUG FXGLAssetLoaderServi - Loading from file system: jar:file:/C:/Users/Seth/.m2/repository/com/github/almasb/fxgl/11.17/fxgl-11.17.jar!/fxglassets/languages/english.lang
20:00:32.125 [FXGL Background Thread 1 ] INFO  FXGLApplication      - FXGL initialization took: 0.600 sec
20:00:32.145 [JavaFX Application Thread] DEBUG Input                - Registered new binding: Forward - D
20:00:32.146 [JavaFX Application Thread] DEBUG Input                - Registered new binding: Backward - A
20:00:32.147 [JavaFX Application Thread] DEBUG FXGLAssetLoaderServi - Loading from file system: jar:file:/C:/Users/Seth/.m2/repository/com/github/almasb/fxgl/11.17/fxgl-11.17.jar!/fxglassets/textures/fxgl_icon.png
20:00:32.180 [JavaFX Application Thread] DEBUG FXGLAssetLoaderServi - Loading from file system: jar:file:/C:/Users/Seth/.m2/repository/com/github/almasb/fxgl/11.17/fxgl-11.17.jar!/fxglassets/textures/fxgl_default_cursor.png
20:00:32.183 [JavaFX Application Thread] DEBUG Input                - Registered new binding: Screenshot - CTRL+8
20:00:32.185 [JavaFX Application Thread] DEBUG Input                - Registered new binding: System info dump - CTRL+9
20:00:32.186 [JavaFX Application Thread] DEBUG Input                - Registered new binding: Restart - CTRL+R
20:00:32.188 [JavaFX Application Thread] DEBUG Input                - Registered new binding: Toggle Debug Camera - CTRL+C
20:00:32.192 [JavaFX Application Thread] DEBUG LoopRunner           - Starting loop
20:00:32.192 [JavaFX Application Thread] DEBUG LoopRunner           - Initializing JavaFX AnimationTimerLoop
20:00:32.195 [JavaFX Application Thread] DEBUG GameApplicationServi - Starting new game
20:00:32.196 [JavaFX Application Thread] DEBUG Input                - Clearing active input actions
20:00:32.218 [JavaFX Application Thread] DEBUG GameApplicationServi - Removing overlay from FXGLStartupScene and adding to FXGLLoadingScene
20:00:32.218 [JavaFX Application Thread] DEBUG PrimaryStageWindow   - FXGLStartupScene -> FXGLLoadingScene
20:00:32.218 [JavaFX Application Thread] DEBUG GameApplicationServi - Clearing previous game
20:00:32.218 [JavaFX Application Thread] DEBUG GameScene            - Clearing game scene
20:00:32.219 [JavaFX Application Thread] DEBUG GameWorld            - Clearing game world
20:00:32.219 [JavaFX Application Thread] DEBUG PhysicsWorld         - Clearing physics world
20:00:32.221 [FXGL Background Thread 1 ] DEBUG FXGLApplication      - Initializing game
20:00:32.231 [FXGL Background Thread 1 ] DEBUG FXGLAssetLoaderServi - Loading from file system: file:/C:/Users/Seth/Desktop/Aura/assets/textures/comp-ts.png
20:00:32.248 [FXGL Background Thread 1 ] DEBUG FXGLAssetLoaderServi - Loading from file system: file:/C:/Users/Seth/Desktop/Aura/assets/textures/comp-play.png
20:00:32.259 [FXGL Background Thread 1 ] INFO  FXGLApplication      - Game initialization took: 0.039 sec
20:00:32.301 [JavaFX Application Thread] DEBUG Input                - Clearing active input actions
20:00:32.316 [JavaFX Application Thread] DEBUG GameApplicationServi - Removing overlay from FXGLLoadingScene and adding to GameScene
20:00:32.317 [JavaFX Application Thread] DEBUG PrimaryStageWindow   - FXGLLoadingScene -> GameScene
20:00:32.746 [FXGL Background Thread 4 ] DEBUG FXGLAssetLoaderServi - Loading from file system: jar:file:/C:/Users/Seth/.m2/repository/com/github/almasb/fxgl/11.17/fxgl-11.17.jar!/fxglassets/ui/fonts/Abel-Regular.ttf
20:00:32.753 [FXGL Background Thread 4 ] DEBUG FXGLAssetLoaderServi - Loading from file system: jar:file:/C:/Users/Seth/.m2/repository/com/github/almasb/fxgl/11.17/fxgl-11.17.jar!/fxglassets/ui/fonts/lucida_console.ttf
20:00:32.760 [FXGL Background Thread 4 ] DEBUG FXGLAssetLoaderServi - Loading from file system: jar:file:/C:/Users/Seth/.m2/repository/com/github/almasb/fxgl/11.17/fxgl-11.17.jar!/fxglassets/ui/fonts/Courier-Prime.ttf
20:00:32.772 [FXGL Background Thread 2 ] WARN  UpdaterService       - Failed to find updates: java.net.UnknownHostException: raw.githubusercontent.com
20:00:32.775 [JavaFX Application Thread] DEBUG FXGLApplication      - Registering font factories with UI factory
20:00:35.088 [FXGL Background Thread 3 ] DEBUG Engine               - Logging environment variables
20:00:35.089 [FXGL Background Thread 3 ] DEBUG Engine               - achievements: []
20:00:35.089 [FXGL Background Thread 3 ] DEBUG Engine               - actualHeight: 815.0
20:00:35.089 [FXGL Background Thread 3 ] DEBUG Engine               - actualHeightProperty: ReadOnlyDoubleProperty [value: 815.0]
20:00:35.089 [FXGL Background Thread 3 ] DEBUG Engine               - actualWidth: 1425.0
20:00:35.089 [FXGL Background Thread 3 ] DEBUG Engine               - actualWidthProperty: ReadOnlyDoubleProperty [value: 1425.0]
20:00:35.089 [FXGL Background Thread 3 ] DEBUG Engine               - appIcon: fxgl_icon.png
20:00:35.089 [FXGL Background Thread 3 ] DEBUG Engine               - applicationMode: DEVELOPER
20:00:35.089 [FXGL Background Thread 3 ] DEBUG Engine               - cSSList: [fxgl_dark.css]
20:00:35.089 [FXGL Background Thread 3 ] DEBUG Engine               - collisionDetectionStrategy: BRUTE_FORCE
20:00:35.089 [FXGL Background Thread 3 ] DEBUG Engine               - configClass: Optional.empty
20:00:35.089 [FXGL Background Thread 3 ] DEBUG Engine               - credits: []
20:00:35.090 [FXGL Background Thread 3 ] DEBUG Engine               - defaultCursor: CursorInfo(imageName=fxgl_default_cursor.png, hotspotX=7.0, hotspotY=6.0)
20:00:35.090 [FXGL Background Thread 3 ] DEBUG Engine               - devBBoxColorProperty: ObjectProperty [value: 0xff0000ff]
20:00:35.090 [FXGL Background Thread 3 ] DEBUG Engine               - devEnableDebugCameraProperty: BooleanProperty [value: false]
20:00:35.090 [FXGL Background Thread 3 ] DEBUG Engine               - devSensorColorProperty: ObjectProperty [value: 0xffff00ff]
20:00:35.090 [FXGL Background Thread 3 ] DEBUG Engine               - devShowBBoxProperty: BooleanProperty [value: false]
20:00:35.090 [FXGL Background Thread 3 ] DEBUG Engine               - devShowPositionProperty: BooleanProperty [value: false]
20:00:35.090 [FXGL Background Thread 3 ] DEBUG Engine               - enabledMenuItems: []
20:00:35.090 [FXGL Background Thread 3 ] DEBUG Engine               - engineServices: [class com.almasb.fxgl.app.services.FXGLAssetLoaderService, class com.almasb.fxgl.app.FXGLApplication$GameApplicationService, class com.almasb.fxgl.app.services.FXGLDialogService, class com.almasb.fxgl.app.services.IOTaskExecutorService, class com.almasb.fxgl.io.FileSystemService, class com.almasb.fxgl.localization.LocalizationService, class com.almasb.fxgl.app.services.SystemBundleService, class com.almasb.fxgl.profile.SaveLoadService, class com.almasb.fxgl.ui.FXGLUIFactoryServiceProvider, class com.almasb.fxgl.ui.FXGLDialogFactoryServiceProvider, class com.almasb.fxgl.audio.AudioPlayer, class com.almasb.fxgl.notification.impl.NotificationServiceProvider, class com.almasb.fxgl.achievement.AchievementService, class com.almasb.fxgl.cutscene.CutsceneService, class com.almasb.fxgl.minigames.MiniGameService, class com.almasb.fxgl.net.NetService, class com.almasb.fxgl.app.services.UpdaterService, class com.almasb.fxgl.dev.DevService]
20:00:35.090 [FXGL Background Thread 3 ] DEBUG Engine               - fontGame: Abel-Regular.ttf
20:00:35.090 [FXGL Background Thread 3 ] DEBUG Engine               - fontMono: lucida_console.ttf
20:00:35.090 [FXGL Background Thread 3 ] DEBUG Engine               - fontText: Courier-Prime.ttf
20:00:35.090 [FXGL Background Thread 3 ] DEBUG Engine               - fontUI: VarelaRound-Regular.ttf
20:00:35.090 [FXGL Background Thread 3 ] DEBUG Engine               - fullScreen: BooleanProperty [value: false]
20:00:35.091 [FXGL Background Thread 3 ] DEBUG Engine               - gameDifficulty: MEDIUM
20:00:35.091 [FXGL Background Thread 3 ] DEBUG Engine               - gameDifficultyProperty: ObjectProperty [value: MEDIUM]
20:00:35.091 [FXGL Background Thread 3 ] DEBUG Engine               - globalMusicVolume: 0.5
20:00:35.091 [FXGL Background Thread 3 ] DEBUG Engine               - globalMusicVolumeProperty: DoubleProperty [value: 0.5]
20:00:35.091 [FXGL Background Thread 3 ] DEBUG Engine               - globalSoundVolume: 0.5
20:00:35.091 [FXGL Background Thread 3 ] DEBUG Engine               - globalSoundVolumeProperty: DoubleProperty [value: 0.5]
20:00:35.091 [FXGL Background Thread 3 ] DEBUG Engine               - height: 1080
20:00:35.091 [FXGL Background Thread 3 ] DEBUG Engine               - is3D: false
20:00:35.091 [FXGL Background Thread 3 ] DEBUG Engine               - isAndroid: false
20:00:35.091 [FXGL Background Thread 3 ] DEBUG Engine               - isBrowser: false
20:00:35.091 [FXGL Background Thread 3 ] DEBUG Engine               - isClickFeedbackEnabled: false
20:00:35.091 [FXGL Background Thread 3 ] DEBUG Engine               - isCloseConfirmation: false
20:00:35.091 [FXGL Background Thread 3 ] DEBUG Engine               - isDesktop: true
20:00:35.091 [FXGL Background Thread 3 ] DEBUG Engine               - isDeveloperMenuEnabled: false
20:00:35.091 [FXGL Background Thread 3 ] DEBUG Engine               - isEntityPreloadEnabled: true
20:00:35.091 [FXGL Background Thread 3 ] DEBUG Engine               - isExperimentalTiledLargeMap: false
20:00:35.091 [FXGL Background Thread 3 ] DEBUG Engine               - isFileSystemWriteAllowed: true
20:00:35.091 [FXGL Background Thread 3 ] DEBUG Engine               - isFullScreenAllowed: false
20:00:35.091 [FXGL Background Thread 3 ] DEBUG Engine               - isFullScreenFromStart: false
20:00:35.092 [FXGL Background Thread 3 ] DEBUG Engine               - isGameMenuEnabled: true
20:00:35.092 [FXGL Background Thread 3 ] DEBUG Engine               - isIOS: false
20:00:35.092 [FXGL Background Thread 3 ] DEBUG Engine               - isIntroEnabled: false
20:00:35.092 [FXGL Background Thread 3 ] DEBUG Engine               - isLinux: false
20:00:35.092 [FXGL Background Thread 3 ] DEBUG Engine               - isMac: false
20:00:35.092 [FXGL Background Thread 3 ] DEBUG Engine               - isMainMenuEnabled: false
20:00:35.092 [FXGL Background Thread 3 ] DEBUG Engine               - isManualResizeEnabled: false
20:00:35.092 [FXGL Background Thread 3 ] DEBUG Engine               - isMobile: false
20:00:35.092 [FXGL Background Thread 3 ] DEBUG Engine               - isNative: false
20:00:35.092 [FXGL Background Thread 3 ] DEBUG Engine               - isPauseMusicWhenMinimized: true
20:00:35.092 [FXGL Background Thread 3 ] DEBUG Engine               - isPreserveResizeRatio: false
20:00:35.092 [FXGL Background Thread 3 ] DEBUG Engine               - isProfilingEnabled: false
20:00:35.093 [FXGL Background Thread 3 ] DEBUG Engine               - isScaleAffectedOnResize: true
20:00:35.093 [FXGL Background Thread 3 ] DEBUG Engine               - isSingleStep: false
20:00:35.093 [FXGL Background Thread 3 ] DEBUG Engine               - isUserProfileEnabled: false
20:00:35.093 [FXGL Background Thread 3 ] DEBUG Engine               - isWindows: true
20:00:35.093 [FXGL Background Thread 3 ] DEBUG Engine               - language: ObjectProperty [value: ENGLISH]
20:00:35.093 [FXGL Background Thread 3 ] DEBUG Engine               - menuKey: ESCAPE
20:00:35.093 [FXGL Background Thread 3 ] DEBUG Engine               - mouseSensitivity: 0.2
20:00:35.093 [FXGL Background Thread 3 ] DEBUG Engine               - notificationViewClass: class com.almasb.fxgl.notification.view.XboxNotificationView
20:00:35.093 [FXGL Background Thread 3 ] DEBUG Engine               - pixelsPerMeter: 50.0
20:00:35.093 [FXGL Background Thread 3 ] DEBUG Engine               - platform: WINDOWS
20:00:35.094 [FXGL Background Thread 3 ] DEBUG Engine               - prefHeightProperty: ReadOnlyDoubleProperty [value: 1080.0]
20:00:35.094 [FXGL Background Thread 3 ] DEBUG Engine               - prefWidthProperty: ReadOnlyDoubleProperty [value: 1920.0]
20:00:35.094 [FXGL Background Thread 3 ] DEBUG Engine               - profileDir: profiles/
20:00:35.094 [FXGL Background Thread 3 ] DEBUG Engine               - profileName: StringProperty [value: DEFAULT]
20:00:35.095 [FXGL Background Thread 3 ] DEBUG Engine               - randomSeed: -1
20:00:35.095 [FXGL Background Thread 3 ] DEBUG Engine               - runtimeInfo: RuntimeInfo(platform=WINDOWS, version=11.17, build=16.07.2021 15.46)
20:00:35.095 [FXGL Background Thread 3 ] DEBUG Engine               - saveFileExt: sav
20:00:35.096 [FXGL Background Thread 3 ] DEBUG Engine               - scaledHeightProp$fxgl: DoubleProperty [bound, value: 815.0]
20:00:35.096 [FXGL Background Thread 3 ] DEBUG Engine               - scaledWidthProp$fxgl: DoubleProperty [bound, value: 1425.0]
20:00:35.096 [FXGL Background Thread 3 ] DEBUG Engine               - sceneFactory: com.almasb.fxgl.app.scene.SceneFactory@2de8c8bc
20:00:35.096 [FXGL Background Thread 3 ] DEBUG Engine               - secondsIn24h: 60
20:00:35.096 [FXGL Background Thread 3 ] DEBUG Engine               - soundMenuBack: menu/back.wav
20:00:35.096 [FXGL Background Thread 3 ] DEBUG Engine               - soundMenuPress: menu/press.wav
20:00:35.096 [FXGL Background Thread 3 ] DEBUG Engine               - soundMenuSelect: menu/select.wav
20:00:35.096 [FXGL Background Thread 3 ] DEBUG Engine               - soundNotification: core/notification.wav
20:00:35.096 [FXGL Background Thread 3 ] DEBUG Engine               - stageStyle: DECORATED
20:00:35.097 [FXGL Background Thread 3 ] DEBUG Engine               - supportedLanguages: [ENGLISH, FRENCH, GERMAN, HUNGARIAN, RUSSIAN]
20:00:35.097 [FXGL Background Thread 3 ] DEBUG Engine               - ticksPerSecond: -1
20:00:35.097 [FXGL Background Thread 3 ] DEBUG Engine               - title: Aura
20:00:35.097 [FXGL Background Thread 3 ] DEBUG Engine               - urlGithub: https://github.com/AlmasB/FXGL
20:00:35.097 [FXGL Background Thread 3 ] DEBUG Engine               - urlLeaderboard: http://fxgl-top.herokuapp.com/
20:00:35.097 [FXGL Background Thread 3 ] DEBUG Engine               - urlPOM: https://raw.githubusercontent.com/AlmasB/FXGL/release/README.md
20:00:35.097 [FXGL Background Thread 3 ] DEBUG Engine               - userAppClass: class aura.AuraApp
20:00:35.097 [FXGL Background Thread 3 ] DEBUG Engine               - version: 
20:00:35.098 [FXGL Background Thread 3 ] DEBUG Engine               - versionCheckDays: 7
20:00:35.098 [FXGL Background Thread 3 ] DEBUG Engine               - width: 1920
20:00:35.098 [FXGL Background Thread 3 ] DEBUG Engine               - Logging services
20:00:35.098 [FXGL Background Thread 3 ] DEBUG Engine               - class com.almasb.fxgl.app.services.FXGLAssetLoaderService
20:00:35.098 [FXGL Background Thread 3 ] DEBUG Engine               - class com.almasb.fxgl.app.FXGLApplication$GameApplicationService
20:00:35.098 [FXGL Background Thread 3 ] DEBUG Engine               - class com.almasb.fxgl.app.services.FXGLDialogService
20:00:35.098 [FXGL Background Thread 3 ] DEBUG Engine               - class com.almasb.fxgl.app.services.IOTaskExecutorService
20:00:35.099 [FXGL Background Thread 3 ] DEBUG Engine               - class com.almasb.fxgl.io.FileSystemService
20:00:35.099 [FXGL Background Thread 3 ] DEBUG Engine               - class com.almasb.fxgl.localization.LocalizationService
20:00:35.100 [FXGL Background Thread 3 ] DEBUG Engine               - class com.almasb.fxgl.app.services.SystemBundleService
20:00:35.100 [FXGL Background Thread 3 ] DEBUG Engine               - class com.almasb.fxgl.profile.SaveLoadService
20:00:35.100 [FXGL Background Thread 3 ] DEBUG Engine               - class com.almasb.fxgl.ui.FXGLUIFactoryServiceProvider
20:00:35.100 [FXGL Background Thread 3 ] DEBUG Engine               - class com.almasb.fxgl.ui.FXGLDialogFactoryServiceProvider
20:00:35.100 [FXGL Background Thread 3 ] DEBUG Engine               - class com.almasb.fxgl.audio.AudioPlayer
20:00:35.100 [FXGL Background Thread 3 ] DEBUG Engine               - class com.almasb.fxgl.notification.impl.NotificationServiceProvider
20:00:35.100 [FXGL Background Thread 3 ] DEBUG Engine               - class com.almasb.fxgl.achievement.AchievementService
20:00:35.100 [FXGL Background Thread 3 ] DEBUG Engine               - class com.almasb.fxgl.cutscene.CutsceneService
20:00:35.100 [FXGL Background Thread 3 ] DEBUG Engine               - class com.almasb.fxgl.minigames.MiniGameService
20:00:35.100 [FXGL Background Thread 3 ] DEBUG Engine               - class com.almasb.fxgl.net.NetService
20:00:35.100 [FXGL Background Thread 3 ] DEBUG Engine               - class com.almasb.fxgl.app.services.UpdaterService
20:00:35.100 [FXGL Background Thread 3 ] DEBUG Engine               - class com.almasb.fxgl.dev.DevService
20:00:46.698 [JavaFX Application Thread] DEBUG FXGLApplication      - Exiting FXGL
20:00:46.699 [JavaFX Application Thread] DEBUG LoopRunner           - Stopping loop
20:00:46.699 [JavaFX Application Thread] DEBUG SystemBundleService  - Saving FXGL system data
20:00:46.702 [JavaFX Application Thread] DEBUG FileSystemAccess     - Writing to: C:\Users\Seth\Desktop\MyWebsite\Aura\system\fxgl.bundle
20:00:46.704 [JavaFX Application Thread] DEBUG Async                - Shutting down background threads
20:00:46.705 [JavaFX Application Thread] DEBUG PrimaryStageWindow   - Closing main window
20:00:46.752 [JavaFX Application Thread] DEBUG Logger               - Closing Logger
