09:53:37.988 [main                     ] DEBUG Logger               - Configured Logger
09:53:38.443 [main                     ] DEBUG GameApplication      - Logging settings
Title: Aura
Version: 
Width: 1920
Height: 1080
Fullscreen: false
Intro: false
Profiling: false
Single step:false
App Mode: DEVELOPER
Menu Key: ESCAPE
Stage Style: DECORATED
Scene Factory: class com.almasb.fxgl.app.scene.SceneFactory

09:53:43.097 [JavaFX Application Thread] DEBUG FXGLApplication      - Initializing FXGL
09:53:43.112 [JavaFX Application Thread] INFO  Engine               - FXGL-11.17 (16.07.2021 15.46) on MAC (J:11.0.12 FX:16)
09:53:43.114 [JavaFX Application Thread] DEBUG Engine               - JRE Vendor Name: Eclipse Foundation
09:53:43.114 [JavaFX Application Thread] DEBUG Engine               - Running on OS: Mac OS X version 11.5
09:53:43.115 [JavaFX Application Thread] DEBUG Engine               - Architecture: x86_64
09:53:43.115 [JavaFX Application Thread] INFO  Engine               - Source code and latest versions at: https://github.com/AlmasB/FXGL
09:53:43.116 [JavaFX Application Thread] INFO  Engine               -              Join the FXGL chat at: https://gitter.im/AlmasB/FXGL
09:53:44.416 [JavaFX Application Thread] DEBUG PrimaryStageWindow   - Creating a JavaFX scene
09:53:44.417 [JavaFX Application Thread] DEBUG PrimaryStageWindow   - Target size > screen size
09:53:44.801 [JavaFX Application Thread] DEBUG PrimaryStageWindow   - Target settings size: 1920.0 x 1080.0
09:53:44.802 [JavaFX Application Thread] DEBUG PrimaryStageWindow   - Scaled scene size:    1415.0 x 810.0
09:53:44.806 [JavaFX Application Thread] DEBUG PrimaryStageWindow   - Scaled ratio: (0.7369791666666666, 0.75)
09:53:44.808 [JavaFX Application Thread] DEBUG PrimaryStageWindow   - Set initial scene to FXGLStartupScene
09:53:44.859 [JavaFX Application Thread] DEBUG PrimaryStageWindow   - Opening main window
09:53:45.833 [JavaFX Application Thread] DEBUG PrimaryStageWindow   - Window border size: (0.0, 28.0)
09:53:45.833 [JavaFX Application Thread] DEBUG PrimaryStageWindow   - Scaled size: 1415.0 x 810.0
09:53:45.834 [JavaFX Application Thread] DEBUG PrimaryStageWindow   - Scaled ratio: (0.7369791666666666, 0.75)
09:53:45.834 [JavaFX Application Thread] DEBUG PrimaryStageWindow   - Scene size: 1415.0 x 810.0
09:53:45.835 [JavaFX Application Thread] DEBUG PrimaryStageWindow   - Stage size: 1415.0 x 838.0
09:53:45.858 [FXGL Background Thread 1 ] DEBUG Engine               - Initializing environment variables
09:53:46.465 [FXGL Background Thread 1 ] DEBUG FXGLAssetLoaderServi - User app class for loading assets: class aura.AuraApp
09:53:46.467 [FXGL Background Thread 1 ] DEBUG GameApplicationServi - Applying CSS: fxgl_dark.css
09:53:46.472 [FXGL Background Thread 1 ] DEBUG FXGLAssetLoaderServi - Loading from file system: jar:file:/Users/gendercorn/.m2/repository/com/github/almasb/fxgl/11.17/fxgl-11.17.jar!/fxglassets/ui/css/fxgl_dark.css
09:53:47.064 [FXGL Background Thread 1 ] DEBUG GameApplicationServi - Initializing application scenes
09:53:48.850 [FXGL Background Thread 1 ] DEBUG GameWorld            - Game world initialized
09:53:49.224 [FXGL Background Thread 1 ] DEBUG PhysicsWorld         - Physics world initialized: appHeight=1080, physics.ppm=50.0
09:53:49.225 [FXGL Background Thread 1 ] DEBUG PhysicsWorld         - Using strategy: BRUTE_FORCE
09:53:49.241 [FXGL Background Thread 1 ] DEBUG GameScene            - Game scene initialized: 1920x1080
09:53:49.287 [FXGL Background Thread 1 ] DEBUG FXGL.DefaultMenu     - createMenuBodyGameMenu()
09:53:49.363 [FXGL Background Thread 1 ] DEBUG FXGL.DefaultMenu     - createOptionsMenu()
09:53:49.424 [FXGL Background Thread 1 ] DEBUG FXGLAssetLoaderServi - Loading from file system: jar:file:/Users/gendercorn/.m2/repository/com/github/almasb/fxgl/11.17/fxgl-11.17.jar!/fxglassets/textures/particles/smoke.png
09:53:49.945 [FXGL Background Thread 1 ] DEBUG FXGLAssetLoaderServi - Loading from file system: jar:file:/Users/gendercorn/.m2/repository/com/github/almasb/fxgl/11.17/fxgl-11.17.jar!/fxglassets/textures/particles/trace_horizontal.png
09:53:50.091 [FXGL Background Thread 1 ] DEBUG GameApplicationServi - Application scenes initialized
09:53:50.158 [FXGL Background Thread 1 ] DEBUG SystemBundleService  - Loading FXGL system data
09:53:50.175 [FXGL Background Thread 1 ] DEBUG FileSystemAccess     - Reading from: /Users/gendercorn/IdeaProjects/Aura/system/fxgl.bundle
09:53:50.217 [FXGL Background Thread 1 ] DEBUG SystemBundleService  - Bundle FXGL: {}
09:53:50.217 [FXGL Background Thread 1 ] DEBUG UpdaterService       - Checking for updates
09:53:50.245 [FXGL Background Thread 4 ] DEBUG FXGLApplication      - Loading fonts
09:53:50.247 [FXGL Background Thread 4 ] DEBUG FXGLAssetLoaderServi - Loading from file system: jar:file:/Users/gendercorn/.m2/repository/com/github/almasb/fxgl/11.17/fxgl-11.17.jar!/fxglassets/ui/fonts/VarelaRound-Regular.ttf
09:53:50.249 [FXGL Background Thread 1 ] DEBUG FXGLApplication      - Loading default localization
09:53:50.251 [FXGL Background Thread 1 ] DEBUG FXGLAssetLoaderServi - Loading from file system: jar:file:/Users/gendercorn/.m2/repository/com/github/almasb/fxgl/11.17/fxgl-11.17.jar!/fxglassets/languages/english.lang
09:53:50.330 [FXGL Background Thread 1 ] INFO  FXGLApplication      - FXGL initialization took: 4.467 sec
09:53:50.332 [JavaFX Application Thread] DEBUG FXGLAssetLoaderServi - Loading from file system: jar:file:/Users/gendercorn/.m2/repository/com/github/almasb/fxgl/11.17/fxgl-11.17.jar!/fxglassets/textures/fxgl_icon.png
09:53:50.399 [FXGL Background Thread 4 ] DEBUG FXGLAssetLoaderServi - Loading from file system: jar:file:/Users/gendercorn/.m2/repository/com/github/almasb/fxgl/11.17/fxgl-11.17.jar!/fxglassets/ui/fonts/Abel-Regular.ttf
09:53:50.409 [FXGL Background Thread 4 ] DEBUG FXGLAssetLoaderServi - Loading from file system: jar:file:/Users/gendercorn/.m2/repository/com/github/almasb/fxgl/11.17/fxgl-11.17.jar!/fxglassets/ui/fonts/lucida_console.ttf
09:53:50.432 [FXGL Background Thread 4 ] DEBUG FXGLAssetLoaderServi - Loading from file system: jar:file:/Users/gendercorn/.m2/repository/com/github/almasb/fxgl/11.17/fxgl-11.17.jar!/fxglassets/ui/fonts/Courier-Prime.ttf
09:53:50.437 [JavaFX Application Thread] DEBUG FXGLAssetLoaderServi - Loading from file system: jar:file:/Users/gendercorn/.m2/repository/com/github/almasb/fxgl/11.17/fxgl-11.17.jar!/fxglassets/textures/fxgl_default_cursor.png
09:53:50.491 [JavaFX Application Thread] DEBUG Input                - Registered new binding: Screenshot - CTRL+8
09:53:50.492 [JavaFX Application Thread] DEBUG Input                - Registered new binding: System info dump - CTRL+9
09:53:50.493 [JavaFX Application Thread] DEBUG Input                - Registered new binding: Restart - CTRL+R
09:53:50.494 [JavaFX Application Thread] DEBUG Input                - Registered new binding: Toggle Debug Camera - CTRL+C
09:53:50.498 [JavaFX Application Thread] DEBUG LoopRunner           - Starting loop
09:53:50.499 [JavaFX Application Thread] DEBUG LoopRunner           - Initializing JavaFX AnimationTimerLoop
09:53:50.503 [JavaFX Application Thread] DEBUG GameApplicationServi - Starting new game
09:53:50.504 [JavaFX Application Thread] DEBUG Input                - Clearing active input actions
09:53:50.574 [JavaFX Application Thread] DEBUG GameApplicationServi - Removing overlay from FXGLStartupScene and adding to FXGLLoadingScene
09:53:50.576 [JavaFX Application Thread] DEBUG PrimaryStageWindow   - FXGLStartupScene -> FXGLLoadingScene
09:53:50.576 [JavaFX Application Thread] DEBUG GameApplicationServi - Clearing previous game
09:53:50.577 [JavaFX Application Thread] DEBUG GameScene            - Clearing game scene
09:53:50.577 [JavaFX Application Thread] DEBUG GameWorld            - Clearing game world
09:53:50.578 [JavaFX Application Thread] DEBUG PhysicsWorld         - Clearing physics world
09:53:50.581 [FXGL Background Thread 4 ] DEBUG FXGLApplication      - Initializing game
09:53:50.589 [FXGL Background Thread 4 ] INFO  FXGLApplication      - Game initialization took: 0.003 sec
09:53:50.824 [JavaFX Application Thread] DEBUG FXGLApplication      - Registering font factories with UI factory
09:53:50.833 [JavaFX Application Thread] DEBUG Input                - Clearing active input actions
09:53:50.927 [JavaFX Application Thread] DEBUG GameApplicationServi - Removing overlay from FXGLLoadingScene and adding to GameScene
09:53:50.928 [JavaFX Application Thread] DEBUG PrimaryStageWindow   - FXGLLoadingScene -> GameScene
09:53:53.237 [FXGL Background Thread 3 ] DEBUG Engine               - Logging environment variables
09:53:53.241 [FXGL Background Thread 3 ] DEBUG Engine               - achievements: []
09:53:53.241 [FXGL Background Thread 3 ] DEBUG Engine               - actualHeight: 810.0
09:53:53.241 [FXGL Background Thread 3 ] DEBUG Engine               - actualHeightProperty: ReadOnlyDoubleProperty [value: 810.0]
09:53:53.242 [FXGL Background Thread 3 ] DEBUG Engine               - actualWidth: 1415.0
09:53:53.242 [FXGL Background Thread 3 ] DEBUG Engine               - actualWidthProperty: ReadOnlyDoubleProperty [value: 1415.0]
09:53:53.242 [FXGL Background Thread 3 ] DEBUG Engine               - appIcon: fxgl_icon.png
09:53:53.243 [FXGL Background Thread 3 ] DEBUG Engine               - applicationMode: DEVELOPER
09:53:53.244 [FXGL Background Thread 3 ] DEBUG Engine               - cSSList: [fxgl_dark.css]
09:53:53.244 [FXGL Background Thread 3 ] DEBUG Engine               - collisionDetectionStrategy: BRUTE_FORCE
09:53:53.244 [FXGL Background Thread 3 ] DEBUG Engine               - configClass: Optional.empty
09:53:53.244 [FXGL Background Thread 3 ] DEBUG Engine               - credits: []
09:53:53.245 [FXGL Background Thread 3 ] DEBUG Engine               - defaultCursor: CursorInfo(imageName=fxgl_default_cursor.png, hotspotX=7.0, hotspotY=6.0)
09:53:53.246 [FXGL Background Thread 3 ] DEBUG Engine               - devBBoxColorProperty: ObjectProperty [value: 0xff0000ff]
09:53:53.246 [FXGL Background Thread 3 ] DEBUG Engine               - devEnableDebugCameraProperty: BooleanProperty [value: false]
09:53:53.246 [FXGL Background Thread 3 ] DEBUG Engine               - devSensorColorProperty: ObjectProperty [value: 0xffff00ff]
09:53:53.247 [FXGL Background Thread 3 ] DEBUG Engine               - devShowBBoxProperty: BooleanProperty [value: false]
09:53:53.249 [FXGL Background Thread 3 ] DEBUG Engine               - devShowPositionProperty: BooleanProperty [value: false]
09:53:53.251 [FXGL Background Thread 3 ] DEBUG Engine               - enabledMenuItems: []
09:53:53.251 [FXGL Background Thread 3 ] DEBUG Engine               - engineServices: [class com.almasb.fxgl.app.services.FXGLAssetLoaderService, class com.almasb.fxgl.app.FXGLApplication$GameApplicationService, class com.almasb.fxgl.app.services.FXGLDialogService, class com.almasb.fxgl.app.services.IOTaskExecutorService, class com.almasb.fxgl.io.FileSystemService, class com.almasb.fxgl.localization.LocalizationService, class com.almasb.fxgl.app.services.SystemBundleService, class com.almasb.fxgl.profile.SaveLoadService, class com.almasb.fxgl.ui.FXGLUIFactoryServiceProvider, class com.almasb.fxgl.ui.FXGLDialogFactoryServiceProvider, class com.almasb.fxgl.audio.AudioPlayer, class com.almasb.fxgl.notification.impl.NotificationServiceProvider, class com.almasb.fxgl.achievement.AchievementService, class com.almasb.fxgl.cutscene.CutsceneService, class com.almasb.fxgl.minigames.MiniGameService, class com.almasb.fxgl.net.NetService, class com.almasb.fxgl.app.services.UpdaterService, class com.almasb.fxgl.dev.DevService]
09:53:53.251 [FXGL Background Thread 3 ] DEBUG Engine               - fontGame: Abel-Regular.ttf
09:53:53.251 [FXGL Background Thread 3 ] DEBUG Engine               - fontMono: lucida_console.ttf
09:53:53.252 [FXGL Background Thread 3 ] DEBUG Engine               - fontText: Courier-Prime.ttf
09:53:53.252 [FXGL Background Thread 3 ] DEBUG Engine               - fontUI: VarelaRound-Regular.ttf
09:53:53.253 [FXGL Background Thread 3 ] DEBUG Engine               - fullScreen: BooleanProperty [value: false]
09:53:53.255 [FXGL Background Thread 3 ] DEBUG Engine               - gameDifficulty: MEDIUM
09:53:53.255 [FXGL Background Thread 3 ] DEBUG Engine               - gameDifficultyProperty: ObjectProperty [value: MEDIUM]
09:53:53.255 [FXGL Background Thread 3 ] DEBUG Engine               - globalMusicVolume: 0.5
09:53:53.256 [FXGL Background Thread 3 ] DEBUG Engine               - globalMusicVolumeProperty: DoubleProperty [value: 0.5]
09:53:53.256 [FXGL Background Thread 3 ] DEBUG Engine               - globalSoundVolume: 0.5
09:53:53.257 [FXGL Background Thread 3 ] DEBUG Engine               - globalSoundVolumeProperty: DoubleProperty [value: 0.5]
09:53:53.257 [FXGL Background Thread 3 ] DEBUG Engine               - height: 1080
09:53:53.257 [FXGL Background Thread 3 ] DEBUG Engine               - is3D: false
09:53:53.257 [FXGL Background Thread 3 ] DEBUG Engine               - isAndroid: false
09:53:53.258 [FXGL Background Thread 3 ] DEBUG Engine               - isBrowser: false
09:53:53.258 [FXGL Background Thread 3 ] DEBUG Engine               - isClickFeedbackEnabled: false
09:53:53.258 [FXGL Background Thread 3 ] DEBUG Engine               - isCloseConfirmation: false
09:53:53.258 [FXGL Background Thread 3 ] DEBUG Engine               - isDesktop: true
09:53:53.258 [FXGL Background Thread 3 ] DEBUG Engine               - isDeveloperMenuEnabled: false
09:53:53.259 [FXGL Background Thread 3 ] DEBUG Engine               - isEntityPreloadEnabled: true
09:53:53.259 [FXGL Background Thread 3 ] DEBUG Engine               - isExperimentalTiledLargeMap: false
09:53:53.261 [FXGL Background Thread 3 ] DEBUG Engine               - isFileSystemWriteAllowed: true
09:53:53.262 [FXGL Background Thread 3 ] DEBUG Engine               - isFullScreenAllowed: false
09:53:53.262 [FXGL Background Thread 3 ] DEBUG Engine               - isFullScreenFromStart: false
09:53:53.262 [FXGL Background Thread 3 ] DEBUG Engine               - isGameMenuEnabled: true
09:53:53.263 [FXGL Background Thread 3 ] DEBUG Engine               - isIOS: false
09:53:53.264 [FXGL Background Thread 3 ] DEBUG Engine               - isIntroEnabled: false
09:53:53.264 [FXGL Background Thread 3 ] DEBUG Engine               - isLinux: false
09:53:53.264 [FXGL Background Thread 3 ] DEBUG Engine               - isMac: true
09:53:53.264 [FXGL Background Thread 3 ] DEBUG Engine               - isMainMenuEnabled: false
09:53:53.265 [FXGL Background Thread 3 ] DEBUG Engine               - isManualResizeEnabled: false
09:53:53.265 [FXGL Background Thread 3 ] DEBUG Engine               - isMobile: false
09:53:53.265 [FXGL Background Thread 3 ] DEBUG Engine               - isNative: false
09:53:53.265 [FXGL Background Thread 3 ] DEBUG Engine               - isPauseMusicWhenMinimized: true
09:53:53.266 [FXGL Background Thread 3 ] DEBUG Engine               - isPreserveResizeRatio: false
09:53:53.266 [FXGL Background Thread 3 ] DEBUG Engine               - isProfilingEnabled: false
09:53:53.266 [FXGL Background Thread 3 ] DEBUG Engine               - isScaleAffectedOnResize: true
09:53:53.267 [FXGL Background Thread 3 ] DEBUG Engine               - isSingleStep: false
09:53:53.268 [FXGL Background Thread 3 ] DEBUG Engine               - isUserProfileEnabled: false
09:53:53.269 [FXGL Background Thread 3 ] DEBUG Engine               - isWindows: false
09:53:53.270 [FXGL Background Thread 3 ] DEBUG Engine               - language: ObjectProperty [value: ENGLISH]
09:53:53.270 [FXGL Background Thread 3 ] DEBUG Engine               - menuKey: ESCAPE
09:53:53.271 [FXGL Background Thread 3 ] DEBUG Engine               - mouseSensitivity: 0.2
09:53:53.272 [FXGL Background Thread 3 ] DEBUG Engine               - notificationViewClass: class com.almasb.fxgl.notification.view.XboxNotificationView
09:53:53.272 [FXGL Background Thread 3 ] DEBUG Engine               - pixelsPerMeter: 50.0
09:53:53.272 [FXGL Background Thread 3 ] DEBUG Engine               - platform: MAC
09:53:53.272 [FXGL Background Thread 3 ] DEBUG Engine               - prefHeightProperty: ReadOnlyDoubleProperty [value: 1080.0]
09:53:53.273 [FXGL Background Thread 3 ] DEBUG Engine               - prefWidthProperty: ReadOnlyDoubleProperty [value: 1920.0]
09:53:53.274 [FXGL Background Thread 3 ] DEBUG Engine               - profileDir: profiles/
09:53:53.274 [FXGL Background Thread 3 ] DEBUG Engine               - profileName: StringProperty [value: DEFAULT]
09:53:53.274 [FXGL Background Thread 3 ] DEBUG Engine               - randomSeed: -1
09:53:53.275 [FXGL Background Thread 3 ] DEBUG Engine               - runtimeInfo: RuntimeInfo(platform=MAC, version=11.17, build=16.07.2021 15.46)
09:53:53.275 [FXGL Background Thread 3 ] DEBUG Engine               - saveFileExt: sav
09:53:53.275 [FXGL Background Thread 3 ] DEBUG Engine               - scaledHeightProp$fxgl: DoubleProperty [bound, value: 810.0]
09:53:53.275 [FXGL Background Thread 3 ] DEBUG Engine               - scaledWidthProp$fxgl: DoubleProperty [bound, value: 1415.0]
09:53:53.275 [FXGL Background Thread 3 ] DEBUG Engine               - sceneFactory: com.almasb.fxgl.app.scene.SceneFactory@592e448e
09:53:53.276 [FXGL Background Thread 3 ] DEBUG Engine               - secondsIn24h: 60
09:53:53.276 [FXGL Background Thread 3 ] DEBUG Engine               - soundMenuBack: menu/back.wav
09:53:53.276 [FXGL Background Thread 3 ] DEBUG Engine               - soundMenuPress: menu/press.wav
09:53:53.276 [FXGL Background Thread 3 ] DEBUG Engine               - soundMenuSelect: menu/select.wav
09:53:53.277 [FXGL Background Thread 3 ] DEBUG Engine               - soundNotification: core/notification.wav
09:53:53.278 [FXGL Background Thread 3 ] DEBUG Engine               - stageStyle: DECORATED
09:53:53.278 [FXGL Background Thread 3 ] DEBUG Engine               - supportedLanguages: [ENGLISH, FRENCH, GERMAN, HUNGARIAN, RUSSIAN]
09:53:53.278 [FXGL Background Thread 3 ] DEBUG Engine               - ticksPerSecond: -1
09:53:53.278 [FXGL Background Thread 3 ] DEBUG Engine               - title: Aura
09:53:53.279 [FXGL Background Thread 3 ] DEBUG Engine               - urlGithub: https://github.com/AlmasB/FXGL
09:53:53.279 [FXGL Background Thread 3 ] DEBUG Engine               - urlLeaderboard: http://fxgl-top.herokuapp.com/
09:53:53.280 [FXGL Background Thread 3 ] DEBUG Engine               - urlPOM: https://raw.githubusercontent.com/AlmasB/FXGL/release/README.md
09:53:53.280 [FXGL Background Thread 3 ] DEBUG Engine               - userAppClass: class aura.AuraApp
09:53:53.280 [FXGL Background Thread 3 ] DEBUG Engine               - version: 
09:53:53.280 [FXGL Background Thread 3 ] DEBUG Engine               - versionCheckDays: 7
09:53:53.281 [FXGL Background Thread 3 ] DEBUG Engine               - width: 1920
09:53:53.281 [FXGL Background Thread 3 ] DEBUG Engine               - Logging services
09:53:53.281 [FXGL Background Thread 3 ] DEBUG Engine               - class com.almasb.fxgl.app.services.FXGLAssetLoaderService
09:53:53.282 [FXGL Background Thread 3 ] DEBUG Engine               - class com.almasb.fxgl.app.FXGLApplication$GameApplicationService
09:53:53.287 [FXGL Background Thread 3 ] DEBUG Engine               - class com.almasb.fxgl.app.services.FXGLDialogService
09:53:53.287 [FXGL Background Thread 3 ] DEBUG Engine               - class com.almasb.fxgl.app.services.IOTaskExecutorService
09:53:53.287 [FXGL Background Thread 3 ] DEBUG Engine               - class com.almasb.fxgl.io.FileSystemService
09:53:53.287 [FXGL Background Thread 3 ] DEBUG Engine               - class com.almasb.fxgl.localization.LocalizationService
09:53:53.288 [FXGL Background Thread 3 ] DEBUG Engine               - class com.almasb.fxgl.app.services.SystemBundleService
09:53:53.288 [FXGL Background Thread 3 ] DEBUG Engine               - class com.almasb.fxgl.profile.SaveLoadService
09:53:53.288 [FXGL Background Thread 3 ] DEBUG Engine               - class com.almasb.fxgl.ui.FXGLUIFactoryServiceProvider
09:53:53.288 [FXGL Background Thread 3 ] DEBUG Engine               - class com.almasb.fxgl.ui.FXGLDialogFactoryServiceProvider
09:53:53.289 [FXGL Background Thread 3 ] DEBUG Engine               - class com.almasb.fxgl.audio.AudioPlayer
09:53:53.289 [FXGL Background Thread 3 ] DEBUG Engine               - class com.almasb.fxgl.notification.impl.NotificationServiceProvider
09:53:53.289 [FXGL Background Thread 3 ] DEBUG Engine               - class com.almasb.fxgl.achievement.AchievementService
09:53:53.289 [FXGL Background Thread 3 ] DEBUG Engine               - class com.almasb.fxgl.cutscene.CutsceneService
09:53:53.289 [FXGL Background Thread 3 ] DEBUG Engine               - class com.almasb.fxgl.minigames.MiniGameService
09:53:53.289 [FXGL Background Thread 3 ] DEBUG Engine               - class com.almasb.fxgl.net.NetService
09:53:53.289 [FXGL Background Thread 3 ] DEBUG Engine               - class com.almasb.fxgl.app.services.UpdaterService
09:53:53.290 [FXGL Background Thread 3 ] DEBUG Engine               - class com.almasb.fxgl.dev.DevService
09:54:07.370 [JavaFX Application Thread] DEBUG FXGLApplication      - Exiting FXGL
09:54:07.370 [JavaFX Application Thread] DEBUG LoopRunner           - Stopping loop
09:54:07.370 [JavaFX Application Thread] DEBUG SystemBundleService  - Saving FXGL system data
09:54:07.376 [JavaFX Application Thread] DEBUG FileSystemAccess     - Writing to: /Users/gendercorn/IdeaProjects/Aura/system/fxgl.bundle
09:54:07.383 [JavaFX Application Thread] DEBUG Async                - Shutting down background threads
09:54:07.384 [JavaFX Application Thread] DEBUG PrimaryStageWindow   - Closing main window
09:54:07.398 [JavaFX Application Thread] DEBUG Logger               - Closing Logger
